2026-07-21 03:18:38,953 [INFO] Steam Snapshot Collector Started.
2026-07-21 03:18:38,953 [INFO] Speed Mode: fast
2026-07-21 03:18:38,953 [INFO] Work Dir: /home/runner/work/steam-diploma/steam-diploma/data/snapshots
2026-07-21 03:18:38,953 [INFO] Base Output Dir: .
2026-07-21 03:18:38,953 [INFO] Page 1 | Collected: 0
2026-07-21 03:18:39,258 [INFO] Pacing: sleep 0.8s
2026-07-21 03:18:40,009 [INFO] Page 2 | Collected: 0
2026-07-21 03:18:40,227 [INFO] Pacing: sleep 1.4s
2026-07-21 03:18:41,676 [INFO] Page 3 | Collected: 0
2026-07-21 03:18:41,923 [INFO] Pacing: sleep 1.2s
2026-07-21 03:18:43,093 [INFO] Page 4 | Collected: 0
2026-07-21 03:18:43,377 [INFO] Pacing: sleep 1.3s
2026-07-21 03:18:44,649 [INFO] Page 5 | Collected: 0
2026-07-21 03:18:44,853 [INFO] Pacing: sleep 1.4s
2026-07-21 03:18:46,210 [INFO] Page 6 | Collected: 0
2026-07-21 03:18:46,418 [INFO] Pacing: sleep 0.6s
2026-07-21 03:18:47,057 [INFO] Page 7 | Collected: 0
2026-07-21 03:18:47,341 [INFO] Pacing: sleep 1.5s
2026-07-21 03:18:48,815 [INFO] Page 8 | Collected: 0
2026-07-21 03:18:49,007 [INFO] Pacing: sleep 0.9s
2026-07-21 03:18:49,896 [INFO] Page 9 | Collected: 0
2026-07-21 03:18:50,094 [INFO] Pacing: sleep 1.0s
2026-07-21 03:18:51,060 [INFO] Page 10 | Collected: 0
2026-07-21 03:18:51,330 [INFO] Pacing: sleep 1.2s
2026-07-21 03:18:52,530 [INFO] Page 11 | Collected: 250
2026-07-21 03:18:52,755 [INFO] Pacing: sleep 0.6s
2026-07-21 03:18:53,378 [INFO] Page 12 | Collected: 250
2026-07-21 03:18:53,635 [INFO] Pacing: sleep 1.5s
2026-07-21 03:18:55,092 [INFO] Page 13 | Collected: 250
2026-07-21 03:18:55,297 [INFO] Pacing: sleep 1.1s
2026-07-21 03:18:56,395 [INFO] Page 14 | Collected: 250
2026-07-21 03:18:56,605 [INFO] Pacing: sleep 1.0s
2026-07-21 03:18:57,603 [INFO] Page 15 | Collected: 250
2026-07-21 03:18:57,890 [INFO] Pacing: sleep 0.8s
2026-07-21 03:18:58,680 [INFO] Page 16 | Collected: 250
2026-07-21 03:18:58,874 [INFO] Pacing: sleep 1.0s
2026-07-21 03:18:59,921 [INFO] Page 17 | Collected: 250
2026-07-21 03:19:00,185 [INFO] Pacing: sleep 0.9s
2026-07-21 03:19:01,058 [INFO] Page 18 | Collected: 250
2026-07-21 03:19:01,252 [INFO] Pacing: sleep 1.2s
2026-07-21 03:19:02,468 [INFO] Page 19 | Collected: 250
2026-07-21 03:19:02,677 [INFO] Pacing: sleep 1.1s
2026-07-21 03:19:03,737 [INFO] Page 20 | Collected: 250
2026-07-21 03:19:04,002 [INFO] Pacing: sleep 1.4s
2026-07-21 03:19:05,372 [INFO] Page 21 | Collected: 500
2026-07-21 03:19:05,581 [INFO] Pacing: sleep 1.5s
2026-07-21 03:19:07,075 [INFO] Page 22 | Collected: 500
2026-07-21 03:19:07,317 [INFO] Pacing: sleep 0.7s
2026-07-21 03:19:08,059 [INFO] Page 23 | Collected: 500
2026-07-21 03:19:08,243 [INFO] Pacing: sleep 0.6s
2026-07-21 03:19:08,799 [INFO] Page 24 | Collected: 500
2026-07-21 03:19:09,085 [INFO] Pacing: sleep 1.0s
2026-07-21 03:19:10,061 [INFO] Page 25 | Collected: 500
2026-07-21 03:19:10,372 [INFO] Pacing: sleep 0.9s
2026-07-21 03:19:11,238 [INFO] Page 26 | Collected: 500
2026-07-21 03:19:11,438 [INFO] Pacing: sleep 1.1s
2026-07-21 03:19:12,537 [INFO] Page 27 | Collected: 500
2026-07-21 03:19:12,722 [INFO] Pacing: sleep 0.6s
2026-07-21 03:19:13,344 [INFO] Page 28 | Collected: 500
2026-07-21 03:19:13,597 [INFO] Pacing: sleep 0.7s
2026-07-21 03:19:14,319 [INFO] Page 29 | Collected: 500
2026-07-21 03:19:14,523 [INFO] Pacing: sleep 0.9s
2026-07-21 03:19:15,465 [INFO] Page 30 | Collected: 500
2026-07-21 03:19:15,709 [INFO] Pacing: sleep 1.4s
2026-07-21 03:19:17,108 [INFO] Page 31 | Collected: 750
2026-07-21 03:19:17,147 [WARNING] Block detected on page 31: HTTP 429
2026-07-21 03:19:17,147 [INFO] Saved raw HTML for debugging: blocked_0031.html
2026-07-21 03:19:17,147 [WARNING] Initiating ADAPTIVE THROTTLING. Sleeping 180s, switching to SAFE mode.
2026-07-21 03:22:17,148 [INFO] Pacing: sleep 46.9s | Short Cooldown: 40.0s
2026-07-21 03:23:04,035 [INFO] Page 31 | Collected: 750
2026-07-21 03:23:04,232 [INFO] Pacing: sleep 7.2s
2026-07-21 03:23:11,471 [INFO] Page 32 | Collected: 750
2026-07-21 03:23:11,706 [INFO] Pacing: sleep 7.3s
2026-07-21 03:23:19,055 [INFO] Page 33 | Collected: 750
2026-07-21 03:23:19,362 [INFO] Pacing: sleep 6.1s
2026-07-21 03:23:25,494 [INFO] Page 34 | Collected: 750
2026-07-21 03:23:25,729 [INFO] Pacing: sleep 7.8s
2026-07-21 03:23:33,576 [INFO] Page 35 | Collected: 750
2026-07-21 03:23:33,829 [INFO] Pacing: sleep 6.1s
2026-07-21 03:23:39,913 [INFO] Page 36 | Collected: 750
2026-07-21 03:23:40,126 [INFO] Pacing: sleep 7.2s
2026-07-21 03:23:47,344 [INFO] Page 37 | Collected: 750
2026-07-21 03:23:47,567 [INFO] Pacing: sleep 6.8s
2026-07-21 03:23:54,414 [INFO] Page 38 | Collected: 750
2026-07-21 03:23:54,740 [INFO] Pacing: sleep 7.1s
2026-07-21 03:24:01,817 [INFO] Page 39 | Collected: 750
2026-07-21 03:24:02,031 [INFO] Pacing: sleep 6.0s
2026-07-21 03:24:08,006 [INFO] Page 40 | Collected: 750
2026-07-21 03:24:08,333 [INFO] Pacing: sleep 166.2s | Long Cooldown: 159.5s
2026-07-21 03:26:54,556 [INFO] Page 41 | Collected: 1000
2026-07-21 03:26:54,758 [INFO] Pacing: sleep 6.5s
2026-07-21 03:27:01,263 [INFO] Page 42 | Collected: 1000
2026-07-21 03:27:01,486 [INFO] Pacing: sleep 6.3s
2026-07-21 03:27:07,800 [INFO] Page 43 | Collected: 1000
2026-07-21 03:27:08,055 [INFO] Pacing: sleep 6.4s
2026-07-21 03:27:14,419 [INFO] Page 44 | Collected: 1000
2026-07-21 03:27:14,617 [INFO] Pacing: sleep 5.6s
2026-07-21 03:27:20,201 [INFO] Page 45 | Collected: 1000
2026-07-21 03:27:20,424 [INFO] Pacing: sleep 5.9s
2026-07-21 03:27:26,359 [INFO] Page 46 | Collected: 1000
2026-07-21 03:27:26,679 [INFO] Pacing: sleep 4.7s
2026-07-21 03:27:31,395 [INFO] Page 47 | Collected: 1000
2026-07-21 03:27:31,665 [INFO] Pacing: sleep 6.2s
2026-07-21 03:27:37,907 [INFO] Page 48 | Collected: 1000
2026-07-21 03:27:38,184 [INFO] Pacing: sleep 5.4s
2026-07-21 03:27:43,573 [INFO] Page 49 | Collected: 1000
2026-07-21 03:27:43,823 [INFO] Pacing: sleep 7.3s
2026-07-21 03:27:51,090 [INFO] Page 50 | Collected: 1000
2026-07-21 03:27:51,222 [WARNING] Block detected on page 50: Suspicious term found: 'captcha'
2026-07-21 03:27:51,223 [INFO] Saved raw HTML for debugging: blocked_0050.html
2026-07-21 03:27:51,223 [ERROR] Blocked again even after safe mode. Stopping gracefully.
2026-07-21 03:27:51,224 [INFO] Crawl stopped. Reason: adaptive_throttle_failed_page_50. Finalizing...
2026-07-21 03:27:51,225 [INFO] Merging intermediate pages from work_dir: /home/runner/work/steam-diploma/steam-diploma/data/snapshots/data/snapshots/_in_progress/8298c134-7da8-4bfe-b7be-66f22c77e791
