2026-06-26 04:11:49,318 [INFO] Steam Snapshot Collector Started.
2026-06-26 04:11:49,318 [INFO] Speed Mode: fast
2026-06-26 04:11:49,318 [INFO] Work Dir: /home/runner/work/steam-diploma/steam-diploma/data/snapshots
2026-06-26 04:11:49,318 [INFO] Base Output Dir: .
2026-06-26 04:11:49,318 [INFO] Page 1 | Collected: 0
2026-06-26 04:11:49,699 [INFO] Pacing: sleep 0.9s
2026-06-26 04:11:50,557 [INFO] Page 2 | Collected: 0
2026-06-26 04:11:50,922 [INFO] Pacing: sleep 0.8s
2026-06-26 04:11:51,700 [INFO] Page 3 | Collected: 0
2026-06-26 04:11:51,980 [INFO] Pacing: sleep 0.8s
2026-06-26 04:11:52,798 [INFO] Page 4 | Collected: 0
2026-06-26 04:11:53,145 [INFO] Pacing: sleep 1.2s
2026-06-26 04:11:54,333 [INFO] Page 5 | Collected: 0
2026-06-26 04:11:54,610 [INFO] Pacing: sleep 0.5s
2026-06-26 04:11:55,142 [INFO] Page 6 | Collected: 0
2026-06-26 04:11:55,412 [INFO] Pacing: sleep 1.0s
2026-06-26 04:11:56,438 [INFO] Page 7 | Collected: 0
2026-06-26 04:11:56,822 [INFO] Pacing: sleep 1.2s
2026-06-26 04:11:58,056 [INFO] Page 8 | Collected: 0
2026-06-26 04:11:58,343 [INFO] Pacing: sleep 0.5s
2026-06-26 04:11:58,872 [INFO] Page 9 | Collected: 0
2026-06-26 04:11:59,238 [INFO] Pacing: sleep 1.1s
2026-06-26 04:12:00,363 [INFO] Page 10 | Collected: 0
2026-06-26 04:12:00,737 [INFO] Pacing: sleep 0.8s
2026-06-26 04:12:01,527 [INFO] Page 11 | Collected: 250
2026-06-26 04:12:01,818 [INFO] Pacing: sleep 0.6s
2026-06-26 04:12:02,397 [INFO] Page 12 | Collected: 250
2026-06-26 04:12:02,886 [INFO] Pacing: sleep 1.0s
2026-06-26 04:12:03,936 [INFO] Page 13 | Collected: 250
2026-06-26 04:12:04,210 [INFO] Pacing: sleep 0.9s
2026-06-26 04:12:05,143 [INFO] Page 14 | Collected: 250
2026-06-26 04:12:05,414 [INFO] Pacing: sleep 1.3s
2026-06-26 04:12:06,736 [INFO] Page 15 | Collected: 250
2026-06-26 04:12:07,068 [INFO] Pacing: sleep 0.7s
2026-06-26 04:12:07,762 [INFO] Page 16 | Collected: 250
2026-06-26 04:12:08,016 [INFO] Pacing: sleep 1.4s
2026-06-26 04:12:09,432 [INFO] Page 17 | Collected: 250
2026-06-26 04:12:09,763 [INFO] Pacing: sleep 1.5s
2026-06-26 04:12:11,251 [INFO] Page 18 | Collected: 250
2026-06-26 04:12:11,534 [INFO] Pacing: sleep 0.8s
2026-06-26 04:12:12,379 [INFO] Page 19 | Collected: 250
2026-06-26 04:12:12,684 [INFO] Pacing: sleep 1.1s
2026-06-26 04:12:13,763 [INFO] Page 20 | Collected: 250
2026-06-26 04:12:14,110 [INFO] Pacing: sleep 0.7s
2026-06-26 04:12:14,820 [INFO] Page 21 | Collected: 500
2026-06-26 04:12:15,102 [INFO] Pacing: sleep 1.4s
2026-06-26 04:12:16,509 [INFO] Page 22 | Collected: 500
2026-06-26 04:12:16,838 [INFO] Pacing: sleep 1.5s
2026-06-26 04:12:18,291 [INFO] Page 23 | Collected: 500
2026-06-26 04:12:18,567 [INFO] Pacing: sleep 1.2s
2026-06-26 04:12:19,739 [INFO] Page 24 | Collected: 500
2026-06-26 04:12:20,008 [INFO] Pacing: sleep 0.9s
2026-06-26 04:12:20,953 [INFO] Page 25 | Collected: 500
2026-06-26 04:12:21,305 [INFO] Pacing: sleep 1.0s
2026-06-26 04:12:22,279 [INFO] Page 26 | Collected: 500
2026-06-26 04:12:22,534 [INFO] Pacing: sleep 1.5s
2026-06-26 04:12:24,027 [INFO] Page 27 | Collected: 500
2026-06-26 04:12:24,428 [INFO] Pacing: sleep 0.5s
2026-06-26 04:12:24,930 [INFO] Page 28 | Collected: 500
2026-06-26 04:12:25,239 [INFO] Pacing: sleep 0.5s
2026-06-26 04:12:25,788 [INFO] Page 29 | Collected: 500
2026-06-26 04:12:26,073 [INFO] Pacing: sleep 1.3s
2026-06-26 04:12:27,361 [INFO] Page 30 | Collected: 500
2026-06-26 04:12:27,748 [INFO] Pacing: sleep 1.2s
2026-06-26 04:12:28,968 [INFO] Page 31 | Collected: 750
2026-06-26 04:12:29,064 [WARNING] Block detected on page 31: HTTP 429
2026-06-26 04:12:29,064 [INFO] Saved raw HTML for debugging: blocked_0031.html
2026-06-26 04:12:29,064 [WARNING] Initiating ADAPTIVE THROTTLING. Sleeping 180s, switching to SAFE mode.
2026-06-26 04:15:29,064 [INFO] Pacing: sleep 38.6s | Short Cooldown: 33.5s
2026-06-26 04:16:07,691 [INFO] Page 31 | Collected: 750
2026-06-26 04:16:08,201 [INFO] Pacing: sleep 7.9s
2026-06-26 04:16:16,142 [INFO] Page 32 | Collected: 750
2026-06-26 04:16:16,452 [INFO] Pacing: sleep 6.6s
2026-06-26 04:16:23,023 [INFO] Page 33 | Collected: 750
2026-06-26 04:16:23,395 [INFO] Pacing: sleep 5.6s
2026-06-26 04:16:29,010 [INFO] Page 34 | Collected: 750
2026-06-26 04:16:29,333 [INFO] Pacing: sleep 5.4s
2026-06-26 04:16:34,684 [INFO] Page 35 | Collected: 750
2026-06-26 04:16:35,057 [INFO] Pacing: sleep 7.5s
2026-06-26 04:16:42,521 [INFO] Page 36 | Collected: 750
2026-06-26 04:16:42,827 [INFO] Pacing: sleep 7.8s
2026-06-26 04:16:50,637 [INFO] Page 37 | Collected: 750
2026-06-26 04:16:50,935 [INFO] Pacing: sleep 5.8s
2026-06-26 04:16:56,769 [INFO] Page 38 | Collected: 750
2026-06-26 04:16:57,126 [INFO] Pacing: sleep 7.9s
2026-06-26 04:17:04,978 [INFO] Page 39 | Collected: 750
2026-06-26 04:17:05,282 [INFO] Pacing: sleep 6.9s
2026-06-26 04:17:12,217 [INFO] Page 40 | Collected: 750
2026-06-26 04:17:12,554 [INFO] Pacing: sleep 150.0s | Long Cooldown: 143.6s
2026-06-26 04:19:42,520 [INFO] Page 41 | Collected: 1000
2026-06-26 04:19:42,874 [INFO] Pacing: sleep 6.2s
2026-06-26 04:19:49,043 [INFO] Page 42 | Collected: 1000
2026-06-26 04:19:49,379 [INFO] Pacing: sleep 7.3s
2026-06-26 04:19:56,638 [INFO] Page 43 | Collected: 1000
2026-06-26 04:19:57,030 [INFO] Pacing: sleep 4.5s
2026-06-26 04:20:01,579 [INFO] Page 44 | Collected: 1000
2026-06-26 04:20:01,895 [INFO] Pacing: sleep 4.1s
2026-06-26 04:20:06,028 [INFO] Page 45 | Collected: 1000
2026-06-26 04:20:06,394 [INFO] Pacing: sleep 7.3s
2026-06-26 04:20:13,684 [INFO] Page 46 | Collected: 1000
2026-06-26 04:20:14,034 [INFO] Pacing: sleep 7.4s
2026-06-26 04:20:21,408 [INFO] Page 47 | Collected: 1000
2026-06-26 04:20:21,781 [INFO] Pacing: sleep 4.5s
2026-06-26 04:20:26,253 [INFO] Page 48 | Collected: 1000
2026-06-26 04:20:26,713 [INFO] Pacing: sleep 6.5s
2026-06-26 04:20:33,217 [INFO] Page 49 | Collected: 1000
2026-06-26 04:20:33,536 [INFO] Pacing: sleep 4.5s
2026-06-26 04:20:38,031 [INFO] Page 50 | Collected: 1000
2026-06-26 04:20:38,370 [INFO] Pacing: sleep 45.8s | Short Cooldown: 37.9s
2026-06-26 04:21:24,155 [INFO] Page 51 | Collected: 1250
2026-06-26 04:21:24,544 [INFO] Pacing: sleep 6.1s
2026-06-26 04:21:30,626 [INFO] Page 52 | Collected: 1250
2026-06-26 04:21:30,897 [INFO] Pacing: sleep 7.0s
2026-06-26 04:21:37,880 [INFO] Page 53 | Collected: 1250
2026-06-26 04:21:38,229 [INFO] Pacing: sleep 7.8s
2026-06-26 04:21:46,002 [INFO] Page 54 | Collected: 1250
2026-06-26 04:21:46,298 [INFO] Pacing: sleep 4.2s
2026-06-26 04:21:50,489 [INFO] Page 55 | Collected: 1250
2026-06-26 04:21:50,764 [INFO] Pacing: sleep 6.5s
2026-06-26 04:21:57,282 [INFO] Page 56 | Collected: 1250
2026-06-26 04:21:57,701 [INFO] Pacing: sleep 7.5s
2026-06-26 04:22:05,212 [INFO] Page 57 | Collected: 1250
2026-06-26 04:22:05,458 [INFO] Pacing: sleep 5.3s
2026-06-26 04:22:10,748 [INFO] Page 58 | Collected: 1250
2026-06-26 04:22:11,153 [INFO] Pacing: sleep 6.7s
2026-06-26 04:22:17,844 [INFO] Page 59 | Collected: 1250
2026-06-26 04:22:18,148 [INFO] Pacing: sleep 5.2s
2026-06-26 04:22:23,327 [INFO] Page 60 | Collected: 1250
2026-06-26 04:22:23,654 [INFO] Pacing: sleep 44.7s | Short Cooldown: 39.9s
2026-06-26 04:23:08,341 [INFO] Page 61 | Collected: 1500
2026-06-26 04:23:08,827 [INFO] Pacing: sleep 7.5s
2026-06-26 04:23:16,293 [INFO] Page 62 | Collected: 1500
2026-06-26 04:23:16,675 [INFO] Pacing: sleep 5.3s
2026-06-26 04:23:22,014 [INFO] Page 63 | Collected: 1500
2026-06-26 04:23:22,375 [INFO] Pacing: sleep 4.3s
2026-06-26 04:23:26,706 [INFO] Page 64 | Collected: 1500
2026-06-26 04:23:26,973 [INFO] Pacing: sleep 5.7s
2026-06-26 04:23:32,663 [INFO] Page 65 | Collected: 1500
2026-06-26 04:23:32,938 [INFO] Pacing: sleep 5.7s
2026-06-26 04:23:38,685 [INFO] Page 66 | Collected: 1500
2026-06-26 04:23:39,086 [INFO] Pacing: sleep 5.6s
2026-06-26 04:23:44,706 [INFO] Page 67 | Collected: 1500
2026-06-26 04:23:44,957 [INFO] Pacing: sleep 6.0s
2026-06-26 04:23:50,909 [INFO] Page 68 | Collected: 1500
2026-06-26 04:23:51,171 [INFO] Pacing: sleep 4.7s
2026-06-26 04:23:55,839 [INFO] Page 69 | Collected: 1500
2026-06-26 04:23:56,304 [INFO] Pacing: sleep 7.3s
2026-06-26 04:24:03,563 [INFO] Page 70 | Collected: 1500
2026-06-26 04:24:03,962 [INFO] Pacing: sleep 47.4s | Short Cooldown: 39.8s
2026-06-26 04:24:51,389 [INFO] Page 71 | Collected: 1750
2026-06-26 04:24:51,730 [INFO] Pacing: sleep 6.7s
2026-06-26 04:24:58,422 [INFO] Page 72 | Collected: 1750
2026-06-26 04:24:58,711 [INFO] Pacing: sleep 7.7s
2026-06-26 04:25:06,380 [INFO] Page 73 | Collected: 1750
2026-06-26 04:25:06,639 [INFO] Pacing: sleep 5.4s
2026-06-26 04:25:12,046 [INFO] Page 74 | Collected: 1750
2026-06-26 04:25:12,432 [INFO] Pacing: sleep 4.4s
2026-06-26 04:25:16,859 [INFO] Page 75 | Collected: 1750
2026-06-26 04:25:17,144 [INFO] Pacing: sleep 4.8s
2026-06-26 04:25:21,969 [INFO] Page 76 | Collected: 1750
2026-06-26 04:25:22,330 [INFO] Pacing: sleep 5.2s
2026-06-26 04:25:27,523 [INFO] Page 77 | Collected: 1750
2026-06-26 04:25:27,797 [INFO] Pacing: sleep 7.7s
2026-06-26 04:25:35,479 [INFO] Page 78 | Collected: 1750
2026-06-26 04:25:35,758 [INFO] Pacing: sleep 4.8s
2026-06-26 04:25:40,579 [INFO] Page 79 | Collected: 1750
2026-06-26 04:25:40,943 [INFO] Pacing: sleep 7.4s
2026-06-26 04:25:48,304 [INFO] Page 80 | Collected: 1750
2026-06-26 04:25:48,489 [WARNING] Block detected on page 80: Suspicious term found: 'captcha'
2026-06-26 04:25:48,490 [INFO] Saved raw HTML for debugging: blocked_0080.html
2026-06-26 04:25:48,490 [ERROR] Blocked again even after safe mode. Stopping gracefully.
2026-06-26 04:25:48,492 [INFO] Crawl stopped. Reason: adaptive_throttle_failed_page_80. Finalizing...
2026-06-26 04:25:48,492 [INFO] Merging intermediate pages from work_dir: /home/runner/work/steam-diploma/steam-diploma/data/snapshots/data/snapshots/_in_progress/d30b99fa-993f-4f49-8535-aa5ccee10f54
