2026-06-18 04:39:45,075 [INFO] Steam Snapshot Collector Started.
2026-06-18 04:39:45,075 [INFO] Speed Mode: fast
2026-06-18 04:39:45,075 [INFO] Work Dir: /home/runner/work/steam-diploma/steam-diploma/data/snapshots
2026-06-18 04:39:45,075 [INFO] Base Output Dir: .
2026-06-18 04:39:45,075 [INFO] Page 1 | Collected: 0
2026-06-18 04:39:45,397 [INFO] Pacing: sleep 1.0s
2026-06-18 04:39:46,445 [INFO] Page 2 | Collected: 0
2026-06-18 04:39:46,757 [INFO] Pacing: sleep 1.1s
2026-06-18 04:39:47,830 [INFO] Page 3 | Collected: 0
2026-06-18 04:39:48,156 [INFO] Pacing: sleep 0.5s
2026-06-18 04:39:48,665 [INFO] Page 4 | Collected: 0
2026-06-18 04:39:49,015 [INFO] Pacing: sleep 0.7s
2026-06-18 04:39:49,704 [INFO] Page 5 | Collected: 0
2026-06-18 04:39:49,964 [INFO] Pacing: sleep 0.9s
2026-06-18 04:39:50,902 [INFO] Page 6 | Collected: 0
2026-06-18 04:39:51,203 [INFO] Pacing: sleep 1.2s
2026-06-18 04:39:52,400 [INFO] Page 7 | Collected: 0
2026-06-18 04:39:52,748 [INFO] Pacing: sleep 1.4s
2026-06-18 04:39:54,161 [INFO] Page 8 | Collected: 0
2026-06-18 04:39:54,436 [INFO] Pacing: sleep 0.8s
2026-06-18 04:39:55,236 [INFO] Page 9 | Collected: 0
2026-06-18 04:39:55,605 [INFO] Pacing: sleep 1.3s
2026-06-18 04:39:56,881 [INFO] Page 10 | Collected: 0
2026-06-18 04:39:57,135 [INFO] Pacing: sleep 1.3s
2026-06-18 04:39:58,423 [INFO] Page 11 | Collected: 250
2026-06-18 04:39:58,687 [INFO] Pacing: sleep 0.6s
2026-06-18 04:39:59,326 [INFO] Page 12 | Collected: 250
2026-06-18 04:39:59,689 [INFO] Pacing: sleep 0.7s
2026-06-18 04:40:00,394 [INFO] Page 13 | Collected: 250
2026-06-18 04:40:00,679 [INFO] Pacing: sleep 0.8s
2026-06-18 04:40:01,472 [INFO] Page 14 | Collected: 250
2026-06-18 04:40:01,762 [INFO] Pacing: sleep 1.3s
2026-06-18 04:40:03,060 [INFO] Page 15 | Collected: 250
2026-06-18 04:40:03,453 [INFO] Pacing: sleep 0.7s
2026-06-18 04:40:04,136 [INFO] Page 16 | Collected: 250
2026-06-18 04:40:04,410 [INFO] Pacing: sleep 1.5s
2026-06-18 04:40:05,865 [INFO] Page 17 | Collected: 250
2026-06-18 04:40:06,213 [INFO] Pacing: sleep 0.8s
2026-06-18 04:40:06,996 [INFO] Page 18 | Collected: 250
2026-06-18 04:40:07,252 [INFO] Pacing: sleep 1.1s
2026-06-18 04:40:08,360 [INFO] Page 19 | Collected: 250
2026-06-18 04:40:08,639 [INFO] Pacing: sleep 0.7s
2026-06-18 04:40:09,388 [INFO] Page 20 | Collected: 250
2026-06-18 04:40:09,789 [INFO] Pacing: sleep 0.6s
2026-06-18 04:40:10,362 [INFO] Page 21 | Collected: 500
2026-06-18 04:40:10,634 [INFO] Pacing: sleep 1.1s
2026-06-18 04:40:11,765 [INFO] Page 22 | Collected: 500
2026-06-18 04:40:12,169 [INFO] Pacing: sleep 1.2s
2026-06-18 04:40:13,382 [INFO] Page 23 | Collected: 500
2026-06-18 04:40:13,655 [INFO] Pacing: sleep 1.5s
2026-06-18 04:40:15,140 [INFO] Page 24 | Collected: 500
2026-06-18 04:40:15,448 [INFO] Pacing: sleep 1.4s
2026-06-18 04:40:16,889 [INFO] Page 25 | Collected: 500
2026-06-18 04:40:17,249 [INFO] Pacing: sleep 1.4s
2026-06-18 04:40:18,690 [INFO] Page 26 | Collected: 500
2026-06-18 04:40:18,949 [INFO] Pacing: sleep 0.5s
2026-06-18 04:40:19,494 [INFO] Page 27 | Collected: 500
2026-06-18 04:40:19,867 [INFO] Pacing: sleep 0.9s
2026-06-18 04:40:20,723 [INFO] Page 28 | Collected: 500
2026-06-18 04:40:20,981 [INFO] Pacing: sleep 1.2s
2026-06-18 04:40:22,202 [INFO] Page 29 | Collected: 500
2026-06-18 04:40:22,514 [INFO] Pacing: sleep 1.1s
2026-06-18 04:40:23,610 [INFO] Page 30 | Collected: 500
2026-06-18 04:40:24,057 [INFO] Pacing: sleep 0.7s
2026-06-18 04:40:24,777 [INFO] Page 31 | Collected: 750
2026-06-18 04:40:24,865 [WARNING] Block detected on page 31: HTTP 429
2026-06-18 04:40:24,865 [INFO] Saved raw HTML for debugging: blocked_0031.html
2026-06-18 04:40:24,865 [WARNING] Initiating ADAPTIVE THROTTLING. Sleeping 180s, switching to SAFE mode.
2026-06-18 04:43:24,865 [INFO] Pacing: sleep 60.8s | Short Cooldown: 54.2s
2026-06-18 04:44:25,616 [INFO] Page 31 | Collected: 750
2026-06-18 04:44:25,872 [INFO] Pacing: sleep 5.9s
2026-06-18 04:44:31,776 [INFO] Page 32 | Collected: 750
2026-06-18 04:44:32,079 [INFO] Pacing: sleep 5.9s
2026-06-18 04:44:38,016 [INFO] Page 33 | Collected: 750
2026-06-18 04:44:38,351 [INFO] Pacing: sleep 6.4s
2026-06-18 04:44:44,765 [INFO] Page 34 | Collected: 750
2026-06-18 04:44:45,146 [INFO] Pacing: sleep 7.2s
2026-06-18 04:44:52,348 [INFO] Page 35 | Collected: 750
2026-06-18 04:44:52,714 [INFO] Pacing: sleep 4.8s
2026-06-18 04:44:57,526 [INFO] Page 36 | Collected: 750
2026-06-18 04:44:57,782 [INFO] Pacing: sleep 7.4s
2026-06-18 04:45:05,159 [INFO] Page 37 | Collected: 750
2026-06-18 04:45:05,422 [INFO] Pacing: sleep 6.0s
2026-06-18 04:45:11,400 [INFO] Page 38 | Collected: 750
2026-06-18 04:45:11,757 [INFO] Pacing: sleep 4.6s
2026-06-18 04:45:16,371 [INFO] Page 39 | Collected: 750
2026-06-18 04:45:16,648 [INFO] Pacing: sleep 5.7s
2026-06-18 04:45:22,347 [INFO] Page 40 | Collected: 750
2026-06-18 04:45:22,781 [INFO] Pacing: sleep 218.5s | Long Cooldown: 212.4s
2026-06-18 04:49:01,291 [INFO] Page 41 | Collected: 1000
2026-06-18 04:49:01,579 [INFO] Pacing: sleep 4.4s
2026-06-18 04:49:05,939 [INFO] Page 42 | Collected: 1000
2026-06-18 04:49:06,195 [INFO] Pacing: sleep 4.8s
2026-06-18 04:49:10,971 [INFO] Page 43 | Collected: 1000
2026-06-18 04:49:11,343 [INFO] Pacing: sleep 4.9s
2026-06-18 04:49:16,244 [INFO] Page 44 | Collected: 1000
2026-06-18 04:49:16,507 [INFO] Pacing: sleep 4.3s
2026-06-18 04:49:20,841 [INFO] Page 45 | Collected: 1000
2026-06-18 04:49:21,204 [INFO] Pacing: sleep 8.0s
2026-06-18 04:49:29,192 [INFO] Page 46 | Collected: 1000
2026-06-18 04:49:29,443 [INFO] Pacing: sleep 4.0s
2026-06-18 04:49:33,454 [INFO] Page 47 | Collected: 1000
2026-06-18 04:49:33,744 [INFO] Pacing: sleep 4.4s
2026-06-18 04:49:38,148 [INFO] Page 48 | Collected: 1000
2026-06-18 04:49:38,538 [INFO] Pacing: sleep 4.9s
2026-06-18 04:49:43,434 [INFO] Page 49 | Collected: 1000
2026-06-18 04:49:43,698 [INFO] Pacing: sleep 6.5s
2026-06-18 04:49:50,230 [INFO] Page 50 | Collected: 1000
2026-06-18 04:49:50,568 [INFO] Pacing: sleep 57.8s | Short Cooldown: 52.8s
2026-06-18 04:50:48,331 [INFO] Page 51 | Collected: 1250
2026-06-18 04:50:48,713 [INFO] Pacing: sleep 6.5s
2026-06-18 04:50:55,216 [INFO] Page 52 | Collected: 1250
2026-06-18 04:50:55,533 [INFO] Pacing: sleep 4.3s
2026-06-18 04:50:59,803 [INFO] Page 53 | Collected: 1250
2026-06-18 04:51:00,149 [INFO] Pacing: sleep 6.1s
2026-06-18 04:51:06,282 [INFO] Page 54 | Collected: 1250
2026-06-18 04:51:06,558 [INFO] Pacing: sleep 5.1s
2026-06-18 04:51:11,695 [INFO] Page 55 | Collected: 1250
2026-06-18 04:51:11,957 [INFO] Pacing: sleep 7.0s
2026-06-18 04:51:18,933 [INFO] Page 56 | Collected: 1250
2026-06-18 04:51:19,311 [INFO] Pacing: sleep 4.1s
2026-06-18 04:51:23,407 [INFO] Page 57 | Collected: 1250
2026-06-18 04:51:23,673 [INFO] Pacing: sleep 6.9s
2026-06-18 04:51:30,604 [INFO] Page 58 | Collected: 1250
2026-06-18 04:51:30,997 [INFO] Pacing: sleep 5.7s
2026-06-18 04:51:36,660 [INFO] Page 59 | Collected: 1250
2026-06-18 04:51:36,920 [INFO] Pacing: sleep 5.6s
2026-06-18 04:51:42,510 [INFO] Page 60 | Collected: 1250
2026-06-18 04:51:42,838 [INFO] Pacing: sleep 44.3s | Short Cooldown: 36.7s
2026-06-18 04:52:27,146 [INFO] Page 61 | Collected: 1500
2026-06-18 04:52:27,557 [INFO] Pacing: sleep 7.5s
2026-06-18 04:52:35,070 [INFO] Page 62 | Collected: 1500
2026-06-18 04:52:35,365 [INFO] Pacing: sleep 4.3s
2026-06-18 04:52:39,621 [INFO] Page 63 | Collected: 1500
2026-06-18 04:52:40,031 [INFO] Pacing: sleep 7.7s
2026-06-18 04:52:47,755 [INFO] Page 64 | Collected: 1500
2026-06-18 04:52:48,038 [INFO] Pacing: sleep 5.0s
2026-06-18 04:52:53,018 [INFO] Page 65 | Collected: 1500
2026-06-18 04:52:53,355 [INFO] Pacing: sleep 5.8s
2026-06-18 04:52:59,198 [INFO] Page 66 | Collected: 1500
2026-06-18 04:52:59,714 [INFO] Pacing: sleep 5.6s
2026-06-18 04:53:05,337 [INFO] Page 67 | Collected: 1500
2026-06-18 04:53:05,637 [INFO] Pacing: sleep 6.9s
2026-06-18 04:53:12,522 [INFO] Page 68 | Collected: 1500
2026-06-18 04:53:12,856 [INFO] Pacing: sleep 7.3s
2026-06-18 04:53:20,159 [INFO] Page 69 | Collected: 1500
2026-06-18 04:53:20,498 [INFO] Pacing: sleep 4.2s
2026-06-18 04:53:24,702 [INFO] Page 70 | Collected: 1500
2026-06-18 04:53:24,969 [INFO] Pacing: sleep 54.3s | Short Cooldown: 46.4s
2026-06-18 04:54:19,234 [INFO] Page 71 | Collected: 1750
2026-06-18 04:54:19,710 [INFO] Pacing: sleep 5.2s
2026-06-18 04:54:24,897 [INFO] Page 72 | Collected: 1750
2026-06-18 04:54:25,169 [INFO] Pacing: sleep 5.7s
2026-06-18 04:54:30,835 [INFO] Page 73 | Collected: 1750
2026-06-18 04:54:31,088 [INFO] Pacing: sleep 4.6s
2026-06-18 04:54:35,646 [INFO] Page 74 | Collected: 1750
2026-06-18 04:54:36,071 [INFO] Pacing: sleep 7.8s
2026-06-18 04:54:43,868 [INFO] Page 75 | Collected: 1750
2026-06-18 04:54:44,124 [INFO] Pacing: sleep 4.0s
2026-06-18 04:54:48,164 [INFO] Page 76 | Collected: 1750
2026-06-18 04:54:48,494 [INFO] Pacing: sleep 6.0s
2026-06-18 04:54:54,499 [INFO] Page 77 | Collected: 1750
2026-06-18 04:54:54,846 [INFO] Pacing: sleep 7.2s
2026-06-18 04:55:02,039 [INFO] Page 78 | Collected: 1750
2026-06-18 04:55:02,422 [INFO] Pacing: sleep 4.3s
2026-06-18 04:55:06,692 [INFO] Page 79 | Collected: 1750
2026-06-18 04:55:07,418 [INFO] Pacing: sleep 4.1s
2026-06-18 04:55:11,499 [INFO] Page 80 | Collected: 1750
2026-06-18 04:55:11,825 [INFO] Pacing: sleep 245.2s | Long Cooldown: 237.6s
2026-06-18 04:59:17,058 [INFO] Page 81 | Collected: 2000
2026-06-18 04:59:17,411 [INFO] Pacing: sleep 4.8s
2026-06-18 04:59:22,162 [INFO] Page 82 | Collected: 2000
2026-06-18 04:59:22,429 [INFO] Pacing: sleep 7.3s
2026-06-18 04:59:29,695 [INFO] Page 83 | Collected: 2000
2026-06-18 04:59:29,948 [INFO] Pacing: sleep 6.7s
2026-06-18 04:59:36,651 [INFO] Page 84 | Collected: 2000
2026-06-18 04:59:37,079 [INFO] Pacing: sleep 7.4s
2026-06-18 04:59:44,475 [INFO] Page 85 | Collected: 2000
2026-06-18 04:59:44,730 [INFO] Pacing: sleep 5.4s
2026-06-18 04:59:50,093 [INFO] Page 86 | Collected: 2000
2026-06-18 04:59:50,372 [INFO] Pacing: sleep 5.3s
2026-06-18 04:59:55,637 [INFO] Page 87 | Collected: 2000
2026-06-18 04:59:55,973 [INFO] Pacing: sleep 4.4s
2026-06-18 05:00:00,336 [INFO] Page 88 | Collected: 2000
2026-06-18 05:00:00,587 [INFO] Pacing: sleep 6.0s
2026-06-18 05:00:06,597 [INFO] Page 89 | Collected: 2000
2026-06-18 05:00:06,965 [INFO] Pacing: sleep 7.2s
2026-06-18 05:00:14,147 [INFO] Page 90 | Collected: 2000
2026-06-18 05:00:14,403 [INFO] Pacing: sleep 61.0s | Short Cooldown: 53.6s
2026-06-18 05:01:15,423 [INFO] Page 91 | Collected: 2250
2026-06-18 05:01:15,689 [INFO] Pacing: sleep 7.1s
2026-06-18 05:01:22,827 [INFO] Page 92 | Collected: 2250
2026-06-18 05:01:23,163 [INFO] Pacing: sleep 5.2s
2026-06-18 05:01:28,346 [INFO] Page 93 | Collected: 2250
2026-06-18 05:01:28,646 [INFO] Pacing: sleep 7.8s
2026-06-18 05:01:36,465 [INFO] Page 94 | Collected: 2250
2026-06-18 05:01:36,851 [INFO] Pacing: sleep 4.3s
2026-06-18 05:01:41,154 [INFO] Page 95 | Collected: 2250
2026-06-18 05:01:41,441 [INFO] Pacing: sleep 7.6s
2026-06-18 05:01:49,053 [INFO] Page 96 | Collected: 2250
2026-06-18 05:01:49,325 [INFO] Pacing: sleep 7.4s
2026-06-18 05:01:56,717 [INFO] Page 97 | Collected: 2250
2026-06-18 05:01:57,095 [INFO] Pacing: sleep 5.4s
2026-06-18 05:02:02,504 [INFO] Page 98 | Collected: 2250
2026-06-18 05:02:02,769 [INFO] Pacing: sleep 7.7s
2026-06-18 05:02:10,504 [INFO] Page 99 | Collected: 2250
2026-06-18 05:02:10,850 [INFO] Pacing: sleep 6.8s
2026-06-18 05:02:17,622 [INFO] Page 100 | Collected: 2250
2026-06-18 05:02:17,975 [INFO] Pacing: sleep 60.0s | Short Cooldown: 52.5s
2026-06-18 05:03:17,955 [INFO] Page 101 | Collected: 2500
2026-06-18 05:03:18,228 [INFO] Pacing: sleep 7.3s
2026-06-18 05:03:25,553 [INFO] Page 102 | Collected: 2500
2026-06-18 05:03:25,928 [INFO] Pacing: sleep 5.4s
2026-06-18 05:03:31,321 [INFO] Page 103 | Collected: 2500
2026-06-18 05:03:31,645 [INFO] Pacing: sleep 5.9s
2026-06-18 05:03:37,554 [INFO] Page 104 | Collected: 2500
2026-06-18 05:03:37,813 [INFO] Pacing: sleep 5.3s
2026-06-18 05:03:43,072 [INFO] Page 105 | Collected: 2500
2026-06-18 05:03:43,454 [INFO] Pacing: sleep 4.8s
2026-06-18 05:03:48,248 [INFO] Page 106 | Collected: 2500
2026-06-18 05:03:48,531 [INFO] Pacing: sleep 5.8s
2026-06-18 05:03:54,373 [INFO] Page 107 | Collected: 2500
2026-06-18 05:03:54,530 [WARNING] Block detected on page 107: Suspicious term found: 'captcha'
2026-06-18 05:03:54,531 [INFO] Saved raw HTML for debugging: blocked_0107.html
2026-06-18 05:03:54,531 [ERROR] Blocked again even after safe mode. Stopping gracefully.
2026-06-18 05:03:54,532 [INFO] Crawl stopped. Reason: adaptive_throttle_failed_page_107. Finalizing...
2026-06-18 05:03:54,532 [INFO] Merging intermediate pages from work_dir: /home/runner/work/steam-diploma/steam-diploma/data/snapshots/data/snapshots/_in_progress/6804b72e-54eb-41ad-9c23-48bf8b689ade
