2026-07-24 03:17:49,750 [INFO] Steam Snapshot Collector Started.
2026-07-24 03:17:49,750 [INFO] Speed Mode: fast
2026-07-24 03:17:49,750 [INFO] Work Dir: /home/runner/work/steam-diploma/steam-diploma/data/snapshots
2026-07-24 03:17:49,751 [INFO] Base Output Dir: .
2026-07-24 03:17:49,751 [INFO] Page 1 | Collected: 0
2026-07-24 03:17:50,148 [INFO] Pacing: sleep 1.1s
2026-07-24 03:17:51,206 [INFO] Page 2 | Collected: 0
2026-07-24 03:17:51,458 [INFO] Pacing: sleep 0.5s
2026-07-24 03:17:51,976 [INFO] Page 3 | Collected: 0
2026-07-24 03:17:52,203 [INFO] Pacing: sleep 1.0s
2026-07-24 03:17:53,205 [INFO] Page 4 | Collected: 0
2026-07-24 03:17:53,609 [INFO] Pacing: sleep 1.4s
2026-07-24 03:17:54,995 [INFO] Page 5 | Collected: 0
2026-07-24 03:17:55,228 [INFO] Pacing: sleep 0.5s
2026-07-24 03:17:55,771 [INFO] Page 6 | Collected: 0
2026-07-24 03:17:56,016 [INFO] Pacing: sleep 0.7s
2026-07-24 03:17:56,695 [INFO] Page 7 | Collected: 0
2026-07-24 03:17:57,019 [INFO] Pacing: sleep 1.2s
2026-07-24 03:17:58,192 [INFO] Page 8 | Collected: 0
2026-07-24 03:17:58,436 [INFO] Pacing: sleep 0.5s
2026-07-24 03:17:58,958 [INFO] Page 9 | Collected: 0
2026-07-24 03:17:59,247 [INFO] Pacing: sleep 0.8s
2026-07-24 03:18:00,090 [INFO] Page 10 | Collected: 0
2026-07-24 03:18:00,388 [INFO] Pacing: sleep 1.3s
2026-07-24 03:18:01,707 [INFO] Page 11 | Collected: 250
2026-07-24 03:18:01,930 [INFO] Pacing: sleep 0.8s
2026-07-24 03:18:02,697 [INFO] Page 12 | Collected: 250
2026-07-24 03:18:02,988 [INFO] Pacing: sleep 1.0s
2026-07-24 03:18:03,978 [INFO] Page 13 | Collected: 250
2026-07-24 03:18:04,217 [INFO] Pacing: sleep 0.6s
2026-07-24 03:18:04,771 [INFO] Page 14 | Collected: 250
2026-07-24 03:18:05,028 [INFO] Pacing: sleep 0.5s
2026-07-24 03:18:05,538 [INFO] Page 15 | Collected: 250
2026-07-24 03:18:05,860 [INFO] Pacing: sleep 1.3s
2026-07-24 03:18:07,195 [INFO] Page 16 | Collected: 250
2026-07-24 03:18:07,430 [INFO] Pacing: sleep 1.2s
2026-07-24 03:18:08,591 [INFO] Page 17 | Collected: 250
2026-07-24 03:18:08,890 [INFO] Pacing: sleep 0.7s
2026-07-24 03:18:09,593 [INFO] Page 18 | Collected: 250
2026-07-24 03:18:09,852 [INFO] Pacing: sleep 0.8s
2026-07-24 03:18:10,664 [INFO] Page 19 | Collected: 250
2026-07-24 03:18:10,899 [INFO] Pacing: sleep 1.0s
2026-07-24 03:18:11,888 [INFO] Page 20 | Collected: 250
2026-07-24 03:18:12,233 [INFO] Pacing: sleep 1.4s
2026-07-24 03:18:13,669 [INFO] Page 21 | Collected: 500
2026-07-24 03:18:13,892 [INFO] Pacing: sleep 1.0s
2026-07-24 03:18:14,912 [INFO] Page 22 | Collected: 500
2026-07-24 03:18:15,226 [INFO] Pacing: sleep 1.0s
2026-07-24 03:18:16,264 [INFO] Page 23 | Collected: 500
2026-07-24 03:18:16,483 [INFO] Pacing: sleep 1.1s
2026-07-24 03:18:17,550 [INFO] Page 24 | Collected: 500
2026-07-24 03:18:17,817 [INFO] Pacing: sleep 0.7s
2026-07-24 03:18:18,552 [INFO] Page 25 | Collected: 500
2026-07-24 03:18:18,864 [INFO] Pacing: sleep 0.6s
2026-07-24 03:18:19,496 [INFO] Page 26 | Collected: 500
2026-07-24 03:18:19,726 [INFO] Pacing: sleep 0.7s
2026-07-24 03:18:20,464 [INFO] Page 27 | Collected: 500
2026-07-24 03:18:20,867 [INFO] Pacing: sleep 1.1s
2026-07-24 03:18:21,997 [INFO] Page 28 | Collected: 500
2026-07-24 03:18:22,285 [INFO] Pacing: sleep 0.9s
2026-07-24 03:18:23,158 [INFO] Page 29 | Collected: 500
2026-07-24 03:18:23,415 [INFO] Pacing: sleep 0.8s
2026-07-24 03:18:24,217 [INFO] Page 30 | Collected: 500
2026-07-24 03:18:24,510 [INFO] Pacing: sleep 0.5s
2026-07-24 03:18:25,023 [INFO] Page 31 | Collected: 750
2026-07-24 03:18:25,072 [WARNING] Block detected on page 31: HTTP 429
2026-07-24 03:18:25,072 [INFO] Saved raw HTML for debugging: blocked_0031.html
2026-07-24 03:18:25,072 [WARNING] Initiating ADAPTIVE THROTTLING. Sleeping 180s, switching to SAFE mode.
2026-07-24 03:21:25,072 [INFO] Pacing: sleep 45.8s | Short Cooldown: 39.8s
2026-07-24 03:22:10,835 [INFO] Page 31 | Collected: 750
2026-07-24 03:22:11,085 [INFO] Pacing: sleep 4.4s
2026-07-24 03:22:15,496 [INFO] Page 32 | Collected: 750
2026-07-24 03:22:15,744 [INFO] Pacing: sleep 5.2s
2026-07-24 03:22:20,957 [INFO] Page 33 | Collected: 750
2026-07-24 03:22:21,290 [INFO] Pacing: sleep 5.0s
2026-07-24 03:22:26,251 [INFO] Page 34 | Collected: 750
2026-07-24 03:22:26,515 [INFO] Pacing: sleep 5.4s
2026-07-24 03:22:31,913 [INFO] Page 35 | Collected: 750
2026-07-24 03:22:32,229 [INFO] Pacing: sleep 5.7s
2026-07-24 03:22:37,894 [INFO] Page 36 | Collected: 750
2026-07-24 03:22:38,180 [INFO] Pacing: sleep 4.1s
2026-07-24 03:22:42,260 [INFO] Page 37 | Collected: 750
2026-07-24 03:22:42,507 [INFO] Pacing: sleep 7.1s
2026-07-24 03:22:49,606 [INFO] Page 38 | Collected: 750
2026-07-24 03:22:49,916 [INFO] Pacing: sleep 6.5s
2026-07-24 03:22:56,369 [INFO] Page 39 | Collected: 750
2026-07-24 03:22:56,663 [INFO] Pacing: sleep 6.9s
2026-07-24 03:23:03,611 [INFO] Page 40 | Collected: 750
2026-07-24 03:23:03,899 [INFO] Pacing: sleep 137.4s | Long Cooldown: 131.4s
2026-07-24 03:25:21,308 [INFO] Page 41 | Collected: 1000
2026-07-24 03:25:21,526 [INFO] Pacing: sleep 6.1s
2026-07-24 03:25:27,618 [INFO] Page 42 | Collected: 1000
2026-07-24 03:25:27,903 [INFO] Pacing: sleep 7.0s
2026-07-24 03:25:34,869 [INFO] Page 43 | Collected: 1000
2026-07-24 03:25:35,174 [INFO] Pacing: sleep 4.8s
2026-07-24 03:25:39,971 [INFO] Page 44 | Collected: 1000
2026-07-24 03:25:40,235 [INFO] Pacing: sleep 4.8s
2026-07-24 03:25:45,064 [INFO] Page 45 | Collected: 1000
2026-07-24 03:25:45,340 [INFO] Pacing: sleep 4.2s
2026-07-24 03:25:49,530 [INFO] Page 46 | Collected: 1000
2026-07-24 03:25:49,869 [INFO] Pacing: sleep 7.4s
2026-07-24 03:25:57,268 [INFO] Page 47 | Collected: 1000
2026-07-24 03:25:57,532 [INFO] Pacing: sleep 7.4s
2026-07-24 03:26:04,954 [INFO] Page 48 | Collected: 1000
2026-07-24 03:26:05,256 [INFO] Pacing: sleep 6.1s
2026-07-24 03:26:11,381 [INFO] Page 49 | Collected: 1000
2026-07-24 03:26:11,519 [WARNING] Block detected on page 49: Suspicious term found: 'captcha'
2026-07-24 03:26:11,520 [INFO] Saved raw HTML for debugging: blocked_0049.html
2026-07-24 03:26:11,520 [ERROR] Blocked again even after safe mode. Stopping gracefully.
2026-07-24 03:26:11,521 [INFO] Crawl stopped. Reason: adaptive_throttle_failed_page_49. Finalizing...
2026-07-24 03:26:11,522 [INFO] Merging intermediate pages from work_dir: /home/runner/work/steam-diploma/steam-diploma/data/snapshots/data/snapshots/_in_progress/aa76d70f-f712-478f-8b2c-3dc191aa988b
