2026-07-07 14:49:28,701 [INFO] Steam Snapshot Collector Started.
2026-07-07 14:49:28,701 [INFO] Speed Mode: fast
2026-07-07 14:49:28,701 [INFO] Work Dir: /home/runner/work/steam-diploma/steam-diploma/data/snapshots
2026-07-07 14:49:28,701 [INFO] Base Output Dir: .
2026-07-07 14:49:28,702 [INFO] Page 1 | Collected: 0
2026-07-07 14:49:29,112 [INFO] Pacing: sleep 0.9s
2026-07-07 14:49:30,015 [INFO] Page 2 | Collected: 0
2026-07-07 14:49:30,335 [INFO] Pacing: sleep 1.0s
2026-07-07 14:49:31,333 [INFO] Page 3 | Collected: 0
2026-07-07 14:49:31,655 [INFO] Pacing: sleep 1.3s
2026-07-07 14:49:32,918 [INFO] Page 4 | Collected: 0
2026-07-07 14:49:33,352 [INFO] Pacing: sleep 1.4s
2026-07-07 14:49:34,710 [INFO] Page 5 | Collected: 0
2026-07-07 14:49:35,004 [INFO] Pacing: sleep 0.8s
2026-07-07 14:49:35,846 [INFO] Page 6 | Collected: 0
2026-07-07 14:49:36,132 [INFO] Pacing: sleep 0.6s
2026-07-07 14:49:36,753 [INFO] Page 7 | Collected: 0
2026-07-07 14:49:37,140 [INFO] Pacing: sleep 0.8s
2026-07-07 14:49:37,922 [INFO] Page 8 | Collected: 0
2026-07-07 14:49:38,237 [INFO] Pacing: sleep 1.1s
2026-07-07 14:49:39,356 [INFO] Page 9 | Collected: 0
2026-07-07 14:49:39,749 [INFO] Pacing: sleep 1.0s
2026-07-07 14:49:40,716 [INFO] Page 10 | Collected: 0
2026-07-07 14:49:41,027 [INFO] Pacing: sleep 0.9s
2026-07-07 14:49:41,976 [INFO] Page 11 | Collected: 250
2026-07-07 14:49:42,307 [INFO] Pacing: sleep 1.3s
2026-07-07 14:49:43,655 [INFO] Page 12 | Collected: 250
2026-07-07 14:49:44,141 [INFO] Pacing: sleep 0.6s
2026-07-07 14:49:44,763 [INFO] Page 13 | Collected: 250
2026-07-07 14:49:45,121 [INFO] Pacing: sleep 0.9s
2026-07-07 14:49:46,019 [INFO] Page 14 | Collected: 250
2026-07-07 14:49:46,434 [INFO] Pacing: sleep 1.2s
2026-07-07 14:49:47,624 [INFO] Page 15 | Collected: 250
2026-07-07 14:49:47,991 [INFO] Pacing: sleep 1.5s
2026-07-07 14:49:49,490 [INFO] Page 16 | Collected: 250
2026-07-07 14:49:49,831 [INFO] Pacing: sleep 1.3s
2026-07-07 14:49:51,178 [INFO] Page 17 | Collected: 250
2026-07-07 14:49:51,594 [INFO] Pacing: sleep 1.3s
2026-07-07 14:49:52,870 [INFO] Page 18 | Collected: 250
2026-07-07 14:49:53,198 [INFO] Pacing: sleep 1.4s
2026-07-07 14:49:54,606 [INFO] Page 19 | Collected: 250
2026-07-07 14:49:54,927 [INFO] Pacing: sleep 1.1s
2026-07-07 14:49:56,043 [INFO] Page 20 | Collected: 250
2026-07-07 14:49:56,495 [INFO] Pacing: sleep 1.3s
2026-07-07 14:49:57,828 [INFO] Page 21 | Collected: 500
2026-07-07 14:49:58,397 [INFO] Pacing: sleep 1.1s
2026-07-07 14:49:59,484 [INFO] Page 22 | Collected: 500
2026-07-07 14:49:59,854 [INFO] Pacing: sleep 0.7s
2026-07-07 14:50:00,544 [INFO] Page 23 | Collected: 500
2026-07-07 14:50:00,861 [INFO] Pacing: sleep 1.3s
2026-07-07 14:50:02,176 [INFO] Page 24 | Collected: 500
2026-07-07 14:50:02,558 [INFO] Pacing: sleep 1.1s
2026-07-07 14:50:03,707 [INFO] Page 25 | Collected: 500
2026-07-07 14:50:04,117 [INFO] Pacing: sleep 0.8s
2026-07-07 14:50:04,944 [INFO] Page 26 | Collected: 500
2026-07-07 14:50:05,342 [INFO] Pacing: sleep 1.4s
2026-07-07 14:50:06,694 [INFO] Page 27 | Collected: 500
2026-07-07 14:50:07,009 [INFO] Pacing: sleep 1.5s
2026-07-07 14:50:08,485 [INFO] Page 28 | Collected: 500
2026-07-07 14:50:08,905 [INFO] Pacing: sleep 0.8s
2026-07-07 14:50:09,692 [INFO] Page 29 | Collected: 500
2026-07-07 14:50:10,064 [INFO] Pacing: sleep 1.4s
2026-07-07 14:50:11,473 [INFO] Page 30 | Collected: 500
2026-07-07 14:50:11,837 [INFO] Pacing: sleep 0.6s
2026-07-07 14:50:12,418 [INFO] Page 31 | Collected: 750
2026-07-07 14:50:12,498 [WARNING] Block detected on page 31: HTTP 429
2026-07-07 14:50:12,499 [INFO] Saved raw HTML for debugging: blocked_0031.html
2026-07-07 14:50:12,499 [WARNING] Initiating ADAPTIVE THROTTLING. Sleeping 180s, switching to SAFE mode.
2026-07-07 14:53:12,499 [INFO] Pacing: sleep 62.4s | Short Cooldown: 55.3s
2026-07-07 14:54:14,884 [INFO] Page 31 | Collected: 750
2026-07-07 14:54:15,311 [INFO] Pacing: sleep 4.6s
2026-07-07 14:54:19,950 [INFO] Page 32 | Collected: 750
2026-07-07 14:54:20,352 [INFO] Pacing: sleep 7.0s
2026-07-07 14:54:27,327 [INFO] Page 33 | Collected: 750
2026-07-07 14:54:27,799 [INFO] Pacing: sleep 6.7s
2026-07-07 14:54:34,456 [INFO] Page 34 | Collected: 750
2026-07-07 14:54:34,744 [INFO] Pacing: sleep 6.1s
2026-07-07 14:54:40,837 [INFO] Page 35 | Collected: 750
2026-07-07 14:54:41,243 [INFO] Pacing: sleep 5.5s
2026-07-07 14:54:46,766 [INFO] Page 36 | Collected: 750
2026-07-07 14:54:47,051 [INFO] Pacing: sleep 4.9s
2026-07-07 14:54:51,937 [INFO] Page 37 | Collected: 750
2026-07-07 14:54:52,240 [INFO] Pacing: sleep 7.4s
2026-07-07 14:54:59,600 [INFO] Page 38 | Collected: 750
2026-07-07 14:54:59,995 [INFO] Pacing: sleep 4.2s
2026-07-07 14:55:04,217 [INFO] Page 39 | Collected: 750
2026-07-07 14:55:04,477 [INFO] Pacing: sleep 4.0s
2026-07-07 14:55:08,482 [INFO] Page 40 | Collected: 750
2026-07-07 14:55:08,960 [INFO] Pacing: sleep 208.0s | Long Cooldown: 202.1s
2026-07-07 14:58:36,985 [INFO] Page 41 | Collected: 1000
2026-07-07 14:58:37,328 [INFO] Pacing: sleep 7.2s
2026-07-07 14:58:44,531 [INFO] Page 42 | Collected: 1000
2026-07-07 14:58:44,875 [INFO] Pacing: sleep 8.0s
2026-07-07 14:58:52,864 [INFO] Page 43 | Collected: 1000
2026-07-07 14:58:53,340 [INFO] Pacing: sleep 6.4s
2026-07-07 14:58:59,770 [INFO] Page 44 | Collected: 1000
2026-07-07 14:59:00,062 [INFO] Pacing: sleep 6.5s
2026-07-07 14:59:06,531 [INFO] Page 45 | Collected: 1000
2026-07-07 14:59:07,007 [INFO] Pacing: sleep 6.7s
2026-07-07 14:59:13,713 [INFO] Page 46 | Collected: 1000
2026-07-07 14:59:14,068 [INFO] Pacing: sleep 4.3s
2026-07-07 14:59:18,349 [INFO] Page 47 | Collected: 1000
2026-07-07 14:59:18,682 [INFO] Pacing: sleep 6.2s
2026-07-07 14:59:24,887 [INFO] Page 48 | Collected: 1000
2026-07-07 14:59:25,247 [INFO] Pacing: sleep 7.9s
2026-07-07 14:59:33,166 [INFO] Page 49 | Collected: 1000
2026-07-07 14:59:33,497 [INFO] Pacing: sleep 6.3s
2026-07-07 14:59:39,826 [INFO] Page 50 | Collected: 1000
2026-07-07 14:59:40,185 [INFO] Pacing: sleep 63.2s | Short Cooldown: 57.3s
2026-07-07 15:00:43,420 [INFO] Page 51 | Collected: 1250
2026-07-07 15:00:43,961 [INFO] Pacing: sleep 7.0s
2026-07-07 15:00:50,969 [INFO] Page 52 | Collected: 1250
2026-07-07 15:00:51,298 [INFO] Pacing: sleep 4.1s
2026-07-07 15:00:55,426 [INFO] Page 53 | Collected: 1250
2026-07-07 15:00:55,823 [INFO] Pacing: sleep 4.4s
2026-07-07 15:01:00,208 [INFO] Page 54 | Collected: 1250
2026-07-07 15:01:00,613 [INFO] Pacing: sleep 6.6s
2026-07-07 15:01:07,219 [INFO] Page 55 | Collected: 1250
2026-07-07 15:01:07,769 [INFO] Pacing: sleep 6.8s
2026-07-07 15:01:14,559 [INFO] Page 56 | Collected: 1250
2026-07-07 15:01:15,154 [INFO] Pacing: sleep 4.3s
2026-07-07 15:01:19,470 [INFO] Page 57 | Collected: 1250
2026-07-07 15:01:19,887 [WARNING] Block detected on page 57: Suspicious term found: 'captcha'
2026-07-07 15:01:19,888 [INFO] Saved raw HTML for debugging: blocked_0057.html
2026-07-07 15:01:19,888 [ERROR] Blocked again even after safe mode. Stopping gracefully.
2026-07-07 15:01:19,890 [INFO] Crawl stopped. Reason: adaptive_throttle_failed_page_57. Finalizing...
2026-07-07 15:01:19,890 [INFO] Merging intermediate pages from work_dir: /home/runner/work/steam-diploma/steam-diploma/data/snapshots/data/snapshots/_in_progress/f20f1378-dd1d-432b-9f6a-b2f045f1a023
