2026-05-27 08:46:23,101 [INFO] Steam Snapshot Collector Started.
2026-05-27 08:46:23,101 [INFO] Speed Mode: fast
2026-05-27 08:46:23,101 [INFO] Work Dir: /home/runner/work/steam-diploma/steam-diploma/data/snapshots
2026-05-27 08:46:23,101 [INFO] Base Output Dir: .
2026-05-27 08:46:23,102 [INFO] Page 1 | Collected: 0
2026-05-27 08:46:23,502 [INFO] Pacing: sleep 0.6s
2026-05-27 08:46:24,106 [INFO] Page 2 | Collected: 0
2026-05-27 08:46:24,378 [INFO] Pacing: sleep 1.3s
2026-05-27 08:46:25,707 [INFO] Page 3 | Collected: 0
2026-05-27 08:46:25,945 [INFO] Pacing: sleep 0.6s
2026-05-27 08:46:26,594 [INFO] Page 4 | Collected: 0
2026-05-27 08:46:26,911 [INFO] Pacing: sleep 0.5s
2026-05-27 08:46:27,430 [INFO] Page 5 | Collected: 0
2026-05-27 08:46:27,690 [INFO] Pacing: sleep 0.6s
2026-05-27 08:46:28,282 [INFO] Page 6 | Collected: 0
2026-05-27 08:46:28,519 [INFO] Pacing: sleep 0.7s
2026-05-27 08:46:29,189 [INFO] Page 7 | Collected: 0
2026-05-27 08:46:29,531 [INFO] Pacing: sleep 0.7s
2026-05-27 08:46:30,233 [INFO] Page 8 | Collected: 0
2026-05-27 08:46:30,542 [INFO] Pacing: sleep 1.4s
2026-05-27 08:46:31,936 [INFO] Page 9 | Collected: 0
2026-05-27 08:46:32,264 [INFO] Pacing: sleep 1.1s
2026-05-27 08:46:33,406 [INFO] Page 10 | Collected: 0
2026-05-27 08:46:33,667 [INFO] Pacing: sleep 1.4s
2026-05-27 08:46:35,104 [INFO] Page 11 | Collected: 250
2026-05-27 08:46:35,370 [INFO] Pacing: sleep 0.5s
2026-05-27 08:46:35,877 [INFO] Page 12 | Collected: 250
2026-05-27 08:46:36,239 [INFO] Pacing: sleep 0.7s
2026-05-27 08:46:36,946 [INFO] Page 13 | Collected: 250
2026-05-27 08:46:37,205 [INFO] Pacing: sleep 0.8s
2026-05-27 08:46:38,021 [INFO] Page 14 | Collected: 250
2026-05-27 08:46:38,267 [INFO] Pacing: sleep 0.8s
2026-05-27 08:46:39,090 [INFO] Page 15 | Collected: 250
2026-05-27 08:46:39,486 [INFO] Pacing: sleep 0.5s
2026-05-27 08:46:40,004 [INFO] Page 16 | Collected: 250
2026-05-27 08:46:40,252 [INFO] Pacing: sleep 0.8s
2026-05-27 08:46:41,082 [INFO] Page 17 | Collected: 250
2026-05-27 08:46:41,425 [INFO] Pacing: sleep 1.5s
2026-05-27 08:46:42,875 [INFO] Page 18 | Collected: 250
2026-05-27 08:46:43,124 [INFO] Pacing: sleep 1.4s
2026-05-27 08:46:44,552 [INFO] Page 19 | Collected: 250
2026-05-27 08:46:44,795 [INFO] Pacing: sleep 0.9s
2026-05-27 08:46:45,723 [INFO] Page 20 | Collected: 250
2026-05-27 08:46:46,074 [INFO] Pacing: sleep 1.0s
2026-05-27 08:46:47,113 [INFO] Page 21 | Collected: 500
2026-05-27 08:46:47,474 [INFO] Pacing: sleep 1.3s
2026-05-27 08:46:48,818 [INFO] Page 22 | Collected: 500
2026-05-27 08:46:49,158 [INFO] Pacing: sleep 1.1s
2026-05-27 08:46:50,251 [INFO] Page 23 | Collected: 500
2026-05-27 08:46:50,490 [INFO] Pacing: sleep 0.7s
2026-05-27 08:46:51,201 [INFO] Page 24 | Collected: 500
2026-05-27 08:46:51,483 [INFO] Pacing: sleep 1.4s
2026-05-27 08:46:52,896 [INFO] Page 25 | Collected: 500
2026-05-27 08:46:53,261 [INFO] Pacing: sleep 0.6s
2026-05-27 08:46:53,857 [INFO] Page 26 | Collected: 500
2026-05-27 08:46:54,116 [INFO] Pacing: sleep 1.4s
2026-05-27 08:46:55,541 [INFO] Page 27 | Collected: 500
2026-05-27 08:46:55,860 [INFO] Pacing: sleep 0.5s
2026-05-27 08:46:56,397 [INFO] Page 28 | Collected: 500
2026-05-27 08:46:56,641 [INFO] Pacing: sleep 1.1s
2026-05-27 08:46:57,736 [INFO] Page 29 | Collected: 500
2026-05-27 08:46:57,988 [INFO] Pacing: sleep 1.1s
2026-05-27 08:46:59,088 [INFO] Page 30 | Collected: 500
2026-05-27 08:46:59,526 [INFO] Pacing: sleep 0.8s
2026-05-27 08:47:00,303 [INFO] Page 31 | Collected: 750
2026-05-27 08:47:00,387 [WARNING] Block detected on page 31: HTTP 429
2026-05-27 08:47:00,388 [INFO] Saved raw HTML for debugging: blocked_0031.html
2026-05-27 08:47:00,388 [WARNING] Initiating ADAPTIVE THROTTLING. Sleeping 180s, switching to SAFE mode.
2026-05-27 08:50:00,388 [INFO] Pacing: sleep 60.2s | Short Cooldown: 54.1s
2026-05-27 08:51:00,587 [INFO] Page 31 | Collected: 750
2026-05-27 08:51:00,837 [INFO] Pacing: sleep 6.0s
2026-05-27 08:51:06,834 [INFO] Page 32 | Collected: 750
2026-05-27 08:51:07,108 [INFO] Pacing: sleep 6.0s
2026-05-27 08:51:13,129 [INFO] Page 33 | Collected: 750
2026-05-27 08:51:13,459 [INFO] Pacing: sleep 5.8s
2026-05-27 08:51:19,256 [INFO] Page 34 | Collected: 750
2026-05-27 08:51:19,550 [INFO] Pacing: sleep 6.8s
2026-05-27 08:51:26,366 [INFO] Page 35 | Collected: 750
2026-05-27 08:51:26,714 [INFO] Pacing: sleep 5.0s
2026-05-27 08:51:31,684 [INFO] Page 36 | Collected: 750
2026-05-27 08:51:31,939 [INFO] Pacing: sleep 4.1s
2026-05-27 08:51:36,080 [INFO] Page 37 | Collected: 750
2026-05-27 08:51:36,340 [INFO] Pacing: sleep 4.3s
2026-05-27 08:51:40,591 [INFO] Page 38 | Collected: 750
2026-05-27 08:51:40,954 [INFO] Pacing: sleep 5.0s
2026-05-27 08:51:45,972 [INFO] Page 39 | Collected: 750
2026-05-27 08:51:46,219 [INFO] Pacing: sleep 5.6s
2026-05-27 08:51:51,799 [INFO] Page 40 | Collected: 750
2026-05-27 08:51:52,156 [INFO] Pacing: sleep 240.1s | Long Cooldown: 232.8s
2026-05-27 08:55:52,232 [INFO] Page 41 | Collected: 1000
2026-05-27 08:55:52,553 [INFO] Pacing: sleep 4.6s
2026-05-27 08:55:57,195 [INFO] Page 42 | Collected: 1000
2026-05-27 08:55:57,445 [INFO] Pacing: sleep 5.3s
2026-05-27 08:56:02,739 [INFO] Page 43 | Collected: 1000
2026-05-27 08:56:03,165 [INFO] Pacing: sleep 5.3s
2026-05-27 08:56:08,497 [INFO] Page 44 | Collected: 1000
2026-05-27 08:56:08,813 [INFO] Pacing: sleep 5.9s
2026-05-27 08:56:14,689 [INFO] Page 45 | Collected: 1000
2026-05-27 08:56:15,050 [INFO] Pacing: sleep 6.1s
2026-05-27 08:56:21,128 [INFO] Page 46 | Collected: 1000
2026-05-27 08:56:21,402 [INFO] Pacing: sleep 4.0s
2026-05-27 08:56:25,423 [INFO] Page 47 | Collected: 1000
2026-05-27 08:56:25,716 [INFO] Pacing: sleep 7.8s
2026-05-27 08:56:33,549 [INFO] Page 48 | Collected: 1000
2026-05-27 08:56:33,926 [INFO] Pacing: sleep 7.5s
2026-05-27 08:56:41,406 [INFO] Page 49 | Collected: 1000
2026-05-27 08:56:41,671 [INFO] Pacing: sleep 5.7s
2026-05-27 08:56:47,371 [INFO] Page 50 | Collected: 1000
2026-05-27 08:56:47,897 [INFO] Pacing: sleep 38.3s | Short Cooldown: 30.9s
2026-05-27 08:57:26,180 [INFO] Page 51 | Collected: 1250
2026-05-27 08:57:26,612 [INFO] Pacing: sleep 6.5s
2026-05-27 08:57:33,087 [INFO] Page 52 | Collected: 1250
2026-05-27 08:57:33,382 [INFO] Pacing: sleep 8.0s
2026-05-27 08:57:41,373 [INFO] Page 53 | Collected: 1250
2026-05-27 08:57:41,741 [INFO] Pacing: sleep 7.2s
2026-05-27 08:57:48,969 [INFO] Page 54 | Collected: 1250
2026-05-27 08:57:49,306 [INFO] Pacing: sleep 5.1s
2026-05-27 08:57:54,416 [INFO] Page 55 | Collected: 1250
2026-05-27 08:57:54,909 [INFO] Pacing: sleep 4.7s
2026-05-27 08:57:59,650 [INFO] Page 56 | Collected: 1250
2026-05-27 08:58:00,111 [INFO] Pacing: sleep 6.2s
2026-05-27 08:58:06,360 [INFO] Page 57 | Collected: 1250
2026-05-27 08:58:06,641 [INFO] Pacing: sleep 4.3s
2026-05-27 08:58:10,985 [INFO] Page 58 | Collected: 1250
2026-05-27 08:58:11,437 [INFO] Pacing: sleep 6.4s
2026-05-27 08:58:17,827 [INFO] Page 59 | Collected: 1250
2026-05-27 08:58:18,333 [INFO] Pacing: sleep 7.2s
2026-05-27 08:58:25,582 [INFO] Page 60 | Collected: 1250
2026-05-27 08:58:25,915 [INFO] Pacing: sleep 59.4s | Short Cooldown: 53.3s
2026-05-27 08:59:25,276 [INFO] Page 61 | Collected: 1500
2026-05-27 08:59:25,713 [INFO] Pacing: sleep 6.9s
2026-05-27 08:59:32,632 [INFO] Page 62 | Collected: 1500
2026-05-27 08:59:32,933 [INFO] Pacing: sleep 4.0s
2026-05-27 08:59:36,952 [INFO] Page 63 | Collected: 1500
2026-05-27 08:59:37,468 [INFO] Pacing: sleep 7.7s
2026-05-27 08:59:45,146 [INFO] Page 64 | Collected: 1500
2026-05-27 08:59:45,534 [INFO] Pacing: sleep 5.2s
2026-05-27 08:59:50,717 [INFO] Page 65 | Collected: 1500
2026-05-27 08:59:51,010 [INFO] Pacing: sleep 4.0s
2026-05-27 08:59:55,038 [INFO] Page 66 | Collected: 1500
2026-05-27 08:59:55,430 [INFO] Pacing: sleep 4.9s
2026-05-27 09:00:00,378 [INFO] Page 67 | Collected: 1500
2026-05-27 09:00:00,706 [INFO] Pacing: sleep 7.4s
2026-05-27 09:00:08,122 [INFO] Page 68 | Collected: 1500
2026-05-27 09:00:08,376 [INFO] Pacing: sleep 7.2s
2026-05-27 09:00:15,582 [INFO] Page 69 | Collected: 1500
2026-05-27 09:00:15,972 [INFO] Pacing: sleep 7.2s
2026-05-27 09:00:23,156 [INFO] Page 70 | Collected: 1500
2026-05-27 09:00:23,410 [INFO] Pacing: sleep 42.2s | Short Cooldown: 38.2s
2026-05-27 09:01:05,637 [INFO] Page 71 | Collected: 1750
2026-05-27 09:01:06,107 [INFO] Pacing: sleep 5.6s
2026-05-27 09:01:11,662 [INFO] Page 72 | Collected: 1750
2026-05-27 09:01:12,100 [INFO] Pacing: sleep 7.1s
2026-05-27 09:01:19,225 [INFO] Page 73 | Collected: 1750
2026-05-27 09:01:19,718 [INFO] Pacing: sleep 6.9s
2026-05-27 09:01:26,650 [INFO] Page 74 | Collected: 1750
2026-05-27 09:01:27,083 [INFO] Pacing: sleep 7.4s
2026-05-27 09:01:34,507 [INFO] Page 75 | Collected: 1750
2026-05-27 09:01:34,791 [INFO] Pacing: sleep 5.8s
2026-05-27 09:01:40,592 [INFO] Page 76 | Collected: 1750
2026-05-27 09:01:40,965 [INFO] Pacing: sleep 6.4s
2026-05-27 09:01:47,414 [INFO] Page 77 | Collected: 1750
2026-05-27 09:01:47,685 [INFO] Pacing: sleep 7.9s
2026-05-27 09:01:55,597 [INFO] Page 78 | Collected: 1750
2026-05-27 09:01:55,991 [INFO] Pacing: sleep 7.9s
2026-05-27 09:02:03,877 [INFO] Page 79 | Collected: 1750
2026-05-27 09:02:04,243 [INFO] Pacing: sleep 6.0s
2026-05-27 09:02:10,212 [INFO] Page 80 | Collected: 1750
2026-05-27 09:02:10,616 [INFO] Pacing: sleep 182.4s | Long Cooldown: 176.7s
2026-05-27 09:05:12,989 [INFO] Page 81 | Collected: 2000
2026-05-27 09:05:13,371 [INFO] Pacing: sleep 5.3s
2026-05-27 09:05:18,626 [INFO] Page 82 | Collected: 2000
2026-05-27 09:05:18,907 [INFO] Pacing: sleep 6.1s
2026-05-27 09:05:25,020 [INFO] Page 83 | Collected: 2000
2026-05-27 09:05:25,296 [INFO] Pacing: sleep 7.1s
2026-05-27 09:05:32,374 [INFO] Page 84 | Collected: 2000
2026-05-27 09:05:32,733 [INFO] Pacing: sleep 5.3s
2026-05-27 09:05:37,997 [INFO] Page 85 | Collected: 2000
2026-05-27 09:05:38,261 [INFO] Pacing: sleep 6.6s
2026-05-27 09:05:44,876 [INFO] Page 86 | Collected: 2000
2026-05-27 09:05:45,136 [INFO] Pacing: sleep 6.8s
2026-05-27 09:05:51,944 [INFO] Page 87 | Collected: 2000
2026-05-27 09:05:52,269 [INFO] Pacing: sleep 6.1s
2026-05-27 09:05:58,381 [INFO] Page 88 | Collected: 2000
2026-05-27 09:05:58,643 [INFO] Pacing: sleep 5.5s
2026-05-27 09:06:04,098 [INFO] Page 89 | Collected: 2000
2026-05-27 09:06:04,428 [INFO] Pacing: sleep 6.4s
2026-05-27 09:06:10,809 [INFO] Page 90 | Collected: 2000
2026-05-27 09:06:11,052 [INFO] Pacing: sleep 42.2s | Short Cooldown: 36.6s
2026-05-27 09:06:53,298 [INFO] Page 91 | Collected: 2250
2026-05-27 09:06:53,531 [INFO] Pacing: sleep 5.9s
2026-05-27 09:06:59,479 [INFO] Page 92 | Collected: 2250
2026-05-27 09:06:59,835 [INFO] Pacing: sleep 5.3s
2026-05-27 09:07:05,157 [INFO] Page 93 | Collected: 2250
2026-05-27 09:07:05,418 [INFO] Pacing: sleep 4.6s
2026-05-27 09:07:09,988 [INFO] Page 94 | Collected: 2250
2026-05-27 09:07:10,306 [INFO] Pacing: sleep 4.6s
2026-05-27 09:07:14,890 [INFO] Page 95 | Collected: 2250
2026-05-27 09:07:15,132 [INFO] Pacing: sleep 4.3s
2026-05-27 09:07:19,458 [INFO] Page 96 | Collected: 2250
2026-05-27 09:07:19,763 [INFO] Pacing: sleep 7.4s
2026-05-27 09:07:27,132 [INFO] Page 97 | Collected: 2250
2026-05-27 09:07:27,467 [INFO] Pacing: sleep 4.6s
2026-05-27 09:07:32,107 [INFO] Page 98 | Collected: 2250
2026-05-27 09:07:32,361 [INFO] Pacing: sleep 4.2s
2026-05-27 09:07:36,597 [INFO] Page 99 | Collected: 2250
2026-05-27 09:07:36,973 [INFO] Pacing: sleep 6.5s
2026-05-27 09:07:43,522 [INFO] Page 100 | Collected: 2250
2026-05-27 09:07:43,839 [INFO] Pacing: sleep 67.7s | Short Cooldown: 59.9s
2026-05-27 09:08:51,512 [INFO] Page 101 | Collected: 2500
2026-05-27 09:08:51,769 [INFO] Pacing: sleep 6.2s
2026-05-27 09:08:57,948 [INFO] Page 102 | Collected: 2500
2026-05-27 09:08:58,294 [INFO] Pacing: sleep 7.5s
2026-05-27 09:09:05,805 [INFO] Page 103 | Collected: 2500
2026-05-27 09:09:06,052 [INFO] Pacing: sleep 6.8s
2026-05-27 09:09:12,823 [INFO] Page 104 | Collected: 2500
2026-05-27 09:09:13,098 [INFO] Pacing: sleep 7.3s
2026-05-27 09:09:20,364 [INFO] Page 105 | Collected: 2500
2026-05-27 09:09:20,721 [INFO] Pacing: sleep 7.7s
2026-05-27 09:09:28,467 [INFO] Page 106 | Collected: 2500
2026-05-27 09:09:28,717 [INFO] Pacing: sleep 5.8s
2026-05-27 09:09:34,484 [INFO] Page 107 | Collected: 2500
2026-05-27 09:09:34,805 [INFO] Pacing: sleep 5.1s
2026-05-27 09:09:39,873 [INFO] Page 108 | Collected: 2500
2026-05-27 09:09:40,127 [INFO] Pacing: sleep 6.0s
2026-05-27 09:09:46,103 [INFO] Page 109 | Collected: 2500
2026-05-27 09:09:46,355 [INFO] Pacing: sleep 6.7s
2026-05-27 09:09:53,022 [INFO] Page 110 | Collected: 2500
2026-05-27 09:09:53,344 [INFO] Pacing: sleep 34.7s | Short Cooldown: 30.6s
2026-05-27 09:10:28,010 [INFO] Page 111 | Collected: 2750
2026-05-27 09:10:28,293 [INFO] Pacing: sleep 5.4s
2026-05-27 09:10:33,668 [INFO] Page 112 | Collected: 2750
2026-05-27 09:10:34,027 [INFO] Pacing: sleep 7.8s
2026-05-27 09:10:41,825 [INFO] Page 113 | Collected: 2750
2026-05-27 09:10:42,107 [INFO] Pacing: sleep 7.3s
2026-05-27 09:10:49,399 [INFO] Page 114 | Collected: 2750
2026-05-27 09:10:49,737 [INFO] Pacing: sleep 4.3s
2026-05-27 09:10:54,034 [INFO] Page 115 | Collected: 2750
2026-05-27 09:10:54,424 [INFO] Pacing: sleep 4.5s
2026-05-27 09:10:58,921 [INFO] Page 116 | Collected: 2750
2026-05-27 09:10:59,194 [INFO] Pacing: sleep 4.1s
2026-05-27 09:11:03,296 [INFO] Page 117 | Collected: 2750
2026-05-27 09:11:03,635 [INFO] Pacing: sleep 4.0s
2026-05-27 09:11:07,683 [INFO] Page 118 | Collected: 2750
2026-05-27 09:11:07,920 [INFO] Pacing: sleep 4.1s
2026-05-27 09:11:12,027 [INFO] Page 119 | Collected: 2750
2026-05-27 09:11:12,274 [INFO] Pacing: sleep 5.7s
2026-05-27 09:11:18,016 [INFO] Page 120 | Collected: 2750
2026-05-27 09:11:18,357 [INFO] Crawl stopped. Reason: max_games_reached. Finalizing...
2026-05-27 09:11:18,357 [INFO] Merging intermediate pages from work_dir: /home/runner/work/steam-diploma/steam-diploma/data/snapshots/data/snapshots/_in_progress/9359e99f-8101-4d68-8389-d292daaa6cad
