2026-07-11 03:16:33,102 [INFO] Steam Snapshot Collector Started.
2026-07-11 03:16:33,102 [INFO] Speed Mode: fast
2026-07-11 03:16:33,102 [INFO] Work Dir: /home/runner/work/steam-diploma/steam-diploma/data/snapshots
2026-07-11 03:16:33,102 [INFO] Base Output Dir: .
2026-07-11 03:16:33,103 [INFO] Page 1 | Collected: 0
2026-07-11 03:16:33,459 [INFO] Pacing: sleep 1.5s
2026-07-11 03:16:34,911 [INFO] Page 2 | Collected: 0
2026-07-11 03:16:35,199 [INFO] Pacing: sleep 1.1s
2026-07-11 03:16:36,282 [INFO] Page 3 | Collected: 0
2026-07-11 03:16:36,867 [INFO] Pacing: sleep 1.4s
2026-07-11 03:16:38,279 [INFO] Page 4 | Collected: 0
2026-07-11 03:16:38,641 [INFO] Pacing: sleep 0.8s
2026-07-11 03:16:39,465 [INFO] Page 5 | Collected: 0
2026-07-11 03:16:39,753 [INFO] Pacing: sleep 1.5s
2026-07-11 03:16:41,243 [INFO] Page 6 | Collected: 0
2026-07-11 03:16:41,499 [INFO] Pacing: sleep 0.7s
2026-07-11 03:16:42,211 [INFO] Page 7 | Collected: 0
2026-07-11 03:16:42,554 [INFO] Pacing: sleep 0.6s
2026-07-11 03:16:43,204 [INFO] Page 8 | Collected: 0
2026-07-11 03:16:43,501 [INFO] Pacing: sleep 0.6s
2026-07-11 03:16:44,121 [INFO] Page 9 | Collected: 0
2026-07-11 03:16:44,450 [INFO] Pacing: sleep 1.2s
2026-07-11 03:16:45,607 [INFO] Page 10 | Collected: 0
2026-07-11 03:16:45,887 [INFO] Pacing: sleep 1.2s
2026-07-11 03:16:47,047 [INFO] Page 11 | Collected: 250
2026-07-11 03:16:47,403 [INFO] Pacing: sleep 1.2s
2026-07-11 03:16:48,558 [INFO] Page 12 | Collected: 250
2026-07-11 03:16:48,989 [INFO] Pacing: sleep 1.2s
2026-07-11 03:16:50,199 [INFO] Page 13 | Collected: 250
2026-07-11 03:16:50,466 [INFO] Pacing: sleep 0.8s
2026-07-11 03:16:51,223 [INFO] Page 14 | Collected: 250
2026-07-11 03:16:51,467 [INFO] Pacing: sleep 1.0s
2026-07-11 03:16:52,507 [INFO] Page 15 | Collected: 250
2026-07-11 03:16:52,827 [INFO] Pacing: sleep 0.7s
2026-07-11 03:16:53,567 [INFO] Page 16 | Collected: 250
2026-07-11 03:16:53,828 [INFO] Pacing: sleep 1.2s
2026-07-11 03:16:55,023 [INFO] Page 17 | Collected: 250
2026-07-11 03:16:55,351 [INFO] Pacing: sleep 0.6s
2026-07-11 03:16:55,937 [INFO] Page 18 | Collected: 250
2026-07-11 03:16:56,238 [INFO] Pacing: sleep 0.8s
2026-07-11 03:16:57,038 [INFO] Page 19 | Collected: 250
2026-07-11 03:16:57,320 [INFO] Pacing: sleep 0.8s
2026-07-11 03:16:58,151 [INFO] Page 20 | Collected: 250
2026-07-11 03:16:58,509 [INFO] Pacing: sleep 0.6s
2026-07-11 03:16:59,127 [INFO] Page 21 | Collected: 500
2026-07-11 03:16:59,412 [INFO] Pacing: sleep 1.1s
2026-07-11 03:17:00,544 [INFO] Page 22 | Collected: 500
2026-07-11 03:17:00,860 [INFO] Pacing: sleep 0.7s
2026-07-11 03:17:01,547 [INFO] Page 23 | Collected: 500
2026-07-11 03:17:01,813 [INFO] Pacing: sleep 0.8s
2026-07-11 03:17:02,581 [INFO] Page 24 | Collected: 500
2026-07-11 03:17:02,856 [INFO] Pacing: sleep 1.5s
2026-07-11 03:17:04,330 [INFO] Page 25 | Collected: 500
2026-07-11 03:17:04,679 [INFO] Pacing: sleep 1.3s
2026-07-11 03:17:06,012 [INFO] Page 26 | Collected: 500
2026-07-11 03:17:06,277 [INFO] Pacing: sleep 1.3s
2026-07-11 03:17:07,530 [INFO] Page 27 | Collected: 500
2026-07-11 03:17:07,790 [INFO] Pacing: sleep 1.1s
2026-07-11 03:17:08,887 [INFO] Page 28 | Collected: 500
2026-07-11 03:17:09,285 [INFO] Pacing: sleep 0.7s
2026-07-11 03:17:09,984 [INFO] Page 29 | Collected: 500
2026-07-11 03:17:10,251 [INFO] Pacing: sleep 1.5s
2026-07-11 03:17:11,743 [INFO] Page 30 | Collected: 500
2026-07-11 03:17:12,109 [INFO] Pacing: sleep 0.6s
2026-07-11 03:17:12,686 [INFO] Page 31 | Collected: 750
2026-07-11 03:17:12,783 [WARNING] Block detected on page 31: HTTP 429
2026-07-11 03:17:12,784 [INFO] Saved raw HTML for debugging: blocked_0031.html
2026-07-11 03:17:12,784 [WARNING] Initiating ADAPTIVE THROTTLING. Sleeping 180s, switching to SAFE mode.
2026-07-11 03:20:12,784 [INFO] Pacing: sleep 43.3s | Short Cooldown: 36.5s
2026-07-11 03:20:56,098 [INFO] Page 31 | Collected: 750
2026-07-11 03:20:56,373 [INFO] Pacing: sleep 6.1s
2026-07-11 03:21:02,452 [INFO] Page 32 | Collected: 750
2026-07-11 03:21:02,820 [INFO] Pacing: sleep 7.1s
2026-07-11 03:21:09,925 [INFO] Page 33 | Collected: 750
2026-07-11 03:21:10,281 [INFO] Pacing: sleep 8.0s
2026-07-11 03:21:18,245 [INFO] Page 34 | Collected: 750
2026-07-11 03:21:18,519 [INFO] Pacing: sleep 5.4s
2026-07-11 03:21:23,891 [INFO] Page 35 | Collected: 750
2026-07-11 03:21:24,231 [INFO] Pacing: sleep 5.4s
2026-07-11 03:21:29,644 [INFO] Page 36 | Collected: 750
2026-07-11 03:21:29,928 [INFO] Pacing: sleep 6.7s
2026-07-11 03:21:36,618 [INFO] Page 37 | Collected: 750
2026-07-11 03:21:36,895 [INFO] Pacing: sleep 5.0s
2026-07-11 03:21:41,875 [INFO] Page 38 | Collected: 750
2026-07-11 03:21:42,218 [INFO] Pacing: sleep 7.6s
2026-07-11 03:21:49,776 [INFO] Page 39 | Collected: 750
2026-07-11 03:21:50,049 [INFO] Pacing: sleep 6.9s
2026-07-11 03:21:56,988 [INFO] Page 40 | Collected: 750
2026-07-11 03:21:57,319 [INFO] Pacing: sleep 176.5s | Long Cooldown: 168.8s
2026-07-11 03:24:53,843 [INFO] Page 41 | Collected: 1000
2026-07-11 03:24:54,116 [INFO] Pacing: sleep 6.4s
2026-07-11 03:25:00,483 [INFO] Page 42 | Collected: 1000
2026-07-11 03:25:00,733 [INFO] Pacing: sleep 5.2s
2026-07-11 03:25:05,891 [INFO] Page 43 | Collected: 1000
2026-07-11 03:25:06,242 [INFO] Pacing: sleep 5.8s
2026-07-11 03:25:12,057 [INFO] Page 44 | Collected: 1000
2026-07-11 03:25:12,432 [INFO] Pacing: sleep 6.1s
2026-07-11 03:25:18,558 [INFO] Page 45 | Collected: 1000
2026-07-11 03:25:18,814 [INFO] Pacing: sleep 7.2s
2026-07-11 03:25:25,997 [INFO] Page 46 | Collected: 1000
2026-07-11 03:25:26,311 [INFO] Pacing: sleep 4.9s
2026-07-11 03:25:31,233 [INFO] Page 47 | Collected: 1000
2026-07-11 03:25:31,531 [INFO] Pacing: sleep 4.1s
2026-07-11 03:25:35,663 [INFO] Page 48 | Collected: 1000
2026-07-11 03:25:35,983 [INFO] Pacing: sleep 4.6s
2026-07-11 03:25:40,538 [INFO] Page 49 | Collected: 1000
2026-07-11 03:25:40,815 [INFO] Pacing: sleep 5.8s
2026-07-11 03:25:46,640 [INFO] Page 50 | Collected: 1000
2026-07-11 03:25:46,903 [INFO] Pacing: sleep 43.5s | Short Cooldown: 38.8s
2026-07-11 03:26:30,431 [INFO] Page 51 | Collected: 1250
2026-07-11 03:26:30,792 [INFO] Pacing: sleep 4.4s
2026-07-11 03:26:35,150 [INFO] Page 52 | Collected: 1250
2026-07-11 03:26:35,458 [INFO] Pacing: sleep 7.0s
2026-07-11 03:26:42,480 [INFO] Page 53 | Collected: 1250
2026-07-11 03:26:42,646 [WARNING] Block detected on page 53: Suspicious term found: 'captcha'
2026-07-11 03:26:42,646 [INFO] Saved raw HTML for debugging: blocked_0053.html
2026-07-11 03:26:42,646 [ERROR] Blocked again even after safe mode. Stopping gracefully.
2026-07-11 03:26:42,647 [INFO] Crawl stopped. Reason: adaptive_throttle_failed_page_53. Finalizing...
2026-07-11 03:26:42,647 [INFO] Merging intermediate pages from work_dir: /home/runner/work/steam-diploma/steam-diploma/data/snapshots/data/snapshots/_in_progress/bbb65c55-0b58-465d-a76d-33337accc625
