2026-05-29 15:54:30,318 [INFO] Steam Snapshot Collector Started.
2026-05-29 15:54:30,318 [INFO] Speed Mode: fast
2026-05-29 15:54:30,318 [INFO] Work Dir: /home/runner/work/steam-diploma/steam-diploma/data/snapshots
2026-05-29 15:54:30,318 [INFO] Base Output Dir: .
2026-05-29 15:54:30,319 [INFO] Page 1 | Collected: 0
2026-05-29 15:54:30,671 [INFO] Pacing: sleep 1.0s
2026-05-29 15:54:31,629 [INFO] Page 2 | Collected: 0
2026-05-29 15:54:31,917 [INFO] Pacing: sleep 0.9s
2026-05-29 15:54:32,832 [INFO] Page 3 | Collected: 0
2026-05-29 15:54:33,102 [INFO] Pacing: sleep 1.3s
2026-05-29 15:54:34,430 [INFO] Page 4 | Collected: 0
2026-05-29 15:54:34,785 [INFO] Pacing: sleep 1.2s
2026-05-29 15:54:36,009 [INFO] Page 5 | Collected: 0
2026-05-29 15:54:36,348 [INFO] Pacing: sleep 0.6s
2026-05-29 15:54:36,918 [INFO] Page 6 | Collected: 0
2026-05-29 15:54:37,165 [INFO] Pacing: sleep 1.3s
2026-05-29 15:54:38,488 [INFO] Page 7 | Collected: 0
2026-05-29 15:54:38,829 [INFO] Pacing: sleep 1.1s
2026-05-29 15:54:39,911 [INFO] Page 8 | Collected: 0
2026-05-29 15:54:40,208 [INFO] Pacing: sleep 0.6s
2026-05-29 15:54:40,815 [INFO] Page 9 | Collected: 0
2026-05-29 15:54:41,179 [INFO] Pacing: sleep 0.7s
2026-05-29 15:54:41,835 [INFO] Page 10 | Collected: 0
2026-05-29 15:54:42,136 [INFO] Pacing: sleep 1.4s
2026-05-29 15:54:43,498 [INFO] Page 11 | Collected: 250
2026-05-29 15:54:43,764 [INFO] Pacing: sleep 1.2s
2026-05-29 15:54:44,963 [INFO] Page 12 | Collected: 250
2026-05-29 15:54:45,286 [INFO] Pacing: sleep 1.2s
2026-05-29 15:54:46,446 [INFO] Page 13 | Collected: 250
2026-05-29 15:54:46,694 [INFO] Pacing: sleep 0.7s
2026-05-29 15:54:47,370 [INFO] Page 14 | Collected: 250
2026-05-29 15:54:47,677 [INFO] Pacing: sleep 1.0s
2026-05-29 15:54:48,721 [INFO] Page 15 | Collected: 250
2026-05-29 15:54:49,061 [INFO] Pacing: sleep 1.3s
2026-05-29 15:54:50,411 [INFO] Page 16 | Collected: 250
2026-05-29 15:54:50,764 [INFO] Pacing: sleep 0.7s
2026-05-29 15:54:51,452 [INFO] Page 17 | Collected: 250
2026-05-29 15:54:51,778 [INFO] Pacing: sleep 1.3s
2026-05-29 15:54:53,063 [INFO] Page 18 | Collected: 250
2026-05-29 15:54:53,358 [INFO] Pacing: sleep 0.8s
2026-05-29 15:54:54,203 [INFO] Page 19 | Collected: 250
2026-05-29 15:54:54,484 [INFO] Pacing: sleep 1.0s
2026-05-29 15:54:55,456 [INFO] Page 20 | Collected: 250
2026-05-29 15:54:55,792 [INFO] Pacing: sleep 0.6s
2026-05-29 15:54:56,432 [INFO] Page 21 | Collected: 500
2026-05-29 15:54:56,697 [INFO] Pacing: sleep 0.9s
2026-05-29 15:54:57,629 [INFO] Page 22 | Collected: 500
2026-05-29 15:54:57,957 [INFO] Pacing: sleep 1.1s
2026-05-29 15:54:59,087 [INFO] Page 23 | Collected: 500
2026-05-29 15:54:59,347 [INFO] Pacing: sleep 0.7s
2026-05-29 15:55:00,026 [INFO] Page 24 | Collected: 500
2026-05-29 15:55:00,277 [INFO] Pacing: sleep 0.9s
2026-05-29 15:55:01,157 [INFO] Page 25 | Collected: 500
2026-05-29 15:55:01,494 [INFO] Pacing: sleep 0.6s
2026-05-29 15:55:02,083 [INFO] Page 26 | Collected: 500
2026-05-29 15:55:02,359 [INFO] Pacing: sleep 1.4s
2026-05-29 15:55:03,712 [INFO] Page 27 | Collected: 500
2026-05-29 15:55:04,030 [INFO] Pacing: sleep 1.0s
2026-05-29 15:55:04,986 [INFO] Page 28 | Collected: 500
2026-05-29 15:55:05,265 [INFO] Pacing: sleep 0.9s
2026-05-29 15:55:06,142 [INFO] Page 29 | Collected: 500
2026-05-29 15:55:06,400 [INFO] Pacing: sleep 0.6s
2026-05-29 15:55:07,045 [INFO] Page 30 | Collected: 500
2026-05-29 15:55:07,393 [INFO] Pacing: sleep 1.0s
2026-05-29 15:55:08,442 [INFO] Page 31 | Collected: 750
2026-05-29 15:55:08,522 [WARNING] Block detected on page 31: HTTP 429
2026-05-29 15:55:08,522 [INFO] Saved raw HTML for debugging: blocked_0031.html
2026-05-29 15:55:08,522 [WARNING] Initiating ADAPTIVE THROTTLING. Sleeping 180s, switching to SAFE mode.
2026-05-29 15:58:08,523 [INFO] Pacing: sleep 45.7s | Short Cooldown: 40.7s
2026-05-29 15:58:54,253 [INFO] Page 31 | Collected: 750
2026-05-29 15:58:54,532 [INFO] Pacing: sleep 5.3s
2026-05-29 15:58:59,879 [INFO] Page 32 | Collected: 750
2026-05-29 15:59:00,359 [INFO] Pacing: sleep 5.6s
2026-05-29 15:59:05,944 [INFO] Page 33 | Collected: 750
2026-05-29 15:59:06,287 [INFO] Pacing: sleep 6.5s
2026-05-29 15:59:12,798 [INFO] Page 34 | Collected: 750
2026-05-29 15:59:13,062 [INFO] Pacing: sleep 5.0s
2026-05-29 15:59:18,105 [INFO] Page 35 | Collected: 750
2026-05-29 15:59:18,437 [INFO] Pacing: sleep 4.5s
2026-05-29 15:59:22,961 [INFO] Page 36 | Collected: 750
2026-05-29 15:59:23,239 [INFO] Pacing: sleep 4.4s
2026-05-29 15:59:27,616 [INFO] Page 37 | Collected: 750
2026-05-29 15:59:28,016 [INFO] Pacing: sleep 6.0s
2026-05-29 15:59:34,032 [INFO] Page 38 | Collected: 750
2026-05-29 15:59:34,430 [INFO] Pacing: sleep 4.2s
2026-05-29 15:59:38,649 [INFO] Page 39 | Collected: 750
2026-05-29 15:59:38,949 [INFO] Pacing: sleep 4.4s
2026-05-29 15:59:43,323 [INFO] Page 40 | Collected: 750
2026-05-29 15:59:43,654 [INFO] Pacing: sleep 139.6s | Long Cooldown: 133.4s
2026-05-29 16:02:03,252 [INFO] Page 41 | Collected: 1000
2026-05-29 16:02:03,506 [WARNING] Page 41 had 1 duplicate appids seen previously.
2026-05-29 16:02:03,506 [INFO] Pacing: sleep 4.4s
2026-05-29 16:02:07,905 [INFO] Page 42 | Collected: 1000
2026-05-29 16:02:08,169 [INFO] Pacing: sleep 4.7s
2026-05-29 16:02:12,828 [INFO] Page 43 | Collected: 1000
2026-05-29 16:02:13,157 [INFO] Pacing: sleep 6.9s
2026-05-29 16:02:20,098 [INFO] Page 44 | Collected: 1000
2026-05-29 16:02:20,422 [INFO] Pacing: sleep 5.8s
2026-05-29 16:02:26,228 [INFO] Page 45 | Collected: 1000
2026-05-29 16:02:26,558 [INFO] Pacing: sleep 7.5s
2026-05-29 16:02:34,055 [INFO] Page 46 | Collected: 1000
2026-05-29 16:02:34,332 [INFO] Pacing: sleep 4.8s
2026-05-29 16:02:39,145 [INFO] Page 47 | Collected: 1000
2026-05-29 16:02:39,427 [INFO] Pacing: sleep 7.0s
2026-05-29 16:02:46,419 [INFO] Page 48 | Collected: 1000
2026-05-29 16:02:46,825 [INFO] Pacing: sleep 4.7s
2026-05-29 16:02:51,528 [INFO] Page 49 | Collected: 1000
2026-05-29 16:02:51,817 [INFO] Pacing: sleep 4.1s
2026-05-29 16:02:55,922 [INFO] Page 50 | Collected: 1000
2026-05-29 16:02:56,176 [INFO] Pacing: sleep 44.4s | Short Cooldown: 36.7s
2026-05-29 16:03:40,552 [INFO] Page 51 | Collected: 1250
2026-05-29 16:03:40,927 [INFO] Pacing: sleep 7.4s
2026-05-29 16:03:48,359 [INFO] Page 52 | Collected: 1250
2026-05-29 16:03:48,635 [INFO] Pacing: sleep 7.7s
2026-05-29 16:03:56,292 [INFO] Page 53 | Collected: 1250
2026-05-29 16:03:56,633 [WARNING] Page 53 had 1 duplicate appids seen previously.
2026-05-29 16:03:56,633 [INFO] Pacing: sleep 6.4s
2026-05-29 16:04:03,003 [INFO] Page 54 | Collected: 1250
2026-05-29 16:04:03,282 [INFO] Pacing: sleep 8.0s
2026-05-29 16:04:11,264 [INFO] Page 55 | Collected: 1250
2026-05-29 16:04:11,576 [INFO] Pacing: sleep 5.2s
2026-05-29 16:04:16,774 [INFO] Page 56 | Collected: 1250
2026-05-29 16:04:17,156 [INFO] Pacing: sleep 6.8s
2026-05-29 16:04:23,977 [INFO] Page 57 | Collected: 1250
2026-05-29 16:04:24,260 [INFO] Pacing: sleep 5.9s
2026-05-29 16:04:30,209 [INFO] Page 58 | Collected: 1250
2026-05-29 16:04:30,565 [INFO] Pacing: sleep 7.3s
2026-05-29 16:04:37,844 [INFO] Page 59 | Collected: 1250
2026-05-29 16:04:38,117 [INFO] Pacing: sleep 6.4s
2026-05-29 16:04:44,513 [INFO] Page 60 | Collected: 1250
2026-05-29 16:04:44,778 [INFO] Pacing: sleep 38.9s | Short Cooldown: 33.7s
2026-05-29 16:05:23,702 [INFO] Page 61 | Collected: 1500
2026-05-29 16:05:24,085 [INFO] Pacing: sleep 7.3s
2026-05-29 16:05:31,428 [INFO] Page 62 | Collected: 1500
2026-05-29 16:05:31,713 [INFO] Pacing: sleep 7.9s
2026-05-29 16:05:39,636 [INFO] Page 63 | Collected: 1500
2026-05-29 16:05:39,998 [INFO] Pacing: sleep 7.6s
2026-05-29 16:05:47,555 [INFO] Page 64 | Collected: 1500
2026-05-29 16:05:47,856 [INFO] Pacing: sleep 4.5s
2026-05-29 16:05:52,331 [INFO] Page 65 | Collected: 1500
2026-05-29 16:05:52,695 [INFO] Pacing: sleep 6.4s
2026-05-29 16:05:59,137 [INFO] Page 66 | Collected: 1500
2026-05-29 16:05:59,493 [INFO] Pacing: sleep 4.9s
2026-05-29 16:06:04,383 [INFO] Page 67 | Collected: 1500
2026-05-29 16:06:04,677 [INFO] Pacing: sleep 7.2s
2026-05-29 16:06:11,864 [INFO] Page 68 | Collected: 1500
2026-05-29 16:06:12,197 [INFO] Pacing: sleep 6.8s
2026-05-29 16:06:18,974 [INFO] Page 69 | Collected: 1500
2026-05-29 16:06:19,403 [INFO] Pacing: sleep 4.1s
2026-05-29 16:06:23,537 [INFO] Page 70 | Collected: 1500
2026-05-29 16:06:23,826 [INFO] Pacing: sleep 59.7s | Short Cooldown: 55.4s
2026-05-29 16:07:23,535 [INFO] Page 71 | Collected: 1750
2026-05-29 16:07:23,865 [INFO] Pacing: sleep 4.4s
2026-05-29 16:07:28,268 [INFO] Page 72 | Collected: 1750
2026-05-29 16:07:28,555 [INFO] Pacing: sleep 7.2s
2026-05-29 16:07:35,791 [INFO] Page 73 | Collected: 1750
2026-05-29 16:07:36,085 [INFO] Pacing: sleep 4.8s
2026-05-29 16:07:40,923 [INFO] Page 74 | Collected: 1750
2026-05-29 16:07:41,419 [INFO] Pacing: sleep 7.4s
2026-05-29 16:07:48,865 [INFO] Page 75 | Collected: 1750
2026-05-29 16:07:49,193 [INFO] Pacing: sleep 8.0s
2026-05-29 16:07:57,170 [INFO] Page 76 | Collected: 1750
2026-05-29 16:07:57,616 [INFO] Pacing: sleep 4.7s
2026-05-29 16:08:02,339 [INFO] Page 77 | Collected: 1750
2026-05-29 16:08:02,604 [INFO] Pacing: sleep 4.8s
2026-05-29 16:08:07,385 [INFO] Page 78 | Collected: 1750
2026-05-29 16:08:07,726 [INFO] Pacing: sleep 4.0s
2026-05-29 16:08:11,772 [INFO] Page 79 | Collected: 1750
2026-05-29 16:08:12,123 [INFO] Pacing: sleep 6.0s
2026-05-29 16:08:18,159 [INFO] Page 80 | Collected: 1750
2026-05-29 16:08:18,527 [INFO] Pacing: sleep 157.1s | Long Cooldown: 151.2s
2026-05-29 16:10:55,593 [INFO] Page 81 | Collected: 2000
2026-05-29 16:10:55,922 [INFO] Pacing: sleep 5.0s
2026-05-29 16:11:00,930 [INFO] Page 82 | Collected: 2000
2026-05-29 16:11:01,253 [INFO] Pacing: sleep 6.1s
2026-05-29 16:11:07,349 [INFO] Page 83 | Collected: 2000
2026-05-29 16:11:07,609 [INFO] Pacing: sleep 6.6s
2026-05-29 16:11:14,194 [INFO] Page 84 | Collected: 2000
2026-05-29 16:11:14,512 [INFO] Pacing: sleep 4.1s
2026-05-29 16:11:18,586 [INFO] Page 85 | Collected: 2000
2026-05-29 16:11:18,851 [INFO] Pacing: sleep 5.0s
2026-05-29 16:11:23,845 [INFO] Page 86 | Collected: 2000
2026-05-29 16:11:24,128 [INFO] Pacing: sleep 7.2s
2026-05-29 16:11:31,332 [INFO] Page 87 | Collected: 2000
2026-05-29 16:11:31,674 [INFO] Pacing: sleep 5.7s
2026-05-29 16:11:37,341 [INFO] Page 88 | Collected: 2000
2026-05-29 16:11:37,613 [INFO] Pacing: sleep 6.9s
2026-05-29 16:11:44,551 [INFO] Page 89 | Collected: 2000
2026-05-29 16:11:44,881 [INFO] Pacing: sleep 4.3s
2026-05-29 16:11:49,210 [INFO] Page 90 | Collected: 2000
2026-05-29 16:11:49,482 [INFO] Pacing: sleep 51.2s | Short Cooldown: 44.6s
2026-05-29 16:12:40,715 [INFO] Page 91 | Collected: 2250
2026-05-29 16:12:41,062 [INFO] Pacing: sleep 6.1s
2026-05-29 16:12:47,164 [INFO] Page 92 | Collected: 2250
2026-05-29 16:12:47,594 [INFO] Pacing: sleep 4.2s
2026-05-29 16:12:51,813 [INFO] Page 93 | Collected: 2250
2026-05-29 16:12:52,195 [INFO] Pacing: sleep 4.4s
2026-05-29 16:12:56,558 [INFO] Page 94 | Collected: 2250
2026-05-29 16:12:56,981 [INFO] Pacing: sleep 4.1s
2026-05-29 16:13:01,094 [INFO] Page 95 | Collected: 2250
2026-05-29 16:13:01,386 [INFO] Pacing: sleep 5.2s
2026-05-29 16:13:06,577 [INFO] Page 96 | Collected: 2250
2026-05-29 16:13:06,892 [INFO] Pacing: sleep 4.8s
2026-05-29 16:13:11,710 [INFO] Page 97 | Collected: 2250
2026-05-29 16:13:12,089 [INFO] Pacing: sleep 6.1s
2026-05-29 16:13:18,200 [INFO] Page 98 | Collected: 2250
2026-05-29 16:13:18,490 [INFO] Pacing: sleep 8.0s
2026-05-29 16:13:26,477 [INFO] Page 99 | Collected: 2250
2026-05-29 16:13:26,851 [INFO] Pacing: sleep 7.1s
2026-05-29 16:13:33,981 [INFO] Page 100 | Collected: 2250
2026-05-29 16:13:34,255 [INFO] Pacing: sleep 43.3s | Short Cooldown: 37.6s
2026-05-29 16:14:17,531 [INFO] Page 101 | Collected: 2500
2026-05-29 16:14:17,793 [INFO] Pacing: sleep 7.2s
2026-05-29 16:14:25,009 [INFO] Page 102 | Collected: 2500
2026-05-29 16:14:25,380 [INFO] Pacing: sleep 5.2s
2026-05-29 16:14:30,593 [INFO] Page 103 | Collected: 2500
2026-05-29 16:14:30,839 [INFO] Pacing: sleep 7.3s
2026-05-29 16:14:38,110 [INFO] Page 104 | Collected: 2500
2026-05-29 16:14:38,372 [INFO] Pacing: sleep 6.7s
2026-05-29 16:14:45,089 [INFO] Page 105 | Collected: 2500
2026-05-29 16:14:45,458 [INFO] Pacing: sleep 7.0s
2026-05-29 16:14:52,447 [INFO] Page 106 | Collected: 2500
2026-05-29 16:14:52,716 [INFO] Pacing: sleep 6.6s
2026-05-29 16:14:59,268 [INFO] Page 107 | Collected: 2500
2026-05-29 16:14:59,596 [INFO] Pacing: sleep 7.8s
2026-05-29 16:15:07,353 [INFO] Page 108 | Collected: 2500
2026-05-29 16:15:07,618 [WARNING] Page 108 had 1 duplicate appids seen previously.
2026-05-29 16:15:07,618 [INFO] Pacing: sleep 4.3s
2026-05-29 16:15:11,934 [INFO] Page 109 | Collected: 2500
2026-05-29 16:15:12,191 [INFO] Pacing: sleep 4.2s
2026-05-29 16:15:16,430 [INFO] Page 110 | Collected: 2500
2026-05-29 16:15:16,784 [INFO] Pacing: sleep 42.3s | Short Cooldown: 35.5s
2026-05-29 16:15:59,123 [INFO] Page 111 | Collected: 2750
2026-05-29 16:15:59,419 [INFO] Pacing: sleep 6.4s
2026-05-29 16:16:05,815 [INFO] Page 112 | Collected: 2750
2026-05-29 16:16:06,142 [INFO] Pacing: sleep 6.9s
2026-05-29 16:16:13,075 [INFO] Page 113 | Collected: 2750
2026-05-29 16:16:13,329 [INFO] Pacing: sleep 5.0s
2026-05-29 16:16:18,293 [INFO] Page 114 | Collected: 2750
2026-05-29 16:16:18,549 [INFO] Pacing: sleep 4.3s
2026-05-29 16:16:22,893 [INFO] Page 115 | Collected: 2750
2026-05-29 16:16:23,221 [INFO] Pacing: sleep 6.0s
2026-05-29 16:16:29,259 [INFO] Page 116 | Collected: 2750
2026-05-29 16:16:29,549 [INFO] Pacing: sleep 6.2s
2026-05-29 16:16:35,790 [INFO] Page 117 | Collected: 2750
2026-05-29 16:16:36,283 [INFO] Pacing: sleep 7.6s
2026-05-29 16:16:43,933 [INFO] Page 118 | Collected: 2750
2026-05-29 16:16:44,257 [WARNING] Page 118 had 1 duplicate appids seen previously.
2026-05-29 16:16:44,257 [INFO] Pacing: sleep 4.1s
2026-05-29 16:16:48,400 [INFO] Page 119 | Collected: 2750
2026-05-29 16:16:48,657 [WARNING] Page 119 had 1 duplicate appids seen previously.
2026-05-29 16:16:48,657 [INFO] Pacing: sleep 4.9s
2026-05-29 16:16:53,568 [INFO] Page 120 | Collected: 2750
2026-05-29 16:16:53,962 [INFO] Crawl stopped. Reason: max_games_reached. Finalizing...
2026-05-29 16:16:53,963 [INFO] Merging intermediate pages from work_dir: /home/runner/work/steam-diploma/steam-diploma/data/snapshots/data/snapshots/_in_progress/642ceac2-41df-49a8-ac74-8325df3fee5e
2026-05-29 16:16:53,988 [WARNING] Found 5 duplicate appids across the snapshot.
