2026-07-18 13:26:56,361 [INFO] Steam Snapshot Collector Started.
2026-07-18 13:26:56,362 [INFO] Speed Mode: fast
2026-07-18 13:26:56,362 [INFO] Work Dir: /home/runner/work/steam-diploma/steam-diploma/data/snapshots
2026-07-18 13:26:56,362 [INFO] Base Output Dir: .
2026-07-18 13:26:56,362 [INFO] Page 1 | Collected: 0
2026-07-18 13:26:56,801 [INFO] Pacing: sleep 1.1s
2026-07-18 13:26:57,891 [INFO] Page 2 | Collected: 0
2026-07-18 13:26:58,206 [INFO] Pacing: sleep 1.0s
2026-07-18 13:26:59,185 [INFO] Page 3 | Collected: 0
2026-07-18 13:26:59,458 [INFO] Pacing: sleep 1.4s
2026-07-18 13:27:00,847 [INFO] Page 4 | Collected: 0
2026-07-18 13:27:01,354 [INFO] Pacing: sleep 1.3s
2026-07-18 13:27:02,696 [INFO] Page 5 | Collected: 0
2026-07-18 13:27:02,946 [INFO] Pacing: sleep 1.1s
2026-07-18 13:27:04,010 [INFO] Page 6 | Collected: 0
2026-07-18 13:27:04,315 [INFO] Pacing: sleep 1.4s
2026-07-18 13:27:05,719 [INFO] Page 7 | Collected: 0
2026-07-18 13:27:06,078 [INFO] Pacing: sleep 1.1s
2026-07-18 13:27:07,154 [INFO] Page 8 | Collected: 0
2026-07-18 13:27:07,483 [INFO] Pacing: sleep 0.6s
2026-07-18 13:27:08,064 [INFO] Page 9 | Collected: 0
2026-07-18 13:27:08,407 [INFO] Pacing: sleep 0.8s
2026-07-18 13:27:09,235 [INFO] Page 10 | Collected: 0
2026-07-18 13:27:09,509 [INFO] Pacing: sleep 1.0s
2026-07-18 13:27:10,524 [INFO] Page 11 | Collected: 250
2026-07-18 13:27:10,778 [INFO] Pacing: sleep 0.9s
2026-07-18 13:27:11,649 [INFO] Page 12 | Collected: 250
2026-07-18 13:27:11,979 [INFO] Pacing: sleep 1.1s
2026-07-18 13:27:13,033 [INFO] Page 13 | Collected: 250
2026-07-18 13:27:13,307 [INFO] Pacing: sleep 1.0s
2026-07-18 13:27:14,292 [INFO] Page 14 | Collected: 250
2026-07-18 13:27:14,557 [INFO] Pacing: sleep 0.9s
2026-07-18 13:27:15,459 [INFO] Page 15 | Collected: 250
2026-07-18 13:27:15,803 [INFO] Pacing: sleep 1.5s
2026-07-18 13:27:17,264 [INFO] Page 16 | Collected: 250
2026-07-18 13:27:17,524 [INFO] Pacing: sleep 1.4s
2026-07-18 13:27:18,946 [INFO] Page 17 | Collected: 250
2026-07-18 13:27:19,283 [INFO] Pacing: sleep 0.7s
2026-07-18 13:27:19,946 [INFO] Page 18 | Collected: 250
2026-07-18 13:27:20,205 [INFO] Pacing: sleep 1.3s
2026-07-18 13:27:21,477 [INFO] Page 19 | Collected: 250
2026-07-18 13:27:21,769 [INFO] Pacing: sleep 1.4s
2026-07-18 13:27:23,179 [INFO] Page 20 | Collected: 250
2026-07-18 13:27:23,530 [INFO] Pacing: sleep 0.6s
2026-07-18 13:27:24,129 [INFO] Page 21 | Collected: 500
2026-07-18 13:27:24,383 [INFO] Pacing: sleep 1.0s
2026-07-18 13:27:25,379 [INFO] Page 22 | Collected: 500
2026-07-18 13:27:25,709 [INFO] Pacing: sleep 1.1s
2026-07-18 13:27:26,822 [INFO] Page 23 | Collected: 500
2026-07-18 13:27:27,110 [INFO] Pacing: sleep 0.6s
2026-07-18 13:27:27,750 [INFO] Page 24 | Collected: 500
2026-07-18 13:27:28,015 [INFO] Pacing: sleep 1.4s
2026-07-18 13:27:29,453 [INFO] Page 25 | Collected: 500
2026-07-18 13:27:29,828 [INFO] Pacing: sleep 1.0s
2026-07-18 13:27:30,855 [INFO] Page 26 | Collected: 500
2026-07-18 13:27:31,130 [INFO] Pacing: sleep 1.1s
2026-07-18 13:27:32,206 [INFO] Page 27 | Collected: 500
2026-07-18 13:27:32,523 [INFO] Pacing: sleep 0.8s
2026-07-18 13:27:33,313 [INFO] Page 28 | Collected: 500
2026-07-18 13:27:33,638 [INFO] Pacing: sleep 1.2s
2026-07-18 13:27:34,827 [INFO] Page 29 | Collected: 500
2026-07-18 13:27:35,162 [INFO] Pacing: sleep 0.9s
2026-07-18 13:27:36,094 [INFO] Page 30 | Collected: 500
2026-07-18 13:27:36,411 [INFO] Pacing: sleep 1.0s
2026-07-18 13:27:37,390 [INFO] Page 31 | Collected: 750
2026-07-18 13:27:37,468 [WARNING] Block detected on page 31: HTTP 429
2026-07-18 13:27:37,468 [INFO] Saved raw HTML for debugging: blocked_0031.html
2026-07-18 13:27:37,469 [WARNING] Initiating ADAPTIVE THROTTLING. Sleeping 180s, switching to SAFE mode.
2026-07-18 13:30:37,469 [INFO] Pacing: sleep 51.1s | Short Cooldown: 44.6s
2026-07-18 13:31:28,529 [INFO] Page 31 | Collected: 750
2026-07-18 13:31:28,802 [INFO] Pacing: sleep 6.4s
2026-07-18 13:31:35,155 [INFO] Page 32 | Collected: 750
2026-07-18 13:31:35,437 [INFO] Pacing: sleep 5.2s
2026-07-18 13:31:40,635 [INFO] Page 33 | Collected: 750
2026-07-18 13:31:40,966 [INFO] Pacing: sleep 6.4s
2026-07-18 13:31:47,374 [INFO] Page 34 | Collected: 750
2026-07-18 13:31:47,662 [INFO] Pacing: sleep 7.5s
2026-07-18 13:31:55,117 [INFO] Page 35 | Collected: 750
2026-07-18 13:31:55,455 [INFO] Pacing: sleep 6.0s
2026-07-18 13:32:01,445 [INFO] Page 36 | Collected: 750
2026-07-18 13:32:01,708 [INFO] Pacing: sleep 6.4s
2026-07-18 13:32:08,125 [INFO] Page 37 | Collected: 750
2026-07-18 13:32:08,380 [INFO] Pacing: sleep 5.1s
2026-07-18 13:32:13,433 [INFO] Page 38 | Collected: 750
2026-07-18 13:32:13,791 [INFO] Pacing: sleep 5.9s
2026-07-18 13:32:19,728 [INFO] Page 39 | Collected: 750
2026-07-18 13:32:20,067 [INFO] Pacing: sleep 5.0s
2026-07-18 13:32:25,063 [INFO] Page 40 | Collected: 750
2026-07-18 13:32:25,401 [INFO] Pacing: sleep 155.6s | Long Cooldown: 148.1s
2026-07-18 13:35:01,037 [INFO] Page 41 | Collected: 1000
2026-07-18 13:35:01,308 [INFO] Pacing: sleep 6.0s
2026-07-18 13:35:07,263 [INFO] Page 42 | Collected: 1000
2026-07-18 13:35:07,560 [INFO] Pacing: sleep 7.3s
2026-07-18 13:35:14,848 [INFO] Page 43 | Collected: 1000
2026-07-18 13:35:15,199 [INFO] Pacing: sleep 4.9s
2026-07-18 13:35:20,096 [INFO] Page 44 | Collected: 1000
2026-07-18 13:35:20,357 [INFO] Pacing: sleep 5.2s
2026-07-18 13:35:25,598 [INFO] Page 45 | Collected: 1000
2026-07-18 13:35:25,883 [INFO] Pacing: sleep 4.6s
2026-07-18 13:35:30,503 [INFO] Page 46 | Collected: 1000
2026-07-18 13:35:30,853 [INFO] Pacing: sleep 4.1s
2026-07-18 13:35:34,994 [INFO] Page 47 | Collected: 1000
2026-07-18 13:35:35,256 [INFO] Pacing: sleep 7.9s
2026-07-18 13:35:43,198 [INFO] Page 48 | Collected: 1000
2026-07-18 13:35:43,574 [INFO] Pacing: sleep 7.2s
2026-07-18 13:35:50,767 [INFO] Page 49 | Collected: 1000
2026-07-18 13:35:51,030 [INFO] Pacing: sleep 6.8s
2026-07-18 13:35:57,788 [INFO] Page 50 | Collected: 1000
2026-07-18 13:35:58,006 [WARNING] Block detected on page 50: Suspicious term found: 'captcha'
2026-07-18 13:35:58,006 [INFO] Saved raw HTML for debugging: blocked_0050.html
2026-07-18 13:35:58,006 [ERROR] Blocked again even after safe mode. Stopping gracefully.
2026-07-18 13:35:58,008 [INFO] Crawl stopped. Reason: adaptive_throttle_failed_page_50. Finalizing...
2026-07-18 13:35:58,009 [INFO] Merging intermediate pages from work_dir: /home/runner/work/steam-diploma/steam-diploma/data/snapshots/data/snapshots/_in_progress/f106db10-298c-4fc4-a024-e6cc2e81f7da
