2026-06-08 16:04:25,955 [INFO] Steam Snapshot Collector Started.
2026-06-08 16:04:25,955 [INFO] Speed Mode: fast
2026-06-08 16:04:25,955 [INFO] Work Dir: /home/runner/work/steam-diploma/steam-diploma/data/snapshots
2026-06-08 16:04:25,955 [INFO] Base Output Dir: .
2026-06-08 16:04:25,956 [INFO] Page 1 | Collected: 0
2026-06-08 16:04:26,338 [INFO] Pacing: sleep 1.5s
2026-06-08 16:04:27,799 [INFO] Page 2 | Collected: 0
2026-06-08 16:04:28,073 [INFO] Pacing: sleep 1.1s
2026-06-08 16:04:29,180 [INFO] Page 3 | Collected: 0
2026-06-08 16:04:29,425 [INFO] Pacing: sleep 1.4s
2026-06-08 16:04:30,813 [INFO] Page 4 | Collected: 0
2026-06-08 16:04:31,122 [INFO] Pacing: sleep 1.2s
2026-06-08 16:04:32,309 [INFO] Page 5 | Collected: 0
2026-06-08 16:04:32,594 [INFO] Pacing: sleep 1.5s
2026-06-08 16:04:34,072 [INFO] Page 6 | Collected: 0
2026-06-08 16:04:34,309 [INFO] Pacing: sleep 0.9s
2026-06-08 16:04:35,218 [INFO] Page 7 | Collected: 0
2026-06-08 16:04:35,528 [INFO] Pacing: sleep 0.7s
2026-06-08 16:04:36,217 [INFO] Page 8 | Collected: 0
2026-06-08 16:04:36,441 [INFO] Pacing: sleep 1.3s
2026-06-08 16:04:37,767 [INFO] Page 9 | Collected: 0
2026-06-08 16:04:38,111 [INFO] Pacing: sleep 0.9s
2026-06-08 16:04:39,061 [INFO] Page 10 | Collected: 0
2026-06-08 16:04:39,321 [INFO] Pacing: sleep 1.2s
2026-06-08 16:04:40,521 [INFO] Page 11 | Collected: 250
2026-06-08 16:04:40,789 [INFO] Pacing: sleep 1.1s
2026-06-08 16:04:41,868 [INFO] Page 12 | Collected: 250
2026-06-08 16:04:42,198 [INFO] Pacing: sleep 0.5s
2026-06-08 16:04:42,741 [INFO] Page 13 | Collected: 250
2026-06-08 16:04:42,977 [INFO] Pacing: sleep 0.7s
2026-06-08 16:04:43,634 [INFO] Page 14 | Collected: 250
2026-06-08 16:04:43,921 [INFO] Pacing: sleep 0.8s
2026-06-08 16:04:44,753 [INFO] Page 15 | Collected: 250
2026-06-08 16:04:45,075 [INFO] Pacing: sleep 0.7s
2026-06-08 16:04:45,743 [INFO] Page 16 | Collected: 250
2026-06-08 16:04:45,971 [INFO] Pacing: sleep 1.1s
2026-06-08 16:04:47,116 [INFO] Page 17 | Collected: 250
2026-06-08 16:04:47,408 [INFO] Pacing: sleep 0.9s
2026-06-08 16:04:48,261 [INFO] Page 18 | Collected: 250
2026-06-08 16:04:48,485 [INFO] Pacing: sleep 0.6s
2026-06-08 16:04:49,111 [INFO] Page 19 | Collected: 250
2026-06-08 16:04:49,342 [INFO] Pacing: sleep 0.8s
2026-06-08 16:04:50,190 [INFO] Page 20 | Collected: 250
2026-06-08 16:04:50,525 [INFO] Pacing: sleep 1.1s
2026-06-08 16:04:51,634 [INFO] Page 21 | Collected: 500
2026-06-08 16:04:51,868 [INFO] Pacing: sleep 0.9s
2026-06-08 16:04:52,744 [INFO] Page 22 | Collected: 500
2026-06-08 16:04:53,040 [INFO] Pacing: sleep 1.0s
2026-06-08 16:04:54,075 [INFO] Page 23 | Collected: 500
2026-06-08 16:04:54,317 [INFO] Pacing: sleep 1.5s
2026-06-08 16:04:55,779 [INFO] Page 24 | Collected: 500
2026-06-08 16:04:56,010 [INFO] Pacing: sleep 0.8s
2026-06-08 16:04:56,821 [INFO] Page 25 | Collected: 500
2026-06-08 16:04:57,127 [INFO] Pacing: sleep 0.6s
2026-06-08 16:04:57,757 [INFO] Page 26 | Collected: 500
2026-06-08 16:04:58,010 [INFO] Pacing: sleep 1.3s
2026-06-08 16:04:59,295 [INFO] Page 27 | Collected: 500
2026-06-08 16:04:59,592 [WARNING] Page 27 had 1 duplicate appids seen previously.
2026-06-08 16:04:59,592 [INFO] Pacing: sleep 1.1s
2026-06-08 16:05:00,726 [INFO] Page 28 | Collected: 500
2026-06-08 16:05:00,954 [INFO] Pacing: sleep 0.5s
2026-06-08 16:05:01,486 [INFO] Page 29 | Collected: 500
2026-06-08 16:05:01,757 [INFO] Pacing: sleep 0.7s
2026-06-08 16:05:02,412 [INFO] Page 30 | Collected: 500
2026-06-08 16:05:02,744 [INFO] Pacing: sleep 0.7s
2026-06-08 16:05:03,440 [INFO] Page 31 | Collected: 750
2026-06-08 16:05:03,478 [WARNING] Block detected on page 31: HTTP 429
2026-06-08 16:05:03,479 [INFO] Saved raw HTML for debugging: blocked_0031.html
2026-06-08 16:05:03,479 [WARNING] Initiating ADAPTIVE THROTTLING. Sleeping 180s, switching to SAFE mode.
2026-06-08 16:08:03,479 [INFO] Pacing: sleep 50.8s | Short Cooldown: 45.5s
2026-06-08 16:08:54,234 [INFO] Page 31 | Collected: 750
2026-06-08 16:08:54,463 [INFO] Pacing: sleep 7.9s
2026-06-08 16:09:02,389 [INFO] Page 32 | Collected: 750
2026-06-08 16:09:02,687 [INFO] Pacing: sleep 7.0s
2026-06-08 16:09:09,679 [INFO] Page 33 | Collected: 750
2026-06-08 16:09:10,016 [INFO] Pacing: sleep 6.9s
2026-06-08 16:09:16,965 [INFO] Page 34 | Collected: 750
2026-06-08 16:09:17,224 [INFO] Pacing: sleep 6.3s
2026-06-08 16:09:23,494 [INFO] Page 35 | Collected: 750
2026-06-08 16:09:23,795 [INFO] Pacing: sleep 7.8s
2026-06-08 16:09:31,549 [INFO] Page 36 | Collected: 750
2026-06-08 16:09:31,806 [INFO] Pacing: sleep 5.1s
2026-06-08 16:09:36,866 [INFO] Page 37 | Collected: 750
2026-06-08 16:09:37,132 [INFO] Pacing: sleep 4.9s
2026-06-08 16:09:42,055 [INFO] Page 38 | Collected: 750
2026-06-08 16:09:42,348 [INFO] Pacing: sleep 7.8s
2026-06-08 16:09:50,194 [INFO] Page 39 | Collected: 750
2026-06-08 16:09:50,546 [INFO] Pacing: sleep 5.2s
2026-06-08 16:09:55,738 [INFO] Page 40 | Collected: 750
2026-06-08 16:09:56,044 [INFO] Pacing: sleep 242.1s | Long Cooldown: 235.8s
2026-06-08 16:13:58,175 [INFO] Page 41 | Collected: 1000
2026-06-08 16:13:58,453 [INFO] Pacing: sleep 4.8s
2026-06-08 16:14:03,273 [INFO] Page 42 | Collected: 1000
2026-06-08 16:14:03,508 [INFO] Pacing: sleep 4.6s
2026-06-08 16:14:08,082 [INFO] Page 43 | Collected: 1000
2026-06-08 16:14:08,387 [INFO] Pacing: sleep 5.1s
2026-06-08 16:14:13,514 [INFO] Page 44 | Collected: 1000
2026-06-08 16:14:13,754 [INFO] Pacing: sleep 4.9s
2026-06-08 16:14:18,688 [INFO] Page 45 | Collected: 1000
2026-06-08 16:14:18,979 [INFO] Pacing: sleep 4.0s
2026-06-08 16:14:23,023 [INFO] Page 46 | Collected: 1000
2026-06-08 16:14:23,250 [INFO] Pacing: sleep 4.9s
2026-06-08 16:14:28,160 [INFO] Page 47 | Collected: 1000
2026-06-08 16:14:28,379 [INFO] Pacing: sleep 7.4s
2026-06-08 16:14:35,739 [INFO] Page 48 | Collected: 1000
2026-06-08 16:14:36,058 [INFO] Pacing: sleep 6.2s
2026-06-08 16:14:42,240 [INFO] Page 49 | Collected: 1000
2026-06-08 16:14:42,511 [INFO] Pacing: sleep 6.7s
2026-06-08 16:14:49,205 [INFO] Page 50 | Collected: 1000
2026-06-08 16:14:49,421 [INFO] Pacing: sleep 42.6s | Short Cooldown: 37.7s
2026-06-08 16:15:31,973 [INFO] Page 51 | Collected: 1250
2026-06-08 16:15:32,292 [INFO] Pacing: sleep 4.8s
2026-06-08 16:15:37,127 [INFO] Page 52 | Collected: 1250
2026-06-08 16:15:37,372 [INFO] Pacing: sleep 5.8s
2026-06-08 16:15:43,193 [INFO] Page 53 | Collected: 1250
2026-06-08 16:15:43,525 [INFO] Pacing: sleep 4.4s
2026-06-08 16:15:47,930 [INFO] Page 54 | Collected: 1250
2026-06-08 16:15:48,214 [INFO] Pacing: sleep 4.4s
2026-06-08 16:15:52,617 [INFO] Page 55 | Collected: 1250
2026-06-08 16:15:52,832 [INFO] Pacing: sleep 6.7s
2026-06-08 16:15:59,530 [INFO] Page 56 | Collected: 1250
2026-06-08 16:15:59,854 [INFO] Pacing: sleep 5.8s
2026-06-08 16:16:05,667 [INFO] Page 57 | Collected: 1250
2026-06-08 16:16:05,884 [INFO] Pacing: sleep 5.9s
2026-06-08 16:16:11,736 [INFO] Page 58 | Collected: 1250
2026-06-08 16:16:12,046 [INFO] Pacing: sleep 4.6s
2026-06-08 16:16:16,688 [INFO] Page 59 | Collected: 1250
2026-06-08 16:16:16,929 [INFO] Pacing: sleep 4.0s
2026-06-08 16:16:20,973 [INFO] Page 60 | Collected: 1250
2026-06-08 16:16:21,224 [INFO] Pacing: sleep 50.5s | Short Cooldown: 42.6s
2026-06-08 16:17:11,688 [INFO] Page 61 | Collected: 1500
2026-06-08 16:17:12,002 [INFO] Pacing: sleep 7.9s
2026-06-08 16:17:19,877 [INFO] Page 62 | Collected: 1500
2026-06-08 16:17:20,122 [INFO] Pacing: sleep 5.0s
2026-06-08 16:17:25,153 [INFO] Page 63 | Collected: 1500
2026-06-08 16:17:25,484 [INFO] Pacing: sleep 4.2s
2026-06-08 16:17:29,679 [INFO] Page 64 | Collected: 1500
2026-06-08 16:17:29,966 [INFO] Pacing: sleep 7.9s
2026-06-08 16:17:37,816 [INFO] Page 65 | Collected: 1500
2026-06-08 16:17:38,073 [INFO] Pacing: sleep 4.3s
2026-06-08 16:17:42,393 [INFO] Page 66 | Collected: 1500
2026-06-08 16:17:42,713 [INFO] Pacing: sleep 5.4s
2026-06-08 16:17:48,121 [INFO] Page 67 | Collected: 1500
2026-06-08 16:17:48,350 [INFO] Pacing: sleep 4.1s
2026-06-08 16:17:52,407 [INFO] Page 68 | Collected: 1500
2026-06-08 16:17:52,668 [INFO] Pacing: sleep 5.9s
2026-06-08 16:17:58,612 [INFO] Page 69 | Collected: 1500
2026-06-08 16:17:58,990 [INFO] Pacing: sleep 5.0s
2026-06-08 16:18:03,966 [INFO] Page 70 | Collected: 1500
2026-06-08 16:18:04,200 [INFO] Pacing: sleep 59.4s | Short Cooldown: 53.2s
2026-06-08 16:19:03,581 [INFO] Page 71 | Collected: 1750
2026-06-08 16:19:03,908 [INFO] Pacing: sleep 6.7s
2026-06-08 16:19:10,583 [INFO] Page 72 | Collected: 1750
2026-06-08 16:19:10,825 [INFO] Pacing: sleep 5.1s
2026-06-08 16:19:15,887 [INFO] Page 73 | Collected: 1750
2026-06-08 16:19:16,130 [INFO] Pacing: sleep 5.8s
2026-06-08 16:19:21,950 [INFO] Page 74 | Collected: 1750
2026-06-08 16:19:22,277 [INFO] Pacing: sleep 4.2s
2026-06-08 16:19:26,515 [INFO] Page 75 | Collected: 1750
2026-06-08 16:19:26,769 [INFO] Pacing: sleep 5.7s
2026-06-08 16:19:32,499 [INFO] Page 76 | Collected: 1750
2026-06-08 16:19:32,805 [INFO] Pacing: sleep 4.4s
2026-06-08 16:19:37,205 [INFO] Page 77 | Collected: 1750
2026-06-08 16:19:37,474 [INFO] Pacing: sleep 7.4s
2026-06-08 16:19:44,907 [INFO] Page 78 | Collected: 1750
2026-06-08 16:19:45,149 [INFO] Pacing: sleep 5.3s
2026-06-08 16:19:50,450 [INFO] Page 79 | Collected: 1750
2026-06-08 16:19:50,776 [INFO] Pacing: sleep 4.3s
2026-06-08 16:19:55,105 [INFO] Page 80 | Collected: 1750
2026-06-08 16:19:55,367 [INFO] Pacing: sleep 164.9s | Long Cooldown: 160.2s
2026-06-08 16:22:40,219 [INFO] Page 81 | Collected: 2000
2026-06-08 16:22:40,562 [INFO] Pacing: sleep 6.2s
2026-06-08 16:22:46,718 [INFO] Page 82 | Collected: 2000
2026-06-08 16:22:46,970 [INFO] Pacing: sleep 7.9s
2026-06-08 16:22:54,880 [INFO] Page 83 | Collected: 2000
2026-06-08 16:22:55,143 [INFO] Pacing: sleep 6.4s
2026-06-08 16:23:01,502 [INFO] Page 84 | Collected: 2000
2026-06-08 16:23:01,829 [INFO] Pacing: sleep 6.9s
2026-06-08 16:23:08,754 [INFO] Page 85 | Collected: 2000
2026-06-08 16:23:08,990 [INFO] Pacing: sleep 6.6s
2026-06-08 16:23:15,543 [INFO] Page 86 | Collected: 2000
2026-06-08 16:23:15,796 [INFO] Pacing: sleep 4.3s
2026-06-08 16:23:20,125 [INFO] Page 87 | Collected: 2000
2026-06-08 16:23:20,437 [INFO] Pacing: sleep 5.5s
2026-06-08 16:23:25,909 [INFO] Page 88 | Collected: 2000
2026-06-08 16:23:26,159 [INFO] Pacing: sleep 5.5s
2026-06-08 16:23:31,651 [INFO] Page 89 | Collected: 2000
2026-06-08 16:23:31,996 [INFO] Pacing: sleep 7.9s
2026-06-08 16:23:39,928 [INFO] Page 90 | Collected: 2000
2026-06-08 16:23:40,192 [INFO] Pacing: sleep 49.4s | Short Cooldown: 41.6s
2026-06-08 16:24:29,588 [INFO] Page 91 | Collected: 2250
2026-06-08 16:24:29,832 [INFO] Pacing: sleep 5.7s
2026-06-08 16:24:35,575 [INFO] Page 92 | Collected: 2250
2026-06-08 16:24:35,882 [INFO] Pacing: sleep 7.7s
2026-06-08 16:24:43,584 [INFO] Page 93 | Collected: 2250
2026-06-08 16:24:43,847 [INFO] Pacing: sleep 6.0s
2026-06-08 16:24:49,867 [INFO] Page 94 | Collected: 2250
2026-06-08 16:24:50,164 [INFO] Pacing: sleep 6.0s
2026-06-08 16:24:56,166 [INFO] Page 95 | Collected: 2250
2026-06-08 16:24:56,412 [INFO] Pacing: sleep 6.6s
2026-06-08 16:25:03,011 [INFO] Page 96 | Collected: 2250
2026-06-08 16:25:03,261 [INFO] Pacing: sleep 5.0s
2026-06-08 16:25:08,280 [INFO] Page 97 | Collected: 2250
2026-06-08 16:25:08,620 [INFO] Pacing: sleep 6.4s
2026-06-08 16:25:14,983 [INFO] Page 98 | Collected: 2250
2026-06-08 16:25:15,232 [INFO] Pacing: sleep 7.2s
2026-06-08 16:25:22,384 [INFO] Page 99 | Collected: 2250
2026-06-08 16:25:22,725 [INFO] Pacing: sleep 4.6s
2026-06-08 16:25:27,285 [INFO] Page 100 | Collected: 2250
2026-06-08 16:25:27,596 [INFO] Pacing: sleep 52.8s | Short Cooldown: 44.9s
2026-06-08 16:26:20,374 [INFO] Page 101 | Collected: 2500
2026-06-08 16:26:20,598 [INFO] Pacing: sleep 6.1s
2026-06-08 16:26:26,662 [INFO] Page 102 | Collected: 2500
2026-06-08 16:26:26,998 [INFO] Pacing: sleep 4.8s
2026-06-08 16:26:31,833 [INFO] Page 103 | Collected: 2500
2026-06-08 16:26:32,094 [INFO] Pacing: sleep 4.7s
2026-06-08 16:26:36,778 [INFO] Page 104 | Collected: 2500
2026-06-08 16:26:37,051 [INFO] Pacing: sleep 4.3s
2026-06-08 16:26:41,399 [INFO] Page 105 | Collected: 2500
2026-06-08 16:26:41,717 [INFO] Pacing: sleep 5.2s
2026-06-08 16:26:46,919 [INFO] Page 106 | Collected: 2500
2026-06-08 16:26:47,190 [INFO] Pacing: sleep 4.9s
2026-06-08 16:26:52,125 [INFO] Page 107 | Collected: 2500
2026-06-08 16:26:52,445 [INFO] Pacing: sleep 5.1s
2026-06-08 16:26:57,519 [INFO] Page 108 | Collected: 2500
2026-06-08 16:26:57,766 [INFO] Pacing: sleep 5.8s
2026-06-08 16:27:03,590 [INFO] Page 109 | Collected: 2500
2026-06-08 16:27:03,849 [INFO] Pacing: sleep 4.1s
2026-06-08 16:27:07,955 [INFO] Page 110 | Collected: 2500
2026-06-08 16:27:08,302 [INFO] Pacing: sleep 60.3s | Short Cooldown: 54.1s
2026-06-08 16:28:08,649 [INFO] Page 111 | Collected: 2750
2026-06-08 16:28:08,904 [INFO] Pacing: sleep 5.5s
2026-06-08 16:28:14,437 [INFO] Page 112 | Collected: 2750
2026-06-08 16:28:14,762 [INFO] Pacing: sleep 7.7s
2026-06-08 16:28:22,481 [INFO] Page 113 | Collected: 2750
2026-06-08 16:28:22,773 [INFO] Pacing: sleep 5.7s
2026-06-08 16:28:28,461 [INFO] Page 114 | Collected: 2750
2026-06-08 16:28:28,739 [INFO] Pacing: sleep 7.2s
2026-06-08 16:28:35,974 [INFO] Page 115 | Collected: 2750
2026-06-08 16:28:36,287 [INFO] Pacing: sleep 6.2s
2026-06-08 16:28:42,446 [INFO] Page 116 | Collected: 2750
2026-06-08 16:28:42,793 [INFO] Pacing: sleep 6.6s
2026-06-08 16:28:49,354 [INFO] Page 117 | Collected: 2750
2026-06-08 16:28:49,701 [INFO] Pacing: sleep 7.3s
2026-06-08 16:28:57,034 [INFO] Page 118 | Collected: 2750
2026-06-08 16:28:57,338 [INFO] Pacing: sleep 4.9s
2026-06-08 16:29:02,262 [INFO] Page 119 | Collected: 2750
2026-06-08 16:29:02,522 [INFO] Pacing: sleep 6.5s
2026-06-08 16:29:09,028 [INFO] Page 120 | Collected: 2750
2026-06-08 16:29:09,368 [INFO] Crawl stopped. Reason: max_games_reached. Finalizing...
2026-06-08 16:29:09,368 [INFO] Merging intermediate pages from work_dir: /home/runner/work/steam-diploma/steam-diploma/data/snapshots/data/snapshots/_in_progress/f2af0426-ba82-4701-911e-b9fc5944fbd7
2026-06-08 16:29:09,394 [WARNING] Found 1 duplicate appids across the snapshot.
