2026-06-13 04:18:12,668 [INFO] Steam Snapshot Collector Started.
2026-06-13 04:18:12,668 [INFO] Speed Mode: fast
2026-06-13 04:18:12,668 [INFO] Work Dir: /home/runner/work/steam-diploma/steam-diploma/data/snapshots
2026-06-13 04:18:12,668 [INFO] Base Output Dir: .
2026-06-13 04:18:12,669 [INFO] Page 1 | Collected: 0
2026-06-13 04:18:13,004 [INFO] Pacing: sleep 1.5s
2026-06-13 04:18:14,503 [INFO] Page 2 | Collected: 0
2026-06-13 04:18:14,821 [INFO] Pacing: sleep 1.0s
2026-06-13 04:18:15,799 [INFO] Page 3 | Collected: 0
2026-06-13 04:18:16,083 [INFO] Pacing: sleep 1.2s
2026-06-13 04:18:17,237 [INFO] Page 4 | Collected: 0
2026-06-13 04:18:17,633 [INFO] Pacing: sleep 0.9s
2026-06-13 04:18:18,488 [INFO] Page 5 | Collected: 0
2026-06-13 04:18:18,787 [INFO] Pacing: sleep 0.9s
2026-06-13 04:18:19,638 [INFO] Page 6 | Collected: 0
2026-06-13 04:18:19,976 [INFO] Pacing: sleep 1.1s
2026-06-13 04:18:21,070 [INFO] Page 7 | Collected: 0
2026-06-13 04:18:21,436 [INFO] Pacing: sleep 0.5s
2026-06-13 04:18:21,949 [INFO] Page 8 | Collected: 0
2026-06-13 04:18:22,242 [INFO] Pacing: sleep 0.6s
2026-06-13 04:18:22,878 [INFO] Page 9 | Collected: 0
2026-06-13 04:18:23,236 [INFO] Pacing: sleep 1.1s
2026-06-13 04:18:24,364 [INFO] Page 10 | Collected: 0
2026-06-13 04:18:24,655 [INFO] Pacing: sleep 1.0s
2026-06-13 04:18:25,674 [INFO] Page 11 | Collected: 250
2026-06-13 04:18:26,116 [INFO] Pacing: sleep 0.6s
2026-06-13 04:18:26,737 [INFO] Page 12 | Collected: 250
2026-06-13 04:18:27,113 [INFO] Pacing: sleep 1.3s
2026-06-13 04:18:28,384 [INFO] Page 13 | Collected: 250
2026-06-13 04:18:28,665 [INFO] Pacing: sleep 1.3s
2026-06-13 04:18:29,938 [INFO] Page 14 | Collected: 250
2026-06-13 04:18:30,219 [INFO] Pacing: sleep 1.5s
2026-06-13 04:18:31,671 [INFO] Page 15 | Collected: 250
2026-06-13 04:18:32,008 [INFO] Pacing: sleep 1.1s
2026-06-13 04:18:33,063 [INFO] Page 16 | Collected: 250
2026-06-13 04:18:33,398 [INFO] Pacing: sleep 1.4s
2026-06-13 04:18:34,820 [INFO] Page 17 | Collected: 250
2026-06-13 04:18:36,248 [INFO] Pacing: sleep 0.6s
2026-06-13 04:18:36,856 [INFO] Page 18 | Collected: 250
2026-06-13 04:18:37,142 [INFO] Pacing: sleep 0.9s
2026-06-13 04:18:37,999 [INFO] Page 19 | Collected: 250
2026-06-13 04:18:38,289 [INFO] Pacing: sleep 1.2s
2026-06-13 04:18:39,452 [INFO] Page 20 | Collected: 250
2026-06-13 04:18:39,853 [INFO] Pacing: sleep 0.7s
2026-06-13 04:18:40,549 [INFO] Page 21 | Collected: 500
2026-06-13 04:18:40,863 [INFO] Pacing: sleep 0.7s
2026-06-13 04:18:41,560 [INFO] Page 22 | Collected: 500
2026-06-13 04:18:41,988 [INFO] Pacing: sleep 0.8s
2026-06-13 04:18:42,820 [INFO] Page 23 | Collected: 500
2026-06-13 04:18:43,139 [INFO] Pacing: sleep 1.2s
2026-06-13 04:18:44,298 [INFO] Page 24 | Collected: 500
2026-06-13 04:18:44,607 [INFO] Pacing: sleep 0.9s
2026-06-13 04:18:45,525 [INFO] Page 25 | Collected: 500
2026-06-13 04:18:45,909 [INFO] Pacing: sleep 0.9s
2026-06-13 04:18:46,786 [INFO] Page 26 | Collected: 500
2026-06-13 04:18:47,096 [INFO] Pacing: sleep 0.5s
2026-06-13 04:18:47,627 [INFO] Page 27 | Collected: 500
2026-06-13 04:18:47,949 [INFO] Pacing: sleep 0.9s
2026-06-13 04:18:48,881 [INFO] Page 28 | Collected: 500
2026-06-13 04:18:49,171 [INFO] Pacing: sleep 1.4s
2026-06-13 04:18:50,522 [INFO] Page 29 | Collected: 500
2026-06-13 04:18:50,813 [INFO] Pacing: sleep 1.1s
2026-06-13 04:18:51,939 [INFO] Page 30 | Collected: 500
2026-06-13 04:18:52,320 [INFO] Pacing: sleep 1.5s
2026-06-13 04:18:53,815 [INFO] Page 31 | Collected: 750
2026-06-13 04:18:53,933 [WARNING] Block detected on page 31: HTTP 429
2026-06-13 04:18:53,933 [INFO] Saved raw HTML for debugging: blocked_0031.html
2026-06-13 04:18:53,933 [WARNING] Initiating ADAPTIVE THROTTLING. Sleeping 180s, switching to SAFE mode.
2026-06-13 04:21:53,933 [INFO] Pacing: sleep 51.9s | Short Cooldown: 46.1s
2026-06-13 04:22:45,858 [INFO] Page 31 | Collected: 750
2026-06-13 04:22:46,149 [INFO] Pacing: sleep 4.3s
2026-06-13 04:22:50,494 [INFO] Page 32 | Collected: 750
2026-06-13 04:22:50,894 [INFO] Pacing: sleep 5.5s
2026-06-13 04:22:56,414 [INFO] Page 33 | Collected: 750
2026-06-13 04:22:56,778 [INFO] Pacing: sleep 5.8s
2026-06-13 04:23:02,547 [INFO] Page 34 | Collected: 750
2026-06-13 04:23:02,877 [INFO] Pacing: sleep 5.3s
2026-06-13 04:23:08,182 [INFO] Page 35 | Collected: 750
2026-06-13 04:23:08,545 [INFO] Pacing: sleep 7.6s
2026-06-13 04:23:16,123 [INFO] Page 36 | Collected: 750
2026-06-13 04:23:16,394 [INFO] Pacing: sleep 5.5s
2026-06-13 04:23:21,904 [INFO] Page 37 | Collected: 750
2026-06-13 04:23:22,193 [INFO] Pacing: sleep 7.8s
2026-06-13 04:23:29,986 [INFO] Page 38 | Collected: 750
2026-06-13 04:23:30,346 [INFO] Pacing: sleep 5.3s
2026-06-13 04:23:35,664 [INFO] Page 39 | Collected: 750
2026-06-13 04:23:35,948 [INFO] Pacing: sleep 7.2s
2026-06-13 04:23:43,186 [INFO] Page 40 | Collected: 750
2026-06-13 04:23:43,509 [INFO] Pacing: sleep 126.5s | Long Cooldown: 122.3s
2026-06-13 04:25:50,046 [INFO] Page 41 | Collected: 1000
2026-06-13 04:25:50,328 [INFO] Pacing: sleep 4.8s
2026-06-13 04:25:55,176 [INFO] Page 42 | Collected: 1000
2026-06-13 04:25:55,459 [INFO] Pacing: sleep 7.5s
2026-06-13 04:26:02,972 [INFO] Page 43 | Collected: 1000
2026-06-13 04:26:03,362 [INFO] Pacing: sleep 5.0s
2026-06-13 04:26:08,337 [INFO] Page 44 | Collected: 1000
2026-06-13 04:26:08,687 [INFO] Pacing: sleep 6.1s
2026-06-13 04:26:14,760 [INFO] Page 45 | Collected: 1000
2026-06-13 04:26:15,106 [INFO] Pacing: sleep 7.4s
2026-06-13 04:26:22,535 [INFO] Page 46 | Collected: 1000
2026-06-13 04:26:22,855 [INFO] Pacing: sleep 5.2s
2026-06-13 04:26:28,101 [INFO] Page 47 | Collected: 1000
2026-06-13 04:26:28,416 [INFO] Pacing: sleep 4.5s
2026-06-13 04:26:32,934 [INFO] Page 48 | Collected: 1000
2026-06-13 04:26:33,273 [INFO] Pacing: sleep 6.0s
2026-06-13 04:26:39,229 [INFO] Page 49 | Collected: 1000
2026-06-13 04:26:39,547 [INFO] Pacing: sleep 7.7s
2026-06-13 04:26:47,207 [INFO] Page 50 | Collected: 1000
2026-06-13 04:26:47,503 [INFO] Pacing: sleep 37.3s | Short Cooldown: 30.5s
2026-06-13 04:27:24,840 [INFO] Page 51 | Collected: 1250
2026-06-13 04:27:25,212 [INFO] Pacing: sleep 4.4s
2026-06-13 04:27:29,594 [INFO] Page 52 | Collected: 1250
2026-06-13 04:27:29,867 [INFO] Pacing: sleep 7.7s
2026-06-13 04:27:37,599 [INFO] Page 53 | Collected: 1250
2026-06-13 04:27:38,013 [INFO] Pacing: sleep 4.6s
2026-06-13 04:27:42,632 [INFO] Page 54 | Collected: 1250
2026-06-13 04:27:42,918 [INFO] Pacing: sleep 5.4s
2026-06-13 04:27:48,340 [INFO] Page 55 | Collected: 1250
2026-06-13 04:27:48,634 [INFO] Pacing: sleep 6.1s
2026-06-13 04:27:54,687 [INFO] Page 56 | Collected: 1250
2026-06-13 04:27:55,031 [INFO] Pacing: sleep 5.4s
2026-06-13 04:28:00,393 [INFO] Page 57 | Collected: 1250
2026-06-13 04:28:00,688 [INFO] Pacing: sleep 4.1s
2026-06-13 04:28:04,783 [INFO] Page 58 | Collected: 1250
2026-06-13 04:28:05,136 [INFO] Pacing: sleep 6.1s
2026-06-13 04:28:11,248 [INFO] Page 59 | Collected: 1250
2026-06-13 04:28:11,511 [INFO] Pacing: sleep 5.1s
2026-06-13 04:28:16,632 [INFO] Page 60 | Collected: 1250
2026-06-13 04:28:16,946 [INFO] Pacing: sleep 60.9s | Short Cooldown: 53.0s
2026-06-13 04:29:17,824 [INFO] Page 61 | Collected: 1500
2026-06-13 04:29:18,196 [INFO] Pacing: sleep 4.7s
2026-06-13 04:29:22,858 [INFO] Page 62 | Collected: 1500
2026-06-13 04:29:23,187 [INFO] Pacing: sleep 5.0s
2026-06-13 04:29:28,149 [INFO] Page 63 | Collected: 1500
2026-06-13 04:29:28,505 [INFO] Pacing: sleep 7.0s
2026-06-13 04:29:35,513 [INFO] Page 64 | Collected: 1500
2026-06-13 04:29:35,895 [INFO] Pacing: sleep 7.7s
2026-06-13 04:29:43,589 [INFO] Page 65 | Collected: 1500
2026-06-13 04:29:43,962 [INFO] Pacing: sleep 5.3s
2026-06-13 04:29:49,304 [INFO] Page 66 | Collected: 1500
2026-06-13 04:29:49,676 [INFO] Pacing: sleep 4.5s
2026-06-13 04:29:54,150 [INFO] Page 67 | Collected: 1500
2026-06-13 04:29:54,450 [INFO] Pacing: sleep 4.7s
2026-06-13 04:29:59,187 [INFO] Page 68 | Collected: 1500
2026-06-13 04:29:59,515 [INFO] Pacing: sleep 7.0s
2026-06-13 04:30:06,544 [INFO] Page 69 | Collected: 1500
2026-06-13 04:30:06,896 [INFO] Pacing: sleep 7.4s
2026-06-13 04:30:14,265 [INFO] Page 70 | Collected: 1500
2026-06-13 04:30:14,619 [INFO] Pacing: sleep 65.5s | Short Cooldown: 58.2s
2026-06-13 04:31:20,083 [INFO] Page 71 | Collected: 1750
2026-06-13 04:31:20,440 [INFO] Pacing: sleep 7.0s
2026-06-13 04:31:27,472 [INFO] Page 72 | Collected: 1750
2026-06-13 04:31:27,780 [INFO] Pacing: sleep 4.0s
2026-06-13 04:31:31,825 [INFO] Page 73 | Collected: 1750
2026-06-13 04:31:32,154 [INFO] Pacing: sleep 5.0s
2026-06-13 04:31:37,111 [INFO] Page 74 | Collected: 1750
2026-06-13 04:31:37,757 [INFO] Pacing: sleep 7.0s
2026-06-13 04:31:44,712 [INFO] Page 75 | Collected: 1750
2026-06-13 04:31:45,028 [INFO] Pacing: sleep 5.5s
2026-06-13 04:31:50,550 [INFO] Page 76 | Collected: 1750
2026-06-13 04:31:50,922 [INFO] Pacing: sleep 4.0s
2026-06-13 04:31:54,943 [INFO] Page 77 | Collected: 1750
2026-06-13 04:31:55,228 [INFO] Pacing: sleep 4.7s
2026-06-13 04:31:59,939 [INFO] Page 78 | Collected: 1750
2026-06-13 04:32:00,249 [INFO] Pacing: sleep 6.5s
2026-06-13 04:32:06,786 [INFO] Page 79 | Collected: 1750
2026-06-13 04:32:07,136 [INFO] Pacing: sleep 6.5s
2026-06-13 04:32:13,639 [INFO] Page 80 | Collected: 1750
2026-06-13 04:32:13,938 [INFO] Pacing: sleep 149.5s | Long Cooldown: 144.9s
2026-06-13 04:34:43,395 [INFO] Page 81 | Collected: 2000
2026-06-13 04:34:43,734 [INFO] Pacing: sleep 5.2s
2026-06-13 04:34:48,933 [INFO] Page 82 | Collected: 2000
2026-06-13 04:34:49,225 [INFO] Pacing: sleep 4.9s
2026-06-13 04:34:54,108 [INFO] Page 83 | Collected: 2000
2026-06-13 04:34:54,409 [INFO] Pacing: sleep 7.7s
2026-06-13 04:35:02,082 [INFO] Page 84 | Collected: 2000
2026-06-13 04:35:02,477 [INFO] Pacing: sleep 4.6s
2026-06-13 04:35:07,068 [INFO] Page 85 | Collected: 2000
2026-06-13 04:35:07,344 [INFO] Pacing: sleep 5.5s
2026-06-13 04:35:12,824 [INFO] Page 86 | Collected: 2000
2026-06-13 04:35:13,152 [INFO] Pacing: sleep 5.1s
2026-06-13 04:35:18,266 [INFO] Page 87 | Collected: 2000
2026-06-13 04:35:18,658 [INFO] Pacing: sleep 5.4s
2026-06-13 04:35:24,045 [INFO] Page 88 | Collected: 2000
2026-06-13 04:35:24,341 [INFO] Pacing: sleep 4.6s
2026-06-13 04:35:28,967 [INFO] Page 89 | Collected: 2000
2026-06-13 04:35:29,314 [INFO] Pacing: sleep 5.7s
2026-06-13 04:35:35,023 [INFO] Page 90 | Collected: 2000
2026-06-13 04:35:35,363 [INFO] Pacing: sleep 49.1s | Short Cooldown: 41.5s
2026-06-13 04:36:24,418 [INFO] Page 91 | Collected: 2250
2026-06-13 04:36:24,693 [INFO] Pacing: sleep 7.8s
2026-06-13 04:36:32,503 [INFO] Page 92 | Collected: 2250
2026-06-13 04:36:32,859 [INFO] Pacing: sleep 5.0s
2026-06-13 04:36:37,813 [INFO] Page 93 | Collected: 2250
2026-06-13 04:36:38,091 [INFO] Pacing: sleep 7.8s
2026-06-13 04:36:45,857 [INFO] Page 94 | Collected: 2250
2026-06-13 04:36:46,207 [INFO] Pacing: sleep 7.5s
2026-06-13 04:36:53,664 [INFO] Page 95 | Collected: 2250
2026-06-13 04:36:53,954 [INFO] Pacing: sleep 7.4s
2026-06-13 04:37:01,324 [INFO] Page 96 | Collected: 2250
2026-06-13 04:37:01,618 [INFO] Pacing: sleep 5.2s
2026-06-13 04:37:06,818 [INFO] Page 97 | Collected: 2250
2026-06-13 04:37:07,189 [INFO] Pacing: sleep 5.2s
2026-06-13 04:37:12,412 [INFO] Page 98 | Collected: 2250
2026-06-13 04:37:12,714 [WARNING] Page 98 had 1 duplicate appids seen previously.
2026-06-13 04:37:12,714 [INFO] Pacing: sleep 4.6s
2026-06-13 04:37:17,343 [INFO] Page 99 | Collected: 2250
2026-06-13 04:37:17,678 [INFO] Pacing: sleep 6.0s
2026-06-13 04:37:23,699 [INFO] Page 100 | Collected: 2250
2026-06-13 04:37:24,003 [INFO] Pacing: sleep 46.6s | Short Cooldown: 40.9s
2026-06-13 04:38:10,567 [INFO] Page 101 | Collected: 2500
2026-06-13 04:38:10,856 [INFO] Pacing: sleep 6.4s
2026-06-13 04:38:17,211 [INFO] Page 102 | Collected: 2500
2026-06-13 04:38:17,612 [INFO] Pacing: sleep 7.0s
2026-06-13 04:38:24,653 [INFO] Page 103 | Collected: 2500
2026-06-13 04:38:24,955 [INFO] Pacing: sleep 5.2s
2026-06-13 04:38:30,190 [INFO] Page 104 | Collected: 2500
2026-06-13 04:38:30,489 [INFO] Pacing: sleep 5.5s
2026-06-13 04:38:35,974 [INFO] Page 105 | Collected: 2500
2026-06-13 04:38:36,412 [INFO] Pacing: sleep 4.8s
2026-06-13 04:38:41,175 [INFO] Page 106 | Collected: 2500
2026-06-13 04:38:41,631 [INFO] Pacing: sleep 5.8s
2026-06-13 04:38:47,400 [INFO] Page 107 | Collected: 2500
2026-06-13 04:38:47,815 [INFO] Pacing: sleep 7.2s
2026-06-13 04:38:55,051 [INFO] Page 108 | Collected: 2500
2026-06-13 04:38:55,394 [INFO] Pacing: sleep 7.0s
2026-06-13 04:39:02,408 [INFO] Page 109 | Collected: 2500
2026-06-13 04:39:02,742 [INFO] Pacing: sleep 7.9s
2026-06-13 04:39:10,600 [INFO] Page 110 | Collected: 2500
2026-06-13 04:39:10,961 [INFO] Pacing: sleep 57.5s | Short Cooldown: 50.0s
2026-06-13 04:40:08,439 [INFO] Page 111 | Collected: 2750
2026-06-13 04:40:08,793 [INFO] Pacing: sleep 7.6s
2026-06-13 04:40:16,405 [INFO] Page 112 | Collected: 2750
2026-06-13 04:40:16,790 [INFO] Pacing: sleep 7.7s
2026-06-13 04:40:24,498 [INFO] Page 113 | Collected: 2750
2026-06-13 04:40:24,787 [INFO] Pacing: sleep 5.7s
2026-06-13 04:40:30,529 [INFO] Page 114 | Collected: 2750
2026-06-13 04:40:30,817 [INFO] Pacing: sleep 7.3s
2026-06-13 04:40:38,085 [INFO] Page 115 | Collected: 2750
2026-06-13 04:40:38,424 [INFO] Pacing: sleep 4.3s
2026-06-13 04:40:42,765 [INFO] Page 116 | Collected: 2750
2026-06-13 04:40:43,070 [INFO] Pacing: sleep 5.0s
2026-06-13 04:40:48,051 [INFO] Page 117 | Collected: 2750
2026-06-13 04:40:48,428 [INFO] Pacing: sleep 4.3s
2026-06-13 04:40:52,686 [INFO] Page 118 | Collected: 2750
2026-06-13 04:40:52,998 [INFO] Pacing: sleep 4.8s
2026-06-13 04:40:57,786 [INFO] Page 119 | Collected: 2750
2026-06-13 04:40:58,062 [INFO] Pacing: sleep 4.0s
2026-06-13 04:41:02,104 [INFO] Page 120 | Collected: 2750
2026-06-13 04:41:02,489 [INFO] Crawl stopped. Reason: max_games_reached. Finalizing...
2026-06-13 04:41:02,490 [INFO] Merging intermediate pages from work_dir: /home/runner/work/steam-diploma/steam-diploma/data/snapshots/data/snapshots/_in_progress/d7299dd9-2af2-4b24-86a1-e94f29542d1a
2026-06-13 04:41:02,516 [WARNING] Found 1 duplicate appids across the snapshot.
