2026-07-07 03:55:07,129 [INFO] Steam Snapshot Collector Started.
2026-07-07 03:55:07,129 [INFO] Speed Mode: fast
2026-07-07 03:55:07,129 [INFO] Work Dir: /home/runner/work/steam-diploma/steam-diploma/data/snapshots
2026-07-07 03:55:07,129 [INFO] Base Output Dir: .
2026-07-07 03:55:07,129 [INFO] Page 1 | Collected: 0
2026-07-07 03:55:07,633 [INFO] Pacing: sleep 1.1s
2026-07-07 03:55:08,774 [INFO] Page 2 | Collected: 0
2026-07-07 03:55:09,097 [INFO] Pacing: sleep 1.3s
2026-07-07 03:55:10,365 [INFO] Page 3 | Collected: 0
2026-07-07 03:55:10,590 [INFO] Pacing: sleep 1.1s
2026-07-07 03:55:11,644 [INFO] Page 4 | Collected: 0
2026-07-07 03:55:11,979 [INFO] Pacing: sleep 0.9s
2026-07-07 03:55:12,929 [INFO] Page 5 | Collected: 0
2026-07-07 03:55:13,169 [INFO] Pacing: sleep 1.0s
2026-07-07 03:55:14,208 [INFO] Page 6 | Collected: 0
2026-07-07 03:55:14,471 [INFO] Pacing: sleep 0.7s
2026-07-07 03:55:15,147 [INFO] Page 7 | Collected: 0
2026-07-07 03:55:15,484 [INFO] Pacing: sleep 1.3s
2026-07-07 03:55:16,749 [INFO] Page 8 | Collected: 0
2026-07-07 03:55:16,950 [INFO] Pacing: sleep 1.1s
2026-07-07 03:55:18,048 [INFO] Page 9 | Collected: 0
2026-07-07 03:55:18,326 [INFO] Pacing: sleep 0.9s
2026-07-07 03:55:19,237 [INFO] Page 10 | Collected: 0
2026-07-07 03:55:19,491 [INFO] Pacing: sleep 0.8s
2026-07-07 03:55:20,326 [INFO] Page 11 | Collected: 250
2026-07-07 03:55:20,551 [INFO] Pacing: sleep 0.8s
2026-07-07 03:55:21,325 [INFO] Page 12 | Collected: 250
2026-07-07 03:55:21,660 [INFO] Pacing: sleep 1.3s
2026-07-07 03:55:22,971 [INFO] Page 13 | Collected: 250
2026-07-07 03:55:23,215 [INFO] Pacing: sleep 1.1s
2026-07-07 03:55:24,307 [INFO] Page 14 | Collected: 250
2026-07-07 03:55:24,540 [INFO] Pacing: sleep 0.5s
2026-07-07 03:55:25,060 [INFO] Page 15 | Collected: 250
2026-07-07 03:55:25,358 [INFO] Pacing: sleep 0.9s
2026-07-07 03:55:26,245 [INFO] Page 16 | Collected: 250
2026-07-07 03:55:26,488 [INFO] Pacing: sleep 1.1s
2026-07-07 03:55:27,563 [INFO] Page 17 | Collected: 250
2026-07-07 03:55:27,851 [INFO] Pacing: sleep 1.3s
2026-07-07 03:55:29,133 [INFO] Page 18 | Collected: 250
2026-07-07 03:55:29,384 [INFO] Pacing: sleep 1.5s
2026-07-07 03:55:30,839 [INFO] Page 19 | Collected: 250
2026-07-07 03:55:31,081 [INFO] Pacing: sleep 0.9s
2026-07-07 03:55:32,000 [INFO] Page 20 | Collected: 250
2026-07-07 03:55:32,303 [INFO] Pacing: sleep 0.6s
2026-07-07 03:55:32,881 [INFO] Page 21 | Collected: 500
2026-07-07 03:55:33,164 [INFO] Pacing: sleep 1.0s
2026-07-07 03:55:34,125 [INFO] Page 22 | Collected: 500
2026-07-07 03:55:34,440 [INFO] Pacing: sleep 1.2s
2026-07-07 03:55:35,619 [INFO] Page 23 | Collected: 500
2026-07-07 03:55:35,881 [INFO] Pacing: sleep 0.9s
2026-07-07 03:55:36,789 [INFO] Page 24 | Collected: 500
2026-07-07 03:55:37,012 [INFO] Pacing: sleep 0.8s
2026-07-07 03:55:37,813 [INFO] Page 25 | Collected: 500
2026-07-07 03:55:38,181 [INFO] Pacing: sleep 0.9s
2026-07-07 03:55:39,112 [INFO] Page 26 | Collected: 500
2026-07-07 03:55:39,364 [INFO] Pacing: sleep 0.8s
2026-07-07 03:55:40,124 [INFO] Page 27 | Collected: 500
2026-07-07 03:55:40,350 [INFO] Pacing: sleep 1.5s
2026-07-07 03:55:41,839 [INFO] Page 28 | Collected: 500
2026-07-07 03:55:42,129 [INFO] Pacing: sleep 1.2s
2026-07-07 03:55:43,315 [INFO] Page 29 | Collected: 500
2026-07-07 03:55:43,537 [INFO] Pacing: sleep 1.1s
2026-07-07 03:55:44,643 [INFO] Page 30 | Collected: 500
2026-07-07 03:55:44,943 [INFO] Pacing: sleep 0.7s
2026-07-07 03:55:45,681 [INFO] Page 31 | Collected: 750
2026-07-07 03:55:45,764 [WARNING] Block detected on page 31: HTTP 429
2026-07-07 03:55:45,764 [INFO] Saved raw HTML for debugging: blocked_0031.html
2026-07-07 03:55:45,764 [WARNING] Initiating ADAPTIVE THROTTLING. Sleeping 180s, switching to SAFE mode.
2026-07-07 03:58:45,764 [INFO] Pacing: sleep 55.7s | Short Cooldown: 49.7s
2026-07-07 03:59:41,429 [INFO] Page 31 | Collected: 750
2026-07-07 03:59:41,687 [INFO] Pacing: sleep 7.8s
2026-07-07 03:59:49,466 [INFO] Page 32 | Collected: 750
2026-07-07 03:59:49,715 [INFO] Pacing: sleep 6.2s
2026-07-07 03:59:55,935 [INFO] Page 33 | Collected: 750
2026-07-07 03:59:56,239 [INFO] Pacing: sleep 4.7s
2026-07-07 04:00:00,916 [INFO] Page 34 | Collected: 750
2026-07-07 04:00:01,184 [INFO] Pacing: sleep 6.3s
2026-07-07 04:00:07,471 [INFO] Page 35 | Collected: 750
2026-07-07 04:00:07,845 [INFO] Pacing: sleep 5.7s
2026-07-07 04:00:13,551 [INFO] Page 36 | Collected: 750
2026-07-07 04:00:13,836 [INFO] Pacing: sleep 5.9s
2026-07-07 04:00:19,749 [INFO] Page 37 | Collected: 750
2026-07-07 04:00:20,033 [INFO] Pacing: sleep 5.6s
2026-07-07 04:00:25,605 [INFO] Page 38 | Collected: 750
2026-07-07 04:00:25,967 [INFO] Pacing: sleep 5.8s
2026-07-07 04:00:31,783 [INFO] Page 39 | Collected: 750
2026-07-07 04:00:32,011 [INFO] Pacing: sleep 7.2s
2026-07-07 04:00:39,208 [INFO] Page 40 | Collected: 750
2026-07-07 04:00:39,582 [INFO] Pacing: sleep 190.5s | Long Cooldown: 184.0s
2026-07-07 04:03:50,080 [INFO] Page 41 | Collected: 1000
2026-07-07 04:03:50,299 [INFO] Pacing: sleep 4.2s
2026-07-07 04:03:54,543 [INFO] Page 42 | Collected: 1000
2026-07-07 04:03:54,774 [INFO] Pacing: sleep 7.3s
2026-07-07 04:04:02,030 [INFO] Page 43 | Collected: 1000
2026-07-07 04:04:02,339 [INFO] Pacing: sleep 4.2s
2026-07-07 04:04:06,533 [INFO] Page 44 | Collected: 1000
2026-07-07 04:04:06,786 [INFO] Pacing: sleep 5.0s
2026-07-07 04:04:11,774 [INFO] Page 45 | Collected: 1000
2026-07-07 04:04:12,053 [INFO] Pacing: sleep 6.6s
2026-07-07 04:04:18,689 [INFO] Page 46 | Collected: 1000
2026-07-07 04:04:18,974 [INFO] Pacing: sleep 4.9s
2026-07-07 04:04:23,905 [INFO] Page 47 | Collected: 1000
2026-07-07 04:04:24,296 [INFO] Pacing: sleep 4.0s
2026-07-07 04:04:28,302 [INFO] Page 48 | Collected: 1000
2026-07-07 04:04:28,567 [INFO] Pacing: sleep 7.5s
2026-07-07 04:04:36,076 [INFO] Page 49 | Collected: 1000
2026-07-07 04:04:36,323 [INFO] Pacing: sleep 6.4s
2026-07-07 04:04:42,739 [INFO] Page 50 | Collected: 1000
2026-07-07 04:04:42,942 [INFO] Pacing: sleep 50.0s | Short Cooldown: 43.9s
2026-07-07 04:05:32,921 [INFO] Page 51 | Collected: 1250
2026-07-07 04:05:33,251 [INFO] Pacing: sleep 6.1s
2026-07-07 04:05:39,352 [INFO] Page 52 | Collected: 1250
2026-07-07 04:05:39,579 [INFO] Pacing: sleep 6.8s
2026-07-07 04:05:46,405 [INFO] Page 53 | Collected: 1250
2026-07-07 04:05:46,703 [INFO] Pacing: sleep 5.9s
2026-07-07 04:05:52,561 [INFO] Page 54 | Collected: 1250
2026-07-07 04:05:52,797 [INFO] Pacing: sleep 6.5s
2026-07-07 04:05:59,328 [INFO] Page 55 | Collected: 1250
2026-07-07 04:05:59,541 [INFO] Pacing: sleep 4.0s
2026-07-07 04:06:03,560 [INFO] Page 56 | Collected: 1250
2026-07-07 04:06:04,003 [INFO] Pacing: sleep 6.0s
2026-07-07 04:06:09,975 [INFO] Page 57 | Collected: 1250
2026-07-07 04:06:10,215 [INFO] Pacing: sleep 4.3s
2026-07-07 04:06:14,540 [INFO] Page 58 | Collected: 1250
2026-07-07 04:06:14,681 [WARNING] Block detected on page 58: Suspicious term found: 'captcha'
2026-07-07 04:06:14,682 [INFO] Saved raw HTML for debugging: blocked_0058.html
2026-07-07 04:06:14,682 [ERROR] Blocked again even after safe mode. Stopping gracefully.
2026-07-07 04:06:14,683 [INFO] Crawl stopped. Reason: adaptive_throttle_failed_page_58. Finalizing...
2026-07-07 04:06:14,684 [INFO] Merging intermediate pages from work_dir: /home/runner/work/steam-diploma/steam-diploma/data/snapshots/data/snapshots/_in_progress/20d7fb46-e347-4d5c-9868-cf0cf3ea9836
