2026-06-08 04:42:12,788 [INFO] Steam Snapshot Collector Started.
2026-06-08 04:42:12,788 [INFO] Speed Mode: fast
2026-06-08 04:42:12,788 [INFO] Work Dir: /home/runner/work/steam-diploma/steam-diploma/data/snapshots
2026-06-08 04:42:12,788 [INFO] Base Output Dir: .
2026-06-08 04:42:12,789 [INFO] Page 1 | Collected: 0
2026-06-08 04:42:13,117 [INFO] Pacing: sleep 0.7s
2026-06-08 04:42:13,781 [INFO] Page 2 | Collected: 0
2026-06-08 04:42:14,033 [INFO] Pacing: sleep 0.9s
2026-06-08 04:42:14,951 [INFO] Page 3 | Collected: 0
2026-06-08 04:42:15,181 [INFO] Pacing: sleep 0.9s
2026-06-08 04:42:16,098 [INFO] Page 4 | Collected: 0
2026-06-08 04:42:16,381 [INFO] Pacing: sleep 0.9s
2026-06-08 04:42:17,329 [INFO] Page 5 | Collected: 0
2026-06-08 04:42:17,574 [INFO] Pacing: sleep 0.5s
2026-06-08 04:42:18,109 [INFO] Page 6 | Collected: 0
2026-06-08 04:42:18,345 [INFO] Pacing: sleep 0.9s
2026-06-08 04:42:19,229 [INFO] Page 7 | Collected: 0
2026-06-08 04:42:19,520 [INFO] Pacing: sleep 1.4s
2026-06-08 04:42:20,909 [INFO] Page 8 | Collected: 0
2026-06-08 04:42:21,128 [INFO] Pacing: sleep 0.9s
2026-06-08 04:42:22,005 [INFO] Page 9 | Collected: 0
2026-06-08 04:42:22,288 [INFO] Pacing: sleep 0.9s
2026-06-08 04:42:23,230 [INFO] Page 10 | Collected: 0
2026-06-08 04:42:23,449 [INFO] Pacing: sleep 0.6s
2026-06-08 04:42:24,016 [INFO] Page 11 | Collected: 250
2026-06-08 04:42:24,255 [INFO] Pacing: sleep 1.2s
2026-06-08 04:42:25,483 [INFO] Page 12 | Collected: 250
2026-06-08 04:42:25,877 [INFO] Pacing: sleep 1.3s
2026-06-08 04:42:27,148 [INFO] Page 13 | Collected: 250
2026-06-08 04:42:27,364 [INFO] Pacing: sleep 1.5s
2026-06-08 04:42:28,840 [INFO] Page 14 | Collected: 250
2026-06-08 04:42:29,064 [INFO] Pacing: sleep 0.5s
2026-06-08 04:42:29,600 [INFO] Page 15 | Collected: 250
2026-06-08 04:42:29,903 [INFO] Pacing: sleep 0.8s
2026-06-08 04:42:30,729 [INFO] Page 16 | Collected: 250
2026-06-08 04:42:31,006 [INFO] Pacing: sleep 1.1s
2026-06-08 04:42:32,113 [INFO] Page 17 | Collected: 250
2026-06-08 04:42:32,393 [INFO] Pacing: sleep 1.0s
2026-06-08 04:42:33,375 [INFO] Page 18 | Collected: 250
2026-06-08 04:42:33,598 [INFO] Pacing: sleep 1.3s
2026-06-08 04:42:34,923 [INFO] Page 19 | Collected: 250
2026-06-08 04:42:35,148 [INFO] Pacing: sleep 1.2s
2026-06-08 04:42:36,325 [INFO] Page 20 | Collected: 250
2026-06-08 04:42:36,611 [INFO] Pacing: sleep 0.6s
2026-06-08 04:42:37,166 [INFO] Page 21 | Collected: 500
2026-06-08 04:42:37,409 [INFO] Pacing: sleep 1.4s
2026-06-08 04:42:38,776 [INFO] Page 22 | Collected: 500
2026-06-08 04:42:39,061 [INFO] Pacing: sleep 0.7s
2026-06-08 04:42:39,751 [INFO] Page 23 | Collected: 500
2026-06-08 04:42:39,973 [INFO] Pacing: sleep 0.8s
2026-06-08 04:42:40,807 [INFO] Page 24 | Collected: 500
2026-06-08 04:42:41,028 [INFO] Pacing: sleep 1.4s
2026-06-08 04:42:42,446 [INFO] Page 25 | Collected: 500
2026-06-08 04:42:42,775 [INFO] Pacing: sleep 0.5s
2026-06-08 04:42:43,299 [INFO] Page 26 | Collected: 500
2026-06-08 04:42:43,542 [INFO] Pacing: sleep 0.8s
2026-06-08 04:42:44,343 [INFO] Page 27 | Collected: 500
2026-06-08 04:42:44,671 [INFO] Pacing: sleep 0.8s
2026-06-08 04:42:45,437 [INFO] Page 28 | Collected: 500
2026-06-08 04:42:45,666 [INFO] Pacing: sleep 0.8s
2026-06-08 04:42:46,505 [INFO] Page 29 | Collected: 500
2026-06-08 04:42:46,737 [INFO] Pacing: sleep 1.3s
2026-06-08 04:42:48,015 [INFO] Page 30 | Collected: 500
2026-06-08 04:42:48,330 [INFO] Pacing: sleep 0.7s
2026-06-08 04:42:49,061 [INFO] Page 31 | Collected: 750
2026-06-08 04:42:49,101 [WARNING] Block detected on page 31: HTTP 429
2026-06-08 04:42:49,101 [INFO] Saved raw HTML for debugging: blocked_0031.html
2026-06-08 04:42:49,101 [WARNING] Initiating ADAPTIVE THROTTLING. Sleeping 180s, switching to SAFE mode.
2026-06-08 04:45:49,101 [INFO] Pacing: sleep 48.3s | Short Cooldown: 43.3s
2026-06-08 04:46:37,415 [INFO] Page 31 | Collected: 750
2026-06-08 04:46:37,651 [INFO] Pacing: sleep 6.6s
2026-06-08 04:46:44,270 [INFO] Page 32 | Collected: 750
2026-06-08 04:46:44,498 [INFO] Pacing: sleep 7.6s
2026-06-08 04:46:52,066 [INFO] Page 33 | Collected: 750
2026-06-08 04:46:52,370 [INFO] Pacing: sleep 6.6s
2026-06-08 04:46:59,001 [INFO] Page 34 | Collected: 750
2026-06-08 04:46:59,227 [INFO] Pacing: sleep 4.1s
2026-06-08 04:47:03,323 [INFO] Page 35 | Collected: 750
2026-06-08 04:47:03,628 [INFO] Pacing: sleep 4.6s
2026-06-08 04:47:08,236 [INFO] Page 36 | Collected: 750
2026-06-08 04:47:08,467 [INFO] Pacing: sleep 4.4s
2026-06-08 04:47:12,845 [INFO] Page 37 | Collected: 750
2026-06-08 04:47:13,105 [INFO] Pacing: sleep 6.8s
2026-06-08 04:47:19,925 [INFO] Page 38 | Collected: 750
2026-06-08 04:47:20,218 [INFO] Pacing: sleep 5.9s
2026-06-08 04:47:26,142 [INFO] Page 39 | Collected: 750
2026-06-08 04:47:26,363 [INFO] Pacing: sleep 5.7s
2026-06-08 04:47:32,028 [INFO] Page 40 | Collected: 750
2026-06-08 04:47:32,336 [INFO] Pacing: sleep 126.1s | Long Cooldown: 122.1s
2026-06-08 04:49:38,454 [INFO] Page 41 | Collected: 1000
2026-06-08 04:49:38,712 [INFO] Pacing: sleep 7.9s
2026-06-08 04:49:46,580 [INFO] Page 42 | Collected: 1000
2026-06-08 04:49:46,830 [INFO] Pacing: sleep 5.0s
2026-06-08 04:49:51,806 [INFO] Page 43 | Collected: 1000
2026-06-08 04:49:52,108 [INFO] Pacing: sleep 7.2s
2026-06-08 04:49:59,311 [INFO] Page 44 | Collected: 1000
2026-06-08 04:49:59,531 [INFO] Pacing: sleep 5.4s
2026-06-08 04:50:04,922 [INFO] Page 45 | Collected: 1000
2026-06-08 04:50:05,199 [INFO] Pacing: sleep 7.8s
2026-06-08 04:50:12,981 [INFO] Page 46 | Collected: 1000
2026-06-08 04:50:13,214 [INFO] Pacing: sleep 5.0s
2026-06-08 04:50:18,252 [INFO] Page 47 | Collected: 1000
2026-06-08 04:50:18,504 [INFO] Pacing: sleep 7.5s
2026-06-08 04:50:25,957 [INFO] Page 48 | Collected: 1000
2026-06-08 04:50:26,265 [INFO] Pacing: sleep 5.7s
2026-06-08 04:50:32,005 [INFO] Page 49 | Collected: 1000
2026-06-08 04:50:32,228 [INFO] Pacing: sleep 7.5s
2026-06-08 04:50:39,777 [INFO] Page 50 | Collected: 1000
2026-06-08 04:50:39,999 [INFO] Pacing: sleep 51.4s | Short Cooldown: 46.4s
2026-06-08 04:51:31,358 [INFO] Page 51 | Collected: 1250
2026-06-08 04:51:31,658 [INFO] Pacing: sleep 7.9s
2026-06-08 04:51:39,602 [INFO] Page 52 | Collected: 1250
2026-06-08 04:51:39,827 [INFO] Pacing: sleep 5.0s
2026-06-08 04:51:44,868 [INFO] Page 53 | Collected: 1250
2026-06-08 04:51:45,155 [INFO] Pacing: sleep 5.3s
2026-06-08 04:51:50,444 [INFO] Page 54 | Collected: 1250
2026-06-08 04:51:50,693 [INFO] Pacing: sleep 5.8s
2026-06-08 04:51:56,490 [INFO] Page 55 | Collected: 1250
2026-06-08 04:51:56,742 [INFO] Pacing: sleep 7.0s
2026-06-08 04:52:03,721 [INFO] Page 56 | Collected: 1250
2026-06-08 04:52:04,032 [INFO] Pacing: sleep 4.4s
2026-06-08 04:52:08,459 [INFO] Page 57 | Collected: 1250
2026-06-08 04:52:08,712 [INFO] Pacing: sleep 5.4s
2026-06-08 04:52:14,073 [INFO] Page 58 | Collected: 1250
2026-06-08 04:52:14,377 [INFO] Pacing: sleep 6.6s
2026-06-08 04:52:20,981 [INFO] Page 59 | Collected: 1250
2026-06-08 04:52:21,201 [INFO] Pacing: sleep 5.9s
2026-06-08 04:52:27,148 [INFO] Page 60 | Collected: 1250
2026-06-08 04:52:27,370 [INFO] Pacing: sleep 43.6s | Short Cooldown: 38.9s
2026-06-08 04:53:10,955 [INFO] Page 61 | Collected: 1500
2026-06-08 04:53:11,257 [INFO] Pacing: sleep 6.0s
2026-06-08 04:53:17,297 [INFO] Page 62 | Collected: 1500
2026-06-08 04:53:17,516 [INFO] Pacing: sleep 7.5s
2026-06-08 04:53:25,015 [INFO] Page 63 | Collected: 1500
2026-06-08 04:53:25,323 [INFO] Pacing: sleep 4.3s
2026-06-08 04:53:29,607 [INFO] Page 64 | Collected: 1500
2026-06-08 04:53:29,826 [INFO] Pacing: sleep 8.0s
2026-06-08 04:53:37,793 [INFO] Page 65 | Collected: 1500
2026-06-08 04:53:38,026 [INFO] Pacing: sleep 7.2s
2026-06-08 04:53:45,215 [INFO] Page 66 | Collected: 1500
2026-06-08 04:53:45,509 [INFO] Pacing: sleep 6.2s
2026-06-08 04:53:51,755 [INFO] Page 67 | Collected: 1500
2026-06-08 04:53:51,972 [INFO] Pacing: sleep 5.3s
2026-06-08 04:53:57,300 [INFO] Page 68 | Collected: 1500
2026-06-08 04:53:57,521 [INFO] Pacing: sleep 7.7s
2026-06-08 04:54:05,238 [INFO] Page 69 | Collected: 1500
2026-06-08 04:54:05,531 [INFO] Pacing: sleep 4.3s
2026-06-08 04:54:09,812 [INFO] Page 70 | Collected: 1500
2026-06-08 04:54:10,059 [INFO] Pacing: sleep 56.7s | Short Cooldown: 50.1s
2026-06-08 04:55:06,768 [INFO] Page 71 | Collected: 1750
2026-06-08 04:55:07,061 [INFO] Pacing: sleep 7.9s
2026-06-08 04:55:14,997 [INFO] Page 72 | Collected: 1750
2026-06-08 04:55:15,224 [INFO] Pacing: sleep 7.1s
2026-06-08 04:55:22,322 [INFO] Page 73 | Collected: 1750
2026-06-08 04:55:22,547 [INFO] Pacing: sleep 7.9s
2026-06-08 04:55:30,411 [INFO] Page 74 | Collected: 1750
2026-06-08 04:55:30,698 [INFO] Pacing: sleep 6.8s
2026-06-08 04:55:37,510 [INFO] Page 75 | Collected: 1750
2026-06-08 04:55:37,751 [INFO] Pacing: sleep 5.2s
2026-06-08 04:55:42,967 [INFO] Page 76 | Collected: 1750
2026-06-08 04:55:43,283 [INFO] Pacing: sleep 5.3s
2026-06-08 04:55:48,569 [INFO] Page 77 | Collected: 1750
2026-06-08 04:55:48,815 [INFO] Pacing: sleep 4.3s
2026-06-08 04:55:53,144 [INFO] Page 78 | Collected: 1750
2026-06-08 04:55:53,373 [INFO] Pacing: sleep 6.4s
2026-06-08 04:55:59,818 [INFO] Page 79 | Collected: 1750
2026-06-08 04:56:00,124 [INFO] Pacing: sleep 5.3s
2026-06-08 04:56:05,381 [INFO] Page 80 | Collected: 1750
2026-06-08 04:56:05,629 [INFO] Pacing: sleep 160.9s | Long Cooldown: 155.4s
2026-06-08 04:58:46,535 [INFO] Page 81 | Collected: 2000
2026-06-08 04:58:46,822 [INFO] Pacing: sleep 5.3s
2026-06-08 04:58:52,160 [INFO] Page 82 | Collected: 2000
2026-06-08 04:58:52,380 [INFO] Pacing: sleep 6.3s
2026-06-08 04:58:58,719 [INFO] Page 83 | Collected: 2000
2026-06-08 04:58:58,963 [WARNING] Page 83 had 1 duplicate appids seen previously.
2026-06-08 04:58:58,963 [INFO] Pacing: sleep 4.2s
2026-06-08 04:59:03,195 [INFO] Page 84 | Collected: 2000
2026-06-08 04:59:03,501 [INFO] Pacing: sleep 4.4s
2026-06-08 04:59:07,947 [INFO] Page 85 | Collected: 2000
2026-06-08 04:59:08,173 [INFO] Pacing: sleep 7.3s
2026-06-08 04:59:15,431 [INFO] Page 86 | Collected: 2000
2026-06-08 04:59:15,649 [INFO] Pacing: sleep 6.5s
2026-06-08 04:59:22,146 [INFO] Page 87 | Collected: 2000
2026-06-08 04:59:22,444 [INFO] Pacing: sleep 6.0s
2026-06-08 04:59:28,480 [INFO] Page 88 | Collected: 2000
2026-06-08 04:59:28,699 [INFO] Pacing: sleep 5.3s
2026-06-08 04:59:34,028 [INFO] Page 89 | Collected: 2000
2026-06-08 04:59:34,307 [INFO] Pacing: sleep 4.3s
2026-06-08 04:59:38,585 [INFO] Page 90 | Collected: 2000
2026-06-08 04:59:38,813 [INFO] Pacing: sleep 42.9s | Short Cooldown: 35.9s
2026-06-08 05:00:21,744 [INFO] Page 91 | Collected: 2250
2026-06-08 05:00:21,965 [INFO] Pacing: sleep 6.8s
2026-06-08 05:00:28,797 [INFO] Page 92 | Collected: 2250
2026-06-08 05:00:29,108 [INFO] Pacing: sleep 6.6s
2026-06-08 05:00:35,714 [INFO] Page 93 | Collected: 2250
2026-06-08 05:00:35,944 [INFO] Pacing: sleep 4.3s
2026-06-08 05:00:40,263 [INFO] Page 94 | Collected: 2250
2026-06-08 05:00:40,553 [INFO] Pacing: sleep 5.4s
2026-06-08 05:00:45,906 [INFO] Page 95 | Collected: 2250
2026-06-08 05:00:46,123 [INFO] Pacing: sleep 4.1s
2026-06-08 05:00:50,230 [INFO] Page 96 | Collected: 2250
2026-06-08 05:00:50,460 [INFO] Pacing: sleep 7.6s
2026-06-08 05:00:58,094 [INFO] Page 97 | Collected: 2250
2026-06-08 05:00:58,393 [INFO] Pacing: sleep 4.2s
2026-06-08 05:01:02,572 [INFO] Page 98 | Collected: 2250
2026-06-08 05:01:02,806 [INFO] Pacing: sleep 5.8s
2026-06-08 05:01:08,577 [INFO] Page 99 | Collected: 2250
2026-06-08 05:01:08,852 [INFO] Pacing: sleep 6.0s
2026-06-08 05:01:14,850 [INFO] Page 100 | Collected: 2250
2026-06-08 05:01:15,077 [INFO] Pacing: sleep 43.2s | Short Cooldown: 38.9s
2026-06-08 05:01:58,280 [INFO] Page 101 | Collected: 2500
2026-06-08 05:01:58,514 [INFO] Pacing: sleep 6.8s
2026-06-08 05:02:05,293 [INFO] Page 102 | Collected: 2500
2026-06-08 05:02:05,608 [INFO] Pacing: sleep 5.4s
2026-06-08 05:02:10,967 [INFO] Page 103 | Collected: 2500
2026-06-08 05:02:11,185 [INFO] Pacing: sleep 4.9s
2026-06-08 05:02:16,095 [INFO] Page 104 | Collected: 2500
2026-06-08 05:02:16,314 [INFO] Pacing: sleep 7.2s
2026-06-08 05:02:23,535 [INFO] Page 105 | Collected: 2500
2026-06-08 05:02:23,852 [INFO] Pacing: sleep 7.5s
2026-06-08 05:02:31,379 [INFO] Page 106 | Collected: 2500
2026-06-08 05:02:31,622 [INFO] Pacing: sleep 4.3s
2026-06-08 05:02:35,952 [INFO] Page 107 | Collected: 2500
2026-06-08 05:02:36,238 [INFO] Pacing: sleep 7.9s
2026-06-08 05:02:44,186 [INFO] Page 108 | Collected: 2500
2026-06-08 05:02:44,430 [INFO] Pacing: sleep 5.7s
2026-06-08 05:02:50,155 [INFO] Page 109 | Collected: 2500
2026-06-08 05:02:50,389 [INFO] Pacing: sleep 4.8s
2026-06-08 05:02:55,144 [INFO] Page 110 | Collected: 2500
2026-06-08 05:02:55,458 [INFO] Pacing: sleep 57.9s | Short Cooldown: 51.4s
2026-06-08 05:03:53,373 [INFO] Page 111 | Collected: 2750
2026-06-08 05:03:53,596 [INFO] Pacing: sleep 4.9s
2026-06-08 05:03:58,504 [INFO] Page 112 | Collected: 2750
2026-06-08 05:03:58,800 [INFO] Pacing: sleep 4.8s
2026-06-08 05:04:03,614 [INFO] Page 113 | Collected: 2750
2026-06-08 05:04:03,848 [INFO] Pacing: sleep 6.6s
2026-06-08 05:04:10,470 [INFO] Page 114 | Collected: 2750
2026-06-08 05:04:10,688 [INFO] Pacing: sleep 7.1s
2026-06-08 05:04:17,836 [INFO] Page 115 | Collected: 2750
2026-06-08 05:04:18,138 [INFO] Pacing: sleep 7.3s
2026-06-08 05:04:25,458 [INFO] Page 116 | Collected: 2750
2026-06-08 05:04:25,741 [INFO] Pacing: sleep 6.7s
2026-06-08 05:04:32,417 [INFO] Page 117 | Collected: 2750
2026-06-08 05:04:32,738 [INFO] Pacing: sleep 7.3s
2026-06-08 05:04:40,028 [INFO] Page 118 | Collected: 2750
2026-06-08 05:04:40,297 [INFO] Pacing: sleep 4.4s
2026-06-08 05:04:44,663 [INFO] Page 119 | Collected: 2750
2026-06-08 05:04:44,917 [INFO] Pacing: sleep 4.3s
2026-06-08 05:04:49,219 [INFO] Page 120 | Collected: 2750
2026-06-08 05:04:49,580 [INFO] Crawl stopped. Reason: max_games_reached. Finalizing...
2026-06-08 05:04:49,580 [INFO] Merging intermediate pages from work_dir: /home/runner/work/steam-diploma/steam-diploma/data/snapshots/data/snapshots/_in_progress/25aa00af-e257-49b1-8974-501cf5307aa4
2026-06-08 05:04:49,606 [WARNING] Found 1 duplicate appids across the snapshot.
