2026-07-19 03:24:31,217 [INFO] Steam Snapshot Collector Started.
2026-07-19 03:24:31,218 [INFO] Speed Mode: fast
2026-07-19 03:24:31,218 [INFO] Work Dir: /home/runner/work/steam-diploma/steam-diploma/data/snapshots
2026-07-19 03:24:31,218 [INFO] Base Output Dir: .
2026-07-19 03:24:31,218 [INFO] Page 1 | Collected: 0
2026-07-19 03:24:31,727 [INFO] Pacing: sleep 0.5s
2026-07-19 03:24:32,265 [INFO] Page 2 | Collected: 0
2026-07-19 03:24:32,592 [INFO] Pacing: sleep 0.7s
2026-07-19 03:24:33,287 [INFO] Page 3 | Collected: 0
2026-07-19 03:24:33,567 [INFO] Pacing: sleep 1.3s
2026-07-19 03:24:34,882 [INFO] Page 4 | Collected: 0
2026-07-19 03:24:35,329 [INFO] Pacing: sleep 0.8s
2026-07-19 03:24:36,147 [INFO] Page 5 | Collected: 0
2026-07-19 03:24:36,408 [INFO] Pacing: sleep 1.0s
2026-07-19 03:24:37,442 [INFO] Page 6 | Collected: 0
2026-07-19 03:24:37,715 [INFO] Pacing: sleep 0.8s
2026-07-19 03:24:38,510 [INFO] Page 7 | Collected: 0
2026-07-19 03:24:38,926 [INFO] Pacing: sleep 0.6s
2026-07-19 03:24:39,507 [INFO] Page 8 | Collected: 0
2026-07-19 03:24:39,853 [INFO] Pacing: sleep 1.0s
2026-07-19 03:24:40,861 [INFO] Page 9 | Collected: 0
2026-07-19 03:24:41,166 [INFO] Pacing: sleep 1.1s
2026-07-19 03:24:42,217 [INFO] Page 10 | Collected: 0
2026-07-19 03:24:42,607 [INFO] Pacing: sleep 0.8s
2026-07-19 03:24:43,399 [INFO] Page 11 | Collected: 250
2026-07-19 03:24:43,711 [INFO] Pacing: sleep 0.7s
2026-07-19 03:24:44,412 [INFO] Page 12 | Collected: 250
2026-07-19 03:24:44,773 [INFO] Pacing: sleep 1.3s
2026-07-19 03:24:46,092 [INFO] Page 13 | Collected: 250
2026-07-19 03:24:46,368 [INFO] Pacing: sleep 0.7s
2026-07-19 03:24:47,094 [INFO] Page 14 | Collected: 250
2026-07-19 03:24:47,373 [INFO] Pacing: sleep 0.6s
2026-07-19 03:24:48,021 [INFO] Page 15 | Collected: 250
2026-07-19 03:24:48,434 [INFO] Pacing: sleep 1.2s
2026-07-19 03:24:49,622 [INFO] Page 16 | Collected: 250
2026-07-19 03:24:49,920 [INFO] Pacing: sleep 1.2s
2026-07-19 03:24:51,109 [INFO] Page 17 | Collected: 250
2026-07-19 03:24:51,476 [INFO] Pacing: sleep 1.0s
2026-07-19 03:24:52,474 [INFO] Page 18 | Collected: 250
2026-07-19 03:24:52,800 [INFO] Pacing: sleep 0.8s
2026-07-19 03:24:53,623 [INFO] Page 19 | Collected: 250
2026-07-19 03:24:53,908 [INFO] Pacing: sleep 1.3s
2026-07-19 03:24:55,179 [INFO] Page 20 | Collected: 250
2026-07-19 03:24:55,619 [INFO] Pacing: sleep 1.0s
2026-07-19 03:24:56,634 [INFO] Page 21 | Collected: 500
2026-07-19 03:24:56,898 [INFO] Pacing: sleep 1.0s
2026-07-19 03:24:57,874 [INFO] Page 22 | Collected: 500
2026-07-19 03:24:58,263 [INFO] Pacing: sleep 1.2s
2026-07-19 03:24:59,487 [INFO] Page 23 | Collected: 500
2026-07-19 03:24:59,757 [INFO] Pacing: sleep 1.4s
2026-07-19 03:25:01,158 [INFO] Page 24 | Collected: 500
2026-07-19 03:25:01,451 [INFO] Pacing: sleep 0.8s
2026-07-19 03:25:02,249 [INFO] Page 25 | Collected: 500
2026-07-19 03:25:02,629 [INFO] Pacing: sleep 0.8s
2026-07-19 03:25:03,410 [INFO] Page 26 | Collected: 500
2026-07-19 03:25:03,837 [INFO] Pacing: sleep 0.5s
2026-07-19 03:25:04,374 [INFO] Page 27 | Collected: 500
2026-07-19 03:25:04,667 [INFO] Pacing: sleep 0.8s
2026-07-19 03:25:05,504 [INFO] Page 28 | Collected: 500
2026-07-19 03:25:05,958 [INFO] Pacing: sleep 0.9s
2026-07-19 03:25:06,821 [INFO] Page 29 | Collected: 500
2026-07-19 03:25:07,097 [INFO] Pacing: sleep 1.3s
2026-07-19 03:25:08,433 [INFO] Page 30 | Collected: 500
2026-07-19 03:25:08,827 [INFO] Pacing: sleep 0.6s
2026-07-19 03:25:09,445 [INFO] Page 31 | Collected: 750
2026-07-19 03:25:09,534 [WARNING] Block detected on page 31: HTTP 429
2026-07-19 03:25:09,534 [INFO] Saved raw HTML for debugging: blocked_0031.html
2026-07-19 03:25:09,534 [WARNING] Initiating ADAPTIVE THROTTLING. Sleeping 180s, switching to SAFE mode.
2026-07-19 03:28:09,535 [INFO] Pacing: sleep 45.3s | Short Cooldown: 37.7s
2026-07-19 03:28:54,824 [INFO] Page 31 | Collected: 750
2026-07-19 03:28:55,105 [INFO] Pacing: sleep 7.5s
2026-07-19 03:29:02,637 [INFO] Page 32 | Collected: 750
2026-07-19 03:29:02,925 [INFO] Pacing: sleep 4.5s
2026-07-19 03:29:07,453 [INFO] Page 33 | Collected: 750
2026-07-19 03:29:07,849 [INFO] Pacing: sleep 5.6s
2026-07-19 03:29:13,436 [INFO] Page 34 | Collected: 750
2026-07-19 03:29:13,747 [INFO] Pacing: sleep 5.3s
2026-07-19 03:29:19,030 [INFO] Page 35 | Collected: 750
2026-07-19 03:29:19,424 [INFO] Pacing: sleep 6.5s
2026-07-19 03:29:25,896 [INFO] Page 36 | Collected: 750
2026-07-19 03:29:26,244 [INFO] Pacing: sleep 6.5s
2026-07-19 03:29:32,754 [INFO] Page 37 | Collected: 750
2026-07-19 03:29:33,049 [INFO] Pacing: sleep 5.3s
2026-07-19 03:29:38,320 [INFO] Page 38 | Collected: 750
2026-07-19 03:29:38,706 [INFO] Pacing: sleep 6.1s
2026-07-19 03:29:44,792 [INFO] Page 39 | Collected: 750
2026-07-19 03:29:45,084 [INFO] Pacing: sleep 5.4s
2026-07-19 03:29:50,435 [INFO] Page 40 | Collected: 750
2026-07-19 03:29:50,812 [INFO] Pacing: sleep 228.7s | Long Cooldown: 222.2s
2026-07-19 03:33:39,536 [INFO] Page 41 | Collected: 1000
2026-07-19 03:33:39,838 [INFO] Pacing: sleep 7.3s
2026-07-19 03:33:47,121 [INFO] Page 42 | Collected: 1000
2026-07-19 03:33:47,402 [INFO] Pacing: sleep 5.0s
2026-07-19 03:33:52,397 [INFO] Page 43 | Collected: 1000
2026-07-19 03:33:52,787 [INFO] Pacing: sleep 5.2s
2026-07-19 03:33:58,003 [INFO] Page 44 | Collected: 1000
2026-07-19 03:33:58,286 [INFO] Pacing: sleep 5.4s
2026-07-19 03:34:03,664 [INFO] Page 45 | Collected: 1000
2026-07-19 03:34:03,984 [INFO] Pacing: sleep 7.8s
2026-07-19 03:34:11,771 [INFO] Page 46 | Collected: 1000
2026-07-19 03:34:12,122 [INFO] Pacing: sleep 7.0s
2026-07-19 03:34:19,073 [INFO] Page 47 | Collected: 1000
2026-07-19 03:34:19,370 [INFO] Pacing: sleep 7.8s
2026-07-19 03:34:27,142 [INFO] Page 48 | Collected: 1000
2026-07-19 03:34:27,481 [INFO] Pacing: sleep 4.7s
2026-07-19 03:34:32,204 [INFO] Page 49 | Collected: 1000
2026-07-19 03:34:32,492 [INFO] Pacing: sleep 4.9s
2026-07-19 03:34:37,383 [INFO] Page 50 | Collected: 1000
2026-07-19 03:34:37,599 [WARNING] Block detected on page 50: Suspicious term found: 'captcha'
2026-07-19 03:34:37,600 [INFO] Saved raw HTML for debugging: blocked_0050.html
2026-07-19 03:34:37,600 [ERROR] Blocked again even after safe mode. Stopping gracefully.
2026-07-19 03:34:37,602 [INFO] Crawl stopped. Reason: adaptive_throttle_failed_page_50. Finalizing...
2026-07-19 03:34:37,602 [INFO] Merging intermediate pages from work_dir: /home/runner/work/steam-diploma/steam-diploma/data/snapshots/data/snapshots/_in_progress/01f9b851-9bbf-48d8-b505-671a205b2f56
