2026-06-21 04:53:21,305 [INFO] Steam Snapshot Collector Started.
2026-06-21 04:53:21,305 [INFO] Speed Mode: fast
2026-06-21 04:53:21,305 [INFO] Work Dir: /home/runner/work/steam-diploma/steam-diploma/data/snapshots
2026-06-21 04:53:21,305 [INFO] Base Output Dir: .
2026-06-21 04:53:21,305 [INFO] Page 1 | Collected: 0
2026-06-21 04:53:21,689 [INFO] Pacing: sleep 1.5s
2026-06-21 04:53:23,149 [INFO] Page 2 | Collected: 0
2026-06-21 04:53:23,475 [INFO] Pacing: sleep 0.7s
2026-06-21 04:53:24,139 [INFO] Page 3 | Collected: 0
2026-06-21 04:53:24,444 [INFO] Pacing: sleep 0.8s
2026-06-21 04:53:25,266 [INFO] Page 4 | Collected: 0
2026-06-21 04:53:25,707 [INFO] Pacing: sleep 1.4s
2026-06-21 04:53:27,150 [INFO] Page 5 | Collected: 0
2026-06-21 04:53:27,490 [INFO] Pacing: sleep 1.5s
2026-06-21 04:53:28,945 [INFO] Page 6 | Collected: 0
2026-06-21 04:53:29,240 [INFO] Pacing: sleep 1.1s
2026-06-21 04:53:30,387 [INFO] Page 7 | Collected: 0
2026-06-21 04:53:30,831 [INFO] Pacing: sleep 0.7s
2026-06-21 04:53:31,532 [INFO] Page 8 | Collected: 0
2026-06-21 04:53:31,861 [INFO] Pacing: sleep 0.7s
2026-06-21 04:53:32,599 [INFO] Page 9 | Collected: 0
2026-06-21 04:53:32,955 [INFO] Pacing: sleep 0.7s
2026-06-21 04:53:33,698 [INFO] Page 10 | Collected: 0
2026-06-21 04:53:34,009 [INFO] Pacing: sleep 1.1s
2026-06-21 04:53:35,105 [INFO] Page 11 | Collected: 250
2026-06-21 04:53:35,469 [INFO] Pacing: sleep 1.5s
2026-06-21 04:53:36,924 [INFO] Page 12 | Collected: 250
2026-06-21 04:53:37,282 [INFO] Pacing: sleep 0.6s
2026-06-21 04:53:37,901 [INFO] Page 13 | Collected: 250
2026-06-21 04:53:38,171 [INFO] Pacing: sleep 1.5s
2026-06-21 04:53:39,629 [INFO] Page 14 | Collected: 250
2026-06-21 04:53:39,956 [INFO] Pacing: sleep 0.9s
2026-06-21 04:53:40,854 [INFO] Page 15 | Collected: 250
2026-06-21 04:53:41,295 [INFO] Pacing: sleep 0.8s
2026-06-21 04:53:42,052 [INFO] Page 16 | Collected: 250
2026-06-21 04:53:42,468 [INFO] Pacing: sleep 0.7s
2026-06-21 04:53:43,168 [INFO] Page 17 | Collected: 250
2026-06-21 04:53:43,606 [INFO] Pacing: sleep 1.4s
2026-06-21 04:53:45,011 [INFO] Page 18 | Collected: 250
2026-06-21 04:53:45,287 [INFO] Pacing: sleep 1.4s
2026-06-21 04:53:46,711 [INFO] Page 19 | Collected: 250
2026-06-21 04:53:46,979 [INFO] Pacing: sleep 0.7s
2026-06-21 04:53:47,704 [INFO] Page 20 | Collected: 250
2026-06-21 04:53:48,069 [INFO] Pacing: sleep 0.6s
2026-06-21 04:53:48,631 [INFO] Page 21 | Collected: 500
2026-06-21 04:53:48,903 [INFO] Pacing: sleep 1.4s
2026-06-21 04:53:50,297 [INFO] Page 22 | Collected: 500
2026-06-21 04:53:50,675 [INFO] Pacing: sleep 0.5s
2026-06-21 04:53:51,199 [INFO] Page 23 | Collected: 500
2026-06-21 04:53:51,466 [INFO] Pacing: sleep 0.7s
2026-06-21 04:53:52,212 [INFO] Page 24 | Collected: 500
2026-06-21 04:53:52,481 [INFO] Pacing: sleep 1.1s
2026-06-21 04:53:53,580 [INFO] Page 25 | Collected: 500
2026-06-21 04:53:53,950 [INFO] Pacing: sleep 1.3s
2026-06-21 04:53:55,272 [INFO] Page 26 | Collected: 500
2026-06-21 04:53:55,564 [INFO] Pacing: sleep 0.8s
2026-06-21 04:53:56,379 [INFO] Page 27 | Collected: 500
2026-06-21 04:53:56,812 [INFO] Pacing: sleep 1.1s
2026-06-21 04:53:57,921 [INFO] Page 28 | Collected: 500
2026-06-21 04:53:58,187 [INFO] Pacing: sleep 0.6s
2026-06-21 04:53:58,813 [INFO] Page 29 | Collected: 500
2026-06-21 04:53:59,074 [INFO] Pacing: sleep 0.7s
2026-06-21 04:53:59,764 [INFO] Page 30 | Collected: 500
2026-06-21 04:54:00,136 [INFO] Pacing: sleep 1.0s
2026-06-21 04:54:01,097 [INFO] Page 31 | Collected: 750
2026-06-21 04:54:01,190 [WARNING] Block detected on page 31: HTTP 429
2026-06-21 04:54:01,190 [INFO] Saved raw HTML for debugging: blocked_0031.html
2026-06-21 04:54:01,190 [WARNING] Initiating ADAPTIVE THROTTLING. Sleeping 180s, switching to SAFE mode.
2026-06-21 04:57:01,190 [INFO] Pacing: sleep 62.9s | Short Cooldown: 57.7s
2026-06-21 04:58:04,073 [INFO] Page 31 | Collected: 750
2026-06-21 04:58:04,352 [INFO] Pacing: sleep 7.9s
2026-06-21 04:58:12,301 [INFO] Page 32 | Collected: 750
2026-06-21 04:58:12,698 [INFO] Pacing: sleep 4.2s
2026-06-21 04:58:16,919 [INFO] Page 33 | Collected: 750
2026-06-21 04:58:17,285 [INFO] Pacing: sleep 7.6s
2026-06-21 04:58:24,857 [INFO] Page 34 | Collected: 750
2026-06-21 04:58:25,196 [INFO] Pacing: sleep 6.9s
2026-06-21 04:58:32,099 [INFO] Page 35 | Collected: 750
2026-06-21 04:58:32,457 [INFO] Pacing: sleep 6.8s
2026-06-21 04:58:39,240 [INFO] Page 36 | Collected: 750
2026-06-21 04:58:39,544 [INFO] Pacing: sleep 4.3s
2026-06-21 04:58:43,801 [INFO] Page 37 | Collected: 750
2026-06-21 04:58:44,082 [INFO] Pacing: sleep 6.3s
2026-06-21 04:58:50,355 [INFO] Page 38 | Collected: 750
2026-06-21 04:58:50,768 [INFO] Pacing: sleep 7.8s
2026-06-21 04:58:58,562 [INFO] Page 39 | Collected: 750
2026-06-21 04:58:58,962 [INFO] Pacing: sleep 4.3s
2026-06-21 04:59:03,248 [INFO] Page 40 | Collected: 750
2026-06-21 04:59:03,735 [INFO] Pacing: sleep 169.7s | Long Cooldown: 165.6s
2026-06-21 05:01:53,403 [INFO] Page 41 | Collected: 1000
2026-06-21 05:01:53,760 [INFO] Pacing: sleep 7.7s
2026-06-21 05:02:01,441 [INFO] Page 42 | Collected: 1000
2026-06-21 05:02:01,758 [INFO] Pacing: sleep 6.1s
2026-06-21 05:02:07,846 [INFO] Page 43 | Collected: 1000
2026-06-21 05:02:08,230 [INFO] Pacing: sleep 6.1s
2026-06-21 05:02:14,308 [INFO] Page 44 | Collected: 1000
2026-06-21 05:02:14,576 [INFO] Pacing: sleep 6.8s
2026-06-21 05:02:21,408 [INFO] Page 45 | Collected: 1000
2026-06-21 05:02:21,759 [INFO] Pacing: sleep 7.0s
2026-06-21 05:02:28,768 [INFO] Page 46 | Collected: 1000
2026-06-21 05:02:29,031 [INFO] Pacing: sleep 7.3s
2026-06-21 05:02:36,377 [INFO] Page 47 | Collected: 1000
2026-06-21 05:02:36,629 [INFO] Pacing: sleep 4.6s
2026-06-21 05:02:41,276 [INFO] Page 48 | Collected: 1000
2026-06-21 05:02:41,727 [INFO] Pacing: sleep 5.3s
2026-06-21 05:02:46,979 [INFO] Page 49 | Collected: 1000
2026-06-21 05:02:47,253 [INFO] Pacing: sleep 7.9s
2026-06-21 05:02:55,117 [INFO] Page 50 | Collected: 1000
2026-06-21 05:02:55,427 [INFO] Pacing: sleep 55.5s | Short Cooldown: 47.8s
2026-06-21 05:03:50,879 [INFO] Page 51 | Collected: 1250
2026-06-21 05:03:51,246 [INFO] Pacing: sleep 4.5s
2026-06-21 05:03:55,764 [INFO] Page 52 | Collected: 1250
2026-06-21 05:03:56,019 [INFO] Pacing: sleep 8.0s
2026-06-21 05:04:04,013 [INFO] Page 53 | Collected: 1250
2026-06-21 05:04:04,375 [INFO] Pacing: sleep 8.0s
2026-06-21 05:04:12,340 [INFO] Page 54 | Collected: 1250
2026-06-21 05:04:12,631 [INFO] Pacing: sleep 4.9s
2026-06-21 05:04:17,487 [INFO] Page 55 | Collected: 1250
2026-06-21 05:04:17,758 [INFO] Pacing: sleep 5.8s
2026-06-21 05:04:23,587 [INFO] Page 56 | Collected: 1250
2026-06-21 05:04:24,049 [INFO] Pacing: sleep 5.8s
2026-06-21 05:04:29,803 [INFO] Page 57 | Collected: 1250
2026-06-21 05:04:30,102 [INFO] Pacing: sleep 4.3s
2026-06-21 05:04:34,363 [INFO] Page 58 | Collected: 1250
2026-06-21 05:04:34,743 [INFO] Pacing: sleep 4.4s
2026-06-21 05:04:39,121 [INFO] Page 59 | Collected: 1250
2026-06-21 05:04:39,394 [INFO] Pacing: sleep 4.7s
2026-06-21 05:04:44,055 [INFO] Page 60 | Collected: 1250
2026-06-21 05:04:44,360 [INFO] Pacing: sleep 63.4s | Short Cooldown: 56.4s
2026-06-21 05:05:47,764 [INFO] Page 61 | Collected: 1500
2026-06-21 05:05:48,173 [INFO] Pacing: sleep 6.6s
2026-06-21 05:05:54,762 [INFO] Page 62 | Collected: 1500
2026-06-21 05:05:55,076 [INFO] Pacing: sleep 7.5s
2026-06-21 05:06:02,587 [INFO] Page 63 | Collected: 1500
2026-06-21 05:06:03,270 [INFO] Pacing: sleep 6.1s
2026-06-21 05:06:09,416 [INFO] Page 64 | Collected: 1500
2026-06-21 05:06:09,773 [INFO] Pacing: sleep 8.0s
2026-06-21 05:06:17,771 [INFO] Page 65 | Collected: 1500
2026-06-21 05:06:18,157 [INFO] Pacing: sleep 7.5s
2026-06-21 05:06:25,618 [INFO] Page 66 | Collected: 1500
2026-06-21 05:06:26,157 [INFO] Pacing: sleep 4.8s
2026-06-21 05:06:30,952 [INFO] Page 67 | Collected: 1500
2026-06-21 05:06:31,272 [INFO] Pacing: sleep 6.9s
2026-06-21 05:06:38,158 [INFO] Page 68 | Collected: 1500
2026-06-21 05:06:38,536 [INFO] Pacing: sleep 5.1s
2026-06-21 05:06:43,624 [INFO] Page 69 | Collected: 1500
2026-06-21 05:06:44,114 [INFO] Pacing: sleep 7.4s
2026-06-21 05:06:51,543 [INFO] Page 70 | Collected: 1500
2026-06-21 05:06:51,890 [INFO] Pacing: sleep 62.7s | Short Cooldown: 54.9s
2026-06-21 05:07:54,636 [INFO] Page 71 | Collected: 1750
2026-06-21 05:07:55,006 [INFO] Pacing: sleep 8.0s
2026-06-21 05:08:02,963 [INFO] Page 72 | Collected: 1750
2026-06-21 05:08:03,224 [INFO] Pacing: sleep 5.9s
2026-06-21 05:08:09,158 [INFO] Page 73 | Collected: 1750
2026-06-21 05:08:09,473 [INFO] Pacing: sleep 6.9s
2026-06-21 05:08:16,408 [INFO] Page 74 | Collected: 1750
2026-06-21 05:08:16,823 [INFO] Pacing: sleep 5.9s
2026-06-21 05:08:22,742 [INFO] Page 75 | Collected: 1750
2026-06-21 05:08:23,093 [INFO] Pacing: sleep 5.0s
2026-06-21 05:08:28,087 [INFO] Page 76 | Collected: 1750
2026-06-21 05:08:28,488 [INFO] Pacing: sleep 5.4s
2026-06-21 05:08:33,879 [INFO] Page 77 | Collected: 1750
2026-06-21 05:08:34,185 [INFO] Pacing: sleep 6.0s
2026-06-21 05:08:40,161 [INFO] Page 78 | Collected: 1750
2026-06-21 05:08:40,445 [INFO] Pacing: sleep 4.2s
2026-06-21 05:08:44,599 [INFO] Page 79 | Collected: 1750
2026-06-21 05:08:45,006 [INFO] Pacing: sleep 7.4s
2026-06-21 05:08:52,423 [INFO] Page 80 | Collected: 1750
2026-06-21 05:08:52,701 [INFO] Pacing: sleep 207.0s | Long Cooldown: 200.5s
2026-06-21 05:12:19,724 [INFO] Page 81 | Collected: 2000
2026-06-21 05:12:20,080 [INFO] Pacing: sleep 7.5s
2026-06-21 05:12:27,582 [INFO] Page 82 | Collected: 2000
2026-06-21 05:12:27,851 [INFO] Pacing: sleep 6.9s
2026-06-21 05:12:34,728 [INFO] Page 83 | Collected: 2000
2026-06-21 05:12:35,011 [INFO] Pacing: sleep 7.5s
2026-06-21 05:12:42,497 [INFO] Page 84 | Collected: 2000
2026-06-21 05:12:43,004 [INFO] Pacing: sleep 6.4s
2026-06-21 05:12:49,443 [INFO] Page 85 | Collected: 2000
2026-06-21 05:12:49,729 [INFO] Pacing: sleep 5.8s
2026-06-21 05:12:55,526 [INFO] Page 86 | Collected: 2000
2026-06-21 05:12:55,809 [INFO] Pacing: sleep 7.0s
2026-06-21 05:13:02,791 [INFO] Page 87 | Collected: 2000
2026-06-21 05:13:03,157 [INFO] Pacing: sleep 7.0s
2026-06-21 05:13:10,132 [INFO] Page 88 | Collected: 2000
2026-06-21 05:13:10,398 [INFO] Pacing: sleep 7.3s
2026-06-21 05:13:17,684 [INFO] Page 89 | Collected: 2000
2026-06-21 05:13:18,058 [INFO] Pacing: sleep 5.5s
2026-06-21 05:13:23,591 [INFO] Page 90 | Collected: 2000
2026-06-21 05:13:23,903 [INFO] Pacing: sleep 41.0s | Short Cooldown: 36.1s
2026-06-21 05:14:04,903 [INFO] Page 91 | Collected: 2250
2026-06-21 05:14:05,181 [INFO] Pacing: sleep 5.9s
2026-06-21 05:14:11,073 [INFO] Page 92 | Collected: 2250
2026-06-21 05:14:11,544 [INFO] Pacing: sleep 5.2s
2026-06-21 05:14:16,717 [INFO] Page 93 | Collected: 2250
2026-06-21 05:14:16,991 [INFO] Pacing: sleep 4.4s
2026-06-21 05:14:21,343 [INFO] Page 94 | Collected: 2250
2026-06-21 05:14:21,701 [INFO] Pacing: sleep 5.2s
2026-06-21 05:14:26,889 [INFO] Page 95 | Collected: 2250
2026-06-21 05:14:27,180 [INFO] Pacing: sleep 7.6s
2026-06-21 05:14:34,796 [INFO] Page 96 | Collected: 2250
2026-06-21 05:14:35,080 [INFO] Pacing: sleep 4.3s
2026-06-21 05:14:39,402 [INFO] Page 97 | Collected: 2250
2026-06-21 05:14:39,814 [INFO] Pacing: sleep 7.4s
2026-06-21 05:14:47,174 [INFO] Page 98 | Collected: 2250
2026-06-21 05:14:47,485 [INFO] Pacing: sleep 6.3s
2026-06-21 05:14:53,825 [INFO] Page 99 | Collected: 2250
2026-06-21 05:14:54,205 [WARNING] Page 99 had 1 duplicate appids seen previously.
2026-06-21 05:14:54,205 [INFO] Pacing: sleep 4.9s
2026-06-21 05:14:59,121 [INFO] Page 100 | Collected: 2250
2026-06-21 05:14:59,303 [WARNING] Block detected on page 100: Suspicious term found: 'captcha'
2026-06-21 05:14:59,304 [INFO] Saved raw HTML for debugging: blocked_0100.html
2026-06-21 05:14:59,304 [ERROR] Blocked again even after safe mode. Stopping gracefully.
2026-06-21 05:14:59,306 [INFO] Crawl stopped. Reason: adaptive_throttle_failed_page_100. Finalizing...
2026-06-21 05:14:59,307 [INFO] Merging intermediate pages from work_dir: /home/runner/work/steam-diploma/steam-diploma/data/snapshots/data/snapshots/_in_progress/e5c2b665-8f4a-407d-a087-25f0c582e8a6
2026-06-21 05:14:59,328 [WARNING] Found 1 duplicate appids across the snapshot.
