2026-07-14 02:53:19,319 [INFO] Steam Snapshot Collector Started.
2026-07-14 02:53:19,319 [INFO] Speed Mode: fast
2026-07-14 02:53:19,319 [INFO] Work Dir: /home/runner/work/steam-diploma/steam-diploma/data/snapshots
2026-07-14 02:53:19,319 [INFO] Base Output Dir: .
2026-07-14 02:53:19,320 [INFO] Page 1 | Collected: 0
2026-07-14 02:53:19,735 [INFO] Pacing: sleep 1.1s
2026-07-14 02:53:20,860 [INFO] Page 2 | Collected: 0
2026-07-14 02:53:21,182 [INFO] Pacing: sleep 0.5s
2026-07-14 02:53:21,704 [INFO] Page 3 | Collected: 0
2026-07-14 02:53:21,982 [INFO] Pacing: sleep 0.8s
2026-07-14 02:53:22,817 [INFO] Page 4 | Collected: 0
2026-07-14 02:53:23,149 [INFO] Pacing: sleep 1.1s
2026-07-14 02:53:24,268 [INFO] Page 5 | Collected: 0
2026-07-14 02:53:24,503 [INFO] Pacing: sleep 1.3s
2026-07-14 02:53:25,805 [INFO] Page 6 | Collected: 0
2026-07-14 02:53:26,047 [INFO] Pacing: sleep 1.1s
2026-07-14 02:53:27,160 [INFO] Page 7 | Collected: 0
2026-07-14 02:53:27,492 [INFO] Pacing: sleep 1.1s
2026-07-14 02:53:28,586 [INFO] Page 8 | Collected: 0
2026-07-14 02:53:28,865 [INFO] Pacing: sleep 0.8s
2026-07-14 02:53:29,643 [INFO] Page 9 | Collected: 0
2026-07-14 02:53:29,950 [INFO] Pacing: sleep 1.4s
2026-07-14 02:53:31,391 [INFO] Page 10 | Collected: 0
2026-07-14 02:53:31,646 [INFO] Pacing: sleep 1.4s
2026-07-14 02:53:33,033 [INFO] Page 11 | Collected: 250
2026-07-14 02:53:33,265 [INFO] Pacing: sleep 0.7s
2026-07-14 02:53:33,968 [INFO] Page 12 | Collected: 250
2026-07-14 02:53:34,299 [INFO] Pacing: sleep 0.9s
2026-07-14 02:53:35,179 [INFO] Page 13 | Collected: 250
2026-07-14 02:53:35,475 [INFO] Pacing: sleep 0.7s
2026-07-14 02:53:36,216 [INFO] Page 14 | Collected: 250
2026-07-14 02:53:36,480 [INFO] Pacing: sleep 0.8s
2026-07-14 02:53:37,328 [INFO] Page 15 | Collected: 250
2026-07-14 02:53:37,671 [INFO] Pacing: sleep 1.0s
2026-07-14 02:53:38,664 [INFO] Page 16 | Collected: 250
2026-07-14 02:53:38,943 [INFO] Pacing: sleep 1.2s
2026-07-14 02:53:40,191 [INFO] Page 17 | Collected: 250
2026-07-14 02:53:40,506 [INFO] Pacing: sleep 1.5s
2026-07-14 02:53:41,979 [INFO] Page 18 | Collected: 250
2026-07-14 02:53:42,286 [INFO] Pacing: sleep 1.4s
2026-07-14 02:53:43,675 [INFO] Page 19 | Collected: 250
2026-07-14 02:53:43,958 [INFO] Pacing: sleep 0.6s
2026-07-14 02:53:44,583 [INFO] Page 20 | Collected: 250
2026-07-14 02:53:44,959 [INFO] Pacing: sleep 0.6s
2026-07-14 02:53:45,513 [INFO] Page 21 | Collected: 500
2026-07-14 02:53:45,782 [INFO] Pacing: sleep 1.4s
2026-07-14 02:53:47,184 [INFO] Page 22 | Collected: 500
2026-07-14 02:53:47,555 [INFO] Pacing: sleep 0.7s
2026-07-14 02:53:48,216 [INFO] Page 23 | Collected: 500
2026-07-14 02:53:48,467 [INFO] Pacing: sleep 1.5s
2026-07-14 02:53:49,939 [INFO] Page 24 | Collected: 500
2026-07-14 02:53:50,187 [INFO] Pacing: sleep 1.4s
2026-07-14 02:53:51,557 [INFO] Page 25 | Collected: 500
2026-07-14 02:53:51,939 [INFO] Pacing: sleep 0.6s
2026-07-14 02:53:52,538 [INFO] Page 26 | Collected: 500
2026-07-14 02:53:52,904 [INFO] Pacing: sleep 1.2s
2026-07-14 02:53:54,088 [INFO] Page 27 | Collected: 500
2026-07-14 02:53:54,364 [INFO] Pacing: sleep 1.0s
2026-07-14 02:53:55,379 [INFO] Page 28 | Collected: 500
2026-07-14 02:53:55,705 [INFO] Pacing: sleep 1.3s
2026-07-14 02:53:56,976 [INFO] Page 29 | Collected: 500
2026-07-14 02:53:57,232 [INFO] Pacing: sleep 1.0s
2026-07-14 02:53:58,259 [INFO] Page 30 | Collected: 500
2026-07-14 02:53:58,561 [INFO] Pacing: sleep 1.2s
2026-07-14 02:53:59,730 [INFO] Page 31 | Collected: 750
2026-07-14 02:53:59,775 [WARNING] Block detected on page 31: HTTP 429
2026-07-14 02:53:59,775 [INFO] Saved raw HTML for debugging: blocked_0031.html
2026-07-14 02:53:59,775 [WARNING] Initiating ADAPTIVE THROTTLING. Sleeping 180s, switching to SAFE mode.
2026-07-14 02:56:59,776 [INFO] Pacing: sleep 67.4s | Short Cooldown: 59.9s
2026-07-14 02:58:07,179 [INFO] Page 31 | Collected: 750
2026-07-14 02:58:07,436 [INFO] Pacing: sleep 5.0s
2026-07-14 02:58:12,426 [INFO] Page 32 | Collected: 750
2026-07-14 02:58:12,755 [INFO] Pacing: sleep 5.1s
2026-07-14 02:58:17,851 [INFO] Page 33 | Collected: 750
2026-07-14 02:58:18,161 [INFO] Pacing: sleep 7.9s
2026-07-14 02:58:26,019 [INFO] Page 34 | Collected: 750
2026-07-14 02:58:26,267 [INFO] Pacing: sleep 7.0s
2026-07-14 02:58:33,317 [INFO] Page 35 | Collected: 750
2026-07-14 02:58:33,602 [INFO] Pacing: sleep 7.4s
2026-07-14 02:58:40,969 [INFO] Page 36 | Collected: 750
2026-07-14 02:58:41,223 [INFO] Pacing: sleep 7.3s
2026-07-14 02:58:48,510 [INFO] Page 37 | Collected: 750
2026-07-14 02:58:48,794 [INFO] Pacing: sleep 4.6s
2026-07-14 02:58:53,439 [INFO] Page 38 | Collected: 750
2026-07-14 02:58:53,824 [INFO] Pacing: sleep 5.7s
2026-07-14 02:58:59,489 [INFO] Page 39 | Collected: 750
2026-07-14 02:58:59,780 [INFO] Pacing: sleep 5.2s
2026-07-14 02:59:04,956 [INFO] Page 40 | Collected: 750
2026-07-14 02:59:05,326 [INFO] Pacing: sleep 168.4s | Long Cooldown: 161.6s
2026-07-14 03:01:53,775 [INFO] Page 41 | Collected: 1000
2026-07-14 03:01:54,038 [INFO] Pacing: sleep 6.5s
2026-07-14 03:02:00,510 [INFO] Page 42 | Collected: 1000
2026-07-14 03:02:00,771 [INFO] Pacing: sleep 5.7s
2026-07-14 03:02:06,485 [INFO] Page 43 | Collected: 1000
2026-07-14 03:02:29,017 [INFO] Pacing: sleep 7.0s
2026-07-14 03:02:35,968 [INFO] Page 44 | Collected: 1000
2026-07-14 03:02:36,642 [INFO] Pacing: sleep 5.1s
2026-07-14 03:02:41,772 [INFO] Page 45 | Collected: 1000
2026-07-14 03:02:42,207 [INFO] Pacing: sleep 7.2s
2026-07-14 03:02:49,401 [INFO] Page 46 | Collected: 1000
2026-07-14 03:02:50,048 [INFO] Pacing: sleep 6.3s
2026-07-14 03:02:56,307 [INFO] Page 47 | Collected: 1000
2026-07-14 03:02:57,096 [INFO] Pacing: sleep 7.1s
2026-07-14 03:03:04,243 [INFO] Page 48 | Collected: 1000
2026-07-14 03:03:04,906 [INFO] Pacing: sleep 5.5s
2026-07-14 03:03:10,421 [INFO] Page 49 | Collected: 1000
2026-07-14 03:03:10,883 [INFO] Pacing: sleep 5.1s
2026-07-14 03:03:15,970 [INFO] Page 50 | Collected: 1000
2026-07-14 03:03:16,210 [INFO] Pacing: sleep 65.1s | Short Cooldown: 59.2s
2026-07-14 03:04:21,271 [INFO] Page 51 | Collected: 1250
2026-07-14 03:04:21,604 [INFO] Pacing: sleep 6.3s
2026-07-14 03:04:27,905 [INFO] Page 52 | Collected: 1250
2026-07-14 03:04:28,052 [WARNING] Block detected on page 52: Suspicious term found: 'captcha'
2026-07-14 03:04:28,053 [INFO] Saved raw HTML for debugging: blocked_0052.html
2026-07-14 03:04:28,053 [ERROR] Blocked again even after safe mode. Stopping gracefully.
2026-07-14 03:04:28,054 [INFO] Crawl stopped. Reason: adaptive_throttle_failed_page_52. Finalizing...
2026-07-14 03:04:28,054 [INFO] Merging intermediate pages from work_dir: /home/runner/work/steam-diploma/steam-diploma/data/snapshots/data/snapshots/_in_progress/aff1ae56-8c7d-47eb-a115-0263ebe7e201
