2026-06-27 13:54:30,114 [INFO] Steam Snapshot Collector Started.
2026-06-27 13:54:30,115 [INFO] Speed Mode: fast
2026-06-27 13:54:30,115 [INFO] Work Dir: /home/runner/work/steam-diploma/steam-diploma/data/snapshots
2026-06-27 13:54:30,115 [INFO] Base Output Dir: .
2026-06-27 13:54:30,115 [INFO] Page 1 | Collected: 0
2026-06-27 13:54:30,456 [INFO] Pacing: sleep 1.5s
2026-06-27 13:54:31,926 [INFO] Page 2 | Collected: 0
2026-06-27 13:54:32,284 [INFO] Pacing: sleep 0.7s
2026-06-27 13:54:33,002 [INFO] Page 3 | Collected: 0
2026-06-27 13:54:33,316 [INFO] Pacing: sleep 1.4s
2026-06-27 13:54:34,678 [INFO] Page 4 | Collected: 0
2026-06-27 13:54:35,173 [INFO] Pacing: sleep 0.7s
2026-06-27 13:54:35,845 [INFO] Page 5 | Collected: 0
2026-06-27 13:54:36,110 [INFO] Pacing: sleep 0.7s
2026-06-27 13:54:36,832 [INFO] Page 6 | Collected: 0
2026-06-27 13:54:37,093 [INFO] Pacing: sleep 1.1s
2026-06-27 13:54:38,195 [INFO] Page 7 | Collected: 0
2026-06-27 13:54:38,521 [INFO] Pacing: sleep 1.2s
2026-06-27 13:54:39,724 [INFO] Page 8 | Collected: 0
2026-06-27 13:54:40,019 [INFO] Pacing: sleep 0.9s
2026-06-27 13:54:40,946 [INFO] Page 9 | Collected: 0
2026-06-27 13:54:41,321 [INFO] Pacing: sleep 1.1s
2026-06-27 13:54:42,436 [INFO] Page 10 | Collected: 0
2026-06-27 13:54:42,702 [INFO] Pacing: sleep 1.1s
2026-06-27 13:54:43,814 [INFO] Page 11 | Collected: 250
2026-06-27 13:54:44,110 [INFO] Pacing: sleep 1.1s
2026-06-27 13:54:45,196 [INFO] Page 12 | Collected: 250
2026-06-27 13:54:45,543 [INFO] Pacing: sleep 0.7s
2026-06-27 13:54:46,287 [INFO] Page 13 | Collected: 250
2026-06-27 13:54:46,565 [INFO] Pacing: sleep 1.0s
2026-06-27 13:54:47,534 [INFO] Page 14 | Collected: 250
2026-06-27 13:54:47,793 [INFO] Pacing: sleep 1.0s
2026-06-27 13:54:48,745 [INFO] Page 15 | Collected: 250
2026-06-27 13:54:49,094 [INFO] Pacing: sleep 1.1s
2026-06-27 13:54:50,209 [INFO] Page 16 | Collected: 250
2026-06-27 13:54:50,514 [INFO] Pacing: sleep 1.3s
2026-06-27 13:54:51,815 [INFO] Page 17 | Collected: 250
2026-06-27 13:54:52,149 [INFO] Pacing: sleep 1.1s
2026-06-27 13:54:53,289 [INFO] Page 18 | Collected: 250
2026-06-27 13:54:53,672 [INFO] Pacing: sleep 1.1s
2026-06-27 13:54:54,726 [INFO] Page 19 | Collected: 250
2026-06-27 13:54:54,987 [INFO] Pacing: sleep 0.8s
2026-06-27 13:54:55,814 [INFO] Page 20 | Collected: 250
2026-06-27 13:54:56,217 [INFO] Pacing: sleep 0.9s
2026-06-27 13:54:57,118 [INFO] Page 21 | Collected: 500
2026-06-27 13:54:57,381 [INFO] Pacing: sleep 0.7s
2026-06-27 13:54:58,042 [INFO] Page 22 | Collected: 500
2026-06-27 13:54:58,364 [INFO] Pacing: sleep 0.8s
2026-06-27 13:54:59,155 [INFO] Page 23 | Collected: 500
2026-06-27 13:54:59,426 [INFO] Pacing: sleep 1.3s
2026-06-27 13:55:00,710 [INFO] Page 24 | Collected: 500
2026-06-27 13:55:00,987 [INFO] Pacing: sleep 1.5s
2026-06-27 13:55:02,465 [INFO] Page 25 | Collected: 500
2026-06-27 13:55:02,812 [INFO] Pacing: sleep 1.3s
2026-06-27 13:55:04,153 [INFO] Page 26 | Collected: 500
2026-06-27 13:55:04,407 [INFO] Pacing: sleep 0.5s
2026-06-27 13:55:04,921 [INFO] Page 27 | Collected: 500
2026-06-27 13:55:05,303 [INFO] Pacing: sleep 1.0s
2026-06-27 13:55:06,269 [INFO] Page 28 | Collected: 500
2026-06-27 13:55:06,539 [INFO] Pacing: sleep 1.3s
2026-06-27 13:55:07,877 [INFO] Page 29 | Collected: 500
2026-06-27 13:55:08,139 [INFO] Pacing: sleep 0.5s
2026-06-27 13:55:08,680 [INFO] Page 30 | Collected: 500
2026-06-27 13:55:09,023 [INFO] Pacing: sleep 0.8s
2026-06-27 13:55:09,788 [INFO] Page 31 | Collected: 750
2026-06-27 13:55:09,867 [WARNING] Block detected on page 31: HTTP 429
2026-06-27 13:55:09,867 [INFO] Saved raw HTML for debugging: blocked_0031.html
2026-06-27 13:55:09,867 [WARNING] Initiating ADAPTIVE THROTTLING. Sleeping 180s, switching to SAFE mode.
2026-06-27 13:58:09,867 [INFO] Pacing: sleep 38.3s | Short Cooldown: 30.9s
2026-06-27 13:58:48,150 [INFO] Page 31 | Collected: 750
2026-06-27 13:58:48,544 [INFO] Pacing: sleep 6.0s
2026-06-27 13:58:54,507 [INFO] Page 32 | Collected: 750
2026-06-27 13:58:54,870 [INFO] Pacing: sleep 4.2s
2026-06-27 13:58:59,072 [INFO] Page 33 | Collected: 750
2026-06-27 13:58:59,397 [INFO] Pacing: sleep 7.4s
2026-06-27 13:59:06,809 [INFO] Page 34 | Collected: 750
2026-06-27 13:59:07,077 [INFO] Pacing: sleep 4.4s
2026-06-27 13:59:11,436 [INFO] Page 35 | Collected: 750
2026-06-27 13:59:11,773 [INFO] Pacing: sleep 6.2s
2026-06-27 13:59:17,991 [INFO] Page 36 | Collected: 750
2026-06-27 13:59:18,292 [INFO] Pacing: sleep 7.4s
2026-06-27 13:59:25,697 [INFO] Page 37 | Collected: 750
2026-06-27 13:59:25,979 [INFO] Pacing: sleep 4.2s
2026-06-27 13:59:30,167 [INFO] Page 38 | Collected: 750
2026-06-27 13:59:30,521 [INFO] Pacing: sleep 4.8s
2026-06-27 13:59:35,292 [INFO] Page 39 | Collected: 750
2026-06-27 13:59:35,548 [INFO] Pacing: sleep 6.1s
2026-06-27 13:59:41,642 [INFO] Page 40 | Collected: 750
2026-06-27 13:59:42,007 [INFO] Pacing: sleep 243.0s | Long Cooldown: 236.4s
2026-06-27 14:03:45,032 [INFO] Page 41 | Collected: 1000
2026-06-27 14:03:45,296 [INFO] Pacing: sleep 7.5s
2026-06-27 14:03:52,748 [INFO] Page 42 | Collected: 1000
2026-06-27 14:03:53,060 [INFO] Pacing: sleep 6.6s
2026-06-27 14:03:59,693 [INFO] Page 43 | Collected: 1000
2026-06-27 14:04:00,023 [INFO] Pacing: sleep 6.1s
2026-06-27 14:04:06,083 [INFO] Page 44 | Collected: 1000
2026-06-27 14:04:06,510 [INFO] Pacing: sleep 6.9s
2026-06-27 14:04:13,414 [INFO] Page 45 | Collected: 1000
2026-06-27 14:04:13,748 [INFO] Pacing: sleep 5.4s
2026-06-27 14:04:19,166 [INFO] Page 46 | Collected: 1000
2026-06-27 14:04:19,450 [INFO] Pacing: sleep 5.7s
2026-06-27 14:04:25,157 [INFO] Page 47 | Collected: 1000
2026-06-27 14:04:25,434 [INFO] Pacing: sleep 4.6s
2026-06-27 14:04:29,989 [INFO] Page 48 | Collected: 1000
2026-06-27 14:04:30,378 [INFO] Pacing: sleep 7.3s
2026-06-27 14:04:37,677 [INFO] Page 49 | Collected: 1000
2026-06-27 14:04:37,975 [INFO] Pacing: sleep 5.4s
2026-06-27 14:04:43,370 [INFO] Page 50 | Collected: 1000
2026-06-27 14:04:43,671 [INFO] Pacing: sleep 60.1s | Short Cooldown: 53.6s
2026-06-27 14:05:43,755 [INFO] Page 51 | Collected: 1250
2026-06-27 14:05:44,129 [INFO] Pacing: sleep 4.6s
2026-06-27 14:05:48,714 [INFO] Page 52 | Collected: 1250
2026-06-27 14:05:48,974 [WARNING] Page 52 had 1 duplicate appids seen previously.
2026-06-27 14:05:48,974 [INFO] Pacing: sleep 7.7s
2026-06-27 14:05:56,698 [INFO] Page 53 | Collected: 1250
2026-06-27 14:05:57,015 [INFO] Pacing: sleep 5.2s
2026-06-27 14:06:02,241 [INFO] Page 54 | Collected: 1250
2026-06-27 14:06:02,495 [INFO] Pacing: sleep 6.4s
2026-06-27 14:06:08,887 [INFO] Page 55 | Collected: 1250
2026-06-27 14:06:09,159 [INFO] Pacing: sleep 4.5s
2026-06-27 14:06:13,614 [INFO] Page 56 | Collected: 1250
2026-06-27 14:06:13,955 [INFO] Pacing: sleep 4.4s
2026-06-27 14:06:18,339 [INFO] Page 57 | Collected: 1250
2026-06-27 14:06:18,607 [INFO] Pacing: sleep 7.4s
2026-06-27 14:06:26,018 [INFO] Page 58 | Collected: 1250
2026-06-27 14:06:26,315 [INFO] Pacing: sleep 7.0s
2026-06-27 14:06:33,298 [INFO] Page 59 | Collected: 1250
2026-06-27 14:06:33,565 [INFO] Pacing: sleep 6.6s
2026-06-27 14:06:40,154 [INFO] Page 60 | Collected: 1250
2026-06-27 14:06:40,442 [INFO] Pacing: sleep 38.3s | Short Cooldown: 30.3s
2026-06-27 14:07:18,705 [INFO] Page 61 | Collected: 1500
2026-06-27 14:07:19,048 [INFO] Pacing: sleep 5.4s
2026-06-27 14:07:24,449 [INFO] Page 62 | Collected: 1500
2026-06-27 14:07:24,726 [INFO] Pacing: sleep 7.8s
2026-06-27 14:07:32,483 [INFO] Page 63 | Collected: 1500
2026-06-27 14:07:33,465 [INFO] Pacing: sleep 6.4s
2026-06-27 14:07:39,837 [INFO] Page 64 | Collected: 1500
2026-06-27 14:07:40,233 [INFO] Pacing: sleep 6.8s
2026-06-27 14:07:47,015 [INFO] Page 65 | Collected: 1500
2026-06-27 14:07:47,312 [INFO] Pacing: sleep 4.1s
2026-06-27 14:07:51,421 [INFO] Page 66 | Collected: 1500
2026-06-27 14:07:51,759 [INFO] Pacing: sleep 5.3s
2026-06-27 14:07:57,027 [INFO] Page 67 | Collected: 1500
2026-06-27 14:07:57,311 [INFO] Pacing: sleep 4.1s
2026-06-27 14:08:01,431 [INFO] Page 68 | Collected: 1500
2026-06-27 14:08:01,684 [INFO] Pacing: sleep 7.2s
2026-06-27 14:08:08,894 [INFO] Page 69 | Collected: 1500
2026-06-27 14:08:09,233 [INFO] Pacing: sleep 7.0s
2026-06-27 14:08:16,221 [INFO] Page 70 | Collected: 1500
2026-06-27 14:08:16,471 [INFO] Pacing: sleep 46.6s | Short Cooldown: 40.5s
2026-06-27 14:09:03,071 [INFO] Page 71 | Collected: 1750
2026-06-27 14:09:03,473 [INFO] Pacing: sleep 5.4s
2026-06-27 14:09:08,886 [INFO] Page 72 | Collected: 1750
2026-06-27 14:09:09,147 [INFO] Pacing: sleep 7.1s
2026-06-27 14:09:16,294 [INFO] Page 73 | Collected: 1750
2026-06-27 14:09:16,591 [WARNING] Block detected on page 73: Suspicious term found: 'captcha'
2026-06-27 14:09:16,592 [INFO] Saved raw HTML for debugging: blocked_0073.html
2026-06-27 14:09:16,592 [ERROR] Blocked again even after safe mode. Stopping gracefully.
2026-06-27 14:09:16,593 [INFO] Crawl stopped. Reason: adaptive_throttle_failed_page_73. Finalizing...
2026-06-27 14:09:16,593 [INFO] Merging intermediate pages from work_dir: /home/runner/work/steam-diploma/steam-diploma/data/snapshots/data/snapshots/_in_progress/fc5d0fcf-d442-419f-b386-c618b3e7ea0b
2026-06-27 14:09:16,612 [WARNING] Found 1 duplicate appids across the snapshot.
