2026-06-10 15:51:34,611 [INFO] Steam Snapshot Collector Started.
2026-06-10 15:51:34,611 [INFO] Speed Mode: fast
2026-06-10 15:51:34,611 [INFO] Work Dir: /home/runner/work/steam-diploma/steam-diploma/data/snapshots
2026-06-10 15:51:34,611 [INFO] Base Output Dir: .
2026-06-10 15:51:34,612 [INFO] Page 1 | Collected: 0
2026-06-10 15:51:35,039 [INFO] Pacing: sleep 0.6s
2026-06-10 15:51:35,650 [INFO] Page 2 | Collected: 0
2026-06-10 15:51:36,025 [INFO] Pacing: sleep 1.5s
2026-06-10 15:51:37,520 [INFO] Page 3 | Collected: 0
2026-06-10 15:51:37,922 [INFO] Pacing: sleep 0.8s
2026-06-10 15:51:38,751 [INFO] Page 4 | Collected: 0
2026-06-10 15:51:39,159 [INFO] Pacing: sleep 0.9s
2026-06-10 15:51:40,053 [INFO] Page 5 | Collected: 0
2026-06-10 15:51:40,466 [INFO] Pacing: sleep 0.6s
2026-06-10 15:51:41,034 [INFO] Page 6 | Collected: 0
2026-06-10 15:51:41,416 [INFO] Pacing: sleep 1.2s
2026-06-10 15:51:42,641 [INFO] Page 7 | Collected: 0
2026-06-10 15:51:43,034 [INFO] Pacing: sleep 0.8s
2026-06-10 15:51:43,864 [INFO] Page 8 | Collected: 0
2026-06-10 15:51:44,238 [INFO] Pacing: sleep 0.8s
2026-06-10 15:51:45,065 [INFO] Page 9 | Collected: 0
2026-06-10 15:51:45,530 [INFO] Pacing: sleep 1.2s
2026-06-10 15:51:46,766 [INFO] Page 10 | Collected: 0
2026-06-10 15:51:47,152 [INFO] Pacing: sleep 0.7s
2026-06-10 15:51:47,875 [INFO] Page 11 | Collected: 250
2026-06-10 15:51:48,338 [INFO] Pacing: sleep 0.7s
2026-06-10 15:51:49,078 [INFO] Page 12 | Collected: 250
2026-06-10 15:51:49,459 [INFO] Pacing: sleep 0.9s
2026-06-10 15:51:50,367 [INFO] Page 13 | Collected: 250
2026-06-10 15:51:50,761 [INFO] Pacing: sleep 0.8s
2026-06-10 15:51:51,590 [INFO] Page 14 | Collected: 250
2026-06-10 15:51:52,089 [INFO] Pacing: sleep 1.4s
2026-06-10 15:51:53,454 [INFO] Page 15 | Collected: 250
2026-06-10 15:51:53,924 [INFO] Pacing: sleep 1.2s
2026-06-10 15:51:55,093 [INFO] Page 16 | Collected: 250
2026-06-10 15:51:55,398 [INFO] Pacing: sleep 0.9s
2026-06-10 15:51:56,291 [INFO] Page 17 | Collected: 250
2026-06-10 15:51:56,698 [INFO] Pacing: sleep 1.2s
2026-06-10 15:51:57,901 [INFO] Page 18 | Collected: 250
2026-06-10 15:51:58,337 [INFO] Pacing: sleep 1.0s
2026-06-10 15:51:59,289 [INFO] Page 19 | Collected: 250
2026-06-10 15:51:59,629 [INFO] Pacing: sleep 0.9s
2026-06-10 15:52:00,480 [INFO] Page 20 | Collected: 250
2026-06-10 15:52:01,040 [INFO] Pacing: sleep 1.0s
2026-06-10 15:52:01,997 [INFO] Page 21 | Collected: 500
2026-06-10 15:52:02,326 [INFO] Pacing: sleep 1.1s
2026-06-10 15:52:03,396 [INFO] Page 22 | Collected: 500
2026-06-10 15:52:03,821 [INFO] Pacing: sleep 0.5s
2026-06-10 15:52:04,337 [INFO] Page 23 | Collected: 500
2026-06-10 15:52:04,645 [INFO] Pacing: sleep 0.7s
2026-06-10 15:52:05,330 [INFO] Page 24 | Collected: 500
2026-06-10 15:52:05,696 [INFO] Pacing: sleep 0.9s
2026-06-10 15:52:06,576 [INFO] Page 25 | Collected: 500
2026-06-10 15:52:07,147 [INFO] Pacing: sleep 0.6s
2026-06-10 15:52:07,698 [INFO] Page 26 | Collected: 500
2026-06-10 15:52:08,020 [INFO] Pacing: sleep 0.6s
2026-06-10 15:52:08,642 [INFO] Page 27 | Collected: 500
2026-06-10 15:52:09,009 [INFO] Pacing: sleep 1.3s
2026-06-10 15:52:10,326 [INFO] Page 28 | Collected: 500
2026-06-10 15:52:10,645 [INFO] Pacing: sleep 1.0s
2026-06-10 15:52:11,671 [INFO] Page 29 | Collected: 500
2026-06-10 15:52:11,989 [INFO] Pacing: sleep 1.5s
2026-06-10 15:52:13,458 [INFO] Page 30 | Collected: 500
2026-06-10 15:52:13,915 [INFO] Pacing: sleep 0.7s
2026-06-10 15:52:14,662 [INFO] Page 31 | Collected: 750
2026-06-10 15:52:14,833 [WARNING] Block detected on page 31: HTTP 429
2026-06-10 15:52:14,833 [INFO] Saved raw HTML for debugging: blocked_0031.html
2026-06-10 15:52:14,834 [WARNING] Initiating ADAPTIVE THROTTLING. Sleeping 180s, switching to SAFE mode.
2026-06-10 15:55:14,834 [INFO] Pacing: sleep 46.2s | Short Cooldown: 38.4s
2026-06-10 15:56:01,014 [INFO] Page 31 | Collected: 750
2026-06-10 15:56:01,299 [INFO] Pacing: sleep 5.2s
2026-06-10 15:56:06,459 [INFO] Page 32 | Collected: 750
2026-06-10 15:56:06,867 [INFO] Pacing: sleep 6.7s
2026-06-10 15:56:13,586 [INFO] Page 33 | Collected: 750
2026-06-10 15:56:13,996 [INFO] Pacing: sleep 5.1s
2026-06-10 15:56:19,049 [INFO] Page 34 | Collected: 750
2026-06-10 15:56:19,332 [INFO] Pacing: sleep 4.9s
2026-06-10 15:56:24,275 [INFO] Page 35 | Collected: 750
2026-06-10 15:56:24,643 [INFO] Pacing: sleep 7.7s
2026-06-10 15:56:32,310 [INFO] Page 36 | Collected: 750
2026-06-10 15:56:32,669 [INFO] Pacing: sleep 7.8s
2026-06-10 15:56:40,482 [INFO] Page 37 | Collected: 750
2026-06-10 15:56:40,843 [INFO] Pacing: sleep 5.7s
2026-06-10 15:56:46,529 [INFO] Page 38 | Collected: 750
2026-06-10 15:56:46,929 [INFO] Pacing: sleep 5.1s
2026-06-10 15:56:52,041 [INFO] Page 39 | Collected: 750
2026-06-10 15:56:52,372 [INFO] Pacing: sleep 4.2s
2026-06-10 15:56:56,575 [INFO] Page 40 | Collected: 750
2026-06-10 15:56:56,958 [INFO] Pacing: sleep 156.9s | Long Cooldown: 150.0s
2026-06-10 15:59:33,825 [INFO] Page 41 | Collected: 1000
2026-06-10 15:59:34,147 [INFO] Pacing: sleep 5.3s
2026-06-10 15:59:39,418 [INFO] Page 42 | Collected: 1000
2026-06-10 15:59:39,774 [INFO] Pacing: sleep 4.9s
2026-06-10 15:59:44,649 [INFO] Page 43 | Collected: 1000
2026-06-10 15:59:45,058 [INFO] Pacing: sleep 4.9s
2026-06-10 15:59:50,002 [INFO] Page 44 | Collected: 1000
2026-06-10 15:59:50,320 [INFO] Pacing: sleep 7.6s
2026-06-10 15:59:57,921 [INFO] Page 45 | Collected: 1000
2026-06-10 15:59:58,291 [INFO] Pacing: sleep 4.8s
2026-06-10 16:00:03,140 [INFO] Page 46 | Collected: 1000
2026-06-10 16:00:03,888 [INFO] Pacing: sleep 7.3s
2026-06-10 16:00:11,168 [INFO] Page 47 | Collected: 1000
2026-06-10 16:00:11,480 [INFO] Pacing: sleep 4.9s
2026-06-10 16:00:16,407 [INFO] Page 48 | Collected: 1000
2026-06-10 16:00:16,874 [INFO] Pacing: sleep 5.0s
2026-06-10 16:00:21,841 [INFO] Page 49 | Collected: 1000
2026-06-10 16:00:22,213 [INFO] Pacing: sleep 6.1s
2026-06-10 16:00:28,358 [INFO] Page 50 | Collected: 1000
2026-06-10 16:00:28,680 [INFO] Pacing: sleep 43.7s | Short Cooldown: 38.1s
2026-06-10 16:01:12,365 [INFO] Page 51 | Collected: 1250
2026-06-10 16:01:12,803 [INFO] Pacing: sleep 6.4s
2026-06-10 16:01:19,189 [INFO] Page 52 | Collected: 1250
2026-06-10 16:01:19,527 [INFO] Pacing: sleep 6.9s
2026-06-10 16:01:26,405 [INFO] Page 53 | Collected: 1250
2026-06-10 16:01:26,844 [INFO] Pacing: sleep 7.1s
2026-06-10 16:01:33,939 [INFO] Page 54 | Collected: 1250
2026-06-10 16:01:34,370 [INFO] Pacing: sleep 4.8s
2026-06-10 16:01:39,196 [INFO] Page 55 | Collected: 1250
2026-06-10 16:01:39,518 [INFO] Pacing: sleep 5.6s
2026-06-10 16:01:45,104 [INFO] Page 56 | Collected: 1250
2026-06-10 16:01:45,490 [INFO] Pacing: sleep 7.5s
2026-06-10 16:01:52,992 [INFO] Page 57 | Collected: 1250
2026-06-10 16:01:53,355 [INFO] Pacing: sleep 7.7s
2026-06-10 16:02:01,090 [INFO] Page 58 | Collected: 1250
2026-06-10 16:02:01,462 [INFO] Pacing: sleep 5.4s
2026-06-10 16:02:06,839 [INFO] Page 59 | Collected: 1250
2026-06-10 16:02:07,133 [INFO] Pacing: sleep 6.6s
2026-06-10 16:02:13,733 [INFO] Page 60 | Collected: 1250
2026-06-10 16:02:14,071 [INFO] Pacing: sleep 35.2s | Short Cooldown: 30.0s
2026-06-10 16:02:49,272 [INFO] Page 61 | Collected: 1500
2026-06-10 16:02:49,649 [INFO] Pacing: sleep 5.9s
2026-06-10 16:02:55,565 [INFO] Page 62 | Collected: 1500
2026-06-10 16:02:55,865 [INFO] Pacing: sleep 5.5s
2026-06-10 16:03:01,403 [INFO] Page 63 | Collected: 1500
2026-06-10 16:03:01,759 [INFO] Pacing: sleep 7.5s
2026-06-10 16:03:09,304 [INFO] Page 64 | Collected: 1500
2026-06-10 16:03:09,629 [INFO] Pacing: sleep 7.9s
2026-06-10 16:03:17,562 [INFO] Page 65 | Collected: 1500
2026-06-10 16:03:17,861 [INFO] Pacing: sleep 7.1s
2026-06-10 16:03:24,985 [INFO] Page 66 | Collected: 1500
2026-06-10 16:03:25,409 [INFO] Pacing: sleep 7.0s
2026-06-10 16:03:32,418 [INFO] Page 67 | Collected: 1500
2026-06-10 16:03:32,729 [INFO] Pacing: sleep 5.8s
2026-06-10 16:03:38,550 [INFO] Page 68 | Collected: 1500
2026-06-10 16:03:38,855 [INFO] Pacing: sleep 4.8s
2026-06-10 16:03:43,640 [INFO] Page 69 | Collected: 1500
2026-06-10 16:03:44,082 [INFO] Pacing: sleep 4.8s
2026-06-10 16:03:48,898 [INFO] Page 70 | Collected: 1500
2026-06-10 16:03:49,207 [INFO] Pacing: sleep 39.3s | Short Cooldown: 34.4s
2026-06-10 16:04:28,500 [INFO] Page 71 | Collected: 1750
2026-06-10 16:04:28,872 [INFO] Pacing: sleep 4.0s
2026-06-10 16:04:32,916 [INFO] Page 72 | Collected: 1750
2026-06-10 16:04:33,245 [INFO] Pacing: sleep 5.9s
2026-06-10 16:04:39,188 [INFO] Page 73 | Collected: 1750
2026-06-10 16:04:39,503 [INFO] Pacing: sleep 5.7s
2026-06-10 16:04:45,155 [INFO] Page 74 | Collected: 1750
2026-06-10 16:04:45,710 [INFO] Pacing: sleep 6.7s
2026-06-10 16:04:52,448 [INFO] Page 75 | Collected: 1750
2026-06-10 16:04:52,771 [INFO] Pacing: sleep 7.7s
2026-06-10 16:05:00,506 [INFO] Page 76 | Collected: 1750
2026-06-10 16:05:00,988 [INFO] Pacing: sleep 7.8s
2026-06-10 16:05:08,827 [INFO] Page 77 | Collected: 1750
2026-06-10 16:05:09,213 [INFO] Pacing: sleep 7.8s
2026-06-10 16:05:17,061 [INFO] Page 78 | Collected: 1750
2026-06-10 16:05:17,377 [INFO] Pacing: sleep 7.0s
2026-06-10 16:05:24,370 [INFO] Page 79 | Collected: 1750
2026-06-10 16:05:24,919 [INFO] Pacing: sleep 5.4s
2026-06-10 16:05:30,351 [INFO] Page 80 | Collected: 1750
2026-06-10 16:05:30,825 [INFO] Pacing: sleep 135.4s | Long Cooldown: 130.5s
2026-06-10 16:07:46,179 [INFO] Page 81 | Collected: 2000
2026-06-10 16:07:46,567 [INFO] Pacing: sleep 4.0s
2026-06-10 16:07:50,608 [INFO] Page 82 | Collected: 2000
2026-06-10 16:07:51,173 [INFO] Pacing: sleep 5.8s
2026-06-10 16:07:57,010 [INFO] Page 83 | Collected: 2000
2026-06-10 16:07:57,764 [INFO] Pacing: sleep 7.3s
2026-06-10 16:08:05,089 [INFO] Page 84 | Collected: 2000
2026-06-10 16:08:05,711 [INFO] Pacing: sleep 4.7s
2026-06-10 16:08:10,428 [INFO] Page 85 | Collected: 2000
2026-06-10 16:08:11,030 [INFO] Pacing: sleep 6.5s
2026-06-10 16:08:17,509 [INFO] Page 86 | Collected: 2000
2026-06-10 16:08:18,044 [INFO] Pacing: sleep 4.7s
2026-06-10 16:08:22,734 [INFO] Page 87 | Collected: 2000
2026-06-10 16:08:23,329 [INFO] Pacing: sleep 5.3s
2026-06-10 16:08:28,586 [INFO] Page 88 | Collected: 2000
2026-06-10 16:08:29,291 [INFO] Pacing: sleep 4.0s
2026-06-10 16:08:33,338 [INFO] Page 89 | Collected: 2000
2026-06-10 16:08:34,032 [INFO] Pacing: sleep 5.0s
2026-06-10 16:08:39,072 [INFO] Page 90 | Collected: 2000
2026-06-10 16:08:39,536 [INFO] Pacing: sleep 58.2s | Short Cooldown: 51.7s
2026-06-10 16:09:37,743 [INFO] Page 91 | Collected: 2250
2026-06-10 16:09:38,117 [INFO] Pacing: sleep 5.1s
2026-06-10 16:09:43,255 [INFO] Page 92 | Collected: 2250
2026-06-10 16:09:43,638 [INFO] Pacing: sleep 5.3s
2026-06-10 16:09:48,984 [INFO] Page 93 | Collected: 2250
2026-06-10 16:09:49,387 [INFO] Pacing: sleep 7.1s
2026-06-10 16:09:56,474 [INFO] Page 94 | Collected: 2250
2026-06-10 16:09:56,874 [INFO] Pacing: sleep 6.2s
2026-06-10 16:10:03,107 [INFO] Page 95 | Collected: 2250
2026-06-10 16:10:03,454 [INFO] Pacing: sleep 7.1s
2026-06-10 16:10:10,602 [INFO] Page 96 | Collected: 2250
2026-06-10 16:10:10,951 [INFO] Pacing: sleep 7.7s
2026-06-10 16:10:18,644 [INFO] Page 97 | Collected: 2250
2026-06-10 16:10:19,024 [INFO] Pacing: sleep 7.3s
2026-06-10 16:10:26,301 [INFO] Page 98 | Collected: 2250
2026-06-10 16:10:26,628 [INFO] Pacing: sleep 6.7s
2026-06-10 16:10:33,341 [INFO] Page 99 | Collected: 2250
2026-06-10 16:10:33,731 [INFO] Pacing: sleep 4.6s
2026-06-10 16:10:38,320 [INFO] Page 100 | Collected: 2250
2026-06-10 16:10:38,717 [INFO] Pacing: sleep 55.2s | Short Cooldown: 47.3s
2026-06-10 16:11:33,928 [INFO] Page 101 | Collected: 2500
2026-06-10 16:11:34,395 [INFO] Pacing: sleep 5.3s
2026-06-10 16:11:39,724 [INFO] Page 102 | Collected: 2500
2026-06-10 16:11:40,152 [INFO] Pacing: sleep 6.9s
2026-06-10 16:11:47,013 [INFO] Page 103 | Collected: 2500
2026-06-10 16:11:47,348 [INFO] Pacing: sleep 5.9s
2026-06-10 16:11:53,270 [INFO] Page 104 | Collected: 2500
2026-06-10 16:11:53,635 [INFO] Pacing: sleep 4.9s
2026-06-10 16:11:58,502 [INFO] Page 105 | Collected: 2500
2026-06-10 16:11:58,902 [INFO] Pacing: sleep 7.0s
2026-06-10 16:12:05,935 [INFO] Page 106 | Collected: 2500
2026-06-10 16:12:06,381 [INFO] Pacing: sleep 5.3s
2026-06-10 16:12:11,718 [INFO] Page 107 | Collected: 2500
2026-06-10 16:12:12,116 [INFO] Pacing: sleep 5.2s
2026-06-10 16:12:17,267 [INFO] Page 108 | Collected: 2500
2026-06-10 16:12:17,700 [INFO] Pacing: sleep 4.9s
2026-06-10 16:12:22,559 [INFO] Page 109 | Collected: 2500
2026-06-10 16:12:22,912 [INFO] Pacing: sleep 7.3s
2026-06-10 16:12:30,166 [INFO] Page 110 | Collected: 2500
2026-06-10 16:12:30,603 [INFO] Pacing: sleep 51.9s | Short Cooldown: 46.5s
2026-06-10 16:13:22,496 [INFO] Page 111 | Collected: 2750
2026-06-10 16:13:22,843 [WARNING] Page 111 had 1 duplicate appids seen previously.
2026-06-10 16:13:22,843 [INFO] Pacing: sleep 8.0s
2026-06-10 16:13:30,811 [INFO] Page 112 | Collected: 2750
2026-06-10 16:13:31,203 [INFO] Pacing: sleep 5.5s
2026-06-10 16:13:36,668 [INFO] Page 113 | Collected: 2750
2026-06-10 16:13:36,974 [INFO] Pacing: sleep 7.4s
2026-06-10 16:13:44,358 [INFO] Page 114 | Collected: 2750
2026-06-10 16:13:44,697 [INFO] Pacing: sleep 5.8s
2026-06-10 16:13:50,519 [INFO] Page 115 | Collected: 2750
2026-06-10 16:13:51,051 [INFO] Pacing: sleep 6.5s
2026-06-10 16:13:57,579 [INFO] Page 116 | Collected: 2750
2026-06-10 16:13:57,945 [INFO] Pacing: sleep 4.2s
2026-06-10 16:14:02,165 [INFO] Page 117 | Collected: 2750
2026-06-10 16:14:02,540 [INFO] Pacing: sleep 4.3s
2026-06-10 16:14:06,822 [INFO] Page 118 | Collected: 2750
2026-06-10 16:14:07,196 [INFO] Pacing: sleep 5.9s
2026-06-10 16:14:13,077 [INFO] Page 119 | Collected: 2750
2026-06-10 16:14:13,406 [INFO] Pacing: sleep 6.1s
2026-06-10 16:14:19,472 [INFO] Page 120 | Collected: 2750
2026-06-10 16:14:19,947 [INFO] Crawl stopped. Reason: max_games_reached. Finalizing...
2026-06-10 16:14:19,948 [INFO] Merging intermediate pages from work_dir: /home/runner/work/steam-diploma/steam-diploma/data/snapshots/data/snapshots/_in_progress/fce4ad95-1193-4d91-b9ae-ddc129224445
2026-06-10 16:14:19,974 [WARNING] Found 1 duplicate appids across the snapshot.
