2026-07-21 14:05:22,837 [INFO] Steam Snapshot Collector Started.
2026-07-21 14:05:22,837 [INFO] Speed Mode: fast
2026-07-21 14:05:22,837 [INFO] Work Dir: /home/runner/work/steam-diploma/steam-diploma/data/snapshots
2026-07-21 14:05:22,837 [INFO] Base Output Dir: .
2026-07-21 14:05:22,837 [INFO] Page 1 | Collected: 0
2026-07-21 14:05:23,208 [INFO] Pacing: sleep 1.4s
2026-07-21 14:05:24,613 [INFO] Page 2 | Collected: 0
2026-07-21 14:05:24,872 [INFO] Pacing: sleep 1.1s
2026-07-21 14:05:26,013 [INFO] Page 3 | Collected: 0
2026-07-21 14:05:26,261 [INFO] Pacing: sleep 0.6s
2026-07-21 14:05:26,854 [INFO] Page 4 | Collected: 0
2026-07-21 14:05:27,193 [INFO] Pacing: sleep 0.6s
2026-07-21 14:05:27,843 [INFO] Page 5 | Collected: 0
2026-07-21 14:05:28,097 [INFO] Pacing: sleep 0.7s
2026-07-21 14:05:28,754 [INFO] Page 6 | Collected: 0
2026-07-21 14:05:28,991 [INFO] Pacing: sleep 0.8s
2026-07-21 14:05:29,788 [INFO] Page 7 | Collected: 0
2026-07-21 14:05:30,090 [INFO] Pacing: sleep 0.8s
2026-07-21 14:05:30,908 [INFO] Page 8 | Collected: 0
2026-07-21 14:05:31,332 [INFO] Pacing: sleep 1.0s
2026-07-21 14:05:32,379 [INFO] Page 9 | Collected: 0
2026-07-21 14:05:32,650 [INFO] Pacing: sleep 1.2s
2026-07-21 14:05:33,841 [INFO] Page 10 | Collected: 0
2026-07-21 14:05:34,126 [INFO] Pacing: sleep 1.0s
2026-07-21 14:05:35,150 [INFO] Page 11 | Collected: 250
2026-07-21 14:05:35,422 [INFO] Pacing: sleep 1.2s
2026-07-21 14:05:36,593 [INFO] Page 12 | Collected: 250
2026-07-21 14:05:36,893 [INFO] Pacing: sleep 0.6s
2026-07-21 14:05:37,464 [INFO] Page 13 | Collected: 250
2026-07-21 14:05:37,697 [INFO] Pacing: sleep 1.1s
2026-07-21 14:05:38,776 [INFO] Page 14 | Collected: 250
2026-07-21 14:05:39,005 [INFO] Pacing: sleep 0.8s
2026-07-21 14:05:39,846 [INFO] Page 15 | Collected: 250
2026-07-21 14:05:40,150 [INFO] Pacing: sleep 1.3s
2026-07-21 14:05:41,438 [INFO] Page 16 | Collected: 250
2026-07-21 14:05:41,657 [INFO] Pacing: sleep 1.4s
2026-07-21 14:05:43,073 [INFO] Page 17 | Collected: 250
2026-07-21 14:05:43,398 [INFO] Pacing: sleep 0.8s
2026-07-21 14:05:44,169 [INFO] Page 18 | Collected: 250
2026-07-21 14:05:44,401 [INFO] Pacing: sleep 0.8s
2026-07-21 14:05:45,238 [INFO] Page 19 | Collected: 250
2026-07-21 14:05:45,480 [INFO] Pacing: sleep 0.8s
2026-07-21 14:05:46,265 [INFO] Page 20 | Collected: 250
2026-07-21 14:05:46,568 [INFO] Pacing: sleep 0.8s
2026-07-21 14:05:47,370 [INFO] Page 21 | Collected: 500
2026-07-21 14:05:47,930 [INFO] Pacing: sleep 0.7s
2026-07-21 14:05:48,668 [INFO] Page 22 | Collected: 500
2026-07-21 14:05:48,953 [INFO] Pacing: sleep 1.4s
2026-07-21 14:05:50,338 [INFO] Page 23 | Collected: 500
2026-07-21 14:05:50,569 [INFO] Pacing: sleep 0.7s
2026-07-21 14:05:51,244 [INFO] Page 24 | Collected: 500
2026-07-21 14:05:51,456 [INFO] Pacing: sleep 1.4s
2026-07-21 14:05:52,835 [INFO] Page 25 | Collected: 500
2026-07-21 14:05:53,128 [INFO] Pacing: sleep 0.8s
2026-07-21 14:05:53,940 [INFO] Page 26 | Collected: 500
2026-07-21 14:05:54,172 [INFO] Pacing: sleep 0.8s
2026-07-21 14:05:54,932 [INFO] Page 27 | Collected: 500
2026-07-21 14:05:55,166 [INFO] Pacing: sleep 1.3s
2026-07-21 14:05:56,504 [INFO] Page 28 | Collected: 500
2026-07-21 14:05:56,817 [INFO] Pacing: sleep 1.0s
2026-07-21 14:05:57,788 [INFO] Page 29 | Collected: 500
2026-07-21 14:05:58,026 [INFO] Pacing: sleep 1.1s
2026-07-21 14:05:59,149 [INFO] Page 30 | Collected: 500
2026-07-21 14:05:59,467 [INFO] Pacing: sleep 1.4s
2026-07-21 14:06:00,840 [INFO] Page 31 | Collected: 750
2026-07-21 14:06:00,879 [WARNING] Block detected on page 31: HTTP 429
2026-07-21 14:06:00,879 [INFO] Saved raw HTML for debugging: blocked_0031.html
2026-07-21 14:06:00,879 [WARNING] Initiating ADAPTIVE THROTTLING. Sleeping 180s, switching to SAFE mode.
2026-07-21 14:09:00,879 [INFO] Pacing: sleep 49.4s | Short Cooldown: 42.3s
2026-07-21 14:09:50,285 [INFO] Page 31 | Collected: 750
2026-07-21 14:09:50,542 [INFO] Pacing: sleep 6.1s
2026-07-21 14:09:56,638 [INFO] Page 32 | Collected: 750
2026-07-21 14:09:56,898 [INFO] Pacing: sleep 4.1s
2026-07-21 14:10:00,988 [INFO] Page 33 | Collected: 750
2026-07-21 14:10:01,311 [INFO] Pacing: sleep 7.8s
2026-07-21 14:10:09,129 [INFO] Page 34 | Collected: 750
2026-07-21 14:10:09,376 [INFO] Pacing: sleep 7.5s
2026-07-21 14:10:16,877 [INFO] Page 35 | Collected: 750
2026-07-21 14:10:17,174 [INFO] Pacing: sleep 5.8s
2026-07-21 14:10:23,002 [INFO] Page 36 | Collected: 750
2026-07-21 14:10:23,248 [INFO] Pacing: sleep 4.9s
2026-07-21 14:10:28,155 [INFO] Page 37 | Collected: 750
2026-07-21 14:10:28,400 [INFO] Pacing: sleep 6.9s
2026-07-21 14:10:35,334 [INFO] Page 38 | Collected: 750
2026-07-21 14:10:35,707 [INFO] Pacing: sleep 4.3s
2026-07-21 14:10:39,961 [INFO] Page 39 | Collected: 750
2026-07-21 14:10:40,215 [INFO] Pacing: sleep 4.0s
2026-07-21 14:10:44,239 [INFO] Page 40 | Collected: 750
2026-07-21 14:10:44,529 [INFO] Pacing: sleep 172.4s | Long Cooldown: 168.2s
2026-07-21 14:13:36,898 [INFO] Page 41 | Collected: 1000
2026-07-21 14:13:37,158 [INFO] Pacing: sleep 5.1s
2026-07-21 14:13:42,294 [INFO] Page 42 | Collected: 1000
2026-07-21 14:13:42,549 [INFO] Pacing: sleep 4.6s
2026-07-21 14:13:47,111 [INFO] Page 43 | Collected: 1000
2026-07-21 14:13:47,435 [INFO] Pacing: sleep 4.0s
2026-07-21 14:13:51,479 [INFO] Page 44 | Collected: 1000
2026-07-21 14:13:51,701 [INFO] Pacing: sleep 4.6s
2026-07-21 14:13:56,280 [INFO] Page 45 | Collected: 1000
2026-07-21 14:13:56,545 [INFO] Pacing: sleep 7.6s
2026-07-21 14:14:04,164 [INFO] Page 46 | Collected: 1000
2026-07-21 14:14:04,494 [INFO] Pacing: sleep 5.9s
2026-07-21 14:14:10,383 [INFO] Page 47 | Collected: 1000
2026-07-21 14:14:10,661 [INFO] Pacing: sleep 6.1s
2026-07-21 14:14:16,792 [INFO] Page 48 | Collected: 1000
2026-07-21 14:14:17,097 [INFO] Pacing: sleep 6.5s
2026-07-21 14:14:23,639 [INFO] Page 49 | Collected: 1000
2026-07-21 14:14:23,896 [INFO] Pacing: sleep 7.9s
2026-07-21 14:14:31,772 [INFO] Page 50 | Collected: 1000
2026-07-21 14:14:31,938 [WARNING] Block detected on page 50: Suspicious term found: 'captcha'
2026-07-21 14:14:31,939 [INFO] Saved raw HTML for debugging: blocked_0050.html
2026-07-21 14:14:31,939 [ERROR] Blocked again even after safe mode. Stopping gracefully.
2026-07-21 14:14:31,941 [INFO] Crawl stopped. Reason: adaptive_throttle_failed_page_50. Finalizing...
2026-07-21 14:14:31,941 [INFO] Merging intermediate pages from work_dir: /home/runner/work/steam-diploma/steam-diploma/data/snapshots/data/snapshots/_in_progress/f68ab28f-a34e-4157-b13f-dc61aa4f144f
