2026-06-28 14:00:36,306 [INFO] Steam Snapshot Collector Started.
2026-06-28 14:00:36,306 [INFO] Speed Mode: fast
2026-06-28 14:00:36,306 [INFO] Work Dir: /home/runner/work/steam-diploma/steam-diploma/data/snapshots
2026-06-28 14:00:36,306 [INFO] Base Output Dir: .
2026-06-28 14:00:36,307 [INFO] Page 1 | Collected: 0
2026-06-28 14:00:36,650 [INFO] Pacing: sleep 1.0s
2026-06-28 14:00:37,653 [INFO] Page 2 | Collected: 0
2026-06-28 14:00:37,932 [INFO] Pacing: sleep 1.3s
2026-06-28 14:00:39,223 [INFO] Page 3 | Collected: 0
2026-06-28 14:00:39,551 [INFO] Pacing: sleep 1.3s
2026-06-28 14:00:40,819 [INFO] Page 4 | Collected: 0
2026-06-28 14:00:41,146 [INFO] Pacing: sleep 0.8s
2026-06-28 14:00:41,941 [INFO] Page 5 | Collected: 0
2026-06-28 14:00:42,250 [INFO] Pacing: sleep 1.1s
2026-06-28 14:00:43,396 [INFO] Page 6 | Collected: 0
2026-06-28 14:00:43,674 [INFO] Pacing: sleep 0.5s
2026-06-28 14:00:44,199 [INFO] Page 7 | Collected: 0
2026-06-28 14:00:44,633 [INFO] Pacing: sleep 1.2s
2026-06-28 14:00:45,788 [INFO] Page 8 | Collected: 0
2026-06-28 14:00:46,055 [INFO] Pacing: sleep 1.2s
2026-06-28 14:00:47,232 [INFO] Page 9 | Collected: 0
2026-06-28 14:00:47,584 [INFO] Pacing: sleep 0.9s
2026-06-28 14:00:48,532 [INFO] Page 10 | Collected: 0
2026-06-28 14:00:48,822 [INFO] Pacing: sleep 1.2s
2026-06-28 14:00:49,993 [INFO] Page 11 | Collected: 250
2026-06-28 14:00:50,259 [INFO] Pacing: sleep 1.1s
2026-06-28 14:00:51,409 [INFO] Page 12 | Collected: 250
2026-06-28 14:00:51,787 [INFO] Pacing: sleep 1.2s
2026-06-28 14:00:53,026 [INFO] Page 13 | Collected: 250
2026-06-28 14:00:53,271 [INFO] Pacing: sleep 1.1s
2026-06-28 14:00:54,398 [INFO] Page 14 | Collected: 250
2026-06-28 14:00:54,661 [INFO] Pacing: sleep 0.6s
2026-06-28 14:00:55,251 [INFO] Page 15 | Collected: 250
2026-06-28 14:00:55,592 [INFO] Pacing: sleep 0.9s
2026-06-28 14:00:56,465 [INFO] Page 16 | Collected: 250
2026-06-28 14:00:56,716 [INFO] Pacing: sleep 0.9s
2026-06-28 14:00:57,616 [INFO] Page 17 | Collected: 250
2026-06-28 14:00:57,979 [INFO] Pacing: sleep 0.5s
2026-06-28 14:00:58,514 [INFO] Page 18 | Collected: 250
2026-06-28 14:00:58,863 [INFO] Pacing: sleep 0.5s
2026-06-28 14:00:59,371 [INFO] Page 19 | Collected: 250
2026-06-28 14:00:59,666 [INFO] Pacing: sleep 0.8s
2026-06-28 14:01:00,508 [INFO] Page 20 | Collected: 250
2026-06-28 14:01:00,882 [INFO] Pacing: sleep 1.4s
2026-06-28 14:01:02,234 [INFO] Page 21 | Collected: 500
2026-06-28 14:01:02,558 [INFO] Pacing: sleep 1.0s
2026-06-28 14:01:03,537 [INFO] Page 22 | Collected: 500
2026-06-28 14:01:03,877 [INFO] Pacing: sleep 0.7s
2026-06-28 14:01:04,544 [INFO] Page 23 | Collected: 500
2026-06-28 14:01:04,832 [INFO] Pacing: sleep 0.8s
2026-06-28 14:01:05,659 [INFO] Page 24 | Collected: 500
2026-06-28 14:01:05,923 [INFO] Pacing: sleep 1.2s
2026-06-28 14:01:07,106 [INFO] Page 25 | Collected: 500
2026-06-28 14:01:07,493 [INFO] Pacing: sleep 0.5s
2026-06-28 14:01:08,024 [INFO] Page 26 | Collected: 500
2026-06-28 14:01:08,285 [INFO] Pacing: sleep 0.5s
2026-06-28 14:01:08,788 [INFO] Page 27 | Collected: 500
2026-06-28 14:01:09,182 [INFO] Pacing: sleep 1.3s
2026-06-28 14:01:10,524 [INFO] Page 28 | Collected: 500
2026-06-28 14:01:10,831 [INFO] Pacing: sleep 1.0s
2026-06-28 14:01:11,794 [INFO] Page 29 | Collected: 500
2026-06-28 14:01:12,114 [INFO] Pacing: sleep 0.8s
2026-06-28 14:01:12,955 [INFO] Page 30 | Collected: 500
2026-06-28 14:01:13,339 [INFO] Pacing: sleep 0.5s
2026-06-28 14:01:13,850 [INFO] Page 31 | Collected: 750
2026-06-28 14:01:13,970 [WARNING] Block detected on page 31: HTTP 429
2026-06-28 14:01:13,970 [INFO] Saved raw HTML for debugging: blocked_0031.html
2026-06-28 14:01:13,970 [WARNING] Initiating ADAPTIVE THROTTLING. Sleeping 180s, switching to SAFE mode.
2026-06-28 14:04:13,971 [INFO] Pacing: sleep 56.0s | Short Cooldown: 49.5s
2026-06-28 14:05:09,946 [INFO] Page 31 | Collected: 750
2026-06-28 14:05:10,218 [INFO] Pacing: sleep 5.0s
2026-06-28 14:05:15,232 [INFO] Page 32 | Collected: 750
2026-06-28 14:05:15,510 [INFO] Pacing: sleep 5.1s
2026-06-28 14:05:20,629 [INFO] Page 33 | Collected: 750
2026-06-28 14:05:21,067 [INFO] Pacing: sleep 6.4s
2026-06-28 14:05:27,470 [INFO] Page 34 | Collected: 750
2026-06-28 14:05:27,717 [INFO] Pacing: sleep 6.5s
2026-06-28 14:05:34,252 [INFO] Page 35 | Collected: 750
2026-06-28 14:05:34,567 [INFO] Pacing: sleep 6.1s
2026-06-28 14:05:40,625 [INFO] Page 36 | Collected: 750
2026-06-28 14:05:40,933 [INFO] Pacing: sleep 4.3s
2026-06-28 14:05:45,255 [INFO] Page 37 | Collected: 750
2026-06-28 14:05:45,700 [INFO] Pacing: sleep 6.8s
2026-06-28 14:05:52,545 [INFO] Page 38 | Collected: 750
2026-06-28 14:05:52,912 [INFO] Pacing: sleep 7.4s
2026-06-28 14:06:00,355 [INFO] Page 39 | Collected: 750
2026-06-28 14:06:00,651 [INFO] Pacing: sleep 5.5s
2026-06-28 14:06:06,193 [INFO] Page 40 | Collected: 750
2026-06-28 14:06:06,567 [INFO] Pacing: sleep 129.1s | Long Cooldown: 123.9s
2026-06-28 14:08:15,651 [INFO] Page 41 | Collected: 1000
2026-06-28 14:08:15,929 [INFO] Pacing: sleep 7.7s
2026-06-28 14:08:23,589 [INFO] Page 42 | Collected: 1000
2026-06-28 14:08:23,930 [INFO] Pacing: sleep 4.8s
2026-06-28 14:08:28,688 [INFO] Page 43 | Collected: 1000
2026-06-28 14:08:29,166 [INFO] Pacing: sleep 6.1s
2026-06-28 14:08:35,282 [INFO] Page 44 | Collected: 1000
2026-06-28 14:08:35,607 [INFO] Pacing: sleep 6.6s
2026-06-28 14:08:42,247 [INFO] Page 45 | Collected: 1000
2026-06-28 14:08:42,561 [INFO] Pacing: sleep 7.0s
2026-06-28 14:08:49,523 [INFO] Page 46 | Collected: 1000
2026-06-28 14:08:49,800 [INFO] Pacing: sleep 5.3s
2026-06-28 14:08:55,119 [INFO] Page 47 | Collected: 1000
2026-06-28 14:08:55,414 [INFO] Pacing: sleep 4.0s
2026-06-28 14:08:59,450 [INFO] Page 48 | Collected: 1000
2026-06-28 14:08:59,824 [INFO] Pacing: sleep 7.2s
2026-06-28 14:09:07,008 [INFO] Page 49 | Collected: 1000
2026-06-28 14:09:07,256 [INFO] Pacing: sleep 6.2s
2026-06-28 14:09:13,433 [INFO] Page 50 | Collected: 1000
2026-06-28 14:09:13,696 [INFO] Pacing: sleep 51.0s | Short Cooldown: 44.1s
2026-06-28 14:10:04,665 [INFO] Page 51 | Collected: 1250
2026-06-28 14:10:05,126 [INFO] Pacing: sleep 7.8s
2026-06-28 14:10:12,938 [INFO] Page 52 | Collected: 1250
2026-06-28 14:10:13,272 [INFO] Pacing: sleep 7.1s
2026-06-28 14:10:20,394 [INFO] Page 53 | Collected: 1250
2026-06-28 14:10:20,764 [INFO] Pacing: sleep 7.8s
2026-06-28 14:10:28,557 [INFO] Page 54 | Collected: 1250
2026-06-28 14:10:28,810 [INFO] Pacing: sleep 6.0s
2026-06-28 14:10:34,810 [INFO] Page 55 | Collected: 1250
2026-06-28 14:10:35,059 [INFO] Pacing: sleep 7.9s
2026-06-28 14:10:42,946 [INFO] Page 56 | Collected: 1250
2026-06-28 14:10:43,296 [INFO] Pacing: sleep 6.6s
2026-06-28 14:10:49,913 [INFO] Page 57 | Collected: 1250
2026-06-28 14:10:50,194 [INFO] Pacing: sleep 7.3s
2026-06-28 14:10:57,478 [INFO] Page 58 | Collected: 1250
2026-06-28 14:10:57,821 [INFO] Pacing: sleep 5.2s
2026-06-28 14:11:03,071 [INFO] Page 59 | Collected: 1250
2026-06-28 14:11:03,349 [INFO] Pacing: sleep 4.8s
2026-06-28 14:11:08,126 [INFO] Page 60 | Collected: 1250
2026-06-28 14:11:08,455 [INFO] Pacing: sleep 40.8s | Short Cooldown: 34.4s
2026-06-28 14:11:49,278 [INFO] Page 61 | Collected: 1500
2026-06-28 14:11:49,651 [INFO] Pacing: sleep 6.5s
2026-06-28 14:11:56,108 [INFO] Page 62 | Collected: 1500
2026-06-28 14:11:56,398 [INFO] Pacing: sleep 7.0s
2026-06-28 14:12:03,397 [INFO] Page 63 | Collected: 1500
2026-06-28 14:12:03,907 [INFO] Pacing: sleep 7.8s
2026-06-28 14:12:11,709 [INFO] Page 64 | Collected: 1500
2026-06-28 14:12:12,034 [INFO] Pacing: sleep 4.2s
2026-06-28 14:12:16,257 [INFO] Page 65 | Collected: 1500
2026-06-28 14:12:16,562 [INFO] Pacing: sleep 5.8s
2026-06-28 14:12:22,356 [INFO] Page 66 | Collected: 1500
2026-06-28 14:12:22,757 [INFO] Pacing: sleep 5.0s
2026-06-28 14:12:27,763 [INFO] Page 67 | Collected: 1500
2026-06-28 14:12:28,053 [INFO] Pacing: sleep 6.8s
2026-06-28 14:12:34,858 [INFO] Page 68 | Collected: 1500
2026-06-28 14:12:35,161 [INFO] Pacing: sleep 4.8s
2026-06-28 14:12:39,924 [INFO] Page 69 | Collected: 1500
2026-06-28 14:12:40,346 [INFO] Pacing: sleep 5.6s
2026-06-28 14:12:45,912 [INFO] Page 70 | Collected: 1500
2026-06-28 14:12:46,102 [WARNING] Block detected on page 70: Suspicious term found: 'captcha'
2026-06-28 14:12:46,103 [INFO] Saved raw HTML for debugging: blocked_0070.html
2026-06-28 14:12:46,103 [ERROR] Blocked again even after safe mode. Stopping gracefully.
2026-06-28 14:12:46,105 [INFO] Crawl stopped. Reason: adaptive_throttle_failed_page_70. Finalizing...
2026-06-28 14:12:46,105 [INFO] Merging intermediate pages from work_dir: /home/runner/work/steam-diploma/steam-diploma/data/snapshots/data/snapshots/_in_progress/e9b4a2ae-f91d-4dec-83c4-a6accfea7794
