2026-06-12 04:39:25,610 [INFO] Steam Snapshot Collector Started.
2026-06-12 04:39:25,610 [INFO] Speed Mode: fast
2026-06-12 04:39:25,610 [INFO] Work Dir: /home/runner/work/steam-diploma/steam-diploma/data/snapshots
2026-06-12 04:39:25,610 [INFO] Base Output Dir: .
2026-06-12 04:39:25,611 [INFO] Page 1 | Collected: 0
2026-06-12 04:39:26,028 [INFO] Pacing: sleep 0.6s
2026-06-12 04:39:26,615 [INFO] Page 2 | Collected: 0
2026-06-12 04:39:26,957 [INFO] Pacing: sleep 1.4s
2026-06-12 04:39:28,351 [INFO] Page 3 | Collected: 0
2026-06-12 04:39:28,670 [INFO] Pacing: sleep 0.6s
2026-06-12 04:39:29,296 [INFO] Page 4 | Collected: 0
2026-06-12 04:39:29,630 [INFO] Pacing: sleep 1.3s
2026-06-12 04:39:30,930 [INFO] Page 5 | Collected: 0
2026-06-12 04:39:31,195 [INFO] Pacing: sleep 0.9s
2026-06-12 04:39:32,060 [INFO] Page 6 | Collected: 0
2026-06-12 04:39:32,320 [INFO] Pacing: sleep 0.8s
2026-06-12 04:39:33,129 [INFO] Page 7 | Collected: 0
2026-06-12 04:39:33,493 [INFO] Pacing: sleep 1.4s
2026-06-12 04:39:34,901 [INFO] Page 8 | Collected: 0
2026-06-12 04:39:35,170 [INFO] Pacing: sleep 0.6s
2026-06-12 04:39:35,723 [INFO] Page 9 | Collected: 0
2026-06-12 04:39:36,080 [INFO] Pacing: sleep 1.1s
2026-06-12 04:39:37,150 [INFO] Page 10 | Collected: 0
2026-06-12 04:39:37,429 [INFO] Pacing: sleep 1.4s
2026-06-12 04:39:38,796 [INFO] Page 11 | Collected: 250
2026-06-12 04:39:39,048 [INFO] Pacing: sleep 0.6s
2026-06-12 04:39:39,636 [INFO] Page 12 | Collected: 250
2026-06-12 04:39:39,998 [INFO] Pacing: sleep 0.7s
2026-06-12 04:39:40,656 [INFO] Page 13 | Collected: 250
2026-06-12 04:39:40,931 [INFO] Pacing: sleep 1.2s
2026-06-12 04:39:42,125 [INFO] Page 14 | Collected: 250
2026-06-12 04:39:42,440 [INFO] Pacing: sleep 0.8s
2026-06-12 04:39:43,250 [INFO] Page 15 | Collected: 250
2026-06-12 04:39:43,585 [INFO] Pacing: sleep 0.9s
2026-06-12 04:39:44,499 [INFO] Page 16 | Collected: 250
2026-06-12 04:39:44,763 [INFO] Pacing: sleep 1.0s
2026-06-12 04:39:45,746 [INFO] Page 17 | Collected: 250
2026-06-12 04:39:46,090 [INFO] Pacing: sleep 1.5s
2026-06-12 04:39:47,552 [INFO] Page 18 | Collected: 250
2026-06-12 04:39:47,803 [INFO] Pacing: sleep 1.1s
2026-06-12 04:39:48,868 [INFO] Page 19 | Collected: 250
2026-06-12 04:39:49,144 [INFO] Pacing: sleep 1.2s
2026-06-12 04:39:50,352 [INFO] Page 20 | Collected: 250
2026-06-12 04:39:50,700 [INFO] Pacing: sleep 1.2s
2026-06-12 04:39:51,908 [INFO] Page 21 | Collected: 500
2026-06-12 04:39:52,213 [INFO] Pacing: sleep 0.7s
2026-06-12 04:39:52,914 [INFO] Page 22 | Collected: 500
2026-06-12 04:39:53,246 [INFO] Pacing: sleep 0.5s
2026-06-12 04:39:53,765 [INFO] Page 23 | Collected: 500
2026-06-12 04:39:54,122 [INFO] Pacing: sleep 1.5s
2026-06-12 04:39:55,573 [INFO] Page 24 | Collected: 500
2026-06-12 04:39:55,960 [INFO] Pacing: sleep 0.7s
2026-06-12 04:39:56,707 [INFO] Page 25 | Collected: 500
2026-06-12 04:39:57,134 [INFO] Pacing: sleep 1.2s
2026-06-12 04:39:58,308 [INFO] Page 26 | Collected: 500
2026-06-12 04:39:58,583 [INFO] Pacing: sleep 1.4s
2026-06-12 04:40:00,014 [INFO] Page 27 | Collected: 500
2026-06-12 04:40:00,396 [INFO] Pacing: sleep 1.1s
2026-06-12 04:40:01,508 [INFO] Page 28 | Collected: 500
2026-06-12 04:40:01,776 [INFO] Pacing: sleep 0.8s
2026-06-12 04:40:02,604 [INFO] Page 29 | Collected: 500
2026-06-12 04:40:02,909 [INFO] Pacing: sleep 1.2s
2026-06-12 04:40:04,071 [INFO] Page 30 | Collected: 500
2026-06-12 04:40:04,452 [INFO] Pacing: sleep 1.0s
2026-06-12 04:40:05,421 [INFO] Page 31 | Collected: 750
2026-06-12 04:40:05,520 [WARNING] Block detected on page 31: HTTP 429
2026-06-12 04:40:05,520 [INFO] Saved raw HTML for debugging: blocked_0031.html
2026-06-12 04:40:05,520 [WARNING] Initiating ADAPTIVE THROTTLING. Sleeping 180s, switching to SAFE mode.
2026-06-12 04:43:05,521 [INFO] Pacing: sleep 44.3s | Short Cooldown: 40.1s
2026-06-12 04:43:49,860 [INFO] Page 31 | Collected: 750
2026-06-12 04:43:50,117 [INFO] Pacing: sleep 6.9s
2026-06-12 04:43:57,059 [INFO] Page 32 | Collected: 750
2026-06-12 04:43:57,327 [INFO] Pacing: sleep 6.2s
2026-06-12 04:44:03,501 [INFO] Page 33 | Collected: 750
2026-06-12 04:44:03,879 [INFO] Pacing: sleep 6.5s
2026-06-12 04:44:10,366 [INFO] Page 34 | Collected: 750
2026-06-12 04:44:10,671 [INFO] Pacing: sleep 7.7s
2026-06-12 04:44:18,401 [INFO] Page 35 | Collected: 750
2026-06-12 04:44:18,732 [INFO] Pacing: sleep 6.3s
2026-06-12 04:44:25,006 [INFO] Page 36 | Collected: 750
2026-06-12 04:44:25,293 [INFO] Pacing: sleep 7.6s
2026-06-12 04:44:32,868 [INFO] Page 37 | Collected: 750
2026-06-12 04:44:33,166 [INFO] Pacing: sleep 6.9s
2026-06-12 04:44:40,050 [INFO] Page 38 | Collected: 750
2026-06-12 04:44:40,414 [INFO] Pacing: sleep 7.0s
2026-06-12 04:44:47,417 [INFO] Page 39 | Collected: 750
2026-06-12 04:44:47,668 [INFO] Pacing: sleep 6.2s
2026-06-12 04:44:53,856 [INFO] Page 40 | Collected: 750
2026-06-12 04:44:54,193 [INFO] Pacing: sleep 205.4s | Long Cooldown: 201.2s
2026-06-12 04:48:19,571 [INFO] Page 41 | Collected: 1000
2026-06-12 04:48:19,852 [INFO] Pacing: sleep 4.9s
2026-06-12 04:48:24,759 [INFO] Page 42 | Collected: 1000
2026-06-12 04:48:25,128 [INFO] Pacing: sleep 7.3s
2026-06-12 04:48:32,466 [INFO] Page 43 | Collected: 1000
2026-06-12 04:48:32,813 [INFO] Pacing: sleep 4.7s
2026-06-12 04:48:37,505 [INFO] Page 44 | Collected: 1000
2026-06-12 04:48:37,759 [INFO] Pacing: sleep 6.8s
2026-06-12 04:48:44,533 [INFO] Page 45 | Collected: 1000
2026-06-12 04:48:44,872 [INFO] Pacing: sleep 4.2s
2026-06-12 04:48:49,068 [INFO] Page 46 | Collected: 1000
2026-06-12 04:48:49,324 [INFO] Pacing: sleep 7.4s
2026-06-12 04:48:56,722 [INFO] Page 47 | Collected: 1000
2026-06-12 04:48:57,003 [INFO] Pacing: sleep 6.0s
2026-06-12 04:49:02,993 [INFO] Page 48 | Collected: 1000
2026-06-12 04:49:03,354 [INFO] Pacing: sleep 5.8s
2026-06-12 04:49:09,105 [INFO] Page 49 | Collected: 1000
2026-06-12 04:49:09,373 [INFO] Pacing: sleep 7.2s
2026-06-12 04:49:16,617 [INFO] Page 50 | Collected: 1000
2026-06-12 04:49:16,879 [INFO] Pacing: sleep 46.0s | Short Cooldown: 41.2s
2026-06-12 04:50:02,874 [INFO] Page 51 | Collected: 1250
2026-06-12 04:50:03,245 [INFO] Pacing: sleep 5.8s
2026-06-12 04:50:09,014 [INFO] Page 52 | Collected: 1250
2026-06-12 04:50:09,317 [INFO] Pacing: sleep 5.8s
2026-06-12 04:50:15,111 [INFO] Page 53 | Collected: 1250
2026-06-12 04:50:15,465 [INFO] Pacing: sleep 7.6s
2026-06-12 04:50:23,032 [INFO] Page 54 | Collected: 1250
2026-06-12 04:50:23,299 [INFO] Pacing: sleep 4.4s
2026-06-12 04:50:27,682 [INFO] Page 55 | Collected: 1250
2026-06-12 04:50:27,953 [INFO] Pacing: sleep 5.9s
2026-06-12 04:50:33,827 [INFO] Page 56 | Collected: 1250
2026-06-12 04:50:34,186 [INFO] Pacing: sleep 7.3s
2026-06-12 04:50:41,446 [INFO] Page 57 | Collected: 1250
2026-06-12 04:50:41,765 [INFO] Pacing: sleep 7.1s
2026-06-12 04:50:48,889 [INFO] Page 58 | Collected: 1250
2026-06-12 04:50:49,227 [INFO] Pacing: sleep 4.4s
2026-06-12 04:50:53,624 [INFO] Page 59 | Collected: 1250
2026-06-12 04:50:53,989 [INFO] Pacing: sleep 5.0s
2026-06-12 04:50:58,988 [INFO] Page 60 | Collected: 1250
2026-06-12 04:50:59,302 [INFO] Pacing: sleep 48.8s | Short Cooldown: 44.3s
2026-06-12 04:51:48,140 [INFO] Page 61 | Collected: 1500
2026-06-12 04:51:48,538 [WARNING] Page 61 had 1 duplicate appids seen previously.
2026-06-12 04:51:48,538 [INFO] Pacing: sleep 5.0s
2026-06-12 04:51:53,516 [INFO] Page 62 | Collected: 1500
2026-06-12 04:51:53,768 [INFO] Pacing: sleep 6.2s
2026-06-12 04:51:59,959 [INFO] Page 63 | Collected: 1500
2026-06-12 04:52:00,316 [INFO] Pacing: sleep 5.4s
2026-06-12 04:52:05,724 [INFO] Page 64 | Collected: 1500
2026-06-12 04:52:06,005 [INFO] Pacing: sleep 6.5s
2026-06-12 04:52:12,500 [INFO] Page 65 | Collected: 1500
2026-06-12 04:52:12,797 [INFO] Pacing: sleep 4.8s
2026-06-12 04:52:17,582 [INFO] Page 66 | Collected: 1500
2026-06-12 04:52:17,963 [INFO] Pacing: sleep 4.9s
2026-06-12 04:52:22,813 [INFO] Page 67 | Collected: 1500
2026-06-12 04:52:23,099 [INFO] Pacing: sleep 5.1s
2026-06-12 04:52:28,219 [INFO] Page 68 | Collected: 1500
2026-06-12 04:52:28,520 [INFO] Pacing: sleep 5.3s
2026-06-12 04:52:33,784 [INFO] Page 69 | Collected: 1500
2026-06-12 04:52:34,179 [INFO] Pacing: sleep 4.3s
2026-06-12 04:52:38,506 [INFO] Page 70 | Collected: 1500
2026-06-12 04:52:38,873 [INFO] Pacing: sleep 54.8s | Short Cooldown: 47.4s
2026-06-12 04:53:33,715 [INFO] Page 71 | Collected: 1750
2026-06-12 04:53:34,054 [INFO] Pacing: sleep 7.6s
2026-06-12 04:53:41,621 [INFO] Page 72 | Collected: 1750
2026-06-12 04:53:41,873 [INFO] Pacing: sleep 5.6s
2026-06-12 04:53:47,508 [INFO] Page 73 | Collected: 1750
2026-06-12 04:53:47,793 [INFO] Pacing: sleep 6.8s
2026-06-12 04:53:54,573 [INFO] Page 74 | Collected: 1750
2026-06-12 04:53:54,924 [INFO] Pacing: sleep 6.1s
2026-06-12 04:54:01,014 [INFO] Page 75 | Collected: 1750
2026-06-12 04:54:01,275 [INFO] Pacing: sleep 5.0s
2026-06-12 04:54:06,318 [INFO] Page 76 | Collected: 1750
2026-06-12 04:54:06,662 [INFO] Pacing: sleep 5.4s
2026-06-12 04:54:12,028 [INFO] Page 77 | Collected: 1750
2026-06-12 04:54:12,306 [INFO] Pacing: sleep 4.8s
2026-06-12 04:54:17,154 [INFO] Page 78 | Collected: 1750
2026-06-12 04:54:17,471 [INFO] Pacing: sleep 7.2s
2026-06-12 04:54:24,703 [INFO] Page 79 | Collected: 1750
2026-06-12 04:54:25,064 [INFO] Pacing: sleep 7.8s
2026-06-12 04:54:32,827 [INFO] Page 80 | Collected: 1750
2026-06-12 04:54:33,089 [INFO] Pacing: sleep 210.4s | Long Cooldown: 204.3s
2026-06-12 04:58:03,513 [INFO] Page 81 | Collected: 2000
2026-06-12 04:58:03,876 [INFO] Pacing: sleep 4.2s
2026-06-12 04:58:08,115 [INFO] Page 82 | Collected: 2000
2026-06-12 04:58:08,439 [INFO] Pacing: sleep 4.7s
2026-06-12 04:58:13,105 [INFO] Page 83 | Collected: 2000
2026-06-12 04:58:13,401 [INFO] Pacing: sleep 5.4s
2026-06-12 04:58:18,811 [INFO] Page 84 | Collected: 2000
2026-06-12 04:58:19,197 [INFO] Pacing: sleep 7.6s
2026-06-12 04:58:26,759 [INFO] Page 85 | Collected: 2000
2026-06-12 04:58:27,024 [INFO] Pacing: sleep 5.1s
2026-06-12 04:58:32,078 [INFO] Page 86 | Collected: 2000
2026-06-12 04:58:32,345 [INFO] Pacing: sleep 7.0s
2026-06-12 04:58:39,373 [INFO] Page 87 | Collected: 2000
2026-06-12 04:58:39,735 [INFO] Pacing: sleep 5.3s
2026-06-12 04:58:45,012 [INFO] Page 88 | Collected: 2000
2026-06-12 04:58:45,300 [INFO] Pacing: sleep 6.3s
2026-06-12 04:58:51,569 [INFO] Page 89 | Collected: 2000
2026-06-12 04:58:51,906 [INFO] Pacing: sleep 7.0s
2026-06-12 04:58:58,911 [INFO] Page 90 | Collected: 2000
2026-06-12 04:58:59,213 [INFO] Pacing: sleep 36.7s | Short Cooldown: 31.6s
2026-06-12 04:59:35,873 [INFO] Page 91 | Collected: 2250
2026-06-12 04:59:36,142 [INFO] Pacing: sleep 4.1s
2026-06-12 04:59:40,247 [INFO] Page 92 | Collected: 2250
2026-06-12 04:59:40,646 [INFO] Pacing: sleep 4.9s
2026-06-12 04:59:45,549 [INFO] Page 93 | Collected: 2250
2026-06-12 04:59:45,835 [INFO] Pacing: sleep 7.1s
2026-06-12 04:59:52,947 [INFO] Page 94 | Collected: 2250
2026-06-12 04:59:53,415 [INFO] Pacing: sleep 6.0s
2026-06-12 04:59:59,424 [INFO] Page 95 | Collected: 2250
2026-06-12 04:59:59,701 [INFO] Pacing: sleep 4.3s
2026-06-12 05:00:04,015 [INFO] Page 96 | Collected: 2250
2026-06-12 05:00:04,313 [INFO] Pacing: sleep 7.1s
2026-06-12 05:00:11,423 [INFO] Page 97 | Collected: 2250
2026-06-12 05:00:11,796 [INFO] Pacing: sleep 6.9s
2026-06-12 05:00:18,666 [INFO] Page 98 | Collected: 2250
2026-06-12 05:00:18,992 [INFO] Pacing: sleep 7.0s
2026-06-12 05:00:25,976 [INFO] Page 99 | Collected: 2250
2026-06-12 05:00:26,345 [INFO] Pacing: sleep 7.1s
2026-06-12 05:00:33,476 [INFO] Page 100 | Collected: 2250
2026-06-12 05:00:33,775 [INFO] Pacing: sleep 54.6s | Short Cooldown: 47.6s
2026-06-12 05:01:28,423 [INFO] Page 101 | Collected: 2500
2026-06-12 05:01:28,675 [INFO] Pacing: sleep 6.8s
2026-06-12 05:01:35,514 [INFO] Page 102 | Collected: 2500
2026-06-12 05:01:35,907 [INFO] Pacing: sleep 6.0s
2026-06-12 05:01:41,906 [INFO] Page 103 | Collected: 2500
2026-06-12 05:01:42,186 [INFO] Pacing: sleep 7.1s
2026-06-12 05:01:49,325 [INFO] Page 104 | Collected: 2500
2026-06-12 05:01:49,573 [INFO] Pacing: sleep 5.1s
2026-06-12 05:01:54,658 [INFO] Page 105 | Collected: 2500
2026-06-12 05:01:55,053 [INFO] Pacing: sleep 7.6s
2026-06-12 05:02:02,647 [INFO] Page 106 | Collected: 2500
2026-06-12 05:02:02,959 [INFO] Pacing: sleep 7.9s
2026-06-12 05:02:10,860 [INFO] Page 107 | Collected: 2500
2026-06-12 05:02:11,209 [INFO] Pacing: sleep 6.7s
2026-06-12 05:02:17,873 [INFO] Page 108 | Collected: 2500
2026-06-12 05:02:18,125 [INFO] Pacing: sleep 5.6s
2026-06-12 05:02:23,754 [INFO] Page 109 | Collected: 2500
2026-06-12 05:02:24,042 [INFO] Pacing: sleep 5.9s
2026-06-12 05:02:29,935 [INFO] Page 110 | Collected: 2500
2026-06-12 05:02:30,297 [INFO] Pacing: sleep 55.1s | Short Cooldown: 47.3s
2026-06-12 05:03:25,398 [INFO] Page 111 | Collected: 2750
2026-06-12 05:03:25,652 [INFO] Pacing: sleep 4.2s
2026-06-12 05:03:29,858 [INFO] Page 112 | Collected: 2750
2026-06-12 05:03:30,207 [INFO] Pacing: sleep 4.3s
2026-06-12 05:03:34,544 [INFO] Page 113 | Collected: 2750
2026-06-12 05:03:34,807 [INFO] Pacing: sleep 4.6s
2026-06-12 05:03:39,379 [INFO] Page 114 | Collected: 2750
2026-06-12 05:03:39,650 [INFO] Pacing: sleep 6.9s
2026-06-12 05:03:46,586 [INFO] Page 115 | Collected: 2750
2026-06-12 05:03:46,933 [INFO] Pacing: sleep 5.0s
2026-06-12 05:03:51,894 [INFO] Page 116 | Collected: 2750
2026-06-12 05:03:52,167 [INFO] Pacing: sleep 7.3s
2026-06-12 05:03:59,489 [INFO] Page 117 | Collected: 2750
2026-06-12 05:03:59,831 [INFO] Pacing: sleep 4.0s
2026-06-12 05:04:03,869 [INFO] Page 118 | Collected: 2750
2026-06-12 05:04:04,120 [INFO] Pacing: sleep 6.2s
2026-06-12 05:04:10,369 [INFO] Page 119 | Collected: 2750
2026-06-12 05:04:10,620 [INFO] Pacing: sleep 7.5s
2026-06-12 05:04:18,112 [INFO] Page 120 | Collected: 2750
2026-06-12 05:04:18,556 [INFO] Crawl stopped. Reason: max_games_reached. Finalizing...
2026-06-12 05:04:18,556 [INFO] Merging intermediate pages from work_dir: /home/runner/work/steam-diploma/steam-diploma/data/snapshots/data/snapshots/_in_progress/8aa14c3b-1d8d-4a0a-aa5e-718e126d4b10
2026-06-12 05:04:18,581 [WARNING] Found 1 duplicate appids across the snapshot.
