2026-06-25 04:04:32,717 [INFO] Steam Snapshot Collector Started.
2026-06-25 04:04:32,717 [INFO] Speed Mode: fast
2026-06-25 04:04:32,717 [INFO] Work Dir: /home/runner/work/steam-diploma/steam-diploma/data/snapshots
2026-06-25 04:04:32,717 [INFO] Base Output Dir: .
2026-06-25 04:04:32,718 [INFO] Page 1 | Collected: 0
2026-06-25 04:04:33,029 [INFO] Pacing: sleep 1.1s
2026-06-25 04:04:34,114 [INFO] Page 2 | Collected: 0
2026-06-25 04:04:34,407 [INFO] Pacing: sleep 0.8s
2026-06-25 04:04:35,251 [INFO] Page 3 | Collected: 0
2026-06-25 04:04:35,534 [INFO] Pacing: sleep 1.2s
2026-06-25 04:04:36,713 [INFO] Page 4 | Collected: 0
2026-06-25 04:04:37,048 [INFO] Pacing: sleep 0.9s
2026-06-25 04:04:37,977 [INFO] Page 5 | Collected: 0
2026-06-25 04:04:38,248 [INFO] Pacing: sleep 1.1s
2026-06-25 04:04:39,347 [INFO] Page 6 | Collected: 0
2026-06-25 04:04:39,601 [INFO] Pacing: sleep 1.4s
2026-06-25 04:04:40,998 [INFO] Page 7 | Collected: 0
2026-06-25 04:04:41,353 [INFO] Pacing: sleep 1.1s
2026-06-25 04:04:42,432 [INFO] Page 8 | Collected: 0
2026-06-25 04:04:42,693 [INFO] Pacing: sleep 1.5s
2026-06-25 04:04:44,158 [INFO] Page 9 | Collected: 0
2026-06-25 04:04:44,484 [INFO] Pacing: sleep 1.1s
2026-06-25 04:04:45,597 [INFO] Page 10 | Collected: 0
2026-06-25 04:04:45,863 [INFO] Pacing: sleep 1.2s
2026-06-25 04:04:47,017 [INFO] Page 11 | Collected: 250
2026-06-25 04:04:47,273 [INFO] Pacing: sleep 1.1s
2026-06-25 04:04:48,358 [INFO] Page 12 | Collected: 250
2026-06-25 04:04:48,710 [INFO] Pacing: sleep 1.0s
2026-06-25 04:04:49,760 [INFO] Page 13 | Collected: 250
2026-06-25 04:04:50,024 [INFO] Pacing: sleep 0.9s
2026-06-25 04:04:50,891 [INFO] Page 14 | Collected: 250
2026-06-25 04:04:51,161 [INFO] Pacing: sleep 0.7s
2026-06-25 04:04:51,812 [INFO] Page 15 | Collected: 250
2026-06-25 04:04:52,160 [INFO] Pacing: sleep 1.1s
2026-06-25 04:04:53,305 [INFO] Page 16 | Collected: 250
2026-06-25 04:04:53,572 [INFO] Pacing: sleep 0.9s
2026-06-25 04:04:54,440 [INFO] Page 17 | Collected: 250
2026-06-25 04:04:54,807 [INFO] Pacing: sleep 0.8s
2026-06-25 04:04:55,567 [INFO] Page 18 | Collected: 250
2026-06-25 04:04:55,809 [INFO] Pacing: sleep 1.0s
2026-06-25 04:04:56,832 [INFO] Page 19 | Collected: 250
2026-06-25 04:04:57,096 [INFO] Pacing: sleep 1.4s
2026-06-25 04:04:58,453 [INFO] Page 20 | Collected: 250
2026-06-25 04:04:58,819 [INFO] Pacing: sleep 0.9s
2026-06-25 04:04:59,747 [INFO] Page 21 | Collected: 500
2026-06-25 04:05:00,009 [INFO] Pacing: sleep 1.0s
2026-06-25 04:05:01,025 [INFO] Page 22 | Collected: 500
2026-06-25 04:05:01,339 [INFO] Pacing: sleep 0.7s
2026-06-25 04:05:02,028 [INFO] Page 23 | Collected: 500
2026-06-25 04:05:02,319 [INFO] Pacing: sleep 0.9s
2026-06-25 04:05:03,233 [INFO] Page 24 | Collected: 500
2026-06-25 04:05:03,521 [INFO] Pacing: sleep 0.6s
2026-06-25 04:05:04,151 [INFO] Page 25 | Collected: 500
2026-06-25 04:05:04,477 [INFO] Pacing: sleep 0.7s
2026-06-25 04:05:05,198 [INFO] Page 26 | Collected: 500
2026-06-25 04:05:05,574 [INFO] Pacing: sleep 1.2s
2026-06-25 04:05:06,795 [INFO] Page 27 | Collected: 500
2026-06-25 04:05:07,149 [INFO] Pacing: sleep 1.4s
2026-06-25 04:05:08,587 [INFO] Page 28 | Collected: 500
2026-06-25 04:05:08,888 [INFO] Pacing: sleep 0.5s
2026-06-25 04:05:09,418 [INFO] Page 29 | Collected: 500
2026-06-25 04:05:09,727 [INFO] Pacing: sleep 0.7s
2026-06-25 04:05:10,422 [INFO] Page 30 | Collected: 500
2026-06-25 04:05:10,798 [INFO] Pacing: sleep 0.9s
2026-06-25 04:05:11,658 [INFO] Page 31 | Collected: 750
2026-06-25 04:05:11,750 [WARNING] Block detected on page 31: HTTP 429
2026-06-25 04:05:11,751 [INFO] Saved raw HTML for debugging: blocked_0031.html
2026-06-25 04:05:11,751 [WARNING] Initiating ADAPTIVE THROTTLING. Sleeping 180s, switching to SAFE mode.
2026-06-25 04:08:11,751 [INFO] Pacing: sleep 53.1s | Short Cooldown: 46.6s
2026-06-25 04:09:04,896 [INFO] Page 31 | Collected: 750
2026-06-25 04:09:05,148 [INFO] Pacing: sleep 6.2s
2026-06-25 04:09:11,303 [INFO] Page 32 | Collected: 750
2026-06-25 04:09:11,556 [INFO] Pacing: sleep 6.3s
2026-06-25 04:09:17,878 [INFO] Page 33 | Collected: 750
2026-06-25 04:09:18,208 [INFO] Pacing: sleep 4.7s
2026-06-25 04:09:22,888 [INFO] Page 34 | Collected: 750
2026-06-25 04:09:23,133 [INFO] Pacing: sleep 6.8s
2026-06-25 04:09:29,938 [INFO] Page 35 | Collected: 750
2026-06-25 04:09:30,269 [INFO] Pacing: sleep 5.7s
2026-06-25 04:09:35,976 [INFO] Page 36 | Collected: 750
2026-06-25 04:09:36,229 [INFO] Pacing: sleep 5.1s
2026-06-25 04:09:41,326 [INFO] Page 37 | Collected: 750
2026-06-25 04:09:41,605 [INFO] Pacing: sleep 5.3s
2026-06-25 04:09:46,857 [INFO] Page 38 | Collected: 750
2026-06-25 04:09:47,195 [INFO] Pacing: sleep 5.9s
2026-06-25 04:09:53,059 [INFO] Page 39 | Collected: 750
2026-06-25 04:09:53,309 [INFO] Pacing: sleep 6.2s
2026-06-25 04:09:59,542 [INFO] Page 40 | Collected: 750
2026-06-25 04:09:59,917 [INFO] Pacing: sleep 217.8s | Long Cooldown: 210.6s
2026-06-25 04:13:37,673 [INFO] Page 41 | Collected: 1000
2026-06-25 04:13:37,940 [INFO] Pacing: sleep 4.8s
2026-06-25 04:13:42,779 [INFO] Page 42 | Collected: 1000
2026-06-25 04:13:43,044 [INFO] Pacing: sleep 5.1s
2026-06-25 04:13:48,168 [INFO] Page 43 | Collected: 1000
2026-06-25 04:13:48,519 [INFO] Pacing: sleep 4.1s
2026-06-25 04:13:52,606 [INFO] Page 44 | Collected: 1000
2026-06-25 04:13:52,894 [INFO] Pacing: sleep 5.8s
2026-06-25 04:13:58,736 [INFO] Page 45 | Collected: 1000
2026-06-25 04:13:59,108 [INFO] Pacing: sleep 5.0s
2026-06-25 04:14:04,131 [INFO] Page 46 | Collected: 1000
2026-06-25 04:14:04,427 [INFO] Pacing: sleep 4.7s
2026-06-25 04:14:09,095 [INFO] Page 47 | Collected: 1000
2026-06-25 04:14:09,352 [INFO] Pacing: sleep 5.9s
2026-06-25 04:14:15,244 [INFO] Page 48 | Collected: 1000
2026-06-25 04:14:15,592 [INFO] Pacing: sleep 7.4s
2026-06-25 04:14:22,987 [INFO] Page 49 | Collected: 1000
2026-06-25 04:14:23,246 [INFO] Pacing: sleep 7.9s
2026-06-25 04:14:31,193 [INFO] Page 50 | Collected: 1000
2026-06-25 04:14:31,465 [INFO] Pacing: sleep 37.9s | Short Cooldown: 33.2s
2026-06-25 04:15:09,386 [INFO] Page 51 | Collected: 1250
2026-06-25 04:15:09,742 [INFO] Pacing: sleep 7.3s
2026-06-25 04:15:17,048 [INFO] Page 52 | Collected: 1250
2026-06-25 04:15:17,355 [INFO] Pacing: sleep 7.2s
2026-06-25 04:15:24,574 [INFO] Page 53 | Collected: 1250
2026-06-25 04:15:24,892 [INFO] Pacing: sleep 5.6s
2026-06-25 04:15:30,530 [INFO] Page 54 | Collected: 1250
2026-06-25 04:15:30,777 [INFO] Pacing: sleep 6.4s
2026-06-25 04:15:37,207 [INFO] Page 55 | Collected: 1250
2026-06-25 04:15:37,478 [INFO] Pacing: sleep 4.6s
2026-06-25 04:15:42,043 [INFO] Page 56 | Collected: 1250
2026-06-25 04:15:42,415 [INFO] Pacing: sleep 4.5s
2026-06-25 04:15:46,881 [INFO] Page 57 | Collected: 1250
2026-06-25 04:15:47,163 [INFO] Pacing: sleep 6.6s
2026-06-25 04:15:53,729 [INFO] Page 58 | Collected: 1250
2026-06-25 04:15:54,078 [INFO] Pacing: sleep 5.6s
2026-06-25 04:15:59,666 [INFO] Page 59 | Collected: 1250
2026-06-25 04:15:59,908 [INFO] Pacing: sleep 5.9s
2026-06-25 04:16:05,817 [INFO] Page 60 | Collected: 1250
2026-06-25 04:16:06,067 [INFO] Pacing: sleep 44.3s | Short Cooldown: 40.2s
2026-06-25 04:16:50,353 [INFO] Page 61 | Collected: 1500
2026-06-25 04:16:50,703 [INFO] Pacing: sleep 6.5s
2026-06-25 04:16:57,167 [INFO] Page 62 | Collected: 1500
2026-06-25 04:16:57,453 [INFO] Pacing: sleep 7.3s
2026-06-25 04:17:04,788 [INFO] Page 63 | Collected: 1500
2026-06-25 04:17:05,151 [INFO] Pacing: sleep 6.1s
2026-06-25 04:17:11,232 [INFO] Page 64 | Collected: 1500
2026-06-25 04:17:11,495 [INFO] Pacing: sleep 5.2s
2026-06-25 04:17:16,701 [INFO] Page 65 | Collected: 1500
2026-06-25 04:17:16,987 [INFO] Pacing: sleep 7.5s
2026-06-25 04:17:24,466 [INFO] Page 66 | Collected: 1500
2026-06-25 04:17:24,820 [INFO] Pacing: sleep 5.6s
2026-06-25 04:17:30,440 [INFO] Page 67 | Collected: 1500
2026-06-25 04:17:30,710 [INFO] Pacing: sleep 6.2s
2026-06-25 04:17:36,895 [INFO] Page 68 | Collected: 1500
2026-06-25 04:17:37,170 [INFO] Pacing: sleep 4.3s
2026-06-25 04:17:41,433 [INFO] Page 69 | Collected: 1500
2026-06-25 04:17:41,795 [INFO] Pacing: sleep 4.7s
2026-06-25 04:17:46,502 [INFO] Page 70 | Collected: 1500
2026-06-25 04:17:46,784 [INFO] Pacing: sleep 62.4s | Short Cooldown: 57.0s
2026-06-25 04:18:49,173 [INFO] Page 71 | Collected: 1750
2026-06-25 04:18:49,514 [INFO] Pacing: sleep 4.2s
2026-06-25 04:18:53,764 [INFO] Page 72 | Collected: 1750
2026-06-25 04:18:54,041 [INFO] Pacing: sleep 4.2s
2026-06-25 04:18:58,195 [INFO] Page 73 | Collected: 1750
2026-06-25 04:18:58,448 [INFO] Pacing: sleep 4.6s
2026-06-25 04:19:03,002 [INFO] Page 74 | Collected: 1750
2026-06-25 04:19:03,345 [INFO] Pacing: sleep 7.2s
2026-06-25 04:19:10,548 [INFO] Page 75 | Collected: 1750
2026-06-25 04:19:10,798 [INFO] Pacing: sleep 4.2s
2026-06-25 04:19:14,970 [INFO] Page 76 | Collected: 1750
2026-06-25 04:19:15,320 [INFO] Pacing: sleep 5.4s
2026-06-25 04:19:20,689 [INFO] Page 77 | Collected: 1750
2026-06-25 04:19:20,955 [INFO] Pacing: sleep 5.2s
2026-06-25 04:19:26,150 [INFO] Page 78 | Collected: 1750
2026-06-25 04:19:26,394 [INFO] Pacing: sleep 4.2s
2026-06-25 04:19:30,633 [INFO] Page 79 | Collected: 1750
2026-06-25 04:19:30,993 [INFO] Pacing: sleep 6.0s
2026-06-25 04:19:37,028 [INFO] Page 80 | Collected: 1750
2026-06-25 04:19:37,301 [INFO] Pacing: sleep 140.5s | Long Cooldown: 135.9s
2026-06-25 04:21:57,837 [INFO] Page 81 | Collected: 2000
2026-06-25 04:21:58,173 [INFO] Pacing: sleep 4.3s
2026-06-25 04:22:02,499 [INFO] Page 82 | Collected: 2000
2026-06-25 04:22:02,760 [INFO] Pacing: sleep 6.9s
2026-06-25 04:22:09,695 [INFO] Page 83 | Collected: 2000
2026-06-25 04:22:09,952 [INFO] Pacing: sleep 6.6s
2026-06-25 04:22:16,551 [INFO] Page 84 | Collected: 2000
2026-06-25 04:22:16,908 [INFO] Pacing: sleep 4.8s
2026-06-25 04:22:21,679 [INFO] Page 85 | Collected: 2000
2026-06-25 04:22:21,953 [INFO] Pacing: sleep 5.1s
2026-06-25 04:22:27,087 [INFO] Page 86 | Collected: 2000
2026-06-25 04:22:27,354 [INFO] Pacing: sleep 6.1s
2026-06-25 04:22:33,406 [INFO] Page 87 | Collected: 2000
2026-06-25 04:22:33,766 [INFO] Pacing: sleep 5.7s
2026-06-25 04:22:39,487 [INFO] Page 88 | Collected: 2000
2026-06-25 04:22:39,755 [INFO] Pacing: sleep 5.7s
2026-06-25 04:22:45,462 [INFO] Page 89 | Collected: 2000
2026-06-25 04:22:45,817 [INFO] Pacing: sleep 5.2s
2026-06-25 04:22:51,063 [INFO] Page 90 | Collected: 2000
2026-06-25 04:22:51,212 [WARNING] Block detected on page 90: Suspicious term found: 'captcha'
2026-06-25 04:22:51,213 [INFO] Saved raw HTML for debugging: blocked_0090.html
2026-06-25 04:22:51,213 [ERROR] Blocked again even after safe mode. Stopping gracefully.
2026-06-25 04:22:51,215 [INFO] Crawl stopped. Reason: adaptive_throttle_failed_page_90. Finalizing...
2026-06-25 04:22:51,215 [INFO] Merging intermediate pages from work_dir: /home/runner/work/steam-diploma/steam-diploma/data/snapshots/data/snapshots/_in_progress/746e9fda-d4a7-4a8e-8516-b01ea1d7b809
