2026-07-05 03:58:00,132 [INFO] Steam Snapshot Collector Started.
2026-07-05 03:58:00,132 [INFO] Speed Mode: fast
2026-07-05 03:58:00,132 [INFO] Work Dir: /home/runner/work/steam-diploma/steam-diploma/data/snapshots
2026-07-05 03:58:00,132 [INFO] Base Output Dir: .
2026-07-05 03:58:00,133 [INFO] Page 1 | Collected: 0
2026-07-05 03:58:00,487 [INFO] Pacing: sleep 0.5s
2026-07-05 03:58:01,021 [INFO] Page 2 | Collected: 0
2026-07-05 03:58:01,335 [INFO] Pacing: sleep 1.0s
2026-07-05 03:58:02,369 [INFO] Page 3 | Collected: 0
2026-07-05 03:58:02,617 [INFO] Pacing: sleep 1.2s
2026-07-05 03:58:03,864 [INFO] Page 4 | Collected: 0
2026-07-05 03:58:04,173 [INFO] Pacing: sleep 0.5s
2026-07-05 03:58:04,713 [INFO] Page 5 | Collected: 0
2026-07-05 03:58:04,965 [INFO] Pacing: sleep 0.5s
2026-07-05 03:58:05,466 [INFO] Page 6 | Collected: 0
2026-07-05 03:58:05,698 [INFO] Pacing: sleep 0.8s
2026-07-05 03:58:06,459 [INFO] Page 7 | Collected: 0
2026-07-05 03:58:06,783 [INFO] Pacing: sleep 0.9s
2026-07-05 03:58:07,634 [INFO] Page 8 | Collected: 0
2026-07-05 03:58:07,881 [INFO] Pacing: sleep 1.3s
2026-07-05 03:58:09,147 [INFO] Page 9 | Collected: 0
2026-07-05 03:58:09,441 [INFO] Pacing: sleep 0.5s
2026-07-05 03:58:09,942 [INFO] Page 10 | Collected: 0
2026-07-05 03:58:10,184 [INFO] Pacing: sleep 1.1s
2026-07-05 03:58:11,318 [INFO] Page 11 | Collected: 250
2026-07-05 03:58:11,556 [INFO] Pacing: sleep 0.6s
2026-07-05 03:58:12,186 [INFO] Page 12 | Collected: 250
2026-07-05 03:58:12,498 [INFO] Pacing: sleep 0.9s
2026-07-05 03:58:13,440 [INFO] Page 13 | Collected: 250
2026-07-05 03:58:13,675 [INFO] Pacing: sleep 1.4s
2026-07-05 03:58:15,103 [INFO] Page 14 | Collected: 250
2026-07-05 03:58:15,339 [INFO] Pacing: sleep 1.2s
2026-07-05 03:58:16,578 [INFO] Page 15 | Collected: 250
2026-07-05 03:58:16,898 [INFO] Pacing: sleep 0.9s
2026-07-05 03:58:17,820 [INFO] Page 16 | Collected: 250
2026-07-05 03:58:18,095 [INFO] Pacing: sleep 1.3s
2026-07-05 03:58:19,383 [INFO] Page 17 | Collected: 250
2026-07-05 03:58:19,696 [INFO] Pacing: sleep 0.9s
2026-07-05 03:58:20,577 [INFO] Page 18 | Collected: 250
2026-07-05 03:58:20,826 [INFO] Pacing: sleep 1.1s
2026-07-05 03:58:21,911 [INFO] Page 19 | Collected: 250
2026-07-05 03:58:22,172 [INFO] Pacing: sleep 1.0s
2026-07-05 03:58:23,163 [INFO] Page 20 | Collected: 250
2026-07-05 03:58:23,470 [INFO] Pacing: sleep 0.8s
2026-07-05 03:58:24,299 [INFO] Page 21 | Collected: 500
2026-07-05 03:58:24,590 [INFO] Pacing: sleep 0.9s
2026-07-05 03:58:25,524 [INFO] Page 22 | Collected: 500
2026-07-05 03:58:25,841 [INFO] Pacing: sleep 0.9s
2026-07-05 03:58:26,722 [INFO] Page 23 | Collected: 500
2026-07-05 03:58:27,006 [INFO] Pacing: sleep 1.1s
2026-07-05 03:58:28,062 [INFO] Page 24 | Collected: 500
2026-07-05 03:58:28,307 [INFO] Pacing: sleep 1.0s
2026-07-05 03:58:29,314 [INFO] Page 25 | Collected: 500
2026-07-05 03:58:29,640 [INFO] Pacing: sleep 1.4s
2026-07-05 03:58:31,011 [INFO] Page 26 | Collected: 500
2026-07-05 03:58:31,247 [INFO] Pacing: sleep 0.9s
2026-07-05 03:58:32,156 [INFO] Page 27 | Collected: 500
2026-07-05 03:58:32,448 [INFO] Pacing: sleep 1.4s
2026-07-05 03:58:33,848 [INFO] Page 28 | Collected: 500
2026-07-05 03:58:34,124 [INFO] Pacing: sleep 0.8s
2026-07-05 03:58:34,894 [INFO] Page 29 | Collected: 500
2026-07-05 03:58:35,137 [INFO] Pacing: sleep 0.6s
2026-07-05 03:58:35,710 [INFO] Page 30 | Collected: 500
2026-07-05 03:58:36,079 [INFO] Pacing: sleep 1.4s
2026-07-05 03:58:37,509 [INFO] Page 31 | Collected: 750
2026-07-05 03:58:37,549 [WARNING] Block detected on page 31: HTTP 429
2026-07-05 03:58:37,550 [INFO] Saved raw HTML for debugging: blocked_0031.html
2026-07-05 03:58:37,550 [WARNING] Initiating ADAPTIVE THROTTLING. Sleeping 180s, switching to SAFE mode.
2026-07-05 04:01:37,550 [INFO] Pacing: sleep 35.2s | Short Cooldown: 30.5s
2026-07-05 04:02:12,754 [INFO] Page 31 | Collected: 750
2026-07-05 04:02:13,016 [INFO] Pacing: sleep 4.8s
2026-07-05 04:02:17,789 [INFO] Page 32 | Collected: 750
2026-07-05 04:02:18,083 [INFO] Pacing: sleep 5.8s
2026-07-05 04:02:23,848 [INFO] Page 33 | Collected: 750
2026-07-05 04:02:24,221 [INFO] Pacing: sleep 5.6s
2026-07-05 04:02:29,826 [INFO] Page 34 | Collected: 750
2026-07-05 04:02:30,371 [INFO] Pacing: sleep 5.7s
2026-07-05 04:02:36,026 [INFO] Page 35 | Collected: 750
2026-07-05 04:02:36,341 [INFO] Pacing: sleep 7.5s
2026-07-05 04:02:43,810 [INFO] Page 36 | Collected: 750
2026-07-05 04:02:44,034 [INFO] Pacing: sleep 7.0s
2026-07-05 04:02:51,002 [INFO] Page 37 | Collected: 750
2026-07-05 04:02:51,255 [INFO] Pacing: sleep 4.6s
2026-07-05 04:02:55,834 [INFO] Page 38 | Collected: 750
2026-07-05 04:02:56,186 [INFO] Pacing: sleep 5.6s
2026-07-05 04:03:01,807 [INFO] Page 39 | Collected: 750
2026-07-05 04:03:02,052 [INFO] Pacing: sleep 5.1s
2026-07-05 04:03:07,120 [INFO] Page 40 | Collected: 750
2026-07-05 04:03:07,469 [INFO] Pacing: sleep 152.9s | Long Cooldown: 146.0s
2026-07-05 04:05:40,394 [INFO] Page 41 | Collected: 1000
2026-07-05 04:05:40,668 [INFO] Pacing: sleep 7.5s
2026-07-05 04:05:48,205 [INFO] Page 42 | Collected: 1000
2026-07-05 04:05:48,451 [INFO] Pacing: sleep 6.7s
2026-07-05 04:05:55,117 [INFO] Page 43 | Collected: 1000
2026-07-05 04:05:55,459 [INFO] Pacing: sleep 7.9s
2026-07-05 04:06:03,318 [INFO] Page 44 | Collected: 1000
2026-07-05 04:06:03,720 [INFO] Pacing: sleep 4.7s
2026-07-05 04:06:08,391 [INFO] Page 45 | Collected: 1000
2026-07-05 04:06:08,722 [INFO] Pacing: sleep 4.5s
2026-07-05 04:06:13,265 [INFO] Page 46 | Collected: 1000
2026-07-05 04:06:13,513 [INFO] Pacing: sleep 4.6s
2026-07-05 04:06:18,144 [INFO] Page 47 | Collected: 1000
2026-07-05 04:06:18,424 [INFO] Pacing: sleep 5.8s
2026-07-05 04:06:24,273 [INFO] Page 48 | Collected: 1000
2026-07-05 04:06:24,642 [INFO] Pacing: sleep 7.7s
2026-07-05 04:06:32,365 [INFO] Page 49 | Collected: 1000
2026-07-05 04:06:32,610 [INFO] Pacing: sleep 5.0s
2026-07-05 04:06:37,652 [INFO] Page 50 | Collected: 1000
2026-07-05 04:06:37,908 [INFO] Pacing: sleep 35.7s | Short Cooldown: 30.8s
2026-07-05 04:07:13,648 [INFO] Page 51 | Collected: 1250
2026-07-05 04:07:14,087 [INFO] Pacing: sleep 7.1s
2026-07-05 04:07:21,201 [INFO] Page 52 | Collected: 1250
2026-07-05 04:07:21,456 [INFO] Pacing: sleep 6.3s
2026-07-05 04:07:27,741 [INFO] Page 53 | Collected: 1250
2026-07-05 04:07:28,090 [INFO] Pacing: sleep 4.6s
2026-07-05 04:07:32,706 [INFO] Page 54 | Collected: 1250
2026-07-05 04:07:32,957 [INFO] Pacing: sleep 5.4s
2026-07-05 04:07:38,355 [INFO] Page 55 | Collected: 1250
2026-07-05 04:07:38,662 [INFO] Pacing: sleep 7.3s
2026-07-05 04:07:45,942 [INFO] Page 56 | Collected: 1250
2026-07-05 04:07:46,270 [INFO] Pacing: sleep 7.3s
2026-07-05 04:07:53,535 [INFO] Page 57 | Collected: 1250
2026-07-05 04:07:53,816 [INFO] Pacing: sleep 7.0s
2026-07-05 04:08:00,791 [INFO] Page 58 | Collected: 1250
2026-07-05 04:08:01,133 [INFO] Pacing: sleep 6.6s
2026-07-05 04:08:07,722 [INFO] Page 59 | Collected: 1250
2026-07-05 04:08:08,015 [INFO] Pacing: sleep 6.8s
2026-07-05 04:08:14,794 [INFO] Page 60 | Collected: 1250
2026-07-05 04:08:15,043 [INFO] Pacing: sleep 58.8s | Short Cooldown: 52.3s
2026-07-05 04:09:13,875 [INFO] Page 61 | Collected: 1500
2026-07-05 04:09:14,008 [WARNING] Block detected on page 61: Suspicious term found: 'captcha'
2026-07-05 04:09:14,009 [INFO] Saved raw HTML for debugging: blocked_0061.html
2026-07-05 04:09:14,009 [ERROR] Blocked again even after safe mode. Stopping gracefully.
2026-07-05 04:09:14,009 [INFO] Crawl stopped. Reason: adaptive_throttle_failed_page_61. Finalizing...
2026-07-05 04:09:14,010 [INFO] Merging intermediate pages from work_dir: /home/runner/work/steam-diploma/steam-diploma/data/snapshots/data/snapshots/_in_progress/d1b23369-2547-4a41-b8a5-915a25983a8c
