2026-07-01 14:48:01,824 [INFO] Steam Snapshot Collector Started.
2026-07-01 14:48:01,824 [INFO] Speed Mode: fast
2026-07-01 14:48:01,824 [INFO] Work Dir: /home/runner/work/steam-diploma/steam-diploma/data/snapshots
2026-07-01 14:48:01,824 [INFO] Base Output Dir: .
2026-07-01 14:48:01,825 [INFO] Page 1 | Collected: 0
2026-07-01 14:48:02,207 [INFO] Pacing: sleep 0.7s
2026-07-01 14:48:02,936 [INFO] Page 2 | Collected: 0
2026-07-01 14:48:03,279 [INFO] Pacing: sleep 0.9s
2026-07-01 14:48:04,187 [INFO] Page 3 | Collected: 0
2026-07-01 14:48:04,672 [INFO] Pacing: sleep 0.7s
2026-07-01 14:48:05,343 [INFO] Page 4 | Collected: 0
2026-07-01 14:48:05,648 [INFO] Pacing: sleep 1.4s
2026-07-01 14:48:07,025 [INFO] Page 5 | Collected: 0
2026-07-01 14:48:07,338 [INFO] Pacing: sleep 0.6s
2026-07-01 14:48:07,950 [INFO] Page 6 | Collected: 0
2026-07-01 14:48:08,254 [INFO] Pacing: sleep 1.2s
2026-07-01 14:48:09,484 [INFO] Page 7 | Collected: 0
2026-07-01 14:48:09,818 [INFO] Pacing: sleep 0.8s
2026-07-01 14:48:10,579 [INFO] Page 8 | Collected: 0
2026-07-01 14:48:10,813 [INFO] Pacing: sleep 0.7s
2026-07-01 14:48:11,513 [INFO] Page 9 | Collected: 0
2026-07-01 14:48:11,810 [INFO] Pacing: sleep 0.9s
2026-07-01 14:48:12,695 [INFO] Page 10 | Collected: 0
2026-07-01 14:48:12,997 [INFO] Pacing: sleep 1.0s
2026-07-01 14:48:14,034 [INFO] Page 11 | Collected: 250
2026-07-01 14:48:14,300 [INFO] Pacing: sleep 1.5s
2026-07-01 14:48:15,787 [INFO] Page 12 | Collected: 250
2026-07-01 14:48:16,126 [INFO] Pacing: sleep 0.6s
2026-07-01 14:48:16,684 [INFO] Page 13 | Collected: 250
2026-07-01 14:48:16,928 [INFO] Pacing: sleep 0.6s
2026-07-01 14:48:17,548 [INFO] Page 14 | Collected: 250
2026-07-01 14:48:17,847 [INFO] Pacing: sleep 0.9s
2026-07-01 14:48:18,789 [INFO] Page 15 | Collected: 250
2026-07-01 14:48:19,131 [INFO] Pacing: sleep 1.1s
2026-07-01 14:48:20,201 [INFO] Page 16 | Collected: 250
2026-07-01 14:48:20,440 [INFO] Pacing: sleep 0.6s
2026-07-01 14:48:21,076 [INFO] Page 17 | Collected: 250
2026-07-01 14:48:21,424 [INFO] Pacing: sleep 0.5s
2026-07-01 14:48:21,944 [INFO] Page 18 | Collected: 250
2026-07-01 14:48:22,198 [INFO] Pacing: sleep 0.9s
2026-07-01 14:48:23,061 [INFO] Page 19 | Collected: 250
2026-07-01 14:48:23,621 [INFO] Pacing: sleep 1.3s
2026-07-01 14:48:24,929 [INFO] Page 20 | Collected: 250
2026-07-01 14:48:25,249 [INFO] Pacing: sleep 1.1s
2026-07-01 14:48:26,387 [INFO] Page 21 | Collected: 500
2026-07-01 14:48:26,659 [INFO] Pacing: sleep 1.1s
2026-07-01 14:48:27,714 [INFO] Page 22 | Collected: 500
2026-07-01 14:48:28,008 [INFO] Pacing: sleep 1.1s
2026-07-01 14:48:29,087 [INFO] Page 23 | Collected: 500
2026-07-01 14:48:29,371 [INFO] Pacing: sleep 0.7s
2026-07-01 14:48:30,033 [INFO] Page 24 | Collected: 500
2026-07-01 14:48:30,296 [INFO] Pacing: sleep 0.5s
2026-07-01 14:48:30,816 [INFO] Page 25 | Collected: 500
2026-07-01 14:48:31,230 [INFO] Pacing: sleep 0.7s
2026-07-01 14:48:31,946 [INFO] Page 26 | Collected: 500
2026-07-01 14:48:32,507 [INFO] Pacing: sleep 1.2s
2026-07-01 14:48:33,718 [INFO] Page 27 | Collected: 500
2026-07-01 14:48:34,200 [INFO] Pacing: sleep 0.8s
2026-07-01 14:48:34,965 [INFO] Page 28 | Collected: 500
2026-07-01 14:48:35,251 [INFO] Pacing: sleep 1.1s
2026-07-01 14:48:36,350 [INFO] Page 29 | Collected: 500
2026-07-01 14:48:36,654 [INFO] Pacing: sleep 0.7s
2026-07-01 14:48:37,377 [INFO] Page 30 | Collected: 500
2026-07-01 14:48:37,789 [INFO] Pacing: sleep 0.9s
2026-07-01 14:48:38,667 [INFO] Page 31 | Collected: 750
2026-07-01 14:48:38,719 [WARNING] Block detected on page 31: HTTP 429
2026-07-01 14:48:38,720 [INFO] Saved raw HTML for debugging: blocked_0031.html
2026-07-01 14:48:38,720 [WARNING] Initiating ADAPTIVE THROTTLING. Sleeping 180s, switching to SAFE mode.
2026-07-01 14:51:38,720 [INFO] Pacing: sleep 50.6s | Short Cooldown: 43.3s
2026-07-01 14:52:29,305 [INFO] Page 31 | Collected: 750
2026-07-01 14:52:29,567 [INFO] Pacing: sleep 4.7s
2026-07-01 14:52:34,316 [INFO] Page 32 | Collected: 750
2026-07-01 14:52:34,577 [INFO] Pacing: sleep 4.5s
2026-07-01 14:52:39,115 [INFO] Page 33 | Collected: 750
2026-07-01 14:52:39,422 [INFO] Pacing: sleep 7.6s
2026-07-01 14:52:47,007 [INFO] Page 34 | Collected: 750
2026-07-01 14:52:47,285 [INFO] Pacing: sleep 5.0s
2026-07-01 14:52:52,267 [INFO] Page 35 | Collected: 750
2026-07-01 14:52:52,659 [INFO] Pacing: sleep 5.6s
2026-07-01 14:52:58,221 [INFO] Page 36 | Collected: 750
2026-07-01 14:52:58,527 [INFO] Pacing: sleep 5.5s
2026-07-01 14:53:04,032 [INFO] Page 37 | Collected: 750
2026-07-01 14:53:04,265 [INFO] Pacing: sleep 5.9s
2026-07-01 14:53:10,163 [INFO] Page 38 | Collected: 750
2026-07-01 14:53:10,493 [INFO] Pacing: sleep 5.0s
2026-07-01 14:53:15,478 [INFO] Page 39 | Collected: 750
2026-07-01 14:53:15,718 [INFO] Pacing: sleep 7.7s
2026-07-01 14:53:23,468 [INFO] Page 40 | Collected: 750
2026-07-01 14:53:23,820 [INFO] Pacing: sleep 230.9s | Long Cooldown: 223.8s
2026-07-01 14:57:14,720 [INFO] Page 41 | Collected: 1000
2026-07-01 14:57:14,991 [INFO] Pacing: sleep 8.0s
2026-07-01 14:57:22,958 [INFO] Page 42 | Collected: 1000
2026-07-01 14:57:23,198 [INFO] Pacing: sleep 7.7s
2026-07-01 14:57:30,877 [INFO] Page 43 | Collected: 1000
2026-07-01 14:57:31,237 [INFO] Pacing: sleep 7.2s
2026-07-01 14:57:38,415 [INFO] Page 44 | Collected: 1000
2026-07-01 14:57:38,659 [INFO] Pacing: sleep 7.1s
2026-07-01 14:57:45,775 [INFO] Page 45 | Collected: 1000
2026-07-01 14:57:46,119 [INFO] Pacing: sleep 5.8s
2026-07-01 14:57:51,927 [INFO] Page 46 | Collected: 1000
2026-07-01 14:57:52,172 [INFO] Pacing: sleep 5.2s
2026-07-01 14:57:57,375 [INFO] Page 47 | Collected: 1000
2026-07-01 14:57:57,684 [INFO] Pacing: sleep 6.9s
2026-07-01 14:58:04,548 [INFO] Page 48 | Collected: 1000
2026-07-01 14:58:04,901 [INFO] Pacing: sleep 5.7s
2026-07-01 14:58:10,647 [INFO] Page 49 | Collected: 1000
2026-07-01 14:58:10,883 [INFO] Pacing: sleep 6.4s
2026-07-01 14:58:17,278 [INFO] Page 50 | Collected: 1000
2026-07-01 14:58:17,577 [INFO] Pacing: sleep 40.1s | Short Cooldown: 33.7s
2026-07-01 14:58:57,724 [INFO] Page 51 | Collected: 1250
2026-07-01 14:58:58,070 [INFO] Pacing: sleep 7.1s
2026-07-01 14:59:05,196 [INFO] Page 52 | Collected: 1250
2026-07-01 14:59:05,454 [INFO] Pacing: sleep 6.9s
2026-07-01 14:59:12,357 [INFO] Page 53 | Collected: 1250
2026-07-01 14:59:12,667 [INFO] Pacing: sleep 4.8s
2026-07-01 14:59:17,433 [INFO] Page 54 | Collected: 1250
2026-07-01 14:59:17,722 [INFO] Pacing: sleep 4.8s
2026-07-01 14:59:22,545 [INFO] Page 55 | Collected: 1250
2026-07-01 14:59:22,812 [INFO] Pacing: sleep 5.3s
2026-07-01 14:59:28,156 [INFO] Page 56 | Collected: 1250
2026-07-01 14:59:28,464 [INFO] Pacing: sleep 7.8s
2026-07-01 14:59:36,245 [INFO] Page 57 | Collected: 1250
2026-07-01 14:59:36,522 [INFO] Pacing: sleep 7.1s
2026-07-01 14:59:43,592 [INFO] Page 58 | Collected: 1250
2026-07-01 14:59:43,909 [INFO] Pacing: sleep 6.0s
2026-07-01 14:59:49,937 [INFO] Page 59 | Collected: 1250
2026-07-01 14:59:50,188 [INFO] Pacing: sleep 6.2s
2026-07-01 14:59:56,411 [INFO] Page 60 | Collected: 1250
2026-07-01 14:59:56,662 [INFO] Pacing: sleep 41.0s | Short Cooldown: 33.0s
2026-07-01 15:00:37,621 [INFO] Page 61 | Collected: 1500
2026-07-01 15:00:37,941 [INFO] Pacing: sleep 4.1s
2026-07-01 15:00:42,007 [INFO] Page 62 | Collected: 1500
2026-07-01 15:00:42,375 [INFO] Pacing: sleep 4.7s
2026-07-01 15:00:47,104 [INFO] Page 63 | Collected: 1500
2026-07-01 15:00:47,487 [INFO] Pacing: sleep 6.7s
2026-07-01 15:00:54,148 [INFO] Page 64 | Collected: 1500
2026-07-01 15:00:54,496 [INFO] Pacing: sleep 5.1s
2026-07-01 15:00:59,561 [INFO] Page 65 | Collected: 1500
2026-07-01 15:00:59,697 [WARNING] Block detected on page 65: Suspicious term found: 'captcha'
2026-07-01 15:00:59,698 [INFO] Saved raw HTML for debugging: blocked_0065.html
2026-07-01 15:00:59,698 [ERROR] Blocked again even after safe mode. Stopping gracefully.
2026-07-01 15:00:59,699 [INFO] Crawl stopped. Reason: adaptive_throttle_failed_page_65. Finalizing...
2026-07-01 15:00:59,699 [INFO] Merging intermediate pages from work_dir: /home/runner/work/steam-diploma/steam-diploma/data/snapshots/data/snapshots/_in_progress/ec35c13c-3435-4c68-a347-7265a74f643f
