2026-06-03 04:48:22,916 [INFO] Steam Snapshot Collector Started.
2026-06-03 04:48:22,916 [INFO] Speed Mode: fast
2026-06-03 04:48:22,917 [INFO] Work Dir: /home/runner/work/steam-diploma/steam-diploma/data/snapshots
2026-06-03 04:48:22,917 [INFO] Base Output Dir: .
2026-06-03 04:48:22,917 [INFO] Page 1 | Collected: 0
2026-06-03 04:48:23,270 [INFO] Pacing: sleep 1.3s
2026-06-03 04:48:24,613 [INFO] Page 2 | Collected: 0
2026-06-03 04:48:24,862 [INFO] Pacing: sleep 0.8s
2026-06-03 04:48:25,625 [INFO] Page 3 | Collected: 0
2026-06-03 04:48:25,866 [INFO] Pacing: sleep 1.5s
2026-06-03 04:48:27,344 [INFO] Page 4 | Collected: 0
2026-06-03 04:48:27,634 [INFO] Pacing: sleep 1.1s
2026-06-03 04:48:28,706 [INFO] Page 5 | Collected: 0
2026-06-03 04:48:28,920 [INFO] Pacing: sleep 1.5s
2026-06-03 04:48:30,416 [INFO] Page 6 | Collected: 0
2026-06-03 04:48:30,640 [INFO] Pacing: sleep 1.3s
2026-06-03 04:48:31,942 [INFO] Page 7 | Collected: 0
2026-06-03 04:48:32,240 [INFO] Pacing: sleep 1.0s
2026-06-03 04:48:33,232 [INFO] Page 8 | Collected: 0
2026-06-03 04:48:33,480 [INFO] Pacing: sleep 1.1s
2026-06-03 04:48:34,608 [INFO] Page 9 | Collected: 0
2026-06-03 04:48:34,901 [INFO] Pacing: sleep 1.4s
2026-06-03 04:48:36,341 [INFO] Page 10 | Collected: 0
2026-06-03 04:48:36,573 [INFO] Pacing: sleep 1.1s
2026-06-03 04:48:37,716 [INFO] Page 11 | Collected: 250
2026-06-03 04:48:37,947 [INFO] Pacing: sleep 0.6s
2026-06-03 04:48:38,555 [INFO] Page 12 | Collected: 250
2026-06-03 04:48:38,854 [INFO] Pacing: sleep 1.1s
2026-06-03 04:48:39,954 [INFO] Page 13 | Collected: 250
2026-06-03 04:48:40,167 [INFO] Pacing: sleep 1.4s
2026-06-03 04:48:41,575 [INFO] Page 14 | Collected: 250
2026-06-03 04:48:41,818 [INFO] Pacing: sleep 1.4s
2026-06-03 04:48:43,243 [INFO] Page 15 | Collected: 250
2026-06-03 04:48:43,534 [INFO] Pacing: sleep 0.6s
2026-06-03 04:48:44,084 [INFO] Page 16 | Collected: 250
2026-06-03 04:48:44,310 [INFO] Pacing: sleep 0.9s
2026-06-03 04:48:45,244 [INFO] Page 17 | Collected: 250
2026-06-03 04:48:45,540 [INFO] Pacing: sleep 1.1s
2026-06-03 04:48:46,601 [INFO] Page 18 | Collected: 250
2026-06-03 04:48:46,816 [INFO] Pacing: sleep 1.4s
2026-06-03 04:48:48,188 [INFO] Page 19 | Collected: 250
2026-06-03 04:48:48,417 [INFO] Pacing: sleep 1.5s
2026-06-03 04:48:49,900 [INFO] Page 20 | Collected: 250
2026-06-03 04:48:50,199 [INFO] Pacing: sleep 1.4s
2026-06-03 04:48:51,589 [INFO] Page 21 | Collected: 500
2026-06-03 04:48:51,804 [INFO] Pacing: sleep 1.4s
2026-06-03 04:48:53,212 [INFO] Page 22 | Collected: 500
2026-06-03 04:48:53,514 [INFO] Pacing: sleep 0.7s
2026-06-03 04:48:54,177 [INFO] Page 23 | Collected: 500
2026-06-03 04:48:54,445 [INFO] Pacing: sleep 1.5s
2026-06-03 04:48:55,921 [INFO] Page 24 | Collected: 500
2026-06-03 04:48:56,167 [INFO] Pacing: sleep 1.3s
2026-06-03 04:48:57,435 [INFO] Page 25 | Collected: 500
2026-06-03 04:48:57,747 [INFO] Pacing: sleep 0.7s
2026-06-03 04:48:58,488 [INFO] Page 26 | Collected: 500
2026-06-03 04:48:58,709 [INFO] Pacing: sleep 0.8s
2026-06-03 04:48:59,543 [INFO] Page 27 | Collected: 500
2026-06-03 04:48:59,869 [INFO] Pacing: sleep 1.5s
2026-06-03 04:49:01,347 [INFO] Page 28 | Collected: 500
2026-06-03 04:49:01,586 [INFO] Pacing: sleep 1.1s
2026-06-03 04:49:02,664 [INFO] Page 29 | Collected: 500
2026-06-03 04:49:02,910 [INFO] Pacing: sleep 0.8s
2026-06-03 04:49:03,757 [INFO] Page 30 | Collected: 500
2026-06-03 04:49:04,096 [INFO] Pacing: sleep 1.1s
2026-06-03 04:49:05,194 [INFO] Page 31 | Collected: 750
2026-06-03 04:49:05,233 [WARNING] Block detected on page 31: HTTP 429
2026-06-03 04:49:05,233 [INFO] Saved raw HTML for debugging: blocked_0031.html
2026-06-03 04:49:05,233 [WARNING] Initiating ADAPTIVE THROTTLING. Sleeping 180s, switching to SAFE mode.
2026-06-03 04:52:05,233 [INFO] Pacing: sleep 38.7s | Short Cooldown: 34.6s
2026-06-03 04:52:43,960 [INFO] Page 31 | Collected: 750
2026-06-03 04:52:44,195 [INFO] Pacing: sleep 5.8s
2026-06-03 04:52:50,040 [INFO] Page 32 | Collected: 750
2026-06-03 04:52:50,280 [INFO] Pacing: sleep 6.4s
2026-06-03 04:52:56,658 [INFO] Page 33 | Collected: 750
2026-06-03 04:52:56,978 [INFO] Pacing: sleep 4.5s
2026-06-03 04:53:01,436 [INFO] Page 34 | Collected: 750
2026-06-03 04:53:01,689 [INFO] Pacing: sleep 4.8s
2026-06-03 04:53:06,492 [INFO] Page 35 | Collected: 750
2026-06-03 04:53:06,781 [INFO] Pacing: sleep 7.1s
2026-06-03 04:53:13,908 [INFO] Page 36 | Collected: 750
2026-06-03 04:53:14,134 [INFO] Pacing: sleep 7.4s
2026-06-03 04:53:21,518 [INFO] Page 37 | Collected: 750
2026-06-03 04:53:21,739 [INFO] Pacing: sleep 7.3s
2026-06-03 04:53:29,014 [INFO] Page 38 | Collected: 750
2026-06-03 04:53:29,314 [INFO] Pacing: sleep 5.4s
2026-06-03 04:53:34,721 [INFO] Page 39 | Collected: 750
2026-06-03 04:53:34,984 [INFO] Pacing: sleep 6.0s
2026-06-03 04:53:40,940 [INFO] Page 40 | Collected: 750
2026-06-03 04:53:41,230 [INFO] Pacing: sleep 186.6s | Long Cooldown: 180.1s
2026-06-03 04:56:47,880 [INFO] Page 41 | Collected: 1000
2026-06-03 04:56:48,093 [INFO] Pacing: sleep 5.7s
2026-06-03 04:56:53,804 [INFO] Page 42 | Collected: 1000
2026-06-03 04:56:54,016 [INFO] Pacing: sleep 7.8s
2026-06-03 04:57:01,804 [INFO] Page 43 | Collected: 1000
2026-06-03 04:57:02,101 [INFO] Pacing: sleep 6.7s
2026-06-03 04:57:08,775 [INFO] Page 44 | Collected: 1000
2026-06-03 04:57:09,009 [INFO] Pacing: sleep 7.1s
2026-06-03 04:57:16,077 [INFO] Page 45 | Collected: 1000
2026-06-03 04:57:16,366 [INFO] Pacing: sleep 5.0s
2026-06-03 04:57:21,379 [INFO] Page 46 | Collected: 1000
2026-06-03 04:57:21,597 [INFO] Pacing: sleep 7.1s
2026-06-03 04:57:28,712 [INFO] Page 47 | Collected: 1000
2026-06-03 04:57:28,929 [INFO] Pacing: sleep 6.4s
2026-06-03 04:57:35,301 [INFO] Page 48 | Collected: 1000
2026-06-03 04:57:35,594 [INFO] Pacing: sleep 7.7s
2026-06-03 04:57:43,270 [INFO] Page 49 | Collected: 1000
2026-06-03 04:57:43,513 [INFO] Pacing: sleep 6.9s
2026-06-03 04:57:50,420 [INFO] Page 50 | Collected: 1000
2026-06-03 04:57:50,661 [INFO] Pacing: sleep 45.2s | Short Cooldown: 40.1s
2026-06-03 04:58:35,831 [INFO] Page 51 | Collected: 1250
2026-06-03 04:58:36,148 [INFO] Pacing: sleep 5.0s
2026-06-03 04:58:41,188 [INFO] Page 52 | Collected: 1250
2026-06-03 04:58:41,418 [INFO] Pacing: sleep 4.4s
2026-06-03 04:58:45,827 [INFO] Page 53 | Collected: 1250
2026-06-03 04:58:46,126 [INFO] Pacing: sleep 4.6s
2026-06-03 04:58:50,745 [INFO] Page 54 | Collected: 1250
2026-06-03 04:58:50,961 [INFO] Pacing: sleep 6.6s
2026-06-03 04:58:57,558 [INFO] Page 55 | Collected: 1250
2026-06-03 04:58:57,793 [INFO] Pacing: sleep 4.6s
2026-06-03 04:59:02,380 [INFO] Page 56 | Collected: 1250
2026-06-03 04:59:02,676 [INFO] Pacing: sleep 5.7s
2026-06-03 04:59:08,363 [INFO] Page 57 | Collected: 1250
2026-06-03 04:59:08,596 [INFO] Pacing: sleep 6.6s
2026-06-03 04:59:15,200 [INFO] Page 58 | Collected: 1250
2026-06-03 04:59:15,509 [INFO] Pacing: sleep 6.0s
2026-06-03 04:59:21,537 [INFO] Page 59 | Collected: 1250
2026-06-03 04:59:21,785 [INFO] Pacing: sleep 6.6s
2026-06-03 04:59:28,372 [INFO] Page 60 | Collected: 1250
2026-06-03 04:59:28,630 [INFO] Pacing: sleep 41.4s | Short Cooldown: 37.2s
2026-06-03 05:00:09,994 [INFO] Page 61 | Collected: 1500
2026-06-03 05:00:10,310 [INFO] Pacing: sleep 5.8s
2026-06-03 05:00:16,139 [INFO] Page 62 | Collected: 1500
2026-06-03 05:00:16,368 [INFO] Pacing: sleep 5.0s
2026-06-03 05:00:21,320 [INFO] Page 63 | Collected: 1500
2026-06-03 05:00:21,633 [INFO] Pacing: sleep 5.8s
2026-06-03 05:00:27,418 [INFO] Page 64 | Collected: 1500
2026-06-03 05:00:27,645 [INFO] Pacing: sleep 4.2s
2026-06-03 05:00:31,873 [INFO] Page 65 | Collected: 1500
2026-06-03 05:00:32,114 [INFO] Pacing: sleep 5.5s
2026-06-03 05:00:37,576 [INFO] Page 66 | Collected: 1500
2026-06-03 05:00:37,934 [INFO] Pacing: sleep 4.1s
2026-06-03 05:00:42,014 [INFO] Page 67 | Collected: 1500
2026-06-03 05:00:42,258 [INFO] Pacing: sleep 5.1s
2026-06-03 05:00:47,325 [INFO] Page 68 | Collected: 1500
2026-06-03 05:00:47,561 [INFO] Pacing: sleep 7.5s
2026-06-03 05:00:55,052 [INFO] Page 69 | Collected: 1500
2026-06-03 05:00:55,385 [INFO] Pacing: sleep 6.4s
2026-06-03 05:01:01,815 [INFO] Page 70 | Collected: 1500
2026-06-03 05:01:02,044 [INFO] Pacing: sleep 51.6s | Short Cooldown: 45.7s
2026-06-03 05:01:53,657 [INFO] Page 71 | Collected: 1750
2026-06-03 05:01:53,961 [INFO] Pacing: sleep 5.1s
2026-06-03 05:01:59,107 [INFO] Page 72 | Collected: 1750
2026-06-03 05:01:59,333 [INFO] Pacing: sleep 6.9s
2026-06-03 05:02:06,230 [INFO] Page 73 | Collected: 1750
2026-06-03 05:02:06,465 [INFO] Pacing: sleep 4.2s
2026-06-03 05:02:10,660 [INFO] Page 74 | Collected: 1750
2026-06-03 05:02:10,996 [INFO] Pacing: sleep 5.9s
2026-06-03 05:02:16,908 [INFO] Page 75 | Collected: 1750
2026-06-03 05:02:17,163 [INFO] Pacing: sleep 6.5s
2026-06-03 05:02:23,665 [INFO] Page 76 | Collected: 1750
2026-06-03 05:02:23,944 [INFO] Pacing: sleep 4.6s
2026-06-03 05:02:28,529 [INFO] Page 77 | Collected: 1750
2026-06-03 05:02:28,742 [INFO] Pacing: sleep 7.6s
2026-06-03 05:02:36,311 [INFO] Page 78 | Collected: 1750
2026-06-03 05:02:36,542 [INFO] Pacing: sleep 6.4s
2026-06-03 05:02:42,979 [INFO] Page 79 | Collected: 1750
2026-06-03 05:02:43,307 [INFO] Pacing: sleep 7.7s
2026-06-03 05:02:51,020 [INFO] Page 80 | Collected: 1750
2026-06-03 05:02:51,247 [INFO] Pacing: sleep 193.8s | Long Cooldown: 187.9s
2026-06-03 05:06:05,048 [INFO] Page 81 | Collected: 2000
2026-06-03 05:06:05,364 [INFO] Pacing: sleep 7.0s
2026-06-03 05:06:12,316 [INFO] Page 82 | Collected: 2000
2026-06-03 05:06:12,558 [INFO] Pacing: sleep 6.7s
2026-06-03 05:06:19,221 [INFO] Page 83 | Collected: 2000
2026-06-03 05:06:19,481 [INFO] Pacing: sleep 6.4s
2026-06-03 05:06:25,931 [INFO] Page 84 | Collected: 2000
2026-06-03 05:06:26,256 [INFO] Pacing: sleep 7.4s
2026-06-03 05:06:33,607 [INFO] Page 85 | Collected: 2000
2026-06-03 05:06:33,840 [INFO] Pacing: sleep 6.6s
2026-06-03 05:06:40,479 [INFO] Page 86 | Collected: 2000
2026-06-03 05:06:40,704 [INFO] Pacing: sleep 5.6s
2026-06-03 05:06:46,351 [INFO] Page 87 | Collected: 2000
2026-06-03 05:06:46,663 [INFO] Pacing: sleep 6.7s
2026-06-03 05:06:53,383 [INFO] Page 88 | Collected: 2000
2026-06-03 05:06:53,600 [INFO] Pacing: sleep 7.1s
2026-06-03 05:07:00,676 [INFO] Page 89 | Collected: 2000
2026-06-03 05:07:00,977 [INFO] Pacing: sleep 4.2s
2026-06-03 05:07:05,188 [INFO] Page 90 | Collected: 2000
2026-06-03 05:07:05,408 [INFO] Pacing: sleep 39.7s | Short Cooldown: 32.0s
2026-06-03 05:07:45,139 [INFO] Page 91 | Collected: 2250
2026-06-03 05:07:45,360 [INFO] Pacing: sleep 5.0s
2026-06-03 05:07:50,354 [INFO] Page 92 | Collected: 2250
2026-06-03 05:07:50,677 [INFO] Pacing: sleep 6.8s
2026-06-03 05:07:57,451 [INFO] Page 93 | Collected: 2250
2026-06-03 05:07:57,686 [INFO] Pacing: sleep 6.4s
2026-06-03 05:08:04,039 [INFO] Page 94 | Collected: 2250
2026-06-03 05:08:04,338 [INFO] Pacing: sleep 7.3s
2026-06-03 05:08:11,602 [INFO] Page 95 | Collected: 2250
2026-06-03 05:08:11,823 [INFO] Pacing: sleep 5.8s
2026-06-03 05:08:17,597 [INFO] Page 96 | Collected: 2250
2026-06-03 05:08:17,832 [INFO] Pacing: sleep 4.1s
2026-06-03 05:08:21,967 [INFO] Page 97 | Collected: 2250
2026-06-03 05:08:22,289 [INFO] Pacing: sleep 7.8s
2026-06-03 05:08:30,042 [INFO] Page 98 | Collected: 2250
2026-06-03 05:08:30,285 [INFO] Pacing: sleep 4.3s
2026-06-03 05:08:34,625 [INFO] Page 99 | Collected: 2250
2026-06-03 05:08:34,932 [INFO] Pacing: sleep 7.1s
2026-06-03 05:08:41,987 [INFO] Page 100 | Collected: 2250
2026-06-03 05:08:42,276 [INFO] Pacing: sleep 51.3s | Short Cooldown: 45.0s
2026-06-03 05:09:33,545 [INFO] Page 101 | Collected: 2500
2026-06-03 05:09:33,782 [INFO] Pacing: sleep 5.5s
2026-06-03 05:09:39,297 [INFO] Page 102 | Collected: 2500
2026-06-03 05:09:39,608 [INFO] Pacing: sleep 4.7s
2026-06-03 05:09:44,294 [INFO] Page 103 | Collected: 2500
2026-06-03 05:09:44,534 [INFO] Pacing: sleep 5.5s
2026-06-03 05:09:50,070 [INFO] Page 104 | Collected: 2500
2026-06-03 05:09:50,335 [INFO] Pacing: sleep 6.2s
2026-06-03 05:09:56,499 [INFO] Page 105 | Collected: 2500
2026-06-03 05:09:56,831 [INFO] Pacing: sleep 6.7s
2026-06-03 05:10:03,528 [INFO] Page 106 | Collected: 2500
2026-06-03 05:10:03,891 [INFO] Pacing: sleep 4.3s
2026-06-03 05:10:08,190 [INFO] Page 107 | Collected: 2500
2026-06-03 05:10:08,496 [INFO] Pacing: sleep 6.3s
2026-06-03 05:10:14,798 [INFO] Page 108 | Collected: 2500
2026-06-03 05:10:15,046 [INFO] Pacing: sleep 7.0s
2026-06-03 05:10:22,008 [INFO] Page 109 | Collected: 2500
2026-06-03 05:10:22,252 [INFO] Pacing: sleep 4.6s
2026-06-03 05:10:26,832 [INFO] Page 110 | Collected: 2500
2026-06-03 05:10:27,179 [INFO] Pacing: sleep 66.0s | Short Cooldown: 59.6s
2026-06-03 05:11:33,181 [INFO] Page 111 | Collected: 2750
2026-06-03 05:11:33,420 [INFO] Pacing: sleep 4.9s
2026-06-03 05:11:38,306 [INFO] Page 112 | Collected: 2750
2026-06-03 05:11:38,618 [INFO] Pacing: sleep 5.2s
2026-06-03 05:11:43,849 [INFO] Page 113 | Collected: 2750
2026-06-03 05:11:44,099 [INFO] Pacing: sleep 5.6s
2026-06-03 05:11:49,652 [INFO] Page 114 | Collected: 2750
2026-06-03 05:11:49,920 [INFO] Pacing: sleep 5.6s
2026-06-03 05:11:55,476 [INFO] Page 115 | Collected: 2750
2026-06-03 05:11:55,780 [INFO] Pacing: sleep 5.9s
2026-06-03 05:12:01,704 [INFO] Page 116 | Collected: 2750
2026-06-03 05:12:01,943 [INFO] Pacing: sleep 6.5s
2026-06-03 05:12:08,442 [INFO] Page 117 | Collected: 2750
2026-06-03 05:12:08,761 [WARNING] Page 117 had 1 duplicate appids seen previously.
2026-06-03 05:12:08,761 [INFO] Pacing: sleep 6.7s
2026-06-03 05:12:15,452 [INFO] Page 118 | Collected: 2750
2026-06-03 05:12:15,694 [INFO] Pacing: sleep 4.5s
2026-06-03 05:12:20,176 [INFO] Page 119 | Collected: 2750
2026-06-03 05:12:20,393 [INFO] Pacing: sleep 7.3s
2026-06-03 05:12:27,655 [INFO] Page 120 | Collected: 2750
2026-06-03 05:12:27,963 [INFO] Crawl stopped. Reason: max_games_reached. Finalizing...
2026-06-03 05:12:27,964 [INFO] Merging intermediate pages from work_dir: /home/runner/work/steam-diploma/steam-diploma/data/snapshots/data/snapshots/_in_progress/d5f7cbf2-8e1e-4e23-b900-27ab38ff34ca
2026-06-03 05:12:27,990 [WARNING] Found 1 duplicate appids across the snapshot.
