2026-06-03 17:00:47,518 [INFO] Steam Snapshot Collector Started.
2026-06-03 17:00:47,518 [INFO] Speed Mode: fast
2026-06-03 17:00:47,518 [INFO] Work Dir: /home/runner/work/steam-diploma/steam-diploma/data/snapshots
2026-06-03 17:00:47,518 [INFO] Base Output Dir: .
2026-06-03 17:00:47,518 [INFO] Page 1 | Collected: 0
2026-06-03 17:00:47,869 [INFO] Pacing: sleep 1.0s
2026-06-03 17:00:48,862 [INFO] Page 2 | Collected: 0
2026-06-03 17:00:49,175 [INFO] Pacing: sleep 1.1s
2026-06-03 17:00:50,289 [INFO] Page 3 | Collected: 0
2026-06-03 17:00:50,586 [INFO] Pacing: sleep 0.5s
2026-06-03 17:00:51,113 [INFO] Page 4 | Collected: 0
2026-06-03 17:00:51,467 [INFO] Pacing: sleep 1.3s
2026-06-03 17:00:52,721 [INFO] Page 5 | Collected: 0
2026-06-03 17:00:53,027 [INFO] Pacing: sleep 0.5s
2026-06-03 17:00:53,545 [INFO] Page 6 | Collected: 0
2026-06-03 17:00:53,810 [INFO] Pacing: sleep 0.7s
2026-06-03 17:00:54,522 [INFO] Page 7 | Collected: 0
2026-06-03 17:00:54,852 [INFO] Pacing: sleep 0.7s
2026-06-03 17:00:55,535 [INFO] Page 8 | Collected: 0
2026-06-03 17:00:55,889 [INFO] Pacing: sleep 1.0s
2026-06-03 17:00:56,904 [INFO] Page 9 | Collected: 0
2026-06-03 17:00:57,281 [INFO] Pacing: sleep 1.3s
2026-06-03 17:00:58,561 [INFO] Page 10 | Collected: 0
2026-06-03 17:00:58,894 [INFO] Pacing: sleep 1.4s
2026-06-03 17:01:00,339 [INFO] Page 11 | Collected: 250
2026-06-03 17:01:00,614 [INFO] Pacing: sleep 1.5s
2026-06-03 17:01:02,077 [INFO] Page 12 | Collected: 250
2026-06-03 17:01:02,533 [INFO] Pacing: sleep 0.7s
2026-06-03 17:01:03,225 [INFO] Page 13 | Collected: 250
2026-06-03 17:01:03,493 [INFO] Pacing: sleep 1.2s
2026-06-03 17:01:04,704 [INFO] Page 14 | Collected: 250
2026-06-03 17:01:04,994 [INFO] Pacing: sleep 1.3s
2026-06-03 17:01:06,335 [INFO] Page 15 | Collected: 250
2026-06-03 17:01:06,689 [INFO] Pacing: sleep 1.3s
2026-06-03 17:01:08,005 [INFO] Page 16 | Collected: 250
2026-06-03 17:01:08,305 [INFO] Pacing: sleep 1.0s
2026-06-03 17:01:09,316 [INFO] Page 17 | Collected: 250
2026-06-03 17:01:09,673 [INFO] Pacing: sleep 1.1s
2026-06-03 17:01:10,813 [INFO] Page 18 | Collected: 250
2026-06-03 17:01:11,070 [INFO] Pacing: sleep 1.0s
2026-06-03 17:01:12,074 [INFO] Page 19 | Collected: 250
2026-06-03 17:01:12,351 [INFO] Pacing: sleep 0.8s
2026-06-03 17:01:13,126 [INFO] Page 20 | Collected: 250
2026-06-03 17:01:13,485 [INFO] Pacing: sleep 0.6s
2026-06-03 17:01:14,079 [INFO] Page 21 | Collected: 500
2026-06-03 17:01:14,374 [INFO] Pacing: sleep 1.3s
2026-06-03 17:01:15,643 [INFO] Page 22 | Collected: 500
2026-06-03 17:01:15,999 [INFO] Pacing: sleep 1.2s
2026-06-03 17:01:17,233 [INFO] Page 23 | Collected: 500
2026-06-03 17:01:17,501 [INFO] Pacing: sleep 1.4s
2026-06-03 17:01:18,864 [INFO] Page 24 | Collected: 500
2026-06-03 17:01:19,168 [INFO] Pacing: sleep 0.8s
2026-06-03 17:01:19,929 [INFO] Page 25 | Collected: 500
2026-06-03 17:01:20,409 [INFO] Pacing: sleep 1.4s
2026-06-03 17:01:21,858 [INFO] Page 26 | Collected: 500
2026-06-03 17:01:22,173 [INFO] Pacing: sleep 1.2s
2026-06-03 17:01:23,371 [INFO] Page 27 | Collected: 500
2026-06-03 17:01:23,729 [INFO] Pacing: sleep 1.2s
2026-06-03 17:01:24,903 [INFO] Page 28 | Collected: 500
2026-06-03 17:01:25,164 [INFO] Pacing: sleep 1.3s
2026-06-03 17:01:26,455 [INFO] Page 29 | Collected: 500
2026-06-03 17:01:26,762 [INFO] Pacing: sleep 1.0s
2026-06-03 17:01:27,741 [INFO] Page 30 | Collected: 500
2026-06-03 17:01:28,128 [INFO] Pacing: sleep 1.4s
2026-06-03 17:01:29,560 [INFO] Page 31 | Collected: 750
2026-06-03 17:01:29,699 [WARNING] Block detected on page 31: HTTP 429
2026-06-03 17:01:29,699 [INFO] Saved raw HTML for debugging: blocked_0031.html
2026-06-03 17:01:29,699 [WARNING] Initiating ADAPTIVE THROTTLING. Sleeping 180s, switching to SAFE mode.
2026-06-03 17:04:29,699 [INFO] Pacing: sleep 42.8s | Short Cooldown: 35.3s
2026-06-03 17:05:12,498 [INFO] Page 31 | Collected: 750
2026-06-03 17:05:12,802 [INFO] Pacing: sleep 6.7s
2026-06-03 17:05:19,457 [INFO] Page 32 | Collected: 750
2026-06-03 17:05:19,792 [INFO] Pacing: sleep 5.9s
2026-06-03 17:05:25,741 [INFO] Page 33 | Collected: 750
2026-06-03 17:05:26,075 [INFO] Pacing: sleep 7.8s
2026-06-03 17:05:33,837 [INFO] Page 34 | Collected: 750
2026-06-03 17:05:34,102 [INFO] Pacing: sleep 7.5s
2026-06-03 17:05:41,602 [INFO] Page 35 | Collected: 750
2026-06-03 17:05:41,972 [INFO] Pacing: sleep 5.2s
2026-06-03 17:05:47,142 [INFO] Page 36 | Collected: 750
2026-06-03 17:05:47,411 [INFO] Pacing: sleep 7.9s
2026-06-03 17:05:55,280 [INFO] Page 37 | Collected: 750
2026-06-03 17:05:55,713 [INFO] Pacing: sleep 7.3s
2026-06-03 17:06:03,038 [INFO] Page 38 | Collected: 750
2026-06-03 17:06:03,630 [INFO] Pacing: sleep 7.4s
2026-06-03 17:06:11,031 [INFO] Page 39 | Collected: 750
2026-06-03 17:06:11,346 [INFO] Pacing: sleep 7.3s
2026-06-03 17:06:18,624 [INFO] Page 40 | Collected: 750
2026-06-03 17:06:19,007 [INFO] Pacing: sleep 208.2s | Long Cooldown: 200.7s
2026-06-03 17:09:47,182 [INFO] Page 41 | Collected: 1000
2026-06-03 17:09:47,474 [INFO] Pacing: sleep 6.9s
2026-06-03 17:09:54,329 [INFO] Page 42 | Collected: 1000
2026-06-03 17:09:54,638 [INFO] Pacing: sleep 4.2s
2026-06-03 17:09:58,855 [INFO] Page 43 | Collected: 1000
2026-06-03 17:09:59,222 [INFO] Pacing: sleep 5.8s
2026-06-03 17:10:05,054 [INFO] Page 44 | Collected: 1000
2026-06-03 17:10:05,355 [INFO] Pacing: sleep 6.5s
2026-06-03 17:10:11,842 [INFO] Page 45 | Collected: 1000
2026-06-03 17:10:12,241 [INFO] Pacing: sleep 7.9s
2026-06-03 17:10:20,124 [INFO] Page 46 | Collected: 1000
2026-06-03 17:10:20,376 [INFO] Pacing: sleep 5.1s
2026-06-03 17:10:25,472 [INFO] Page 47 | Collected: 1000
2026-06-03 17:10:25,763 [INFO] Pacing: sleep 6.7s
2026-06-03 17:10:32,453 [INFO] Page 48 | Collected: 1000
2026-06-03 17:10:32,808 [INFO] Pacing: sleep 7.7s
2026-06-03 17:10:40,494 [INFO] Page 49 | Collected: 1000
2026-06-03 17:10:40,759 [INFO] Pacing: sleep 4.8s
2026-06-03 17:10:45,572 [INFO] Page 50 | Collected: 1000
2026-06-03 17:10:45,825 [INFO] Pacing: sleep 41.5s | Short Cooldown: 37.2s
2026-06-03 17:11:27,331 [INFO] Page 51 | Collected: 1250
2026-06-03 17:11:27,708 [INFO] Pacing: sleep 5.9s
2026-06-03 17:11:33,589 [INFO] Page 52 | Collected: 1250
2026-06-03 17:11:33,898 [INFO] Pacing: sleep 4.2s
2026-06-03 17:11:38,140 [INFO] Page 53 | Collected: 1250
2026-06-03 17:11:38,475 [INFO] Pacing: sleep 4.6s
2026-06-03 17:11:43,086 [INFO] Page 54 | Collected: 1250
2026-06-03 17:11:43,364 [INFO] Pacing: sleep 7.7s
2026-06-03 17:11:51,098 [INFO] Page 55 | Collected: 1250
2026-06-03 17:11:51,368 [INFO] Pacing: sleep 5.1s
2026-06-03 17:11:56,446 [INFO] Page 56 | Collected: 1250
2026-06-03 17:11:56,785 [INFO] Pacing: sleep 6.8s
2026-06-03 17:12:03,568 [INFO] Page 57 | Collected: 1250
2026-06-03 17:12:03,831 [INFO] Pacing: sleep 6.1s
2026-06-03 17:12:09,965 [INFO] Page 58 | Collected: 1250
2026-06-03 17:12:10,301 [INFO] Pacing: sleep 4.2s
2026-06-03 17:12:14,517 [INFO] Page 59 | Collected: 1250
2026-06-03 17:12:14,805 [INFO] Pacing: sleep 7.1s
2026-06-03 17:12:21,926 [INFO] Page 60 | Collected: 1250
2026-06-03 17:12:22,256 [INFO] Pacing: sleep 60.8s | Short Cooldown: 54.7s
2026-06-03 17:13:23,010 [INFO] Page 61 | Collected: 1500
2026-06-03 17:13:23,387 [INFO] Pacing: sleep 7.6s
2026-06-03 17:13:30,960 [INFO] Page 62 | Collected: 1500
2026-06-03 17:13:31,233 [INFO] Pacing: sleep 7.4s
2026-06-03 17:13:38,656 [INFO] Page 63 | Collected: 1500
2026-06-03 17:13:38,990 [INFO] Pacing: sleep 4.8s
2026-06-03 17:13:43,751 [INFO] Page 64 | Collected: 1500
2026-06-03 17:13:44,038 [INFO] Pacing: sleep 5.4s
2026-06-03 17:13:49,477 [INFO] Page 65 | Collected: 1500
2026-06-03 17:13:49,746 [INFO] Pacing: sleep 7.2s
2026-06-03 17:13:56,926 [INFO] Page 66 | Collected: 1500
2026-06-03 17:13:57,323 [INFO] Pacing: sleep 7.7s
2026-06-03 17:14:04,994 [INFO] Page 67 | Collected: 1500
2026-06-03 17:14:05,270 [INFO] Pacing: sleep 5.3s
2026-06-03 17:14:10,617 [INFO] Page 68 | Collected: 1500
2026-06-03 17:14:10,950 [INFO] Pacing: sleep 6.2s
2026-06-03 17:14:17,182 [INFO] Page 69 | Collected: 1500
2026-06-03 17:14:17,579 [INFO] Pacing: sleep 7.3s
2026-06-03 17:14:24,858 [INFO] Page 70 | Collected: 1500
2026-06-03 17:14:25,156 [INFO] Pacing: sleep 41.5s | Short Cooldown: 34.2s
2026-06-03 17:15:06,609 [INFO] Page 71 | Collected: 1750
2026-06-03 17:15:06,996 [INFO] Pacing: sleep 4.9s
2026-06-03 17:15:11,904 [INFO] Page 72 | Collected: 1750
2026-06-03 17:15:12,187 [INFO] Pacing: sleep 5.6s
2026-06-03 17:15:17,765 [INFO] Page 73 | Collected: 1750
2026-06-03 17:15:18,030 [INFO] Pacing: sleep 4.2s
2026-06-03 17:15:22,194 [INFO] Page 74 | Collected: 1750
2026-06-03 17:15:22,585 [INFO] Pacing: sleep 5.2s
2026-06-03 17:15:27,792 [INFO] Page 75 | Collected: 1750
2026-06-03 17:15:28,072 [INFO] Pacing: sleep 4.9s
2026-06-03 17:15:32,938 [INFO] Page 76 | Collected: 1750
2026-06-03 17:15:33,320 [INFO] Pacing: sleep 5.8s
2026-06-03 17:15:39,133 [INFO] Page 77 | Collected: 1750
2026-06-03 17:15:39,495 [INFO] Pacing: sleep 7.9s
2026-06-03 17:15:47,384 [INFO] Page 78 | Collected: 1750
2026-06-03 17:15:47,658 [INFO] Pacing: sleep 7.3s
2026-06-03 17:15:54,917 [INFO] Page 79 | Collected: 1750
2026-06-03 17:15:55,294 [INFO] Pacing: sleep 7.9s
2026-06-03 17:16:03,152 [INFO] Page 80 | Collected: 1750
2026-06-03 17:16:03,434 [INFO] Pacing: sleep 170.0s | Long Cooldown: 163.6s
2026-06-03 17:18:53,438 [INFO] Page 81 | Collected: 2000
2026-06-03 17:18:53,845 [INFO] Pacing: sleep 4.1s
2026-06-03 17:18:57,916 [INFO] Page 82 | Collected: 2000
2026-06-03 17:18:58,213 [INFO] Pacing: sleep 7.3s
2026-06-03 17:19:05,490 [INFO] Page 83 | Collected: 2000
2026-06-03 17:19:05,942 [INFO] Pacing: sleep 5.2s
2026-06-03 17:19:11,099 [INFO] Page 84 | Collected: 2000
2026-06-03 17:19:11,476 [INFO] Pacing: sleep 5.8s
2026-06-03 17:19:17,321 [INFO] Page 85 | Collected: 2000
2026-06-03 17:19:17,695 [INFO] Pacing: sleep 5.7s
2026-06-03 17:19:23,383 [INFO] Page 86 | Collected: 2000
2026-06-03 17:19:23,648 [INFO] Pacing: sleep 5.7s
2026-06-03 17:19:29,313 [INFO] Page 87 | Collected: 2000
2026-06-03 17:19:29,696 [INFO] Pacing: sleep 5.7s
2026-06-03 17:19:35,351 [INFO] Page 88 | Collected: 2000
2026-06-03 17:19:35,624 [INFO] Pacing: sleep 7.2s
2026-06-03 17:19:42,863 [INFO] Page 89 | Collected: 2000
2026-06-03 17:19:43,220 [WARNING] Page 89 had 1 duplicate appids seen previously.
2026-06-03 17:19:43,220 [INFO] Pacing: sleep 5.4s
2026-06-03 17:19:48,587 [INFO] Page 90 | Collected: 2000
2026-06-03 17:19:48,879 [INFO] Pacing: sleep 58.4s | Short Cooldown: 51.6s
2026-06-03 17:20:47,252 [INFO] Page 91 | Collected: 2250
2026-06-03 17:20:47,529 [INFO] Pacing: sleep 6.8s
2026-06-03 17:20:54,300 [INFO] Page 92 | Collected: 2250
2026-06-03 17:20:54,787 [INFO] Pacing: sleep 7.3s
2026-06-03 17:21:02,137 [INFO] Page 93 | Collected: 2250
2026-06-03 17:21:02,424 [INFO] Pacing: sleep 5.6s
2026-06-03 17:21:08,073 [INFO] Page 94 | Collected: 2250
2026-06-03 17:21:08,418 [INFO] Pacing: sleep 7.3s
2026-06-03 17:21:15,736 [INFO] Page 95 | Collected: 2250
2026-06-03 17:21:16,018 [INFO] Pacing: sleep 4.3s
2026-06-03 17:21:20,355 [INFO] Page 96 | Collected: 2250
2026-06-03 17:21:20,652 [INFO] Pacing: sleep 6.5s
2026-06-03 17:21:27,167 [INFO] Page 97 | Collected: 2250
2026-06-03 17:21:27,579 [INFO] Pacing: sleep 6.1s
2026-06-03 17:21:33,665 [INFO] Page 98 | Collected: 2250
2026-06-03 17:21:33,984 [INFO] Pacing: sleep 5.9s
2026-06-03 17:21:39,908 [INFO] Page 99 | Collected: 2250
2026-06-03 17:21:40,290 [INFO] Pacing: sleep 7.9s
2026-06-03 17:21:48,226 [INFO] Page 100 | Collected: 2250
2026-06-03 17:21:48,540 [INFO] Pacing: sleep 37.8s | Short Cooldown: 32.9s
2026-06-03 17:22:26,356 [INFO] Page 101 | Collected: 2500
2026-06-03 17:22:26,649 [INFO] Pacing: sleep 4.2s
2026-06-03 17:22:30,832 [INFO] Page 102 | Collected: 2500
2026-06-03 17:22:31,277 [INFO] Pacing: sleep 6.0s
2026-06-03 17:22:37,304 [INFO] Page 103 | Collected: 2500
2026-06-03 17:22:37,607 [INFO] Pacing: sleep 7.8s
2026-06-03 17:22:45,382 [INFO] Page 104 | Collected: 2500
2026-06-03 17:22:45,798 [INFO] Pacing: sleep 6.6s
2026-06-03 17:22:52,405 [INFO] Page 105 | Collected: 2500
2026-06-03 17:22:52,765 [INFO] Pacing: sleep 6.7s
2026-06-03 17:22:59,474 [INFO] Page 106 | Collected: 2500
2026-06-03 17:22:59,757 [INFO] Pacing: sleep 5.7s
2026-06-03 17:23:05,427 [INFO] Page 107 | Collected: 2500
2026-06-03 17:23:05,810 [INFO] Pacing: sleep 7.4s
2026-06-03 17:23:13,243 [INFO] Page 108 | Collected: 2500
2026-06-03 17:23:13,582 [INFO] Pacing: sleep 7.2s
2026-06-03 17:23:20,778 [INFO] Page 109 | Collected: 2500
2026-06-03 17:23:21,163 [INFO] Pacing: sleep 5.0s
2026-06-03 17:23:26,163 [INFO] Page 110 | Collected: 2500
2026-06-03 17:23:26,693 [WARNING] Page 110 had 1 duplicate appids seen previously.
2026-06-03 17:23:26,695 [INFO] Pacing: sleep 54.7s | Short Cooldown: 47.4s
2026-06-03 17:24:21,352 [INFO] Page 111 | Collected: 2750
2026-06-03 17:24:21,627 [INFO] Pacing: sleep 7.7s
2026-06-03 17:24:29,324 [INFO] Page 112 | Collected: 2750
2026-06-03 17:24:29,683 [INFO] Pacing: sleep 7.8s
2026-06-03 17:24:37,460 [INFO] Page 113 | Collected: 2750
2026-06-03 17:24:37,837 [INFO] Pacing: sleep 5.5s
2026-06-03 17:24:43,352 [INFO] Page 114 | Collected: 2750
2026-06-03 17:24:43,703 [INFO] Pacing: sleep 7.8s
2026-06-03 17:24:51,549 [INFO] Page 115 | Collected: 2750
2026-06-03 17:24:51,943 [INFO] Pacing: sleep 4.5s
2026-06-03 17:24:56,441 [INFO] Page 116 | Collected: 2750
2026-06-03 17:24:56,826 [INFO] Pacing: sleep 5.6s
2026-06-03 17:25:02,403 [INFO] Page 117 | Collected: 2750
2026-06-03 17:25:02,768 [INFO] Pacing: sleep 6.8s
2026-06-03 17:25:09,574 [INFO] Page 118 | Collected: 2750
2026-06-03 17:25:09,887 [INFO] Pacing: sleep 7.3s
2026-06-03 17:25:17,217 [INFO] Page 119 | Collected: 2750
2026-06-03 17:25:17,516 [INFO] Pacing: sleep 7.9s
2026-06-03 17:25:25,392 [INFO] Page 120 | Collected: 2750
2026-06-03 17:25:25,793 [INFO] Crawl stopped. Reason: max_games_reached. Finalizing...
2026-06-03 17:25:25,794 [INFO] Merging intermediate pages from work_dir: /home/runner/work/steam-diploma/steam-diploma/data/snapshots/data/snapshots/_in_progress/cb0a4e5b-0f64-4299-90e7-cdc738a8fd5d
2026-06-03 17:25:25,818 [WARNING] Found 2 duplicate appids across the snapshot.
