2026-06-02 16:44:15,480 [INFO] Steam Snapshot Collector Started.
2026-06-02 16:44:15,481 [INFO] Speed Mode: fast
2026-06-02 16:44:15,481 [INFO] Work Dir: /home/runner/work/steam-diploma/steam-diploma/data/snapshots
2026-06-02 16:44:15,481 [INFO] Base Output Dir: .
2026-06-02 16:44:15,481 [INFO] Page 1 | Collected: 0
2026-06-02 16:44:15,852 [INFO] Pacing: sleep 0.7s
2026-06-02 16:44:16,527 [INFO] Page 2 | Collected: 0
2026-06-02 16:44:16,828 [INFO] Pacing: sleep 0.9s
2026-06-02 16:44:17,775 [INFO] Page 3 | Collected: 0
2026-06-02 16:44:18,063 [INFO] Pacing: sleep 1.4s
2026-06-02 16:44:19,496 [INFO] Page 4 | Collected: 0
2026-06-02 16:44:19,790 [INFO] Pacing: sleep 1.1s
2026-06-02 16:44:20,878 [INFO] Page 5 | Collected: 0
2026-06-02 16:44:21,132 [INFO] Pacing: sleep 1.3s
2026-06-02 16:44:22,452 [INFO] Page 6 | Collected: 0
2026-06-02 16:44:22,778 [INFO] Pacing: sleep 1.2s
2026-06-02 16:44:23,941 [INFO] Page 7 | Collected: 0
2026-06-02 16:44:24,270 [INFO] Pacing: sleep 1.0s
2026-06-02 16:44:25,241 [INFO] Page 8 | Collected: 0
2026-06-02 16:44:25,529 [INFO] Pacing: sleep 0.7s
2026-06-02 16:44:26,255 [INFO] Page 9 | Collected: 0
2026-06-02 16:44:26,642 [INFO] Pacing: sleep 1.1s
2026-06-02 16:44:27,763 [INFO] Page 10 | Collected: 0
2026-06-02 16:44:28,039 [INFO] Pacing: sleep 0.8s
2026-06-02 16:44:28,879 [INFO] Page 11 | Collected: 250
2026-06-02 16:44:29,173 [INFO] Pacing: sleep 1.2s
2026-06-02 16:44:30,343 [INFO] Page 12 | Collected: 250
2026-06-02 16:44:30,646 [INFO] Pacing: sleep 1.4s
2026-06-02 16:44:32,058 [INFO] Page 13 | Collected: 250
2026-06-02 16:44:32,322 [INFO] Pacing: sleep 1.3s
2026-06-02 16:44:33,663 [INFO] Page 14 | Collected: 250
2026-06-02 16:44:33,916 [INFO] Pacing: sleep 0.6s
2026-06-02 16:44:34,554 [INFO] Page 15 | Collected: 250
2026-06-02 16:44:34,913 [INFO] Pacing: sleep 1.0s
2026-06-02 16:44:35,897 [INFO] Page 16 | Collected: 250
2026-06-02 16:44:36,165 [INFO] Pacing: sleep 1.0s
2026-06-02 16:44:37,157 [INFO] Page 17 | Collected: 250
2026-06-02 16:44:37,445 [INFO] Pacing: sleep 0.9s
2026-06-02 16:44:38,336 [INFO] Page 18 | Collected: 250
2026-06-02 16:44:38,636 [INFO] Pacing: sleep 0.7s
2026-06-02 16:44:39,377 [INFO] Page 19 | Collected: 250
2026-06-02 16:44:39,669 [INFO] Pacing: sleep 0.9s
2026-06-02 16:44:40,579 [INFO] Page 20 | Collected: 250
2026-06-02 16:44:40,887 [INFO] Pacing: sleep 1.0s
2026-06-02 16:44:41,878 [INFO] Page 21 | Collected: 500
2026-06-02 16:44:42,191 [INFO] Pacing: sleep 0.8s
2026-06-02 16:44:43,034 [INFO] Page 22 | Collected: 500
2026-06-02 16:44:43,533 [INFO] Pacing: sleep 0.8s
2026-06-02 16:44:44,307 [INFO] Page 23 | Collected: 500
2026-06-02 16:44:44,558 [INFO] Pacing: sleep 1.2s
2026-06-02 16:44:45,747 [INFO] Page 24 | Collected: 500
2026-06-02 16:44:45,984 [INFO] Pacing: sleep 1.2s
2026-06-02 16:44:47,152 [INFO] Page 25 | Collected: 500
2026-06-02 16:44:47,523 [INFO] Pacing: sleep 0.6s
2026-06-02 16:44:48,097 [INFO] Page 26 | Collected: 500
2026-06-02 16:44:48,340 [INFO] Pacing: sleep 1.3s
2026-06-02 16:44:49,619 [INFO] Page 27 | Collected: 500
2026-06-02 16:44:49,932 [INFO] Pacing: sleep 1.2s
2026-06-02 16:44:51,167 [INFO] Page 28 | Collected: 500
2026-06-02 16:44:51,412 [INFO] Pacing: sleep 1.3s
2026-06-02 16:44:52,737 [INFO] Page 29 | Collected: 500
2026-06-02 16:44:52,993 [INFO] Pacing: sleep 1.3s
2026-06-02 16:44:54,290 [INFO] Page 30 | Collected: 500
2026-06-02 16:44:54,618 [INFO] Pacing: sleep 1.4s
2026-06-02 16:44:56,012 [INFO] Page 31 | Collected: 750
2026-06-02 16:44:56,212 [WARNING] Block detected on page 31: HTTP 429
2026-06-02 16:44:56,212 [INFO] Saved raw HTML for debugging: blocked_0031.html
2026-06-02 16:44:56,212 [WARNING] Initiating ADAPTIVE THROTTLING. Sleeping 180s, switching to SAFE mode.
2026-06-02 16:47:56,213 [INFO] Pacing: sleep 46.8s | Short Cooldown: 42.2s
2026-06-02 16:48:43,043 [INFO] Page 31 | Collected: 750
2026-06-02 16:48:43,309 [INFO] Pacing: sleep 4.1s
2026-06-02 16:48:47,379 [INFO] Page 32 | Collected: 750
2026-06-02 16:48:47,679 [INFO] Pacing: sleep 6.9s
2026-06-02 16:48:54,629 [INFO] Page 33 | Collected: 750
2026-06-02 16:48:54,973 [INFO] Pacing: sleep 6.0s
2026-06-02 16:49:01,015 [INFO] Page 34 | Collected: 750
2026-06-02 16:49:01,373 [INFO] Pacing: sleep 6.5s
2026-06-02 16:49:07,853 [INFO] Page 35 | Collected: 750
2026-06-02 16:49:08,215 [INFO] Pacing: sleep 5.0s
2026-06-02 16:49:13,200 [INFO] Page 36 | Collected: 750
2026-06-02 16:49:13,457 [INFO] Pacing: sleep 7.7s
2026-06-02 16:49:21,127 [INFO] Page 37 | Collected: 750
2026-06-02 16:49:21,528 [INFO] Pacing: sleep 4.7s
2026-06-02 16:49:26,235 [INFO] Page 38 | Collected: 750
2026-06-02 16:49:26,878 [INFO] Pacing: sleep 6.5s
2026-06-02 16:49:33,383 [INFO] Page 39 | Collected: 750
2026-06-02 16:49:33,686 [INFO] Pacing: sleep 4.1s
2026-06-02 16:49:37,743 [INFO] Page 40 | Collected: 750
2026-06-02 16:49:38,178 [INFO] Pacing: sleep 156.8s | Long Cooldown: 151.0s
2026-06-02 16:52:14,991 [INFO] Page 41 | Collected: 1000
2026-06-02 16:52:15,251 [INFO] Pacing: sleep 6.8s
2026-06-02 16:52:22,034 [INFO] Page 42 | Collected: 1000
2026-06-02 16:52:22,408 [INFO] Pacing: sleep 5.0s
2026-06-02 16:52:27,449 [INFO] Page 43 | Collected: 1000
2026-06-02 16:52:27,835 [INFO] Pacing: sleep 4.4s
2026-06-02 16:52:32,242 [INFO] Page 44 | Collected: 1000
2026-06-02 16:52:32,543 [INFO] Pacing: sleep 4.6s
2026-06-02 16:52:37,185 [INFO] Page 45 | Collected: 1000
2026-06-02 16:52:37,623 [INFO] Pacing: sleep 6.6s
2026-06-02 16:52:44,244 [INFO] Page 46 | Collected: 1000
2026-06-02 16:52:44,556 [INFO] Pacing: sleep 5.6s
2026-06-02 16:52:50,140 [INFO] Page 47 | Collected: 1000
2026-06-02 16:52:50,395 [INFO] Pacing: sleep 6.9s
2026-06-02 16:52:57,326 [INFO] Page 48 | Collected: 1000
2026-06-02 16:52:57,712 [INFO] Pacing: sleep 6.3s
2026-06-02 16:53:03,990 [INFO] Page 49 | Collected: 1000
2026-06-02 16:53:04,319 [INFO] Pacing: sleep 5.9s
2026-06-02 16:53:10,209 [INFO] Page 50 | Collected: 1000
2026-06-02 16:53:10,594 [INFO] Pacing: sleep 38.0s | Short Cooldown: 33.0s
2026-06-02 16:53:48,617 [INFO] Page 51 | Collected: 1250
2026-06-02 16:53:48,937 [INFO] Pacing: sleep 6.2s
2026-06-02 16:53:55,088 [INFO] Page 52 | Collected: 1250
2026-06-02 16:53:55,377 [INFO] Pacing: sleep 7.6s
2026-06-02 16:54:03,000 [INFO] Page 53 | Collected: 1250
2026-06-02 16:54:03,428 [INFO] Pacing: sleep 6.7s
2026-06-02 16:54:10,097 [INFO] Page 54 | Collected: 1250
2026-06-02 16:54:10,511 [INFO] Pacing: sleep 7.6s
2026-06-02 16:54:18,107 [INFO] Page 55 | Collected: 1250
2026-06-02 16:54:18,379 [INFO] Pacing: sleep 7.7s
2026-06-02 16:54:26,075 [INFO] Page 56 | Collected: 1250
2026-06-02 16:54:26,444 [INFO] Pacing: sleep 4.4s
2026-06-02 16:54:30,809 [INFO] Page 57 | Collected: 1250
2026-06-02 16:54:31,079 [INFO] Pacing: sleep 5.6s
2026-06-02 16:54:36,643 [INFO] Page 58 | Collected: 1250
2026-06-02 16:54:36,963 [INFO] Pacing: sleep 4.7s
2026-06-02 16:54:41,656 [INFO] Page 59 | Collected: 1250
2026-06-02 16:54:41,968 [INFO] Pacing: sleep 4.0s
2026-06-02 16:54:45,970 [INFO] Page 60 | Collected: 1250
2026-06-02 16:54:46,244 [INFO] Pacing: sleep 65.4s | Short Cooldown: 59.6s
2026-06-02 16:55:51,680 [INFO] Page 61 | Collected: 1500
2026-06-02 16:55:52,025 [INFO] Pacing: sleep 7.6s
2026-06-02 16:55:59,589 [INFO] Page 62 | Collected: 1500
2026-06-02 16:55:59,840 [WARNING] Page 62 had 1 duplicate appids seen previously.
2026-06-02 16:55:59,840 [INFO] Pacing: sleep 4.8s
2026-06-02 16:56:04,648 [INFO] Page 63 | Collected: 1500
2026-06-02 16:56:04,943 [INFO] Pacing: sleep 6.3s
2026-06-02 16:56:11,235 [INFO] Page 64 | Collected: 1500
2026-06-02 16:56:11,495 [INFO] Pacing: sleep 7.5s
2026-06-02 16:56:18,971 [INFO] Page 65 | Collected: 1500
2026-06-02 16:56:19,289 [INFO] Pacing: sleep 7.1s
2026-06-02 16:56:26,380 [INFO] Page 66 | Collected: 1500
2026-06-02 16:56:26,714 [INFO] Pacing: sleep 5.6s
2026-06-02 16:56:32,297 [INFO] Page 67 | Collected: 1500
2026-06-02 16:56:32,626 [INFO] Pacing: sleep 4.2s
2026-06-02 16:56:36,824 [INFO] Page 68 | Collected: 1500
2026-06-02 16:56:37,172 [INFO] Pacing: sleep 6.6s
2026-06-02 16:56:43,798 [INFO] Page 69 | Collected: 1500
2026-06-02 16:56:44,157 [INFO] Pacing: sleep 5.7s
2026-06-02 16:56:49,907 [INFO] Page 70 | Collected: 1500
2026-06-02 16:56:50,262 [INFO] Pacing: sleep 36.4s | Short Cooldown: 31.5s
2026-06-02 16:57:26,700 [INFO] Page 71 | Collected: 1750
2026-06-02 16:57:26,992 [INFO] Pacing: sleep 4.8s
2026-06-02 16:57:31,766 [INFO] Page 72 | Collected: 1750
2026-06-02 16:57:32,061 [INFO] Pacing: sleep 7.9s
2026-06-02 16:57:39,918 [INFO] Page 73 | Collected: 1750
2026-06-02 16:57:40,178 [INFO] Pacing: sleep 7.8s
2026-06-02 16:57:47,954 [INFO] Page 74 | Collected: 1750
2026-06-02 16:57:48,325 [INFO] Pacing: sleep 4.4s
2026-06-02 16:57:52,732 [INFO] Page 75 | Collected: 1750
2026-06-02 16:57:53,021 [INFO] Pacing: sleep 7.3s
2026-06-02 16:58:00,332 [INFO] Page 76 | Collected: 1750
2026-06-02 16:58:00,646 [INFO] Pacing: sleep 6.4s
2026-06-02 16:58:07,054 [INFO] Page 77 | Collected: 1750
2026-06-02 16:58:07,429 [INFO] Pacing: sleep 7.5s
2026-06-02 16:58:14,940 [INFO] Page 78 | Collected: 1750
2026-06-02 16:58:15,201 [INFO] Pacing: sleep 4.3s
2026-06-02 16:58:19,536 [INFO] Page 79 | Collected: 1750
2026-06-02 16:58:19,890 [INFO] Pacing: sleep 6.9s
2026-06-02 16:58:26,819 [INFO] Page 80 | Collected: 1750
2026-06-02 16:58:27,137 [INFO] Pacing: sleep 214.8s | Long Cooldown: 208.1s
2026-06-02 17:02:01,940 [INFO] Page 81 | Collected: 2000
2026-06-02 17:02:02,269 [INFO] Pacing: sleep 7.7s
2026-06-02 17:02:10,001 [INFO] Page 82 | Collected: 2000
2026-06-02 17:02:10,257 [INFO] Pacing: sleep 6.1s
2026-06-02 17:02:16,368 [INFO] Page 83 | Collected: 2000
2026-06-02 17:02:16,813 [INFO] Pacing: sleep 5.4s
2026-06-02 17:02:22,238 [INFO] Page 84 | Collected: 2000
2026-06-02 17:02:22,555 [INFO] Pacing: sleep 5.9s
2026-06-02 17:02:28,422 [INFO] Page 85 | Collected: 2000
2026-06-02 17:02:28,669 [INFO] Pacing: sleep 7.4s
2026-06-02 17:02:36,114 [INFO] Page 86 | Collected: 2000
2026-06-02 17:02:36,436 [INFO] Pacing: sleep 7.1s
2026-06-02 17:02:43,547 [INFO] Page 87 | Collected: 2000
2026-06-02 17:02:43,917 [INFO] Pacing: sleep 4.0s
2026-06-02 17:02:47,936 [INFO] Page 88 | Collected: 2000
2026-06-02 17:02:48,287 [INFO] Pacing: sleep 5.3s
2026-06-02 17:02:53,565 [INFO] Page 89 | Collected: 2000
2026-06-02 17:02:54,071 [INFO] Pacing: sleep 6.1s
2026-06-02 17:03:00,128 [INFO] Page 90 | Collected: 2000
2026-06-02 17:03:00,402 [INFO] Pacing: sleep 58.0s | Short Cooldown: 52.9s
2026-06-02 17:03:58,374 [INFO] Page 91 | Collected: 2250
2026-06-02 17:03:58,661 [INFO] Pacing: sleep 4.7s
2026-06-02 17:04:03,340 [INFO] Page 92 | Collected: 2250
2026-06-02 17:04:03,752 [INFO] Pacing: sleep 6.2s
2026-06-02 17:04:09,944 [INFO] Page 93 | Collected: 2250
2026-06-02 17:04:10,289 [INFO] Pacing: sleep 7.2s
2026-06-02 17:04:17,504 [INFO] Page 94 | Collected: 2250
2026-06-02 17:04:17,967 [INFO] Pacing: sleep 5.8s
2026-06-02 17:04:23,779 [INFO] Page 95 | Collected: 2250
2026-06-02 17:04:24,021 [INFO] Pacing: sleep 7.9s
2026-06-02 17:04:31,878 [INFO] Page 96 | Collected: 2250
2026-06-02 17:04:32,157 [INFO] Pacing: sleep 5.3s
2026-06-02 17:04:37,471 [INFO] Page 97 | Collected: 2250
2026-06-02 17:04:37,774 [INFO] Pacing: sleep 6.0s
2026-06-02 17:04:43,799 [INFO] Page 98 | Collected: 2250
2026-06-02 17:04:44,061 [INFO] Pacing: sleep 4.4s
2026-06-02 17:04:48,446 [INFO] Page 99 | Collected: 2250
2026-06-02 17:04:48,764 [INFO] Pacing: sleep 7.2s
2026-06-02 17:04:55,918 [INFO] Page 100 | Collected: 2250
2026-06-02 17:04:56,230 [INFO] Pacing: sleep 43.9s | Short Cooldown: 39.7s
2026-06-02 17:05:40,157 [INFO] Page 101 | Collected: 2500
2026-06-02 17:05:40,412 [INFO] Pacing: sleep 6.5s
2026-06-02 17:05:46,929 [INFO] Page 102 | Collected: 2500
2026-06-02 17:05:47,270 [WARNING] Page 102 had 1 duplicate appids seen previously.
2026-06-02 17:05:47,271 [INFO] Pacing: sleep 6.6s
2026-06-02 17:05:53,921 [INFO] Page 103 | Collected: 2500
2026-06-02 17:05:54,224 [INFO] Pacing: sleep 6.3s
2026-06-02 17:06:00,550 [INFO] Page 104 | Collected: 2500
2026-06-02 17:06:00,917 [INFO] Pacing: sleep 6.9s
2026-06-02 17:06:07,833 [INFO] Page 105 | Collected: 2500
2026-06-02 17:06:08,350 [INFO] Pacing: sleep 4.9s
2026-06-02 17:06:13,286 [INFO] Page 106 | Collected: 2500
2026-06-02 17:06:13,644 [INFO] Pacing: sleep 7.0s
2026-06-02 17:06:20,622 [INFO] Page 107 | Collected: 2500
2026-06-02 17:06:21,018 [INFO] Pacing: sleep 4.7s
2026-06-02 17:06:25,719 [INFO] Page 108 | Collected: 2500
2026-06-02 17:06:25,986 [INFO] Pacing: sleep 5.8s
2026-06-02 17:06:31,823 [INFO] Page 109 | Collected: 2500
2026-06-02 17:06:32,106 [INFO] Pacing: sleep 5.7s
2026-06-02 17:06:37,787 [INFO] Page 110 | Collected: 2500
2026-06-02 17:06:38,164 [INFO] Pacing: sleep 39.7s | Short Cooldown: 34.9s
2026-06-02 17:07:17,894 [INFO] Page 111 | Collected: 2750
2026-06-02 17:07:18,201 [INFO] Pacing: sleep 7.5s
2026-06-02 17:07:25,733 [INFO] Page 112 | Collected: 2750
2026-06-02 17:07:26,057 [INFO] Pacing: sleep 6.0s
2026-06-02 17:07:32,103 [INFO] Page 113 | Collected: 2750
2026-06-02 17:07:32,357 [INFO] Pacing: sleep 5.2s
2026-06-02 17:07:37,514 [INFO] Page 114 | Collected: 2750
2026-06-02 17:07:38,024 [INFO] Pacing: sleep 7.7s
2026-06-02 17:07:45,742 [INFO] Page 115 | Collected: 2750
2026-06-02 17:07:46,157 [INFO] Pacing: sleep 7.6s
2026-06-02 17:07:53,784 [INFO] Page 116 | Collected: 2750
2026-06-02 17:07:54,075 [INFO] Pacing: sleep 7.1s
2026-06-02 17:08:01,128 [INFO] Page 117 | Collected: 2750
2026-06-02 17:08:01,466 [INFO] Pacing: sleep 7.1s
2026-06-02 17:08:08,600 [INFO] Page 118 | Collected: 2750
2026-06-02 17:08:08,929 [INFO] Pacing: sleep 5.1s
2026-06-02 17:08:14,052 [INFO] Page 119 | Collected: 2750
2026-06-02 17:08:14,302 [INFO] Pacing: sleep 7.2s
2026-06-02 17:08:21,453 [INFO] Page 120 | Collected: 2750
2026-06-02 17:08:21,852 [INFO] Crawl stopped. Reason: max_games_reached. Finalizing...
2026-06-02 17:08:21,852 [INFO] Merging intermediate pages from work_dir: /home/runner/work/steam-diploma/steam-diploma/data/snapshots/data/snapshots/_in_progress/2a066413-5081-457d-83a0-fe6d0db14dec
2026-06-02 17:08:21,879 [WARNING] Found 2 duplicate appids across the snapshot.
