2026-07-12 13:38:51,104 [INFO] Steam Snapshot Collector Started.
2026-07-12 13:38:51,104 [INFO] Speed Mode: fast
2026-07-12 13:38:51,104 [INFO] Work Dir: /home/runner/work/steam-diploma/steam-diploma/data/snapshots
2026-07-12 13:38:51,104 [INFO] Base Output Dir: .
2026-07-12 13:38:51,104 [INFO] Page 1 | Collected: 0
2026-07-12 13:38:51,468 [INFO] Pacing: sleep 0.8s
2026-07-12 13:38:52,310 [INFO] Page 2 | Collected: 0
2026-07-12 13:38:52,736 [INFO] Pacing: sleep 1.4s
2026-07-12 13:38:54,168 [INFO] Page 3 | Collected: 0
2026-07-12 13:38:54,490 [INFO] Pacing: sleep 0.6s
2026-07-12 13:38:55,128 [INFO] Page 4 | Collected: 0
2026-07-12 13:38:55,510 [INFO] Pacing: sleep 0.6s
2026-07-12 13:38:56,145 [INFO] Page 5 | Collected: 0
2026-07-12 13:38:56,484 [INFO] Pacing: sleep 1.0s
2026-07-12 13:38:57,436 [INFO] Page 6 | Collected: 0
2026-07-12 13:38:57,717 [INFO] Pacing: sleep 1.5s
2026-07-12 13:38:59,181 [INFO] Page 7 | Collected: 0
2026-07-12 13:38:59,545 [INFO] Pacing: sleep 0.7s
2026-07-12 13:39:00,227 [INFO] Page 8 | Collected: 0
2026-07-12 13:39:00,531 [INFO] Pacing: sleep 1.1s
2026-07-12 13:39:01,593 [INFO] Page 9 | Collected: 0
2026-07-12 13:39:01,963 [INFO] Pacing: sleep 0.9s
2026-07-12 13:39:02,849 [INFO] Page 10 | Collected: 0
2026-07-12 13:39:03,159 [INFO] Pacing: sleep 1.1s
2026-07-12 13:39:04,218 [INFO] Page 11 | Collected: 250
2026-07-12 13:39:04,507 [INFO] Pacing: sleep 1.1s
2026-07-12 13:39:05,608 [INFO] Page 12 | Collected: 250
2026-07-12 13:39:05,984 [INFO] Pacing: sleep 0.5s
2026-07-12 13:39:06,485 [INFO] Page 13 | Collected: 250
2026-07-12 13:39:06,832 [INFO] Pacing: sleep 1.4s
2026-07-12 13:39:08,237 [INFO] Page 14 | Collected: 250
2026-07-12 13:39:08,541 [INFO] Pacing: sleep 1.0s
2026-07-12 13:39:09,570 [INFO] Page 15 | Collected: 250
2026-07-12 13:39:09,909 [INFO] Pacing: sleep 1.1s
2026-07-12 13:39:10,990 [INFO] Page 16 | Collected: 250
2026-07-12 13:39:11,259 [INFO] Pacing: sleep 1.4s
2026-07-12 13:39:12,640 [INFO] Page 17 | Collected: 250
2026-07-12 13:39:12,973 [INFO] Pacing: sleep 1.0s
2026-07-12 13:39:14,006 [INFO] Page 18 | Collected: 250
2026-07-12 13:39:14,311 [INFO] Pacing: sleep 1.0s
2026-07-12 13:39:15,335 [INFO] Page 19 | Collected: 250
2026-07-12 13:39:15,606 [INFO] Pacing: sleep 1.1s
2026-07-12 13:39:16,668 [INFO] Page 20 | Collected: 250
2026-07-12 13:39:17,102 [INFO] Pacing: sleep 1.3s
2026-07-12 13:39:18,421 [INFO] Page 21 | Collected: 500
2026-07-12 13:39:18,721 [INFO] Pacing: sleep 1.0s
2026-07-12 13:39:19,755 [INFO] Page 22 | Collected: 500
2026-07-12 13:39:20,146 [INFO] Pacing: sleep 0.6s
2026-07-12 13:39:20,778 [INFO] Page 23 | Collected: 500
2026-07-12 13:39:21,151 [INFO] Pacing: sleep 0.9s
2026-07-12 13:39:22,007 [INFO] Page 24 | Collected: 500
2026-07-12 13:39:22,315 [INFO] Pacing: sleep 0.8s
2026-07-12 13:39:23,156 [INFO] Page 25 | Collected: 500
2026-07-12 13:39:23,547 [INFO] Pacing: sleep 1.3s
2026-07-12 13:39:24,872 [INFO] Page 26 | Collected: 500
2026-07-12 13:39:25,184 [INFO] Pacing: sleep 1.4s
2026-07-12 13:39:26,550 [INFO] Page 27 | Collected: 500
2026-07-12 13:39:26,876 [INFO] Pacing: sleep 0.7s
2026-07-12 13:39:27,618 [INFO] Page 28 | Collected: 500
2026-07-12 13:39:28,029 [INFO] Pacing: sleep 1.3s
2026-07-12 13:39:29,320 [INFO] Page 29 | Collected: 500
2026-07-12 13:39:29,630 [INFO] Pacing: sleep 0.7s
2026-07-12 13:39:30,331 [INFO] Page 30 | Collected: 500
2026-07-12 13:39:30,672 [INFO] Pacing: sleep 0.9s
2026-07-12 13:39:31,551 [INFO] Page 31 | Collected: 750
2026-07-12 13:39:31,666 [WARNING] Block detected on page 31: HTTP 429
2026-07-12 13:39:31,666 [INFO] Saved raw HTML for debugging: blocked_0031.html
2026-07-12 13:39:31,666 [WARNING] Initiating ADAPTIVE THROTTLING. Sleeping 180s, switching to SAFE mode.
2026-07-12 13:42:31,666 [INFO] Pacing: sleep 40.9s | Short Cooldown: 33.4s
2026-07-12 13:43:12,611 [INFO] Page 31 | Collected: 750
2026-07-12 13:43:12,950 [INFO] Pacing: sleep 5.7s
2026-07-12 13:43:18,657 [INFO] Page 32 | Collected: 750
2026-07-12 13:43:18,957 [INFO] Pacing: sleep 5.8s
2026-07-12 13:43:24,792 [INFO] Page 33 | Collected: 750
2026-07-12 13:43:25,175 [INFO] Pacing: sleep 5.3s
2026-07-12 13:43:30,464 [INFO] Page 34 | Collected: 750
2026-07-12 13:43:30,782 [INFO] Pacing: sleep 6.5s
2026-07-12 13:43:37,310 [INFO] Page 35 | Collected: 750
2026-07-12 13:43:37,651 [INFO] Pacing: sleep 5.0s
2026-07-12 13:43:42,683 [INFO] Page 36 | Collected: 750
2026-07-12 13:43:42,976 [INFO] Pacing: sleep 7.7s
2026-07-12 13:43:50,652 [INFO] Page 37 | Collected: 750
2026-07-12 13:43:51,026 [INFO] Pacing: sleep 4.8s
2026-07-12 13:43:55,843 [INFO] Page 38 | Collected: 750
2026-07-12 13:43:56,220 [INFO] Pacing: sleep 6.1s
2026-07-12 13:44:02,358 [INFO] Page 39 | Collected: 750
2026-07-12 13:44:02,754 [INFO] Pacing: sleep 5.8s
2026-07-12 13:44:08,529 [INFO] Page 40 | Collected: 750
2026-07-12 13:44:09,031 [INFO] Pacing: sleep 220.1s | Long Cooldown: 215.1s
2026-07-12 13:47:49,140 [INFO] Page 41 | Collected: 1000
2026-07-12 13:47:49,512 [INFO] Pacing: sleep 7.8s
2026-07-12 13:47:57,328 [INFO] Page 42 | Collected: 1000
2026-07-12 13:47:57,622 [INFO] Pacing: sleep 5.0s
2026-07-12 13:48:02,653 [INFO] Page 43 | Collected: 1000
2026-07-12 13:48:03,019 [INFO] Pacing: sleep 5.5s
2026-07-12 13:48:08,548 [INFO] Page 44 | Collected: 1000
2026-07-12 13:48:08,826 [INFO] Pacing: sleep 5.2s
2026-07-12 13:48:14,041 [INFO] Page 45 | Collected: 1000
2026-07-12 13:48:14,391 [INFO] Pacing: sleep 4.4s
2026-07-12 13:48:18,746 [INFO] Page 46 | Collected: 1000
2026-07-12 13:48:19,100 [INFO] Pacing: sleep 7.3s
2026-07-12 13:48:26,386 [INFO] Page 47 | Collected: 1000
2026-07-12 13:48:26,693 [INFO] Pacing: sleep 6.3s
2026-07-12 13:48:32,949 [INFO] Page 48 | Collected: 1000
2026-07-12 13:48:33,275 [INFO] Pacing: sleep 5.5s
2026-07-12 13:48:38,769 [INFO] Page 49 | Collected: 1000
2026-07-12 13:48:39,069 [INFO] Pacing: sleep 8.0s
2026-07-12 13:48:47,025 [INFO] Page 50 | Collected: 1000
2026-07-12 13:48:47,299 [INFO] Pacing: sleep 61.0s | Short Cooldown: 57.0s
2026-07-12 13:49:48,280 [INFO] Page 51 | Collected: 1250
2026-07-12 13:49:48,632 [INFO] Pacing: sleep 6.7s
2026-07-12 13:49:55,351 [INFO] Page 52 | Collected: 1250
2026-07-12 13:49:55,594 [WARNING] Block detected on page 52: Suspicious term found: 'captcha'
2026-07-12 13:49:55,595 [INFO] Saved raw HTML for debugging: blocked_0052.html
2026-07-12 13:49:55,595 [ERROR] Blocked again even after safe mode. Stopping gracefully.
2026-07-12 13:49:55,595 [INFO] Crawl stopped. Reason: adaptive_throttle_failed_page_52. Finalizing...
2026-07-12 13:49:55,596 [INFO] Merging intermediate pages from work_dir: /home/runner/work/steam-diploma/steam-diploma/data/snapshots/data/snapshots/_in_progress/e22004f3-02c4-4502-8930-b885f6431e33
