2026-05-31 04:21:32,584 [INFO] Steam Snapshot Collector Started.
2026-05-31 04:21:32,584 [INFO] Speed Mode: fast
2026-05-31 04:21:32,584 [INFO] Work Dir: /home/runner/work/steam-diploma/steam-diploma/data/snapshots
2026-05-31 04:21:32,584 [INFO] Base Output Dir: .
2026-05-31 04:21:32,584 [INFO] Page 1 | Collected: 0
2026-05-31 04:21:33,270 [INFO] Pacing: sleep 1.5s
2026-05-31 04:21:34,762 [INFO] Page 2 | Collected: 0
2026-05-31 04:21:35,079 [INFO] Pacing: sleep 0.6s
2026-05-31 04:21:35,724 [INFO] Page 3 | Collected: 0
2026-05-31 04:21:36,012 [INFO] Pacing: sleep 0.9s
2026-05-31 04:21:36,944 [INFO] Page 4 | Collected: 0
2026-05-31 04:21:37,287 [INFO] Pacing: sleep 0.6s
2026-05-31 04:21:37,877 [INFO] Page 5 | Collected: 0
2026-05-31 04:21:38,164 [INFO] Pacing: sleep 0.6s
2026-05-31 04:21:38,753 [INFO] Page 6 | Collected: 0
2026-05-31 04:21:39,047 [INFO] Pacing: sleep 0.7s
2026-05-31 04:21:39,790 [INFO] Page 7 | Collected: 0
2026-05-31 04:21:40,167 [INFO] Pacing: sleep 1.1s
2026-05-31 04:21:41,287 [INFO] Page 8 | Collected: 0
2026-05-31 04:21:41,586 [INFO] Pacing: sleep 0.6s
2026-05-31 04:21:42,203 [INFO] Page 9 | Collected: 0
2026-05-31 04:21:42,529 [INFO] Pacing: sleep 0.7s
2026-05-31 04:21:43,180 [INFO] Page 10 | Collected: 0
2026-05-31 04:21:43,455 [INFO] Pacing: sleep 1.0s
2026-05-31 04:21:44,461 [INFO] Page 11 | Collected: 250
2026-05-31 04:21:44,746 [INFO] Pacing: sleep 1.1s
2026-05-31 04:21:45,847 [INFO] Page 12 | Collected: 250
2026-05-31 04:21:46,187 [INFO] Pacing: sleep 1.2s
2026-05-31 04:21:47,432 [INFO] Page 13 | Collected: 250
2026-05-31 04:21:47,712 [INFO] Pacing: sleep 1.5s
2026-05-31 04:21:49,174 [INFO] Page 14 | Collected: 250
2026-05-31 04:21:49,496 [INFO] Pacing: sleep 1.0s
2026-05-31 04:21:50,510 [INFO] Page 15 | Collected: 250
2026-05-31 04:21:50,864 [INFO] Pacing: sleep 0.7s
2026-05-31 04:21:51,568 [INFO] Page 16 | Collected: 250
2026-05-31 04:21:51,861 [INFO] Pacing: sleep 1.0s
2026-05-31 04:21:52,882 [INFO] Page 17 | Collected: 250
2026-05-31 04:21:53,228 [INFO] Pacing: sleep 0.6s
2026-05-31 04:21:53,829 [INFO] Page 18 | Collected: 250
2026-05-31 04:21:54,131 [INFO] Pacing: sleep 1.3s
2026-05-31 04:21:55,409 [INFO] Page 19 | Collected: 250
2026-05-31 04:21:55,684 [INFO] Pacing: sleep 0.6s
2026-05-31 04:21:56,283 [INFO] Page 20 | Collected: 250
2026-05-31 04:21:56,628 [INFO] Pacing: sleep 1.0s
2026-05-31 04:21:57,634 [INFO] Page 21 | Collected: 500
2026-05-31 04:21:57,919 [INFO] Pacing: sleep 1.2s
2026-05-31 04:21:59,117 [INFO] Page 22 | Collected: 500
2026-05-31 04:21:59,451 [INFO] Pacing: sleep 1.1s
2026-05-31 04:22:00,531 [INFO] Page 23 | Collected: 500
2026-05-31 04:22:00,818 [INFO] Pacing: sleep 1.0s
2026-05-31 04:22:01,775 [INFO] Page 24 | Collected: 500
2026-05-31 04:22:02,054 [INFO] Pacing: sleep 1.0s
2026-05-31 04:22:03,043 [INFO] Page 25 | Collected: 500
2026-05-31 04:22:03,390 [INFO] Pacing: sleep 0.7s
2026-05-31 04:22:04,129 [INFO] Page 26 | Collected: 500
2026-05-31 04:22:04,419 [INFO] Pacing: sleep 0.9s
2026-05-31 04:22:05,329 [INFO] Page 27 | Collected: 500
2026-05-31 04:22:05,673 [INFO] Pacing: sleep 1.5s
2026-05-31 04:22:07,172 [INFO] Page 28 | Collected: 500
2026-05-31 04:22:07,459 [INFO] Pacing: sleep 1.2s
2026-05-31 04:22:08,686 [INFO] Page 29 | Collected: 500
2026-05-31 04:22:08,969 [INFO] Pacing: sleep 1.4s
2026-05-31 04:22:10,344 [INFO] Page 30 | Collected: 500
2026-05-31 04:22:10,695 [INFO] Pacing: sleep 1.5s
2026-05-31 04:22:12,151 [INFO] Page 31 | Collected: 750
2026-05-31 04:22:12,237 [WARNING] Block detected on page 31: HTTP 429
2026-05-31 04:22:12,237 [INFO] Saved raw HTML for debugging: blocked_0031.html
2026-05-31 04:22:12,237 [WARNING] Initiating ADAPTIVE THROTTLING. Sleeping 180s, switching to SAFE mode.
2026-05-31 04:25:12,237 [INFO] Pacing: sleep 63.0s | Short Cooldown: 56.1s
2026-05-31 04:26:15,276 [INFO] Page 31 | Collected: 750
2026-05-31 04:26:15,548 [INFO] Pacing: sleep 7.8s
2026-05-31 04:26:23,374 [INFO] Page 32 | Collected: 750
2026-05-31 04:26:23,662 [INFO] Pacing: sleep 5.4s
2026-05-31 04:26:29,096 [INFO] Page 33 | Collected: 750
2026-05-31 04:26:29,426 [INFO] Pacing: sleep 7.7s
2026-05-31 04:26:37,144 [INFO] Page 34 | Collected: 750
2026-05-31 04:26:37,429 [INFO] Pacing: sleep 6.8s
2026-05-31 04:26:44,253 [INFO] Page 35 | Collected: 750
2026-05-31 04:26:44,593 [INFO] Pacing: sleep 6.4s
2026-05-31 04:26:51,015 [INFO] Page 36 | Collected: 750
2026-05-31 04:26:51,332 [INFO] Pacing: sleep 5.1s
2026-05-31 04:26:56,402 [INFO] Page 37 | Collected: 750
2026-05-31 04:26:56,694 [INFO] Pacing: sleep 4.9s
2026-05-31 04:27:01,583 [INFO] Page 38 | Collected: 750
2026-05-31 04:27:01,938 [INFO] Pacing: sleep 6.1s
2026-05-31 04:27:08,030 [INFO] Page 39 | Collected: 750
2026-05-31 04:27:08,341 [INFO] Pacing: sleep 7.1s
2026-05-31 04:27:15,464 [INFO] Page 40 | Collected: 750
2026-05-31 04:27:15,811 [INFO] Pacing: sleep 149.8s | Long Cooldown: 144.0s
2026-05-31 04:29:45,642 [INFO] Page 41 | Collected: 1000
2026-05-31 04:29:45,928 [INFO] Pacing: sleep 7.5s
2026-05-31 04:29:53,470 [INFO] Page 42 | Collected: 1000
2026-05-31 04:29:53,744 [INFO] Pacing: sleep 6.1s
2026-05-31 04:29:59,874 [INFO] Page 43 | Collected: 1000
2026-05-31 04:30:00,228 [INFO] Pacing: sleep 7.3s
2026-05-31 04:30:07,548 [INFO] Page 44 | Collected: 1000
2026-05-31 04:30:07,865 [INFO] Pacing: sleep 5.9s
2026-05-31 04:30:13,785 [INFO] Page 45 | Collected: 1000
2026-05-31 04:30:14,132 [INFO] Pacing: sleep 6.0s
2026-05-31 04:30:20,131 [INFO] Page 46 | Collected: 1000
2026-05-31 04:30:20,412 [INFO] Pacing: sleep 6.1s
2026-05-31 04:30:26,562 [INFO] Page 47 | Collected: 1000
2026-05-31 04:30:26,830 [INFO] Pacing: sleep 5.1s
2026-05-31 04:30:31,886 [INFO] Page 48 | Collected: 1000
2026-05-31 04:30:32,277 [INFO] Pacing: sleep 5.4s
2026-05-31 04:30:37,634 [INFO] Page 49 | Collected: 1000
2026-05-31 04:30:37,904 [INFO] Pacing: sleep 6.7s
2026-05-31 04:30:44,580 [INFO] Page 50 | Collected: 1000
2026-05-31 04:30:44,865 [INFO] Pacing: sleep 36.1s | Short Cooldown: 31.8s
2026-05-31 04:31:20,985 [INFO] Page 51 | Collected: 1250
2026-05-31 04:31:21,326 [INFO] Pacing: sleep 5.1s
2026-05-31 04:31:26,458 [INFO] Page 52 | Collected: 1250
2026-05-31 04:31:26,736 [INFO] Pacing: sleep 7.5s
2026-05-31 04:31:34,252 [INFO] Page 53 | Collected: 1250
2026-05-31 04:31:34,599 [INFO] Pacing: sleep 5.7s
2026-05-31 04:31:40,314 [INFO] Page 54 | Collected: 1250
2026-05-31 04:31:40,602 [INFO] Pacing: sleep 7.2s
2026-05-31 04:31:47,808 [INFO] Page 55 | Collected: 1250
2026-05-31 04:31:48,086 [INFO] Pacing: sleep 5.6s
2026-05-31 04:31:53,663 [INFO] Page 56 | Collected: 1250
2026-05-31 04:31:54,057 [INFO] Pacing: sleep 4.4s
2026-05-31 04:31:58,439 [INFO] Page 57 | Collected: 1250
2026-05-31 04:31:58,729 [INFO] Pacing: sleep 4.0s
2026-05-31 04:32:02,744 [INFO] Page 58 | Collected: 1250
2026-05-31 04:32:03,072 [INFO] Pacing: sleep 4.9s
2026-05-31 04:32:08,021 [INFO] Page 59 | Collected: 1250
2026-05-31 04:32:08,311 [INFO] Pacing: sleep 6.4s
2026-05-31 04:32:14,716 [INFO] Page 60 | Collected: 1250
2026-05-31 04:32:15,007 [INFO] Pacing: sleep 55.1s | Short Cooldown: 49.1s
2026-05-31 04:33:10,127 [INFO] Page 61 | Collected: 1500
2026-05-31 04:33:10,473 [INFO] Pacing: sleep 4.5s
2026-05-31 04:33:14,997 [INFO] Page 62 | Collected: 1500
2026-05-31 04:33:15,271 [WARNING] Page 62 had 1 duplicate appids seen previously.
2026-05-31 04:33:15,271 [INFO] Pacing: sleep 4.0s
2026-05-31 04:33:19,316 [INFO] Page 63 | Collected: 1500
2026-05-31 04:33:19,663 [INFO] Pacing: sleep 7.8s
2026-05-31 04:33:27,413 [INFO] Page 64 | Collected: 1500
2026-05-31 04:33:27,691 [INFO] Pacing: sleep 4.3s
2026-05-31 04:33:31,970 [INFO] Page 65 | Collected: 1500
2026-05-31 04:33:32,271 [INFO] Pacing: sleep 6.0s
2026-05-31 04:33:38,237 [INFO] Page 66 | Collected: 1500
2026-05-31 04:33:38,609 [INFO] Pacing: sleep 5.6s
2026-05-31 04:33:44,165 [INFO] Page 67 | Collected: 1500
2026-05-31 04:33:44,449 [INFO] Pacing: sleep 7.8s
2026-05-31 04:33:52,203 [INFO] Page 68 | Collected: 1500
2026-05-31 04:33:52,502 [INFO] Pacing: sleep 6.2s
2026-05-31 04:33:58,723 [INFO] Page 69 | Collected: 1500
2026-05-31 04:33:59,099 [INFO] Pacing: sleep 7.4s
2026-05-31 04:34:06,449 [INFO] Page 70 | Collected: 1500
2026-05-31 04:34:06,733 [INFO] Pacing: sleep 57.6s | Short Cooldown: 52.2s
2026-05-31 04:35:04,295 [INFO] Page 71 | Collected: 1750
2026-05-31 04:35:04,649 [INFO] Pacing: sleep 6.4s
2026-05-31 04:35:11,046 [INFO] Page 72 | Collected: 1750
2026-05-31 04:35:11,345 [INFO] Pacing: sleep 5.5s
2026-05-31 04:35:16,834 [INFO] Page 73 | Collected: 1750
2026-05-31 04:35:17,142 [INFO] Pacing: sleep 6.5s
2026-05-31 04:35:23,689 [INFO] Page 74 | Collected: 1750
2026-05-31 04:35:24,027 [INFO] Pacing: sleep 4.2s
2026-05-31 04:35:28,211 [INFO] Page 75 | Collected: 1750
2026-05-31 04:35:28,496 [INFO] Pacing: sleep 5.8s
2026-05-31 04:35:34,330 [INFO] Page 76 | Collected: 1750
2026-05-31 04:35:34,681 [INFO] Pacing: sleep 4.7s
2026-05-31 04:35:39,336 [INFO] Page 77 | Collected: 1750
2026-05-31 04:35:39,644 [INFO] Pacing: sleep 7.4s
2026-05-31 04:35:47,039 [INFO] Page 78 | Collected: 1750
2026-05-31 04:35:47,351 [INFO] Pacing: sleep 7.3s
2026-05-31 04:35:54,701 [INFO] Page 79 | Collected: 1750
2026-05-31 04:35:55,073 [INFO] Pacing: sleep 5.9s
2026-05-31 04:36:01,009 [INFO] Page 80 | Collected: 1750
2026-05-31 04:36:01,324 [INFO] Pacing: sleep 202.5s | Long Cooldown: 194.6s
2026-05-31 04:39:23,869 [INFO] Page 81 | Collected: 2000
2026-05-31 04:39:24,223 [INFO] Pacing: sleep 4.4s
2026-05-31 04:39:28,645 [INFO] Page 82 | Collected: 2000
2026-05-31 04:39:28,943 [INFO] Pacing: sleep 5.1s
2026-05-31 04:39:34,056 [INFO] Page 83 | Collected: 2000
2026-05-31 04:39:34,328 [INFO] Pacing: sleep 4.3s
2026-05-31 04:39:38,610 [INFO] Page 84 | Collected: 2000
2026-05-31 04:39:38,953 [INFO] Pacing: sleep 6.7s
2026-05-31 04:39:45,630 [INFO] Page 85 | Collected: 2000
2026-05-31 04:39:45,923 [INFO] Pacing: sleep 6.2s
2026-05-31 04:39:52,118 [INFO] Page 86 | Collected: 2000
2026-05-31 04:39:52,414 [INFO] Pacing: sleep 6.1s
2026-05-31 04:39:58,539 [INFO] Page 87 | Collected: 2000
2026-05-31 04:39:58,906 [INFO] Pacing: sleep 6.0s
2026-05-31 04:40:04,945 [INFO] Page 88 | Collected: 2000
2026-05-31 04:40:05,237 [INFO] Pacing: sleep 4.2s
2026-05-31 04:40:09,448 [INFO] Page 89 | Collected: 2000
2026-05-31 04:40:09,802 [INFO] Pacing: sleep 7.3s
2026-05-31 04:40:17,053 [INFO] Page 90 | Collected: 2000
2026-05-31 04:40:17,347 [INFO] Pacing: sleep 61.5s | Short Cooldown: 53.6s
2026-05-31 04:41:18,808 [INFO] Page 91 | Collected: 2250
2026-05-31 04:41:19,108 [INFO] Pacing: sleep 4.4s
2026-05-31 04:41:23,557 [INFO] Page 92 | Collected: 2250
2026-05-31 04:41:23,922 [INFO] Pacing: sleep 6.5s
2026-05-31 04:41:30,382 [INFO] Page 93 | Collected: 2250
2026-05-31 04:41:30,671 [INFO] Pacing: sleep 4.1s
2026-05-31 04:41:34,786 [INFO] Page 94 | Collected: 2250
2026-05-31 04:41:35,133 [INFO] Pacing: sleep 4.2s
2026-05-31 04:41:39,352 [INFO] Page 95 | Collected: 2250
2026-05-31 04:41:39,630 [INFO] Pacing: sleep 5.5s
2026-05-31 04:41:45,161 [INFO] Page 96 | Collected: 2250
2026-05-31 04:41:45,455 [INFO] Pacing: sleep 6.1s
2026-05-31 04:41:51,535 [INFO] Page 97 | Collected: 2250
2026-05-31 04:41:51,908 [INFO] Pacing: sleep 5.3s
2026-05-31 04:41:57,181 [INFO] Page 98 | Collected: 2250
2026-05-31 04:41:57,473 [INFO] Pacing: sleep 7.9s
2026-05-31 04:42:05,412 [INFO] Page 99 | Collected: 2250
2026-05-31 04:42:05,853 [INFO] Pacing: sleep 7.5s
2026-05-31 04:42:13,348 [INFO] Page 100 | Collected: 2250
2026-05-31 04:42:13,645 [INFO] Pacing: sleep 42.5s | Short Cooldown: 38.1s
2026-05-31 04:42:56,115 [INFO] Page 101 | Collected: 2500
2026-05-31 04:42:56,420 [INFO] Pacing: sleep 4.1s
2026-05-31 04:43:00,505 [INFO] Page 102 | Collected: 2500
2026-05-31 04:43:00,884 [INFO] Pacing: sleep 6.6s
2026-05-31 04:43:07,449 [INFO] Page 103 | Collected: 2500
2026-05-31 04:43:07,746 [INFO] Pacing: sleep 6.4s
2026-05-31 04:43:14,166 [INFO] Page 104 | Collected: 2500
2026-05-31 04:43:14,454 [INFO] Pacing: sleep 6.4s
2026-05-31 04:43:20,866 [INFO] Page 105 | Collected: 2500
2026-05-31 04:43:21,248 [INFO] Pacing: sleep 4.8s
2026-05-31 04:43:26,052 [INFO] Page 106 | Collected: 2500
2026-05-31 04:43:26,357 [INFO] Pacing: sleep 6.9s
2026-05-31 04:43:33,241 [INFO] Page 107 | Collected: 2500
2026-05-31 04:43:33,601 [INFO] Pacing: sleep 6.7s
2026-05-31 04:43:40,260 [INFO] Page 108 | Collected: 2500
2026-05-31 04:43:40,565 [INFO] Pacing: sleep 4.7s
2026-05-31 04:43:45,241 [INFO] Page 109 | Collected: 2500
2026-05-31 04:43:45,538 [INFO] Pacing: sleep 7.1s
2026-05-31 04:43:52,686 [INFO] Page 110 | Collected: 2500
2026-05-31 04:43:53,066 [INFO] Pacing: sleep 62.8s | Short Cooldown: 55.4s
2026-05-31 04:44:55,878 [INFO] Page 111 | Collected: 2750
2026-05-31 04:44:56,146 [INFO] Pacing: sleep 4.3s
2026-05-31 04:45:00,447 [INFO] Page 112 | Collected: 2750
2026-05-31 04:45:00,832 [INFO] Pacing: sleep 4.3s
2026-05-31 04:45:05,100 [INFO] Page 113 | Collected: 2750
2026-05-31 04:45:05,385 [INFO] Pacing: sleep 5.8s
2026-05-31 04:45:11,172 [INFO] Page 114 | Collected: 2750
2026-05-31 04:45:11,465 [INFO] Pacing: sleep 5.1s
2026-05-31 04:45:16,520 [INFO] Page 115 | Collected: 2750
2026-05-31 04:45:16,895 [INFO] Pacing: sleep 4.8s
2026-05-31 04:45:21,672 [INFO] Page 116 | Collected: 2750
2026-05-31 04:45:21,956 [INFO] Pacing: sleep 4.9s
2026-05-31 04:45:26,894 [INFO] Page 117 | Collected: 2750
2026-05-31 04:45:27,239 [INFO] Pacing: sleep 7.5s
2026-05-31 04:45:34,719 [INFO] Page 118 | Collected: 2750
2026-05-31 04:45:35,006 [INFO] Pacing: sleep 7.3s
2026-05-31 04:45:42,281 [INFO] Page 119 | Collected: 2750
2026-05-31 04:45:42,564 [INFO] Pacing: sleep 5.9s
2026-05-31 04:45:48,452 [INFO] Page 120 | Collected: 2750
2026-05-31 04:45:48,809 [INFO] Crawl stopped. Reason: max_games_reached. Finalizing...
2026-05-31 04:45:48,810 [INFO] Merging intermediate pages from work_dir: /home/runner/work/steam-diploma/steam-diploma/data/snapshots/data/snapshots/_in_progress/6caa2600-ee26-4576-b81c-750174ae1cc8
2026-05-31 04:45:48,836 [WARNING] Found 1 duplicate appids across the snapshot.
