2026-07-03 03:47:19,275 [INFO] Steam Snapshot Collector Started.
2026-07-03 03:47:19,276 [INFO] Speed Mode: fast
2026-07-03 03:47:19,276 [INFO] Work Dir: /home/runner/work/steam-diploma/steam-diploma/data/snapshots
2026-07-03 03:47:19,276 [INFO] Base Output Dir: .
2026-07-03 03:47:19,276 [INFO] Page 1 | Collected: 0
2026-07-03 03:47:19,677 [INFO] Pacing: sleep 0.6s
2026-07-03 03:47:20,241 [INFO] Page 2 | Collected: 0
2026-07-03 03:47:20,551 [INFO] Pacing: sleep 1.1s
2026-07-03 03:47:21,694 [INFO] Page 3 | Collected: 0
2026-07-03 03:47:22,025 [INFO] Pacing: sleep 0.6s
2026-07-03 03:47:22,640 [INFO] Page 4 | Collected: 0
2026-07-03 03:47:22,968 [INFO] Pacing: sleep 1.4s
2026-07-03 03:47:24,382 [INFO] Page 5 | Collected: 0
2026-07-03 03:47:24,668 [INFO] Pacing: sleep 1.0s
2026-07-03 03:47:25,640 [INFO] Page 6 | Collected: 0
2026-07-03 03:47:25,931 [INFO] Pacing: sleep 1.3s
2026-07-03 03:47:27,261 [INFO] Page 7 | Collected: 0
2026-07-03 03:47:27,612 [INFO] Pacing: sleep 1.0s
2026-07-03 03:47:28,611 [INFO] Page 8 | Collected: 0
2026-07-03 03:47:28,895 [INFO] Pacing: sleep 1.2s
2026-07-03 03:47:30,050 [INFO] Page 9 | Collected: 0
2026-07-03 03:47:30,387 [INFO] Pacing: sleep 0.8s
2026-07-03 03:47:31,219 [INFO] Page 10 | Collected: 0
2026-07-03 03:47:31,513 [INFO] Pacing: sleep 0.6s
2026-07-03 03:47:32,086 [INFO] Page 11 | Collected: 250
2026-07-03 03:47:32,360 [INFO] Pacing: sleep 0.9s
2026-07-03 03:47:33,259 [INFO] Page 12 | Collected: 250
2026-07-03 03:47:33,639 [INFO] Pacing: sleep 0.9s
2026-07-03 03:47:34,518 [INFO] Page 13 | Collected: 250
2026-07-03 03:47:34,787 [INFO] Pacing: sleep 0.9s
2026-07-03 03:47:35,715 [INFO] Page 14 | Collected: 250
2026-07-03 03:47:35,984 [INFO] Pacing: sleep 0.7s
2026-07-03 03:47:36,682 [INFO] Page 15 | Collected: 250
2026-07-03 03:47:37,044 [INFO] Pacing: sleep 0.6s
2026-07-03 03:47:37,664 [INFO] Page 16 | Collected: 250
2026-07-03 03:47:37,929 [INFO] Pacing: sleep 1.0s
2026-07-03 03:47:38,916 [INFO] Page 17 | Collected: 250
2026-07-03 03:47:39,239 [INFO] Pacing: sleep 0.6s
2026-07-03 03:47:39,867 [INFO] Page 18 | Collected: 250
2026-07-03 03:47:40,169 [INFO] Pacing: sleep 1.4s
2026-07-03 03:47:41,566 [INFO] Page 19 | Collected: 250
2026-07-03 03:47:41,854 [INFO] Pacing: sleep 1.3s
2026-07-03 03:47:43,195 [INFO] Page 20 | Collected: 250
2026-07-03 03:47:43,533 [INFO] Pacing: sleep 0.7s
2026-07-03 03:47:44,248 [INFO] Page 21 | Collected: 500
2026-07-03 03:47:44,566 [INFO] Pacing: sleep 1.1s
2026-07-03 03:47:45,644 [INFO] Page 22 | Collected: 500
2026-07-03 03:47:45,957 [INFO] Pacing: sleep 0.5s
2026-07-03 03:47:46,474 [INFO] Page 23 | Collected: 500
2026-07-03 03:47:46,728 [INFO] Pacing: sleep 0.6s
2026-07-03 03:47:47,299 [INFO] Page 24 | Collected: 500
2026-07-03 03:47:47,639 [INFO] Pacing: sleep 0.5s
2026-07-03 03:47:48,144 [INFO] Page 25 | Collected: 500
2026-07-03 03:47:48,498 [INFO] Pacing: sleep 0.6s
2026-07-03 03:47:49,059 [INFO] Page 26 | Collected: 500
2026-07-03 03:47:49,328 [INFO] Pacing: sleep 1.2s
2026-07-03 03:47:50,547 [INFO] Page 27 | Collected: 500
2026-07-03 03:47:50,856 [INFO] Pacing: sleep 0.6s
2026-07-03 03:47:51,501 [INFO] Page 28 | Collected: 500
2026-07-03 03:47:51,778 [INFO] Pacing: sleep 1.1s
2026-07-03 03:47:52,834 [INFO] Page 29 | Collected: 500
2026-07-03 03:47:53,118 [INFO] Pacing: sleep 0.9s
2026-07-03 03:47:54,054 [INFO] Page 30 | Collected: 500
2026-07-03 03:47:54,396 [INFO] Pacing: sleep 1.0s
2026-07-03 03:47:55,421 [INFO] Page 31 | Collected: 750
2026-07-03 03:47:55,517 [WARNING] Block detected on page 31: HTTP 429
2026-07-03 03:47:55,518 [INFO] Saved raw HTML for debugging: blocked_0031.html
2026-07-03 03:47:55,518 [WARNING] Initiating ADAPTIVE THROTTLING. Sleeping 180s, switching to SAFE mode.
2026-07-03 03:50:55,518 [INFO] Pacing: sleep 48.8s | Short Cooldown: 44.0s
2026-07-03 03:51:44,303 [INFO] Page 31 | Collected: 750
2026-07-03 03:51:44,575 [INFO] Pacing: sleep 5.2s
2026-07-03 03:51:49,747 [INFO] Page 32 | Collected: 750
2026-07-03 03:51:50,001 [INFO] Pacing: sleep 7.4s
2026-07-03 03:51:57,449 [INFO] Page 33 | Collected: 750
2026-07-03 03:51:57,791 [INFO] Pacing: sleep 5.4s
2026-07-03 03:52:03,159 [INFO] Page 34 | Collected: 750
2026-07-03 03:52:03,418 [INFO] Pacing: sleep 5.6s
2026-07-03 03:52:09,035 [INFO] Page 35 | Collected: 750
2026-07-03 03:52:09,346 [INFO] Pacing: sleep 7.8s
2026-07-03 03:52:17,124 [INFO] Page 36 | Collected: 750
2026-07-03 03:52:17,399 [INFO] Pacing: sleep 4.3s
2026-07-03 03:52:21,650 [INFO] Page 37 | Collected: 750
2026-07-03 03:52:21,946 [INFO] Pacing: sleep 6.7s
2026-07-03 03:52:28,631 [INFO] Page 38 | Collected: 750
2026-07-03 03:52:28,982 [INFO] Pacing: sleep 7.2s
2026-07-03 03:52:36,159 [INFO] Page 39 | Collected: 750
2026-07-03 03:52:36,445 [INFO] Pacing: sleep 4.9s
2026-07-03 03:52:41,359 [INFO] Page 40 | Collected: 750
2026-07-03 03:52:41,697 [INFO] Pacing: sleep 180.0s | Long Cooldown: 175.1s
2026-07-03 03:55:41,737 [INFO] Page 41 | Collected: 1000
2026-07-03 03:55:42,019 [INFO] Pacing: sleep 7.9s
2026-07-03 03:55:49,909 [INFO] Page 42 | Collected: 1000
2026-07-03 03:55:50,197 [INFO] Pacing: sleep 7.7s
2026-07-03 03:55:57,905 [INFO] Page 43 | Collected: 1000
2026-07-03 03:55:58,254 [INFO] Pacing: sleep 7.8s
2026-07-03 03:56:06,036 [INFO] Page 44 | Collected: 1000
2026-07-03 03:56:06,298 [INFO] Pacing: sleep 7.1s
2026-07-03 03:56:13,355 [INFO] Page 45 | Collected: 1000
2026-07-03 03:56:13,673 [INFO] Pacing: sleep 4.6s
2026-07-03 03:56:18,239 [INFO] Page 46 | Collected: 1000
2026-07-03 03:56:18,499 [INFO] Pacing: sleep 4.4s
2026-07-03 03:56:22,868 [INFO] Page 47 | Collected: 1000
2026-07-03 03:56:23,127 [INFO] Pacing: sleep 5.4s
2026-07-03 03:56:28,527 [INFO] Page 48 | Collected: 1000
2026-07-03 03:56:28,911 [INFO] Pacing: sleep 5.6s
2026-07-03 03:56:34,513 [INFO] Page 49 | Collected: 1000
2026-07-03 03:56:34,798 [INFO] Pacing: sleep 6.9s
2026-07-03 03:56:41,689 [INFO] Page 50 | Collected: 1000
2026-07-03 03:56:42,014 [INFO] Pacing: sleep 51.3s | Short Cooldown: 45.5s
2026-07-03 03:57:33,331 [INFO] Page 51 | Collected: 1250
2026-07-03 03:57:33,696 [INFO] Pacing: sleep 6.8s
2026-07-03 03:57:40,474 [INFO] Page 52 | Collected: 1250
2026-07-03 03:57:40,744 [INFO] Pacing: sleep 4.3s
2026-07-03 03:57:45,062 [INFO] Page 53 | Collected: 1250
2026-07-03 03:57:45,417 [INFO] Pacing: sleep 6.7s
2026-07-03 03:57:52,129 [INFO] Page 54 | Collected: 1250
2026-07-03 03:57:52,411 [INFO] Pacing: sleep 5.2s
2026-07-03 03:57:57,577 [INFO] Page 55 | Collected: 1250
2026-07-03 03:57:57,865 [INFO] Pacing: sleep 5.2s
2026-07-03 03:58:03,038 [INFO] Page 56 | Collected: 1250
2026-07-03 03:58:03,418 [INFO] Pacing: sleep 7.0s
2026-07-03 03:58:10,369 [INFO] Page 57 | Collected: 1250
2026-07-03 03:58:10,718 [INFO] Pacing: sleep 6.4s
2026-07-03 03:58:17,116 [INFO] Page 58 | Collected: 1250
2026-07-03 03:58:17,568 [INFO] Pacing: sleep 7.0s
2026-07-03 03:58:24,604 [INFO] Page 59 | Collected: 1250
2026-07-03 03:58:24,885 [INFO] Pacing: sleep 4.9s
2026-07-03 03:58:29,821 [INFO] Page 60 | Collected: 1250
2026-07-03 03:58:30,117 [INFO] Pacing: sleep 60.6s | Short Cooldown: 55.3s
2026-07-03 03:59:30,765 [INFO] Page 61 | Collected: 1500
2026-07-03 03:59:31,124 [INFO] Pacing: sleep 4.2s
2026-07-03 03:59:35,351 [INFO] Page 62 | Collected: 1500
2026-07-03 03:59:35,644 [INFO] Pacing: sleep 5.1s
2026-07-03 03:59:40,791 [INFO] Page 63 | Collected: 1500
2026-07-03 03:59:40,981 [WARNING] Block detected on page 63: Suspicious term found: 'captcha'
2026-07-03 03:59:40,981 [INFO] Saved raw HTML for debugging: blocked_0063.html
2026-07-03 03:59:40,982 [ERROR] Blocked again even after safe mode. Stopping gracefully.
2026-07-03 03:59:40,982 [INFO] Crawl stopped. Reason: adaptive_throttle_failed_page_63. Finalizing...
2026-07-03 03:59:40,982 [INFO] Merging intermediate pages from work_dir: /home/runner/work/steam-diploma/steam-diploma/data/snapshots/data/snapshots/_in_progress/b10f5e38-2697-4fac-8dc0-2fda62199979
