2026-07-16 14:05:21,097 [INFO] Steam Snapshot Collector Started.
2026-07-16 14:05:21,098 [INFO] Speed Mode: fast
2026-07-16 14:05:21,098 [INFO] Work Dir: /home/runner/work/steam-diploma/steam-diploma/data/snapshots
2026-07-16 14:05:21,098 [INFO] Base Output Dir: .
2026-07-16 14:05:21,098 [INFO] Page 1 | Collected: 0
2026-07-16 14:05:21,479 [INFO] Pacing: sleep 1.4s
2026-07-16 14:05:22,882 [INFO] Page 2 | Collected: 0
2026-07-16 14:05:23,170 [INFO] Pacing: sleep 1.3s
2026-07-16 14:05:24,462 [INFO] Page 3 | Collected: 0
2026-07-16 14:05:24,715 [INFO] Pacing: sleep 1.5s
2026-07-16 14:05:26,200 [INFO] Page 4 | Collected: 0
2026-07-16 14:05:26,537 [INFO] Pacing: sleep 1.5s
2026-07-16 14:05:27,992 [INFO] Page 5 | Collected: 0
2026-07-16 14:05:28,260 [INFO] Pacing: sleep 1.1s
2026-07-16 14:05:29,371 [INFO] Page 6 | Collected: 0
2026-07-16 14:05:29,622 [INFO] Pacing: sleep 0.7s
2026-07-16 14:05:30,370 [INFO] Page 7 | Collected: 0
2026-07-16 14:05:30,693 [INFO] Pacing: sleep 1.5s
2026-07-16 14:05:32,166 [INFO] Page 8 | Collected: 0
2026-07-16 14:05:32,481 [INFO] Pacing: sleep 0.8s
2026-07-16 14:05:33,331 [INFO] Page 9 | Collected: 0
2026-07-16 14:05:33,646 [INFO] Pacing: sleep 0.5s
2026-07-16 14:05:34,155 [INFO] Page 10 | Collected: 0
2026-07-16 14:05:34,413 [INFO] Pacing: sleep 1.1s
2026-07-16 14:05:35,536 [INFO] Page 11 | Collected: 250
2026-07-16 14:05:35,899 [INFO] Pacing: sleep 1.0s
2026-07-16 14:05:36,861 [INFO] Page 12 | Collected: 250
2026-07-16 14:05:37,163 [INFO] Pacing: sleep 0.8s
2026-07-16 14:05:37,986 [INFO] Page 13 | Collected: 250
2026-07-16 14:05:38,284 [INFO] Pacing: sleep 1.2s
2026-07-16 14:05:39,532 [INFO] Page 14 | Collected: 250
2026-07-16 14:05:39,774 [INFO] Pacing: sleep 1.3s
2026-07-16 14:05:41,115 [INFO] Page 15 | Collected: 250
2026-07-16 14:05:41,447 [INFO] Pacing: sleep 1.2s
2026-07-16 14:05:42,628 [INFO] Page 16 | Collected: 250
2026-07-16 14:05:42,887 [INFO] Pacing: sleep 1.2s
2026-07-16 14:05:44,115 [INFO] Page 17 | Collected: 250
2026-07-16 14:05:44,497 [INFO] Pacing: sleep 0.7s
2026-07-16 14:05:45,156 [INFO] Page 18 | Collected: 250
2026-07-16 14:05:45,414 [INFO] Pacing: sleep 0.6s
2026-07-16 14:05:46,037 [INFO] Page 19 | Collected: 250
2026-07-16 14:05:46,303 [INFO] Pacing: sleep 0.9s
2026-07-16 14:05:47,196 [INFO] Page 20 | Collected: 250
2026-07-16 14:05:47,557 [INFO] Pacing: sleep 1.3s
2026-07-16 14:05:48,810 [INFO] Page 21 | Collected: 500
2026-07-16 14:05:49,040 [INFO] Pacing: sleep 1.3s
2026-07-16 14:05:50,301 [INFO] Page 22 | Collected: 500
2026-07-16 14:05:50,603 [INFO] Pacing: sleep 0.9s
2026-07-16 14:05:51,549 [INFO] Page 23 | Collected: 500
2026-07-16 14:05:51,774 [INFO] Pacing: sleep 0.6s
2026-07-16 14:05:52,351 [INFO] Page 24 | Collected: 500
2026-07-16 14:05:52,627 [INFO] Pacing: sleep 1.0s
2026-07-16 14:05:53,613 [INFO] Page 25 | Collected: 500
2026-07-16 14:05:53,950 [INFO] Pacing: sleep 1.5s
2026-07-16 14:05:55,441 [INFO] Page 26 | Collected: 500
2026-07-16 14:05:55,678 [INFO] Pacing: sleep 0.6s
2026-07-16 14:05:56,306 [INFO] Page 27 | Collected: 500
2026-07-16 14:05:56,614 [INFO] Pacing: sleep 0.8s
2026-07-16 14:05:57,423 [INFO] Page 28 | Collected: 500
2026-07-16 14:05:57,721 [INFO] Pacing: sleep 1.4s
2026-07-16 14:05:59,150 [INFO] Page 29 | Collected: 500
2026-07-16 14:05:59,452 [INFO] Pacing: sleep 1.2s
2026-07-16 14:06:00,613 [INFO] Page 30 | Collected: 500
2026-07-16 14:06:00,918 [INFO] Pacing: sleep 0.7s
2026-07-16 14:06:01,571 [INFO] Page 31 | Collected: 750
2026-07-16 14:06:01,636 [WARNING] Block detected on page 31: HTTP 429
2026-07-16 14:06:01,636 [INFO] Saved raw HTML for debugging: blocked_0031.html
2026-07-16 14:06:01,636 [WARNING] Initiating ADAPTIVE THROTTLING. Sleeping 180s, switching to SAFE mode.
2026-07-16 14:09:01,637 [INFO] Pacing: sleep 46.5s | Short Cooldown: 39.7s
2026-07-16 14:09:48,095 [INFO] Page 31 | Collected: 750
2026-07-16 14:09:48,408 [INFO] Pacing: sleep 4.6s
2026-07-16 14:09:53,008 [INFO] Page 32 | Collected: 750
2026-07-16 14:09:53,268 [INFO] Pacing: sleep 4.0s
2026-07-16 14:09:57,307 [INFO] Page 33 | Collected: 750
2026-07-16 14:09:57,679 [INFO] Pacing: sleep 5.7s
2026-07-16 14:10:03,417 [INFO] Page 34 | Collected: 750
2026-07-16 14:10:03,685 [INFO] Pacing: sleep 5.7s
2026-07-16 14:10:09,432 [INFO] Page 35 | Collected: 750
2026-07-16 14:10:09,733 [INFO] Pacing: sleep 5.6s
2026-07-16 14:10:15,362 [INFO] Page 36 | Collected: 750
2026-07-16 14:10:15,597 [INFO] Pacing: sleep 6.2s
2026-07-16 14:10:21,796 [INFO] Page 37 | Collected: 750
2026-07-16 14:10:22,028 [INFO] Pacing: sleep 7.9s
2026-07-16 14:10:29,907 [INFO] Page 38 | Collected: 750
2026-07-16 14:10:30,277 [INFO] Pacing: sleep 5.2s
2026-07-16 14:10:35,489 [INFO] Page 39 | Collected: 750
2026-07-16 14:10:35,728 [INFO] Pacing: sleep 5.2s
2026-07-16 14:10:40,955 [INFO] Page 40 | Collected: 750
2026-07-16 14:10:41,310 [INFO] Pacing: sleep 201.7s | Long Cooldown: 196.0s
2026-07-16 14:14:03,016 [INFO] Page 41 | Collected: 1000
2026-07-16 14:14:03,295 [INFO] Pacing: sleep 6.1s
2026-07-16 14:14:09,439 [INFO] Page 42 | Collected: 1000
2026-07-16 14:14:09,700 [INFO] Pacing: sleep 6.0s
2026-07-16 14:14:15,685 [INFO] Page 43 | Collected: 1000
2026-07-16 14:14:16,032 [INFO] Pacing: sleep 6.5s
2026-07-16 14:14:22,561 [INFO] Page 44 | Collected: 1000
2026-07-16 14:14:22,811 [INFO] Pacing: sleep 5.1s
2026-07-16 14:14:27,879 [INFO] Page 45 | Collected: 1000
2026-07-16 14:14:28,137 [INFO] Pacing: sleep 5.9s
2026-07-16 14:14:34,025 [INFO] Page 46 | Collected: 1000
2026-07-16 14:14:34,362 [INFO] Pacing: sleep 5.2s
2026-07-16 14:14:39,551 [INFO] Page 47 | Collected: 1000
2026-07-16 14:14:39,851 [INFO] Pacing: sleep 5.3s
2026-07-16 14:14:45,174 [INFO] Page 48 | Collected: 1000
2026-07-16 14:14:45,512 [INFO] Pacing: sleep 5.6s
2026-07-16 14:14:51,130 [INFO] Page 49 | Collected: 1000
2026-07-16 14:14:51,377 [INFO] Pacing: sleep 5.0s
2026-07-16 14:14:56,330 [INFO] Page 50 | Collected: 1000
2026-07-16 14:14:56,683 [INFO] Pacing: sleep 50.7s | Short Cooldown: 43.1s
2026-07-16 14:15:47,390 [INFO] Page 51 | Collected: 1250
2026-07-16 14:15:47,554 [WARNING] Block detected on page 51: Suspicious term found: 'captcha'
2026-07-16 14:15:47,555 [INFO] Saved raw HTML for debugging: blocked_0051.html
2026-07-16 14:15:47,555 [ERROR] Blocked again even after safe mode. Stopping gracefully.
2026-07-16 14:15:47,555 [INFO] Crawl stopped. Reason: adaptive_throttle_failed_page_51. Finalizing...
2026-07-16 14:15:47,555 [INFO] Merging intermediate pages from work_dir: /home/runner/work/steam-diploma/steam-diploma/data/snapshots/data/snapshots/_in_progress/54fa61ca-b911-4692-8467-5ff1bda1020a
