2026-07-20 14:19:12,459 [INFO] Steam Snapshot Collector Started.
2026-07-20 14:19:12,460 [INFO] Speed Mode: fast
2026-07-20 14:19:12,460 [INFO] Work Dir: /home/runner/work/steam-diploma/steam-diploma/data/snapshots
2026-07-20 14:19:12,460 [INFO] Base Output Dir: .
2026-07-20 14:19:12,460 [INFO] Page 1 | Collected: 0
2026-07-20 14:19:13,036 [INFO] Pacing: sleep 0.7s
2026-07-20 14:19:13,758 [INFO] Page 2 | Collected: 0
2026-07-20 14:19:14,082 [INFO] Pacing: sleep 1.4s
2026-07-20 14:19:15,487 [INFO] Page 3 | Collected: 0
2026-07-20 14:19:15,797 [INFO] Pacing: sleep 0.7s
2026-07-20 14:19:16,494 [INFO] Page 4 | Collected: 0
2026-07-20 14:19:16,825 [INFO] Pacing: sleep 1.1s
2026-07-20 14:19:17,945 [INFO] Page 5 | Collected: 0
2026-07-20 14:19:18,241 [INFO] Pacing: sleep 0.7s
2026-07-20 14:19:18,892 [INFO] Page 6 | Collected: 0
2026-07-20 14:19:19,160 [INFO] Pacing: sleep 1.5s
2026-07-20 14:19:20,633 [INFO] Page 7 | Collected: 0
2026-07-20 14:19:21,011 [INFO] Pacing: sleep 0.5s
2026-07-20 14:19:21,514 [INFO] Page 8 | Collected: 0
2026-07-20 14:19:21,831 [INFO] Pacing: sleep 0.5s
2026-07-20 14:19:22,379 [INFO] Page 9 | Collected: 0
2026-07-20 14:19:22,689 [INFO] Pacing: sleep 1.0s
2026-07-20 14:19:23,675 [INFO] Page 10 | Collected: 0
2026-07-20 14:19:24,063 [INFO] Pacing: sleep 1.2s
2026-07-20 14:19:25,311 [INFO] Page 11 | Collected: 250
2026-07-20 14:19:25,610 [INFO] Pacing: sleep 1.4s
2026-07-20 14:19:27,017 [INFO] Page 12 | Collected: 250
2026-07-20 14:19:27,338 [INFO] Pacing: sleep 0.9s
2026-07-20 14:19:28,189 [INFO] Page 13 | Collected: 250
2026-07-20 14:19:28,509 [INFO] Pacing: sleep 1.4s
2026-07-20 14:19:29,883 [INFO] Page 14 | Collected: 250
2026-07-20 14:19:30,176 [INFO] Pacing: sleep 1.0s
2026-07-20 14:19:31,158 [INFO] Page 15 | Collected: 250
2026-07-20 14:19:31,533 [INFO] Pacing: sleep 0.7s
2026-07-20 14:19:32,239 [INFO] Page 16 | Collected: 250
2026-07-20 14:19:32,602 [INFO] Pacing: sleep 1.0s
2026-07-20 14:19:33,574 [INFO] Page 17 | Collected: 250
2026-07-20 14:19:33,937 [INFO] Pacing: sleep 0.5s
2026-07-20 14:19:34,484 [INFO] Page 18 | Collected: 250
2026-07-20 14:19:34,771 [INFO] Pacing: sleep 0.6s
2026-07-20 14:19:35,363 [INFO] Page 19 | Collected: 250
2026-07-20 14:19:35,685 [INFO] Pacing: sleep 1.3s
2026-07-20 14:19:36,962 [INFO] Page 20 | Collected: 250
2026-07-20 14:19:37,316 [INFO] Pacing: sleep 0.7s
2026-07-20 14:19:37,988 [INFO] Page 21 | Collected: 500
2026-07-20 14:19:38,312 [INFO] Pacing: sleep 0.9s
2026-07-20 14:19:39,172 [INFO] Page 22 | Collected: 500
2026-07-20 14:19:39,580 [INFO] Pacing: sleep 1.5s
2026-07-20 14:19:41,049 [INFO] Page 23 | Collected: 500
2026-07-20 14:19:41,352 [INFO] Pacing: sleep 1.0s
2026-07-20 14:19:42,319 [INFO] Page 24 | Collected: 500
2026-07-20 14:19:42,594 [INFO] Pacing: sleep 0.5s
2026-07-20 14:19:43,124 [INFO] Page 25 | Collected: 500
2026-07-20 14:19:43,513 [INFO] Pacing: sleep 0.6s
2026-07-20 14:19:44,163 [INFO] Page 26 | Collected: 500
2026-07-20 14:19:44,508 [INFO] Pacing: sleep 0.9s
2026-07-20 14:19:45,438 [INFO] Page 27 | Collected: 500
2026-07-20 14:19:45,719 [INFO] Pacing: sleep 0.6s
2026-07-20 14:19:46,367 [INFO] Page 28 | Collected: 500
2026-07-20 14:19:46,725 [INFO] Pacing: sleep 1.1s
2026-07-20 14:19:47,836 [INFO] Page 29 | Collected: 500
2026-07-20 14:19:48,100 [INFO] Pacing: sleep 1.4s
2026-07-20 14:19:49,533 [INFO] Page 30 | Collected: 500
2026-07-20 14:19:49,948 [INFO] Pacing: sleep 1.0s
2026-07-20 14:19:50,965 [INFO] Page 31 | Collected: 750
2026-07-20 14:19:51,073 [WARNING] Block detected on page 31: HTTP 429
2026-07-20 14:19:51,074 [INFO] Saved raw HTML for debugging: blocked_0031.html
2026-07-20 14:19:51,074 [WARNING] Initiating ADAPTIVE THROTTLING. Sleeping 180s, switching to SAFE mode.
2026-07-20 14:22:51,074 [INFO] Pacing: sleep 54.8s | Short Cooldown: 48.0s
2026-07-20 14:23:45,891 [INFO] Page 31 | Collected: 750
2026-07-20 14:23:46,334 [INFO] Pacing: sleep 7.2s
2026-07-20 14:23:53,486 [INFO] Page 32 | Collected: 750
2026-07-20 14:23:53,844 [INFO] Pacing: sleep 7.3s
2026-07-20 14:24:01,098 [INFO] Page 33 | Collected: 750
2026-07-20 14:24:01,545 [INFO] Pacing: sleep 5.0s
2026-07-20 14:24:06,531 [INFO] Page 34 | Collected: 750
2026-07-20 14:24:06,842 [INFO] Pacing: sleep 5.9s
2026-07-20 14:24:12,773 [INFO] Page 35 | Collected: 750
2026-07-20 14:24:13,166 [INFO] Pacing: sleep 4.7s
2026-07-20 14:24:17,909 [INFO] Page 36 | Collected: 750
2026-07-20 14:24:18,387 [INFO] Pacing: sleep 6.4s
2026-07-20 14:24:24,757 [INFO] Page 37 | Collected: 750
2026-07-20 14:24:25,324 [INFO] Pacing: sleep 5.6s
2026-07-20 14:24:30,939 [INFO] Page 38 | Collected: 750
2026-07-20 14:24:31,348 [INFO] Pacing: sleep 7.2s
2026-07-20 14:24:38,545 [INFO] Page 39 | Collected: 750
2026-07-20 14:24:38,842 [INFO] Pacing: sleep 6.1s
2026-07-20 14:24:44,903 [INFO] Page 40 | Collected: 750
2026-07-20 14:24:45,267 [INFO] Pacing: sleep 212.3s | Long Cooldown: 206.0s
2026-07-20 14:28:17,545 [INFO] Page 41 | Collected: 1000
2026-07-20 14:28:17,864 [INFO] Pacing: sleep 4.3s
2026-07-20 14:28:22,114 [INFO] Page 42 | Collected: 1000
2026-07-20 14:28:22,531 [INFO] Pacing: sleep 6.8s
2026-07-20 14:28:29,333 [INFO] Page 43 | Collected: 1000
2026-07-20 14:28:29,683 [INFO] Pacing: sleep 4.4s
2026-07-20 14:28:34,123 [INFO] Page 44 | Collected: 1000
2026-07-20 14:28:34,422 [INFO] Pacing: sleep 7.5s
2026-07-20 14:28:41,896 [INFO] Page 45 | Collected: 1000
2026-07-20 14:28:42,185 [INFO] Pacing: sleep 4.6s
2026-07-20 14:28:46,747 [INFO] Page 46 | Collected: 1000
2026-07-20 14:28:47,134 [INFO] Pacing: sleep 5.7s
2026-07-20 14:28:52,861 [INFO] Page 47 | Collected: 1000
2026-07-20 14:28:53,161 [INFO] Pacing: sleep 7.3s
2026-07-20 14:29:00,442 [INFO] Page 48 | Collected: 1000
2026-07-20 14:29:00,808 [INFO] Pacing: sleep 5.9s
2026-07-20 14:29:06,742 [INFO] Page 49 | Collected: 1000
2026-07-20 14:29:07,072 [INFO] Pacing: sleep 7.1s
2026-07-20 14:29:14,207 [INFO] Page 50 | Collected: 1000
2026-07-20 14:29:14,418 [WARNING] Block detected on page 50: Suspicious term found: 'captcha'
2026-07-20 14:29:14,419 [INFO] Saved raw HTML for debugging: blocked_0050.html
2026-07-20 14:29:14,419 [ERROR] Blocked again even after safe mode. Stopping gracefully.
2026-07-20 14:29:14,420 [INFO] Crawl stopped. Reason: adaptive_throttle_failed_page_50. Finalizing...
2026-07-20 14:29:14,421 [INFO] Merging intermediate pages from work_dir: /home/runner/work/steam-diploma/steam-diploma/data/snapshots/data/snapshots/_in_progress/aa341468-d7f0-4ce9-a707-a0f2e6a27ac5
