2026-07-08 14:27:08,143 [INFO] Steam Snapshot Collector Started.
2026-07-08 14:27:08,143 [INFO] Speed Mode: fast
2026-07-08 14:27:08,143 [INFO] Work Dir: /home/runner/work/steam-diploma/steam-diploma/data/snapshots
2026-07-08 14:27:08,143 [INFO] Base Output Dir: .
2026-07-08 14:27:08,143 [INFO] Page 1 | Collected: 0
2026-07-08 14:27:08,502 [INFO] Pacing: sleep 0.9s
2026-07-08 14:27:09,413 [INFO] Page 2 | Collected: 0
2026-07-08 14:27:09,773 [INFO] Pacing: sleep 1.1s
2026-07-08 14:27:10,872 [INFO] Page 3 | Collected: 0
2026-07-08 14:27:11,163 [INFO] Pacing: sleep 0.8s
2026-07-08 14:27:11,960 [INFO] Page 4 | Collected: 0
2026-07-08 14:27:12,356 [INFO] Pacing: sleep 0.5s
2026-07-08 14:27:12,898 [INFO] Page 5 | Collected: 0
2026-07-08 14:27:13,156 [INFO] Pacing: sleep 1.3s
2026-07-08 14:27:14,494 [INFO] Page 6 | Collected: 0
2026-07-08 14:27:14,814 [INFO] Pacing: sleep 1.4s
2026-07-08 14:27:16,259 [INFO] Page 7 | Collected: 0
2026-07-08 14:27:16,613 [INFO] Pacing: sleep 1.0s
2026-07-08 14:27:17,619 [INFO] Page 8 | Collected: 0
2026-07-08 14:27:17,916 [INFO] Pacing: sleep 1.1s
2026-07-08 14:27:19,023 [INFO] Page 9 | Collected: 0
2026-07-08 14:27:19,370 [INFO] Pacing: sleep 1.5s
2026-07-08 14:27:20,849 [INFO] Page 10 | Collected: 0
2026-07-08 14:27:21,197 [INFO] Pacing: sleep 1.1s
2026-07-08 14:27:22,251 [INFO] Page 11 | Collected: 250
2026-07-08 14:27:22,553 [INFO] Pacing: sleep 1.2s
2026-07-08 14:27:23,730 [INFO] Page 12 | Collected: 250
2026-07-08 14:27:24,067 [INFO] Pacing: sleep 1.5s
2026-07-08 14:27:25,523 [INFO] Page 13 | Collected: 250
2026-07-08 14:27:25,779 [INFO] Pacing: sleep 0.8s
2026-07-08 14:27:26,542 [INFO] Page 14 | Collected: 250
2026-07-08 14:27:26,816 [INFO] Pacing: sleep 0.7s
2026-07-08 14:27:27,563 [INFO] Page 15 | Collected: 250
2026-07-08 14:27:27,920 [INFO] Pacing: sleep 0.8s
2026-07-08 14:27:28,734 [INFO] Page 16 | Collected: 250
2026-07-08 14:27:29,042 [INFO] Pacing: sleep 1.2s
2026-07-08 14:27:30,195 [INFO] Page 17 | Collected: 250
2026-07-08 14:27:30,568 [INFO] Pacing: sleep 1.2s
2026-07-08 14:27:31,746 [INFO] Page 18 | Collected: 250
2026-07-08 14:27:32,014 [INFO] Pacing: sleep 1.2s
2026-07-08 14:27:33,179 [INFO] Page 19 | Collected: 250
2026-07-08 14:27:33,486 [INFO] Pacing: sleep 1.2s
2026-07-08 14:27:34,684 [INFO] Page 20 | Collected: 250
2026-07-08 14:27:35,050 [INFO] Pacing: sleep 0.7s
2026-07-08 14:27:35,741 [INFO] Page 21 | Collected: 500
2026-07-08 14:27:36,038 [INFO] Pacing: sleep 1.1s
2026-07-08 14:27:37,113 [INFO] Page 22 | Collected: 500
2026-07-08 14:27:37,491 [INFO] Pacing: sleep 1.3s
2026-07-08 14:27:38,800 [INFO] Page 23 | Collected: 500
2026-07-08 14:27:39,090 [INFO] Pacing: sleep 1.4s
2026-07-08 14:27:40,505 [INFO] Page 24 | Collected: 500
2026-07-08 14:27:40,824 [INFO] Pacing: sleep 0.8s
2026-07-08 14:27:41,674 [INFO] Page 25 | Collected: 500
2026-07-08 14:27:42,041 [INFO] Pacing: sleep 1.4s
2026-07-08 14:27:43,435 [INFO] Page 26 | Collected: 500
2026-07-08 14:27:43,868 [INFO] Pacing: sleep 0.8s
2026-07-08 14:27:44,684 [INFO] Page 27 | Collected: 500
2026-07-08 14:27:44,987 [INFO] Pacing: sleep 1.1s
2026-07-08 14:27:46,048 [INFO] Page 28 | Collected: 500
2026-07-08 14:27:46,422 [INFO] Pacing: sleep 0.9s
2026-07-08 14:27:47,292 [INFO] Page 29 | Collected: 500
2026-07-08 14:27:47,615 [INFO] Pacing: sleep 0.6s
2026-07-08 14:27:48,189 [INFO] Page 30 | Collected: 500
2026-07-08 14:27:48,605 [INFO] Pacing: sleep 1.0s
2026-07-08 14:27:49,566 [INFO] Page 31 | Collected: 750
2026-07-08 14:27:49,649 [WARNING] Block detected on page 31: HTTP 429
2026-07-08 14:27:49,649 [INFO] Saved raw HTML for debugging: blocked_0031.html
2026-07-08 14:27:49,649 [WARNING] Initiating ADAPTIVE THROTTLING. Sleeping 180s, switching to SAFE mode.
2026-07-08 14:30:49,649 [INFO] Pacing: sleep 43.6s | Short Cooldown: 38.5s
2026-07-08 14:31:33,210 [INFO] Page 31 | Collected: 750
2026-07-08 14:31:33,530 [INFO] Pacing: sleep 5.3s
2026-07-08 14:31:38,855 [INFO] Page 32 | Collected: 750
2026-07-08 14:31:39,115 [INFO] Pacing: sleep 6.7s
2026-07-08 14:31:45,851 [INFO] Page 33 | Collected: 750
2026-07-08 14:31:46,213 [INFO] Pacing: sleep 4.8s
2026-07-08 14:31:51,052 [INFO] Page 34 | Collected: 750
2026-07-08 14:31:51,617 [INFO] Pacing: sleep 5.2s
2026-07-08 14:31:56,848 [INFO] Page 35 | Collected: 750
2026-07-08 14:31:57,272 [INFO] Pacing: sleep 7.6s
2026-07-08 14:32:04,891 [INFO] Page 36 | Collected: 750
2026-07-08 14:32:05,208 [INFO] Pacing: sleep 7.3s
2026-07-08 14:32:12,534 [INFO] Page 37 | Collected: 750
2026-07-08 14:32:12,845 [INFO] Pacing: sleep 6.2s
2026-07-08 14:32:19,081 [INFO] Page 38 | Collected: 750
2026-07-08 14:32:19,457 [INFO] Pacing: sleep 6.4s
2026-07-08 14:32:25,879 [INFO] Page 39 | Collected: 750
2026-07-08 14:32:26,193 [INFO] Pacing: sleep 4.4s
2026-07-08 14:32:30,593 [INFO] Page 40 | Collected: 750
2026-07-08 14:32:30,967 [INFO] Pacing: sleep 183.8s | Long Cooldown: 177.7s
2026-07-08 14:35:34,785 [INFO] Page 41 | Collected: 1000
2026-07-08 14:35:35,105 [INFO] Pacing: sleep 5.5s
2026-07-08 14:35:40,598 [INFO] Page 42 | Collected: 1000
2026-07-08 14:35:40,913 [INFO] Pacing: sleep 5.9s
2026-07-08 14:35:46,807 [INFO] Page 43 | Collected: 1000
2026-07-08 14:35:47,201 [INFO] Pacing: sleep 5.1s
2026-07-08 14:35:52,327 [INFO] Page 44 | Collected: 1000
2026-07-08 14:35:52,612 [INFO] Pacing: sleep 7.8s
2026-07-08 14:36:00,459 [INFO] Page 45 | Collected: 1000
2026-07-08 14:36:00,808 [INFO] Pacing: sleep 4.2s
2026-07-08 14:36:05,054 [INFO] Page 46 | Collected: 1000
2026-07-08 14:36:05,439 [INFO] Pacing: sleep 4.2s
2026-07-08 14:36:09,686 [INFO] Page 47 | Collected: 1000
2026-07-08 14:36:09,995 [INFO] Pacing: sleep 7.6s
2026-07-08 14:36:17,617 [INFO] Page 48 | Collected: 1000
2026-07-08 14:36:17,980 [INFO] Pacing: sleep 7.5s
2026-07-08 14:36:25,439 [INFO] Page 49 | Collected: 1000
2026-07-08 14:36:25,731 [INFO] Pacing: sleep 4.4s
2026-07-08 14:36:30,171 [INFO] Page 50 | Collected: 1000
2026-07-08 14:36:30,507 [INFO] Pacing: sleep 56.2s | Short Cooldown: 51.9s
2026-07-08 14:37:26,657 [INFO] Page 51 | Collected: 1250
2026-07-08 14:37:27,006 [INFO] Pacing: sleep 6.1s
2026-07-08 14:37:33,093 [INFO] Page 52 | Collected: 1250
2026-07-08 14:37:33,407 [INFO] Pacing: sleep 6.4s
2026-07-08 14:37:39,834 [INFO] Page 53 | Collected: 1250
2026-07-08 14:37:40,170 [INFO] Pacing: sleep 5.5s
2026-07-08 14:37:45,652 [INFO] Page 54 | Collected: 1250
2026-07-08 14:37:45,943 [INFO] Pacing: sleep 7.6s
2026-07-08 14:37:53,497 [INFO] Page 55 | Collected: 1250
2026-07-08 14:37:53,732 [WARNING] Block detected on page 55: Suspicious term found: 'captcha'
2026-07-08 14:37:53,732 [INFO] Saved raw HTML for debugging: blocked_0055.html
2026-07-08 14:37:53,733 [ERROR] Blocked again even after safe mode. Stopping gracefully.
2026-07-08 14:37:53,733 [INFO] Crawl stopped. Reason: adaptive_throttle_failed_page_55. Finalizing...
2026-07-08 14:37:53,734 [INFO] Merging intermediate pages from work_dir: /home/runner/work/steam-diploma/steam-diploma/data/snapshots/data/snapshots/_in_progress/cb526da8-707d-4065-a416-a05280f711bc
