2026-06-27 03:57:15,973 [INFO] Steam Snapshot Collector Started.
2026-06-27 03:57:15,973 [INFO] Speed Mode: fast
2026-06-27 03:57:15,973 [INFO] Work Dir: /home/runner/work/steam-diploma/steam-diploma/data/snapshots
2026-06-27 03:57:15,973 [INFO] Base Output Dir: .
2026-06-27 03:57:15,974 [INFO] Page 1 | Collected: 0
2026-06-27 03:57:16,327 [INFO] Pacing: sleep 1.5s
2026-06-27 03:57:17,825 [INFO] Page 2 | Collected: 0
2026-06-27 03:57:18,191 [INFO] Pacing: sleep 0.6s
2026-06-27 03:57:18,774 [INFO] Page 3 | Collected: 0
2026-06-27 03:57:19,087 [INFO] Pacing: sleep 1.2s
2026-06-27 03:57:20,313 [INFO] Page 4 | Collected: 0
2026-06-27 03:57:20,769 [INFO] Pacing: sleep 1.1s
2026-06-27 03:57:21,847 [INFO] Page 5 | Collected: 0
2026-06-27 03:57:22,236 [INFO] Pacing: sleep 0.6s
2026-06-27 03:57:22,879 [INFO] Page 6 | Collected: 0
2026-06-27 03:57:23,162 [INFO] Pacing: sleep 0.8s
2026-06-27 03:57:23,926 [INFO] Page 7 | Collected: 0
2026-06-27 03:57:24,277 [INFO] Pacing: sleep 1.0s
2026-06-27 03:57:25,302 [INFO] Page 8 | Collected: 0
2026-06-27 03:57:25,691 [INFO] Pacing: sleep 1.2s
2026-06-27 03:57:26,877 [INFO] Page 9 | Collected: 0
2026-06-27 03:57:27,247 [INFO] Pacing: sleep 1.0s
2026-06-27 03:57:28,222 [INFO] Page 10 | Collected: 0
2026-06-27 03:57:28,475 [INFO] Pacing: sleep 1.4s
2026-06-27 03:57:29,858 [INFO] Page 11 | Collected: 250
2026-06-27 03:57:30,121 [INFO] Pacing: sleep 1.0s
2026-06-27 03:57:31,168 [INFO] Page 12 | Collected: 250
2026-06-27 03:57:31,498 [INFO] Pacing: sleep 0.8s
2026-06-27 03:57:32,271 [INFO] Page 13 | Collected: 250
2026-06-27 03:57:32,524 [INFO] Pacing: sleep 1.4s
2026-06-27 03:57:33,939 [INFO] Page 14 | Collected: 250
2026-06-27 03:57:34,194 [INFO] Pacing: sleep 1.0s
2026-06-27 03:57:35,202 [INFO] Page 15 | Collected: 250
2026-06-27 03:57:35,566 [INFO] Pacing: sleep 1.5s
2026-06-27 03:57:37,037 [INFO] Page 16 | Collected: 250
2026-06-27 03:57:37,284 [INFO] Pacing: sleep 0.9s
2026-06-27 03:57:38,164 [INFO] Page 17 | Collected: 250
2026-06-27 03:57:38,464 [INFO] Pacing: sleep 0.9s
2026-06-27 03:57:39,325 [INFO] Page 18 | Collected: 250
2026-06-27 03:57:39,583 [INFO] Pacing: sleep 0.7s
2026-06-27 03:57:40,288 [INFO] Page 19 | Collected: 250
2026-06-27 03:57:40,579 [INFO] Pacing: sleep 1.4s
2026-06-27 03:57:41,961 [INFO] Page 20 | Collected: 250
2026-06-27 03:57:42,320 [INFO] Pacing: sleep 1.0s
2026-06-27 03:57:43,355 [INFO] Page 21 | Collected: 500
2026-06-27 03:57:43,629 [INFO] Pacing: sleep 1.2s
2026-06-27 03:57:44,859 [INFO] Page 22 | Collected: 500
2026-06-27 03:57:45,184 [INFO] Pacing: sleep 1.1s
2026-06-27 03:57:46,254 [INFO] Page 23 | Collected: 500
2026-06-27 03:57:46,510 [INFO] Pacing: sleep 1.2s
2026-06-27 03:57:47,753 [INFO] Page 24 | Collected: 500
2026-06-27 03:57:48,040 [INFO] Pacing: sleep 0.7s
2026-06-27 03:57:48,750 [INFO] Page 25 | Collected: 500
2026-06-27 03:57:49,548 [INFO] Pacing: sleep 0.8s
2026-06-27 03:57:50,346 [INFO] Page 26 | Collected: 500
2026-06-27 03:57:50,594 [INFO] Pacing: sleep 0.8s
2026-06-27 03:57:51,440 [INFO] Page 27 | Collected: 500
2026-06-27 03:57:51,753 [INFO] Pacing: sleep 0.6s
2026-06-27 03:57:52,305 [INFO] Page 28 | Collected: 500
2026-06-27 03:57:52,545 [INFO] Pacing: sleep 1.0s
2026-06-27 03:57:53,568 [INFO] Page 29 | Collected: 500
2026-06-27 03:57:53,830 [INFO] Pacing: sleep 1.2s
2026-06-27 03:57:55,009 [INFO] Page 30 | Collected: 500
2026-06-27 03:57:55,371 [INFO] Pacing: sleep 1.4s
2026-06-27 03:57:56,813 [INFO] Page 31 | Collected: 750
2026-06-27 03:57:56,904 [WARNING] Block detected on page 31: HTTP 429
2026-06-27 03:57:56,904 [INFO] Saved raw HTML for debugging: blocked_0031.html
2026-06-27 03:57:56,904 [WARNING] Initiating ADAPTIVE THROTTLING. Sleeping 180s, switching to SAFE mode.
2026-06-27 04:00:56,904 [INFO] Pacing: sleep 47.0s | Short Cooldown: 42.5s
2026-06-27 04:01:43,947 [INFO] Page 31 | Collected: 750
2026-06-27 04:01:44,199 [INFO] Pacing: sleep 7.3s
2026-06-27 04:01:51,524 [INFO] Page 32 | Collected: 750
2026-06-27 04:01:51,837 [INFO] Pacing: sleep 5.7s
2026-06-27 04:01:57,569 [INFO] Page 33 | Collected: 750
2026-06-27 04:01:57,890 [INFO] Pacing: sleep 6.8s
2026-06-27 04:02:04,737 [INFO] Page 34 | Collected: 750
2026-06-27 04:02:05,028 [INFO] Pacing: sleep 7.1s
2026-06-27 04:02:12,139 [INFO] Page 35 | Collected: 750
2026-06-27 04:02:12,568 [INFO] Pacing: sleep 7.0s
2026-06-27 04:02:19,521 [INFO] Page 36 | Collected: 750
2026-06-27 04:02:19,919 [INFO] Pacing: sleep 4.4s
2026-06-27 04:02:24,285 [INFO] Page 37 | Collected: 750
2026-06-27 04:02:24,547 [INFO] Pacing: sleep 6.9s
2026-06-27 04:02:31,460 [INFO] Page 38 | Collected: 750
2026-06-27 04:02:31,866 [INFO] Pacing: sleep 6.6s
2026-06-27 04:02:38,477 [INFO] Page 39 | Collected: 750
2026-06-27 04:02:38,749 [WARNING] Page 39 had 1 duplicate appids seen previously.
2026-06-27 04:02:38,749 [INFO] Pacing: sleep 6.3s
2026-06-27 04:02:45,080 [INFO] Page 40 | Collected: 750
2026-06-27 04:02:45,407 [INFO] Pacing: sleep 171.9s | Long Cooldown: 166.8s
2026-06-27 04:05:37,279 [INFO] Page 41 | Collected: 1000
2026-06-27 04:05:37,560 [INFO] Pacing: sleep 7.1s
2026-06-27 04:05:44,651 [INFO] Page 42 | Collected: 1000
2026-06-27 04:05:44,892 [INFO] Pacing: sleep 7.6s
2026-06-27 04:05:52,457 [INFO] Page 43 | Collected: 1000
2026-06-27 04:05:52,907 [INFO] Pacing: sleep 7.9s
2026-06-27 04:06:00,830 [INFO] Page 44 | Collected: 1000
2026-06-27 04:06:01,088 [INFO] Pacing: sleep 4.7s
2026-06-27 04:06:05,783 [INFO] Page 45 | Collected: 1000
2026-06-27 04:06:06,109 [INFO] Pacing: sleep 7.3s
2026-06-27 04:06:13,420 [INFO] Page 46 | Collected: 1000
2026-06-27 04:06:13,684 [INFO] Pacing: sleep 4.2s
2026-06-27 04:06:17,883 [INFO] Page 47 | Collected: 1000
2026-06-27 04:06:18,163 [INFO] Pacing: sleep 7.1s
2026-06-27 04:06:25,313 [INFO] Page 48 | Collected: 1000
2026-06-27 04:06:25,642 [INFO] Pacing: sleep 5.6s
2026-06-27 04:06:31,287 [INFO] Page 49 | Collected: 1000
2026-06-27 04:06:31,553 [INFO] Pacing: sleep 5.6s
2026-06-27 04:06:37,145 [INFO] Page 50 | Collected: 1000
2026-06-27 04:06:37,459 [INFO] Pacing: sleep 43.5s | Short Cooldown: 35.6s
2026-06-27 04:07:21,000 [INFO] Page 51 | Collected: 1250
2026-06-27 04:07:21,331 [INFO] Pacing: sleep 5.3s
2026-06-27 04:07:26,597 [INFO] Page 52 | Collected: 1250
2026-06-27 04:07:26,892 [INFO] Pacing: sleep 6.0s
2026-06-27 04:07:32,898 [INFO] Page 53 | Collected: 1250
2026-06-27 04:07:33,239 [INFO] Pacing: sleep 5.9s
2026-06-27 04:07:39,104 [INFO] Page 54 | Collected: 1250
2026-06-27 04:07:39,370 [INFO] Pacing: sleep 4.7s
2026-06-27 04:07:44,111 [INFO] Page 55 | Collected: 1250
2026-06-27 04:07:44,383 [INFO] Pacing: sleep 5.0s
2026-06-27 04:07:49,354 [INFO] Page 56 | Collected: 1250
2026-06-27 04:07:49,705 [INFO] Pacing: sleep 6.7s
2026-06-27 04:07:56,374 [INFO] Page 57 | Collected: 1250
2026-06-27 04:07:56,670 [INFO] Pacing: sleep 6.2s
2026-06-27 04:08:02,843 [INFO] Page 58 | Collected: 1250
2026-06-27 04:08:03,239 [INFO] Pacing: sleep 6.3s
2026-06-27 04:08:09,548 [INFO] Page 59 | Collected: 1250
2026-06-27 04:08:09,841 [INFO] Pacing: sleep 6.9s
2026-06-27 04:08:16,741 [INFO] Page 60 | Collected: 1250
2026-06-27 04:08:17,021 [INFO] Pacing: sleep 48.6s | Short Cooldown: 41.7s
2026-06-27 04:09:05,668 [INFO] Page 61 | Collected: 1500
2026-06-27 04:09:06,031 [INFO] Pacing: sleep 7.4s
2026-06-27 04:09:13,451 [INFO] Page 62 | Collected: 1500
2026-06-27 04:09:13,695 [INFO] Pacing: sleep 6.8s
2026-06-27 04:09:20,514 [INFO] Page 63 | Collected: 1500
2026-06-27 04:09:20,844 [INFO] Pacing: sleep 4.4s
2026-06-27 04:09:25,224 [INFO] Page 64 | Collected: 1500
2026-06-27 04:09:25,497 [INFO] Pacing: sleep 4.7s
2026-06-27 04:09:30,227 [INFO] Page 65 | Collected: 1500
2026-06-27 04:09:30,462 [INFO] Pacing: sleep 5.0s
2026-06-27 04:09:35,508 [INFO] Page 66 | Collected: 1500
2026-06-27 04:09:35,833 [INFO] Pacing: sleep 7.9s
2026-06-27 04:09:43,774 [INFO] Page 67 | Collected: 1500
2026-06-27 04:09:44,054 [INFO] Pacing: sleep 7.3s
2026-06-27 04:09:51,341 [INFO] Page 68 | Collected: 1500
2026-06-27 04:09:51,610 [INFO] Pacing: sleep 4.6s
2026-06-27 04:09:56,174 [INFO] Page 69 | Collected: 1500
2026-06-27 04:09:56,510 [INFO] Pacing: sleep 4.6s
2026-06-27 04:10:01,141 [INFO] Page 70 | Collected: 1500
2026-06-27 04:10:01,443 [INFO] Pacing: sleep 60.1s | Short Cooldown: 52.6s
2026-06-27 04:11:01,591 [INFO] Page 71 | Collected: 1750
2026-06-27 04:11:01,953 [INFO] Pacing: sleep 5.6s
2026-06-27 04:11:07,517 [INFO] Page 72 | Collected: 1750
2026-06-27 04:11:07,791 [INFO] Pacing: sleep 5.4s
2026-06-27 04:11:13,200 [INFO] Page 73 | Collected: 1750
2026-06-27 04:11:13,486 [INFO] Pacing: sleep 6.7s
2026-06-27 04:11:20,154 [INFO] Page 74 | Collected: 1750
2026-06-27 04:11:20,332 [WARNING] Block detected on page 74: Suspicious term found: 'captcha'
2026-06-27 04:11:20,333 [INFO] Saved raw HTML for debugging: blocked_0074.html
2026-06-27 04:11:20,333 [ERROR] Blocked again even after safe mode. Stopping gracefully.
2026-06-27 04:11:20,334 [INFO] Crawl stopped. Reason: adaptive_throttle_failed_page_74. Finalizing...
2026-06-27 04:11:20,334 [INFO] Merging intermediate pages from work_dir: /home/runner/work/steam-diploma/steam-diploma/data/snapshots/data/snapshots/_in_progress/083582e9-1a99-49da-86a9-13c684b1ccec
2026-06-27 04:11:20,351 [WARNING] Found 1 duplicate appids across the snapshot.
