2026-07-16 03:12:51,172 [INFO] Steam Snapshot Collector Started.
2026-07-16 03:12:51,172 [INFO] Speed Mode: fast
2026-07-16 03:12:51,173 [INFO] Work Dir: /home/runner/work/steam-diploma/steam-diploma/data/snapshots
2026-07-16 03:12:51,173 [INFO] Base Output Dir: .
2026-07-16 03:12:51,173 [INFO] Page 1 | Collected: 0
2026-07-16 03:12:51,734 [INFO] Pacing: sleep 1.3s
2026-07-16 03:12:53,005 [INFO] Page 2 | Collected: 0
2026-07-16 03:12:53,365 [INFO] Pacing: sleep 1.1s
2026-07-16 03:12:54,503 [INFO] Page 3 | Collected: 0
2026-07-16 03:12:55,058 [INFO] Pacing: sleep 0.8s
2026-07-16 03:12:55,907 [INFO] Page 4 | Collected: 0
2026-07-16 03:12:56,266 [INFO] Pacing: sleep 1.1s
2026-07-16 03:12:57,375 [INFO] Page 5 | Collected: 0
2026-07-16 03:12:57,665 [INFO] Pacing: sleep 0.8s
2026-07-16 03:12:58,488 [INFO] Page 6 | Collected: 0
2026-07-16 03:12:58,769 [INFO] Pacing: sleep 1.2s
2026-07-16 03:12:59,950 [INFO] Page 7 | Collected: 0
2026-07-16 03:13:00,294 [INFO] Pacing: sleep 1.4s
2026-07-16 03:13:01,732 [INFO] Page 8 | Collected: 0
2026-07-16 03:13:02,020 [INFO] Pacing: sleep 0.8s
2026-07-16 03:13:02,776 [INFO] Page 9 | Collected: 0
2026-07-16 03:13:03,194 [INFO] Pacing: sleep 1.0s
2026-07-16 03:13:04,242 [INFO] Page 10 | Collected: 0
2026-07-16 03:13:04,616 [INFO] Pacing: sleep 1.3s
2026-07-16 03:13:05,947 [INFO] Page 11 | Collected: 250
2026-07-16 03:13:06,255 [INFO] Pacing: sleep 1.3s
2026-07-16 03:13:07,582 [INFO] Page 12 | Collected: 250
2026-07-16 03:13:07,987 [INFO] Pacing: sleep 1.2s
2026-07-16 03:13:09,237 [INFO] Page 13 | Collected: 250
2026-07-16 03:13:09,816 [INFO] Pacing: sleep 1.1s
2026-07-16 03:13:10,912 [INFO] Page 14 | Collected: 250
2026-07-16 03:13:11,205 [INFO] Pacing: sleep 0.9s
2026-07-16 03:13:12,138 [INFO] Page 15 | Collected: 250
2026-07-16 03:13:12,600 [INFO] Pacing: sleep 1.1s
2026-07-16 03:13:13,716 [INFO] Page 16 | Collected: 250
2026-07-16 03:13:14,040 [INFO] Pacing: sleep 0.9s
2026-07-16 03:13:14,949 [INFO] Page 17 | Collected: 250
2026-07-16 03:13:15,377 [INFO] Pacing: sleep 0.6s
2026-07-16 03:13:15,945 [INFO] Page 18 | Collected: 250
2026-07-16 03:13:16,248 [INFO] Pacing: sleep 1.5s
2026-07-16 03:13:17,729 [INFO] Page 19 | Collected: 250
2026-07-16 03:13:18,020 [INFO] Pacing: sleep 1.3s
2026-07-16 03:13:19,272 [INFO] Page 20 | Collected: 250
2026-07-16 03:13:19,637 [INFO] Pacing: sleep 0.9s
2026-07-16 03:13:20,525 [INFO] Page 21 | Collected: 500
2026-07-16 03:13:20,947 [INFO] Pacing: sleep 0.8s
2026-07-16 03:13:21,790 [INFO] Page 22 | Collected: 500
2026-07-16 03:13:22,147 [INFO] Pacing: sleep 0.6s
2026-07-16 03:13:22,779 [INFO] Page 23 | Collected: 500
2026-07-16 03:13:23,114 [INFO] Pacing: sleep 1.1s
2026-07-16 03:13:24,185 [INFO] Page 24 | Collected: 500
2026-07-16 03:13:24,489 [INFO] Pacing: sleep 0.7s
2026-07-16 03:13:25,180 [INFO] Page 25 | Collected: 500
2026-07-16 03:13:25,588 [INFO] Pacing: sleep 1.5s
2026-07-16 03:13:27,058 [INFO] Page 26 | Collected: 500
2026-07-16 03:13:27,398 [INFO] Pacing: sleep 1.2s
2026-07-16 03:13:28,559 [INFO] Page 27 | Collected: 500
2026-07-16 03:13:28,881 [INFO] Pacing: sleep 1.4s
2026-07-16 03:13:30,250 [INFO] Page 28 | Collected: 500
2026-07-16 03:13:30,654 [INFO] Pacing: sleep 1.4s
2026-07-16 03:13:32,044 [INFO] Page 29 | Collected: 500
2026-07-16 03:13:32,341 [INFO] Pacing: sleep 1.4s
2026-07-16 03:13:33,760 [INFO] Page 30 | Collected: 500
2026-07-16 03:13:34,127 [INFO] Pacing: sleep 0.6s
2026-07-16 03:13:34,708 [INFO] Page 31 | Collected: 750
2026-07-16 03:13:34,928 [WARNING] Block detected on page 31: HTTP 429
2026-07-16 03:13:34,929 [INFO] Saved raw HTML for debugging: blocked_0031.html
2026-07-16 03:13:34,929 [WARNING] Initiating ADAPTIVE THROTTLING. Sleeping 180s, switching to SAFE mode.
2026-07-16 03:16:34,929 [INFO] Pacing: sleep 37.7s | Short Cooldown: 33.3s
2026-07-16 03:17:12,653 [INFO] Page 31 | Collected: 750
2026-07-16 03:17:12,936 [INFO] Pacing: sleep 5.1s
2026-07-16 03:17:18,013 [INFO] Page 32 | Collected: 750
2026-07-16 03:17:18,357 [INFO] Pacing: sleep 7.8s
2026-07-16 03:17:26,130 [INFO] Page 33 | Collected: 750
2026-07-16 03:17:26,529 [INFO] Pacing: sleep 4.2s
2026-07-16 03:17:30,702 [INFO] Page 34 | Collected: 750
2026-07-16 03:17:30,979 [INFO] Pacing: sleep 7.4s
2026-07-16 03:17:38,429 [INFO] Page 35 | Collected: 750
2026-07-16 03:17:38,973 [INFO] Pacing: sleep 6.9s
2026-07-16 03:17:45,851 [INFO] Page 36 | Collected: 750
2026-07-16 03:17:46,214 [INFO] Pacing: sleep 6.3s
2026-07-16 03:17:52,557 [INFO] Page 37 | Collected: 750
2026-07-16 03:17:52,820 [INFO] Pacing: sleep 6.9s
2026-07-16 03:17:59,762 [INFO] Page 38 | Collected: 750
2026-07-16 03:18:00,169 [INFO] Pacing: sleep 6.8s
2026-07-16 03:18:06,962 [INFO] Page 39 | Collected: 750
2026-07-16 03:18:07,283 [INFO] Pacing: sleep 4.3s
2026-07-16 03:18:11,578 [INFO] Page 40 | Collected: 750
2026-07-16 03:18:12,001 [INFO] Pacing: sleep 161.4s | Long Cooldown: 157.1s
2026-07-16 03:20:53,419 [INFO] Page 41 | Collected: 1000
2026-07-16 03:20:53,744 [INFO] Pacing: sleep 6.8s
2026-07-16 03:21:00,536 [INFO] Page 42 | Collected: 1000
2026-07-16 03:21:00,858 [INFO] Pacing: sleep 4.9s
2026-07-16 03:21:05,717 [INFO] Page 43 | Collected: 1000
2026-07-16 03:21:06,113 [INFO] Pacing: sleep 7.4s
2026-07-16 03:21:13,480 [INFO] Page 44 | Collected: 1000
2026-07-16 03:21:13,916 [INFO] Pacing: sleep 6.7s
2026-07-16 03:21:20,607 [INFO] Page 45 | Collected: 1000
2026-07-16 03:21:20,944 [INFO] Pacing: sleep 6.7s
2026-07-16 03:21:27,601 [INFO] Page 46 | Collected: 1000
2026-07-16 03:21:27,962 [INFO] Pacing: sleep 5.8s
2026-07-16 03:21:33,751 [INFO] Page 47 | Collected: 1000
2026-07-16 03:21:34,291 [INFO] Pacing: sleep 5.1s
2026-07-16 03:21:39,395 [INFO] Page 48 | Collected: 1000
2026-07-16 03:21:39,788 [INFO] Pacing: sleep 6.0s
2026-07-16 03:21:45,775 [INFO] Page 49 | Collected: 1000
2026-07-16 03:21:46,199 [INFO] Pacing: sleep 5.8s
2026-07-16 03:21:51,996 [INFO] Page 50 | Collected: 1000
2026-07-16 03:21:52,427 [INFO] Pacing: sleep 64.8s | Short Cooldown: 59.1s
2026-07-16 03:22:57,218 [INFO] Page 51 | Collected: 1250
2026-07-16 03:22:57,397 [WARNING] Block detected on page 51: Suspicious term found: 'captcha'
2026-07-16 03:22:57,397 [INFO] Saved raw HTML for debugging: blocked_0051.html
2026-07-16 03:22:57,398 [ERROR] Blocked again even after safe mode. Stopping gracefully.
2026-07-16 03:22:57,398 [INFO] Crawl stopped. Reason: adaptive_throttle_failed_page_51. Finalizing...
2026-07-16 03:22:57,398 [INFO] Merging intermediate pages from work_dir: /home/runner/work/steam-diploma/steam-diploma/data/snapshots/data/snapshots/_in_progress/233539df-ff01-42bd-aaa6-01e004632174
