2026-06-05 04:17:07,635 [INFO] Steam Snapshot Collector Started.
2026-06-05 04:17:07,635 [INFO] Speed Mode: fast
2026-06-05 04:17:07,635 [INFO] Work Dir: /home/runner/work/steam-diploma/steam-diploma/data/snapshots
2026-06-05 04:17:07,635 [INFO] Base Output Dir: .
2026-06-05 04:17:07,635 [INFO] Page 1 | Collected: 0
2026-06-05 04:17:07,989 [INFO] Pacing: sleep 0.5s
2026-06-05 04:17:08,515 [INFO] Page 2 | Collected: 0
2026-06-05 04:17:08,805 [INFO] Pacing: sleep 1.3s
2026-06-05 04:17:10,103 [INFO] Page 3 | Collected: 0
2026-06-05 04:17:10,385 [INFO] Pacing: sleep 1.4s
2026-06-05 04:17:11,829 [INFO] Page 4 | Collected: 0
2026-06-05 04:17:12,178 [WARNING] Page 4 had 1 duplicate appids seen previously.
2026-06-05 04:17:12,178 [INFO] Pacing: sleep 0.6s
2026-06-05 04:17:12,731 [INFO] Page 5 | Collected: 0
2026-06-05 04:17:13,012 [INFO] Pacing: sleep 0.8s
2026-06-05 04:17:13,847 [INFO] Page 6 | Collected: 0
2026-06-05 04:17:14,116 [INFO] Pacing: sleep 0.7s
2026-06-05 04:17:14,838 [INFO] Page 7 | Collected: 0
2026-06-05 04:17:15,186 [INFO] Pacing: sleep 1.2s
2026-06-05 04:17:16,352 [INFO] Page 8 | Collected: 0
2026-06-05 04:17:16,627 [INFO] Pacing: sleep 1.5s
2026-06-05 04:17:18,093 [INFO] Page 9 | Collected: 0
2026-06-05 04:17:18,442 [INFO] Pacing: sleep 1.4s
2026-06-05 04:17:19,815 [INFO] Page 10 | Collected: 0
2026-06-05 04:17:20,096 [INFO] Pacing: sleep 0.9s
2026-06-05 04:17:21,028 [INFO] Page 11 | Collected: 250
2026-06-05 04:17:21,298 [INFO] Pacing: sleep 0.5s
2026-06-05 04:17:21,809 [INFO] Page 12 | Collected: 250
2026-06-05 04:17:22,153 [INFO] Pacing: sleep 0.5s
2026-06-05 04:17:22,668 [INFO] Page 13 | Collected: 250
2026-06-05 04:17:22,949 [INFO] Pacing: sleep 0.6s
2026-06-05 04:17:23,502 [INFO] Page 14 | Collected: 250
2026-06-05 04:17:23,789 [INFO] Pacing: sleep 1.3s
2026-06-05 04:17:25,057 [INFO] Page 15 | Collected: 250
2026-06-05 04:17:25,429 [INFO] Pacing: sleep 0.9s
2026-06-05 04:17:26,374 [INFO] Page 16 | Collected: 250
2026-06-05 04:17:26,625 [INFO] Pacing: sleep 1.0s
2026-06-05 04:17:27,659 [INFO] Page 17 | Collected: 250
2026-06-05 04:17:27,982 [INFO] Pacing: sleep 1.4s
2026-06-05 04:17:29,370 [INFO] Page 18 | Collected: 250
2026-06-05 04:17:29,668 [INFO] Pacing: sleep 0.8s
2026-06-05 04:17:30,434 [INFO] Page 19 | Collected: 250
2026-06-05 04:17:30,701 [INFO] Pacing: sleep 1.3s
2026-06-05 04:17:31,977 [INFO] Page 20 | Collected: 250
2026-06-05 04:17:32,358 [INFO] Pacing: sleep 0.8s
2026-06-05 04:17:33,187 [INFO] Page 21 | Collected: 500
2026-06-05 04:17:33,481 [INFO] Pacing: sleep 1.2s
2026-06-05 04:17:34,682 [INFO] Page 22 | Collected: 500
2026-06-05 04:17:35,080 [INFO] Pacing: sleep 1.3s
2026-06-05 04:17:36,389 [INFO] Page 23 | Collected: 500
2026-06-05 04:17:36,668 [INFO] Pacing: sleep 1.4s
2026-06-05 04:17:38,032 [INFO] Page 24 | Collected: 500
2026-06-05 04:17:38,306 [INFO] Pacing: sleep 1.3s
2026-06-05 04:17:39,582 [INFO] Page 25 | Collected: 500
2026-06-05 04:17:39,931 [INFO] Pacing: sleep 0.5s
2026-06-05 04:17:40,452 [INFO] Page 26 | Collected: 500
2026-06-05 04:17:40,746 [INFO] Pacing: sleep 1.4s
2026-06-05 04:17:42,138 [INFO] Page 27 | Collected: 500
2026-06-05 04:17:42,509 [INFO] Pacing: sleep 1.1s
2026-06-05 04:17:43,575 [INFO] Page 28 | Collected: 500
2026-06-05 04:17:43,845 [INFO] Pacing: sleep 1.2s
2026-06-05 04:17:45,059 [INFO] Page 29 | Collected: 500
2026-06-05 04:17:45,325 [INFO] Pacing: sleep 0.5s
2026-06-05 04:17:45,851 [INFO] Page 30 | Collected: 500
2026-06-05 04:17:46,268 [INFO] Pacing: sleep 1.4s
2026-06-05 04:17:47,663 [INFO] Page 31 | Collected: 750
2026-06-05 04:17:47,745 [WARNING] Block detected on page 31: HTTP 429
2026-06-05 04:17:47,745 [INFO] Saved raw HTML for debugging: blocked_0031.html
2026-06-05 04:17:47,745 [WARNING] Initiating ADAPTIVE THROTTLING. Sleeping 180s, switching to SAFE mode.
2026-06-05 04:20:47,746 [INFO] Pacing: sleep 60.0s | Short Cooldown: 54.7s
2026-06-05 04:21:47,722 [INFO] Page 31 | Collected: 750
2026-06-05 04:21:48,031 [INFO] Pacing: sleep 7.7s
2026-06-05 04:21:55,779 [INFO] Page 32 | Collected: 750
2026-06-05 04:21:56,048 [INFO] Pacing: sleep 5.5s
2026-06-05 04:22:01,596 [INFO] Page 33 | Collected: 750
2026-06-05 04:22:01,919 [INFO] Pacing: sleep 7.7s
2026-06-05 04:22:09,633 [INFO] Page 34 | Collected: 750
2026-06-05 04:22:09,904 [INFO] Pacing: sleep 6.5s
2026-06-05 04:22:16,409 [INFO] Page 35 | Collected: 750
2026-06-05 04:22:16,759 [INFO] Pacing: sleep 5.9s
2026-06-05 04:22:22,687 [INFO] Page 36 | Collected: 750
2026-06-05 04:22:22,950 [INFO] Pacing: sleep 5.4s
2026-06-05 04:22:28,362 [INFO] Page 37 | Collected: 750
2026-06-05 04:22:28,656 [INFO] Pacing: sleep 4.1s
2026-06-05 04:22:32,752 [INFO] Page 38 | Collected: 750
2026-06-05 04:22:33,105 [INFO] Pacing: sleep 6.8s
2026-06-05 04:22:39,870 [INFO] Page 39 | Collected: 750
2026-06-05 04:22:40,131 [INFO] Pacing: sleep 5.5s
2026-06-05 04:22:45,634 [INFO] Page 40 | Collected: 750
2026-06-05 04:22:45,964 [INFO] Pacing: sleep 193.8s | Long Cooldown: 186.3s
2026-06-05 04:25:59,792 [INFO] Page 41 | Collected: 1000
2026-06-05 04:26:00,060 [INFO] Pacing: sleep 6.0s
2026-06-05 04:26:06,079 [INFO] Page 42 | Collected: 1000
2026-06-05 04:26:06,370 [INFO] Pacing: sleep 5.9s
2026-06-05 04:26:12,236 [INFO] Page 43 | Collected: 1000
2026-06-05 04:26:12,622 [INFO] Pacing: sleep 5.4s
2026-06-05 04:26:18,041 [INFO] Page 44 | Collected: 1000
2026-06-05 04:26:18,298 [INFO] Pacing: sleep 6.3s
2026-06-05 04:26:24,581 [INFO] Page 45 | Collected: 1000
2026-06-05 04:26:24,907 [INFO] Pacing: sleep 5.1s
2026-06-05 04:26:29,969 [INFO] Page 46 | Collected: 1000
2026-06-05 04:26:30,251 [INFO] Pacing: sleep 4.1s
2026-06-05 04:26:34,305 [INFO] Page 47 | Collected: 1000
2026-06-05 04:26:34,597 [INFO] Pacing: sleep 4.8s
2026-06-05 04:26:39,426 [INFO] Page 48 | Collected: 1000
2026-06-05 04:26:39,793 [INFO] Pacing: sleep 7.4s
2026-06-05 04:26:47,186 [INFO] Page 49 | Collected: 1000
2026-06-05 04:26:47,521 [INFO] Pacing: sleep 7.5s
2026-06-05 04:26:55,044 [INFO] Page 50 | Collected: 1000
2026-06-05 04:26:55,328 [INFO] Pacing: sleep 47.5s | Short Cooldown: 42.0s
2026-06-05 04:27:42,850 [INFO] Page 51 | Collected: 1250
2026-06-05 04:27:43,265 [INFO] Pacing: sleep 4.9s
2026-06-05 04:27:48,174 [INFO] Page 52 | Collected: 1250
2026-06-05 04:27:48,435 [INFO] Pacing: sleep 4.5s
2026-06-05 04:27:52,938 [INFO] Page 53 | Collected: 1250
2026-06-05 04:27:53,294 [INFO] Pacing: sleep 7.2s
2026-06-05 04:28:00,507 [INFO] Page 54 | Collected: 1250
2026-06-05 04:28:00,802 [INFO] Pacing: sleep 6.2s
2026-06-05 04:28:07,028 [INFO] Page 55 | Collected: 1250
2026-06-05 04:28:07,356 [INFO] Pacing: sleep 7.5s
2026-06-05 04:28:14,893 [INFO] Page 56 | Collected: 1250
2026-06-05 04:28:15,219 [INFO] Pacing: sleep 6.4s
2026-06-05 04:28:21,653 [INFO] Page 57 | Collected: 1250
2026-06-05 04:28:21,917 [INFO] Pacing: sleep 6.2s
2026-06-05 04:28:28,076 [INFO] Page 58 | Collected: 1250
2026-06-05 04:28:28,411 [INFO] Pacing: sleep 5.6s
2026-06-05 04:28:33,961 [INFO] Page 59 | Collected: 1250
2026-06-05 04:28:34,238 [WARNING] Page 59 had 2 duplicate appids seen previously.
2026-06-05 04:28:34,238 [INFO] Pacing: sleep 4.6s
2026-06-05 04:28:38,830 [INFO] Page 60 | Collected: 1250
2026-06-05 04:28:39,092 [INFO] Pacing: sleep 42.8s | Short Cooldown: 37.0s
2026-06-05 04:29:21,877 [INFO] Page 61 | Collected: 1500
2026-06-05 04:29:22,046 [WARNING] Block detected on page 61: Suspicious term found: 'captcha'
2026-06-05 04:29:22,047 [INFO] Saved raw HTML for debugging: blocked_0061.html
2026-06-05 04:29:22,047 [ERROR] Blocked again even after safe mode. Stopping gracefully.
2026-06-05 04:29:22,047 [INFO] Crawl stopped. Reason: adaptive_throttle_failed_page_61. Finalizing...
2026-06-05 04:29:22,047 [INFO] Merging intermediate pages from work_dir: /home/runner/work/steam-diploma/steam-diploma/data/snapshots/data/snapshots/_in_progress/cc8f41d8-23c9-48a4-8371-ec379210cf65
2026-06-05 04:29:22,061 [WARNING] Found 3 duplicate appids across the snapshot.
