2026-07-15 13:52:57,986 [INFO] Steam Snapshot Collector Started.
2026-07-15 13:52:57,986 [INFO] Speed Mode: fast
2026-07-15 13:52:57,986 [INFO] Work Dir: /home/runner/work/steam-diploma/steam-diploma/data/snapshots
2026-07-15 13:52:57,987 [INFO] Base Output Dir: .
2026-07-15 13:52:57,987 [INFO] Page 1 | Collected: 0
2026-07-15 13:52:58,466 [INFO] Pacing: sleep 1.3s
2026-07-15 13:52:59,749 [INFO] Page 2 | Collected: 0
2026-07-15 13:53:00,105 [INFO] Pacing: sleep 1.3s
2026-07-15 13:53:01,445 [INFO] Page 3 | Collected: 0
2026-07-15 13:53:01,829 [INFO] Pacing: sleep 1.1s
2026-07-15 13:53:02,934 [INFO] Page 4 | Collected: 0
2026-07-15 13:53:03,429 [INFO] Pacing: sleep 0.5s
2026-07-15 13:53:03,960 [INFO] Page 5 | Collected: 0
2026-07-15 13:53:04,407 [INFO] Pacing: sleep 1.1s
2026-07-15 13:53:05,523 [INFO] Page 6 | Collected: 0
2026-07-15 13:53:05,953 [INFO] Pacing: sleep 1.1s
2026-07-15 13:53:07,057 [INFO] Page 7 | Collected: 0
2026-07-15 13:53:07,555 [INFO] Pacing: sleep 0.6s
2026-07-15 13:53:08,160 [INFO] Page 8 | Collected: 0
2026-07-15 13:53:08,471 [INFO] Pacing: sleep 1.5s
2026-07-15 13:53:09,962 [INFO] Page 9 | Collected: 0
2026-07-15 13:53:10,479 [INFO] Pacing: sleep 0.7s
2026-07-15 13:53:11,152 [INFO] Page 10 | Collected: 0
2026-07-15 13:53:11,587 [INFO] Pacing: sleep 0.8s
2026-07-15 13:53:12,379 [INFO] Page 11 | Collected: 250
2026-07-15 13:53:12,690 [INFO] Pacing: sleep 0.6s
2026-07-15 13:53:13,254 [INFO] Page 12 | Collected: 250
2026-07-15 13:53:13,667 [INFO] Pacing: sleep 0.6s
2026-07-15 13:53:14,231 [INFO] Page 13 | Collected: 250
2026-07-15 13:53:14,558 [INFO] Pacing: sleep 1.0s
2026-07-15 13:53:15,576 [INFO] Page 14 | Collected: 250
2026-07-15 13:53:15,882 [INFO] Pacing: sleep 1.0s
2026-07-15 13:53:16,890 [INFO] Page 15 | Collected: 250
2026-07-15 13:53:17,279 [INFO] Pacing: sleep 0.6s
2026-07-15 13:53:17,854 [INFO] Page 16 | Collected: 250
2026-07-15 13:53:18,196 [INFO] Pacing: sleep 0.9s
2026-07-15 13:53:19,088 [INFO] Page 17 | Collected: 250
2026-07-15 13:53:19,519 [INFO] Pacing: sleep 1.0s
2026-07-15 13:53:20,507 [INFO] Page 18 | Collected: 250
2026-07-15 13:53:20,870 [INFO] Pacing: sleep 1.0s
2026-07-15 13:53:21,864 [INFO] Page 19 | Collected: 250
2026-07-15 13:53:22,222 [INFO] Pacing: sleep 0.9s
2026-07-15 13:53:23,082 [INFO] Page 20 | Collected: 250
2026-07-15 13:53:23,515 [INFO] Pacing: sleep 0.8s
2026-07-15 13:53:24,289 [INFO] Page 21 | Collected: 500
2026-07-15 13:53:24,593 [INFO] Pacing: sleep 0.9s
2026-07-15 13:53:25,536 [INFO] Page 22 | Collected: 500
2026-07-15 13:53:26,008 [INFO] Pacing: sleep 1.4s
2026-07-15 13:53:27,438 [INFO] Page 23 | Collected: 500
2026-07-15 13:53:27,801 [INFO] Pacing: sleep 0.6s
2026-07-15 13:53:28,409 [INFO] Page 24 | Collected: 500
2026-07-15 13:53:28,727 [INFO] Pacing: sleep 1.3s
2026-07-15 13:53:30,069 [INFO] Page 25 | Collected: 500
2026-07-15 13:53:30,534 [INFO] Pacing: sleep 0.9s
2026-07-15 13:53:31,481 [INFO] Page 26 | Collected: 500
2026-07-15 13:53:31,844 [INFO] Pacing: sleep 0.8s
2026-07-15 13:53:32,604 [INFO] Page 27 | Collected: 500
2026-07-15 13:53:32,991 [INFO] Pacing: sleep 0.7s
2026-07-15 13:53:33,703 [INFO] Page 28 | Collected: 500
2026-07-15 13:53:34,107 [INFO] Pacing: sleep 1.3s
2026-07-15 13:53:35,446 [INFO] Page 29 | Collected: 500
2026-07-15 13:53:35,902 [INFO] Pacing: sleep 1.3s
2026-07-15 13:53:37,250 [INFO] Page 30 | Collected: 500
2026-07-15 13:53:37,647 [INFO] Pacing: sleep 0.9s
2026-07-15 13:53:38,573 [INFO] Page 31 | Collected: 750
2026-07-15 13:53:38,679 [WARNING] Block detected on page 31: HTTP 429
2026-07-15 13:53:38,679 [INFO] Saved raw HTML for debugging: blocked_0031.html
2026-07-15 13:53:38,680 [WARNING] Initiating ADAPTIVE THROTTLING. Sleeping 180s, switching to SAFE mode.
2026-07-15 13:56:38,680 [INFO] Pacing: sleep 54.4s | Short Cooldown: 47.1s
2026-07-15 13:57:33,041 [INFO] Page 31 | Collected: 750
2026-07-15 13:57:33,441 [INFO] Pacing: sleep 4.7s
2026-07-15 13:57:38,188 [INFO] Page 32 | Collected: 750
2026-07-15 13:57:38,543 [INFO] Pacing: sleep 4.4s
2026-07-15 13:57:42,929 [INFO] Page 33 | Collected: 750
2026-07-15 13:57:43,360 [INFO] Pacing: sleep 6.6s
2026-07-15 13:57:49,957 [INFO] Page 34 | Collected: 750
2026-07-15 13:57:50,366 [INFO] Pacing: sleep 4.8s
2026-07-15 13:57:55,169 [INFO] Page 35 | Collected: 750
2026-07-15 13:57:55,590 [INFO] Pacing: sleep 6.3s
2026-07-15 13:58:01,880 [INFO] Page 36 | Collected: 750
2026-07-15 13:58:02,192 [INFO] Pacing: sleep 4.7s
2026-07-15 13:58:06,885 [INFO] Page 37 | Collected: 750
2026-07-15 13:58:07,224 [INFO] Pacing: sleep 8.0s
2026-07-15 13:58:15,206 [INFO] Page 38 | Collected: 750
2026-07-15 13:58:15,637 [INFO] Pacing: sleep 7.1s
2026-07-15 13:58:22,784 [INFO] Page 39 | Collected: 750
2026-07-15 13:58:23,132 [INFO] Pacing: sleep 5.1s
2026-07-15 13:58:28,210 [INFO] Page 40 | Collected: 750
2026-07-15 13:58:28,601 [INFO] Pacing: sleep 238.1s | Long Cooldown: 230.4s
2026-07-15 14:02:26,742 [INFO] Page 41 | Collected: 1000
2026-07-15 14:02:27,102 [INFO] Pacing: sleep 6.0s
2026-07-15 14:02:33,148 [INFO] Page 42 | Collected: 1000
2026-07-15 14:02:33,525 [INFO] Pacing: sleep 7.4s
2026-07-15 14:02:40,941 [INFO] Page 43 | Collected: 1000
2026-07-15 14:02:41,399 [INFO] Pacing: sleep 7.7s
2026-07-15 14:02:49,070 [INFO] Page 44 | Collected: 1000
2026-07-15 14:02:49,374 [INFO] Pacing: sleep 5.8s
2026-07-15 14:02:55,172 [INFO] Page 45 | Collected: 1000
2026-07-15 14:02:55,494 [INFO] Pacing: sleep 4.5s
2026-07-15 14:03:00,018 [INFO] Page 46 | Collected: 1000
2026-07-15 14:03:00,393 [INFO] Pacing: sleep 4.6s
2026-07-15 14:03:04,953 [INFO] Page 47 | Collected: 1000
2026-07-15 14:03:05,321 [INFO] Pacing: sleep 4.1s
2026-07-15 14:03:09,449 [INFO] Page 48 | Collected: 1000
2026-07-15 14:03:09,849 [INFO] Pacing: sleep 6.6s
2026-07-15 14:03:16,480 [INFO] Page 49 | Collected: 1000
2026-07-15 14:03:16,870 [INFO] Pacing: sleep 4.3s
2026-07-15 14:03:21,186 [INFO] Page 50 | Collected: 1000
2026-07-15 14:03:21,493 [INFO] Pacing: sleep 62.7s | Short Cooldown: 57.1s
2026-07-15 14:04:24,204 [INFO] Page 51 | Collected: 1250
2026-07-15 14:04:24,419 [WARNING] Block detected on page 51: Suspicious term found: 'captcha'
2026-07-15 14:04:24,420 [INFO] Saved raw HTML for debugging: blocked_0051.html
2026-07-15 14:04:24,420 [ERROR] Blocked again even after safe mode. Stopping gracefully.
2026-07-15 14:04:24,420 [INFO] Crawl stopped. Reason: adaptive_throttle_failed_page_51. Finalizing...
2026-07-15 14:04:24,420 [INFO] Merging intermediate pages from work_dir: /home/runner/work/steam-diploma/steam-diploma/data/snapshots/data/snapshots/_in_progress/1fc66ffc-8ebf-4f86-8b20-68079cb28530
