2026-07-23 03:23:44,935 [INFO] Steam Snapshot Collector Started.
2026-07-23 03:23:44,935 [INFO] Speed Mode: fast
2026-07-23 03:23:44,935 [INFO] Work Dir: /home/runner/work/steam-diploma/steam-diploma/data/snapshots
2026-07-23 03:23:44,935 [INFO] Base Output Dir: .
2026-07-23 03:23:44,936 [INFO] Page 1 | Collected: 0
2026-07-23 03:23:45,334 [INFO] Pacing: sleep 0.7s
2026-07-23 03:23:46,031 [INFO] Page 2 | Collected: 0
2026-07-23 03:23:46,303 [INFO] Pacing: sleep 1.3s
2026-07-23 03:23:47,567 [INFO] Page 3 | Collected: 0
2026-07-23 03:23:47,831 [INFO] Pacing: sleep 1.3s
2026-07-23 03:23:49,162 [INFO] Page 4 | Collected: 0
2026-07-23 03:23:49,451 [INFO] Pacing: sleep 0.6s
2026-07-23 03:23:50,036 [INFO] Page 5 | Collected: 0
2026-07-23 03:23:50,275 [INFO] Pacing: sleep 0.9s
2026-07-23 03:23:51,217 [INFO] Page 6 | Collected: 0
2026-07-23 03:23:51,501 [INFO] Pacing: sleep 0.7s
2026-07-23 03:23:52,226 [INFO] Page 7 | Collected: 0
2026-07-23 03:23:52,529 [INFO] Pacing: sleep 1.2s
2026-07-23 03:23:53,689 [INFO] Page 8 | Collected: 0
2026-07-23 03:23:53,939 [INFO] Pacing: sleep 0.6s
2026-07-23 03:23:54,553 [INFO] Page 9 | Collected: 0
2026-07-23 03:23:54,814 [INFO] Pacing: sleep 0.9s
2026-07-23 03:23:55,747 [INFO] Page 10 | Collected: 0
2026-07-23 03:23:56,064 [INFO] Pacing: sleep 0.7s
2026-07-23 03:23:56,773 [INFO] Page 11 | Collected: 250
2026-07-23 03:23:57,008 [INFO] Pacing: sleep 1.3s
2026-07-23 03:23:58,322 [INFO] Page 12 | Collected: 250
2026-07-23 03:23:58,603 [INFO] Pacing: sleep 1.3s
2026-07-23 03:23:59,872 [INFO] Page 13 | Collected: 250
2026-07-23 03:24:00,230 [INFO] Pacing: sleep 0.7s
2026-07-23 03:24:00,890 [INFO] Page 14 | Collected: 250
2026-07-23 03:24:01,181 [INFO] Pacing: sleep 1.0s
2026-07-23 03:24:02,206 [INFO] Page 15 | Collected: 250
2026-07-23 03:24:02,716 [INFO] Pacing: sleep 1.1s
2026-07-23 03:24:03,815 [INFO] Page 16 | Collected: 250
2026-07-23 03:24:04,058 [INFO] Pacing: sleep 0.8s
2026-07-23 03:24:04,836 [INFO] Page 17 | Collected: 250
2026-07-23 03:24:05,169 [INFO] Pacing: sleep 1.3s
2026-07-23 03:24:06,437 [INFO] Page 18 | Collected: 250
2026-07-23 03:24:06,674 [INFO] Pacing: sleep 0.9s
2026-07-23 03:24:07,559 [INFO] Page 19 | Collected: 250
2026-07-23 03:24:07,815 [INFO] Pacing: sleep 1.3s
2026-07-23 03:24:09,137 [INFO] Page 20 | Collected: 250
2026-07-23 03:24:09,469 [INFO] Pacing: sleep 0.9s
2026-07-23 03:24:10,368 [INFO] Page 21 | Collected: 500
2026-07-23 03:24:10,608 [INFO] Pacing: sleep 0.7s
2026-07-23 03:24:11,302 [INFO] Page 22 | Collected: 500
2026-07-23 03:24:11,643 [INFO] Pacing: sleep 1.0s
2026-07-23 03:24:12,629 [INFO] Page 23 | Collected: 500
2026-07-23 03:24:12,892 [INFO] Pacing: sleep 1.2s
2026-07-23 03:24:14,079 [INFO] Page 24 | Collected: 500
2026-07-23 03:24:14,361 [INFO] Pacing: sleep 0.8s
2026-07-23 03:24:15,206 [INFO] Page 25 | Collected: 500
2026-07-23 03:24:15,554 [INFO] Pacing: sleep 1.4s
2026-07-23 03:24:16,915 [INFO] Page 26 | Collected: 500
2026-07-23 03:24:17,142 [INFO] Pacing: sleep 1.0s
2026-07-23 03:24:18,142 [INFO] Page 27 | Collected: 500
2026-07-23 03:24:18,423 [INFO] Pacing: sleep 0.7s
2026-07-23 03:24:19,169 [INFO] Page 28 | Collected: 500
2026-07-23 03:24:19,493 [INFO] Pacing: sleep 0.8s
2026-07-23 03:24:20,283 [INFO] Page 29 | Collected: 500
2026-07-23 03:24:20,528 [INFO] Pacing: sleep 0.5s
2026-07-23 03:24:21,049 [INFO] Page 30 | Collected: 500
2026-07-23 03:24:21,363 [INFO] Pacing: sleep 0.9s
2026-07-23 03:24:22,252 [INFO] Page 31 | Collected: 750
2026-07-23 03:24:22,332 [WARNING] Block detected on page 31: HTTP 429
2026-07-23 03:24:22,332 [INFO] Saved raw HTML for debugging: blocked_0031.html
2026-07-23 03:24:22,332 [WARNING] Initiating ADAPTIVE THROTTLING. Sleeping 180s, switching to SAFE mode.
2026-07-23 03:27:22,332 [INFO] Pacing: sleep 46.1s | Short Cooldown: 39.4s
2026-07-23 03:28:08,429 [INFO] Page 31 | Collected: 750
2026-07-23 03:28:08,664 [INFO] Pacing: sleep 5.0s
2026-07-23 03:28:13,699 [INFO] Page 32 | Collected: 750
2026-07-23 03:28:13,948 [INFO] Pacing: sleep 5.2s
2026-07-23 03:28:19,112 [INFO] Page 33 | Collected: 750
2026-07-23 03:28:19,418 [INFO] Pacing: sleep 5.6s
2026-07-23 03:28:25,019 [INFO] Page 34 | Collected: 750
2026-07-23 03:28:25,318 [INFO] Pacing: sleep 4.8s
2026-07-23 03:28:30,121 [INFO] Page 35 | Collected: 750
2026-07-23 03:28:30,468 [INFO] Pacing: sleep 4.1s
2026-07-23 03:28:34,562 [INFO] Page 36 | Collected: 750
2026-07-23 03:28:34,859 [INFO] Pacing: sleep 5.8s
2026-07-23 03:28:40,690 [INFO] Page 37 | Collected: 750
2026-07-23 03:28:41,005 [INFO] Pacing: sleep 5.2s
2026-07-23 03:28:46,190 [INFO] Page 38 | Collected: 750
2026-07-23 03:28:46,505 [INFO] Pacing: sleep 8.0s
2026-07-23 03:28:54,477 [INFO] Page 39 | Collected: 750
2026-07-23 03:28:54,745 [INFO] Pacing: sleep 5.8s
2026-07-23 03:29:00,525 [INFO] Page 40 | Collected: 750
2026-07-23 03:29:00,851 [INFO] Pacing: sleep 173.4s | Long Cooldown: 167.1s
2026-07-23 03:31:54,207 [INFO] Page 41 | Collected: 1000
2026-07-23 03:31:54,435 [INFO] Pacing: sleep 6.6s
2026-07-23 03:32:01,052 [INFO] Page 42 | Collected: 1000
2026-07-23 03:32:01,310 [INFO] Pacing: sleep 5.1s
2026-07-23 03:32:06,395 [INFO] Page 43 | Collected: 1000
2026-07-23 03:32:07,008 [INFO] Pacing: sleep 7.7s
2026-07-23 03:32:14,687 [INFO] Page 44 | Collected: 1000
2026-07-23 03:32:14,952 [INFO] Pacing: sleep 5.6s
2026-07-23 03:32:20,532 [INFO] Page 45 | Collected: 1000
2026-07-23 03:32:20,774 [INFO] Pacing: sleep 5.0s
2026-07-23 03:32:25,756 [INFO] Page 46 | Collected: 1000
2026-07-23 03:32:26,087 [INFO] Pacing: sleep 6.9s
2026-07-23 03:32:32,960 [INFO] Page 47 | Collected: 1000
2026-07-23 03:32:33,213 [INFO] Pacing: sleep 5.3s
2026-07-23 03:32:38,521 [INFO] Page 48 | Collected: 1000
2026-07-23 03:32:38,794 [INFO] Pacing: sleep 6.5s
2026-07-23 03:32:45,292 [INFO] Page 49 | Collected: 1000
2026-07-23 03:32:45,465 [WARNING] Block detected on page 49: Suspicious term found: 'captcha'
2026-07-23 03:32:45,465 [INFO] Saved raw HTML for debugging: blocked_0049.html
2026-07-23 03:32:45,465 [ERROR] Blocked again even after safe mode. Stopping gracefully.
2026-07-23 03:32:45,467 [INFO] Crawl stopped. Reason: adaptive_throttle_failed_page_49. Finalizing...
2026-07-23 03:32:45,467 [INFO] Merging intermediate pages from work_dir: /home/runner/work/steam-diploma/steam-diploma/data/snapshots/data/snapshots/_in_progress/0955554f-2813-422c-905b-8af63348bfa9
