2026-05-27 15:58:48,702 [INFO] Steam Snapshot Collector Started.
2026-05-27 15:58:48,702 [INFO] Speed Mode: fast
2026-05-27 15:58:48,702 [INFO] Work Dir: /home/runner/work/steam-diploma/steam-diploma/data/snapshots
2026-05-27 15:58:48,702 [INFO] Base Output Dir: .
2026-05-27 15:58:48,702 [INFO] Page 1 | Collected: 0
2026-05-27 15:58:49,053 [INFO] Pacing: sleep 1.1s
2026-05-27 15:58:50,158 [INFO] Page 2 | Collected: 0
2026-05-27 15:58:50,486 [INFO] Pacing: sleep 0.6s
2026-05-27 15:58:51,084 [INFO] Page 3 | Collected: 0
2026-05-27 15:58:51,386 [INFO] Pacing: sleep 0.8s
2026-05-27 15:58:52,163 [INFO] Page 4 | Collected: 0
2026-05-27 15:58:52,457 [INFO] Pacing: sleep 0.8s
2026-05-27 15:58:53,294 [INFO] Page 5 | Collected: 0
2026-05-27 15:58:53,526 [INFO] Pacing: sleep 0.9s
2026-05-27 15:58:54,409 [INFO] Page 6 | Collected: 0
2026-05-27 15:58:54,666 [INFO] Pacing: sleep 1.1s
2026-05-27 15:58:55,728 [INFO] Page 7 | Collected: 0
2026-05-27 15:58:56,034 [INFO] Pacing: sleep 0.8s
2026-05-27 15:58:56,806 [INFO] Page 8 | Collected: 0
2026-05-27 15:58:57,036 [INFO] Pacing: sleep 1.0s
2026-05-27 15:58:58,042 [INFO] Page 9 | Collected: 0
2026-05-27 15:58:58,392 [INFO] Pacing: sleep 0.9s
2026-05-27 15:58:59,258 [INFO] Page 10 | Collected: 0
2026-05-27 15:58:59,481 [INFO] Pacing: sleep 1.0s
2026-05-27 15:59:00,452 [INFO] Page 11 | Collected: 250
2026-05-27 15:59:00,696 [INFO] Pacing: sleep 0.9s
2026-05-27 15:59:01,640 [INFO] Page 12 | Collected: 250
2026-05-27 15:59:01,970 [INFO] Pacing: sleep 0.7s
2026-05-27 15:59:02,702 [INFO] Page 13 | Collected: 250
2026-05-27 15:59:02,936 [INFO] Pacing: sleep 0.5s
2026-05-27 15:59:03,441 [INFO] Page 14 | Collected: 250
2026-05-27 15:59:03,667 [INFO] Pacing: sleep 0.5s
2026-05-27 15:59:04,203 [INFO] Page 15 | Collected: 250
2026-05-27 15:59:04,506 [INFO] Pacing: sleep 0.8s
2026-05-27 15:59:05,348 [INFO] Page 16 | Collected: 250
2026-05-27 15:59:05,601 [INFO] Pacing: sleep 0.5s
2026-05-27 15:59:06,137 [INFO] Page 17 | Collected: 250
2026-05-27 15:59:06,431 [INFO] Pacing: sleep 1.2s
2026-05-27 15:59:07,662 [INFO] Page 18 | Collected: 250
2026-05-27 15:59:07,899 [INFO] Pacing: sleep 0.9s
2026-05-27 15:59:08,751 [INFO] Page 19 | Collected: 250
2026-05-27 15:59:09,006 [INFO] Pacing: sleep 0.9s
2026-05-27 15:59:09,866 [INFO] Page 20 | Collected: 250
2026-05-27 15:59:10,197 [INFO] Pacing: sleep 1.4s
2026-05-27 15:59:11,601 [INFO] Page 21 | Collected: 500
2026-05-27 15:59:11,849 [INFO] Pacing: sleep 1.1s
2026-05-27 15:59:12,970 [INFO] Page 22 | Collected: 500
2026-05-27 15:59:13,277 [INFO] Pacing: sleep 0.7s
2026-05-27 15:59:13,969 [INFO] Page 23 | Collected: 500
2026-05-27 15:59:14,211 [INFO] Pacing: sleep 1.1s
2026-05-27 15:59:15,320 [INFO] Page 24 | Collected: 500
2026-05-27 15:59:15,615 [INFO] Pacing: sleep 0.6s
2026-05-27 15:59:16,226 [INFO] Page 25 | Collected: 500
2026-05-27 15:59:16,594 [INFO] Pacing: sleep 1.1s
2026-05-27 15:59:17,713 [INFO] Page 26 | Collected: 500
2026-05-27 15:59:17,982 [INFO] Pacing: sleep 0.6s
2026-05-27 15:59:18,570 [INFO] Page 27 | Collected: 500
2026-05-27 15:59:18,889 [INFO] Pacing: sleep 0.9s
2026-05-27 15:59:19,804 [INFO] Page 28 | Collected: 500
2026-05-27 15:59:20,054 [INFO] Pacing: sleep 1.2s
2026-05-27 15:59:21,280 [INFO] Page 29 | Collected: 500
2026-05-27 15:59:21,539 [INFO] Pacing: sleep 0.6s
2026-05-27 15:59:22,091 [INFO] Page 30 | Collected: 500
2026-05-27 15:59:22,422 [INFO] Pacing: sleep 1.4s
2026-05-27 15:59:23,822 [INFO] Page 31 | Collected: 750
2026-05-27 15:59:23,862 [WARNING] Block detected on page 31: HTTP 429
2026-05-27 15:59:23,862 [INFO] Saved raw HTML for debugging: blocked_0031.html
2026-05-27 15:59:23,862 [WARNING] Initiating ADAPTIVE THROTTLING. Sleeping 180s, switching to SAFE mode.
2026-05-27 16:02:23,862 [INFO] Pacing: sleep 49.9s | Short Cooldown: 45.5s
2026-05-27 16:03:13,780 [INFO] Page 31 | Collected: 750
2026-05-27 16:03:14,037 [INFO] Pacing: sleep 5.1s
2026-05-27 16:03:19,180 [INFO] Page 32 | Collected: 750
2026-05-27 16:03:19,412 [INFO] Pacing: sleep 7.4s
2026-05-27 16:03:26,792 [INFO] Page 33 | Collected: 750
2026-05-27 16:03:27,133 [INFO] Pacing: sleep 7.2s
2026-05-27 16:03:34,352 [INFO] Page 34 | Collected: 750
2026-05-27 16:03:34,595 [INFO] Pacing: sleep 7.3s
2026-05-27 16:03:41,935 [INFO] Page 35 | Collected: 750
2026-05-27 16:03:42,271 [INFO] Pacing: sleep 6.1s
2026-05-27 16:03:48,330 [INFO] Page 36 | Collected: 750
2026-05-27 16:03:48,583 [INFO] Pacing: sleep 6.7s
2026-05-27 16:03:55,315 [INFO] Page 37 | Collected: 750
2026-05-27 16:03:55,642 [INFO] Pacing: sleep 6.6s
2026-05-27 16:04:02,280 [INFO] Page 38 | Collected: 750
2026-05-27 16:04:02,630 [INFO] Pacing: sleep 5.2s
2026-05-27 16:04:07,814 [INFO] Page 39 | Collected: 750
2026-05-27 16:04:08,068 [INFO] Pacing: sleep 5.7s
2026-05-27 16:04:13,786 [INFO] Page 40 | Collected: 750
2026-05-27 16:04:14,103 [INFO] Pacing: sleep 146.4s | Long Cooldown: 139.0s
2026-05-27 16:06:40,510 [INFO] Page 41 | Collected: 1000
2026-05-27 16:06:40,776 [INFO] Pacing: sleep 5.0s
2026-05-27 16:06:45,773 [INFO] Page 42 | Collected: 1000
2026-05-27 16:06:46,020 [INFO] Pacing: sleep 4.4s
2026-05-27 16:06:50,391 [INFO] Page 43 | Collected: 1000
2026-05-27 16:06:50,725 [INFO] Pacing: sleep 6.0s
2026-05-27 16:06:56,746 [INFO] Page 44 | Collected: 1000
2026-05-27 16:06:57,002 [INFO] Pacing: sleep 4.8s
2026-05-27 16:07:01,770 [INFO] Page 45 | Collected: 1000
2026-05-27 16:07:02,094 [INFO] Pacing: sleep 5.3s
2026-05-27 16:07:07,388 [INFO] Page 46 | Collected: 1000
2026-05-27 16:07:07,627 [INFO] Pacing: sleep 5.3s
2026-05-27 16:07:12,960 [INFO] Page 47 | Collected: 1000
2026-05-27 16:07:13,209 [INFO] Pacing: sleep 7.9s
2026-05-27 16:07:21,129 [INFO] Page 48 | Collected: 1000
2026-05-27 16:07:21,486 [INFO] Pacing: sleep 6.1s
2026-05-27 16:07:27,591 [INFO] Page 49 | Collected: 1000
2026-05-27 16:07:27,839 [INFO] Pacing: sleep 4.7s
2026-05-27 16:07:32,587 [INFO] Page 50 | Collected: 1000
2026-05-27 16:07:32,837 [INFO] Pacing: sleep 59.6s | Short Cooldown: 55.1s
2026-05-27 16:08:32,458 [INFO] Page 51 | Collected: 1250
2026-05-27 16:08:32,760 [INFO] Pacing: sleep 4.4s
2026-05-27 16:08:37,193 [INFO] Page 52 | Collected: 1250
2026-05-27 16:08:37,431 [INFO] Pacing: sleep 4.1s
2026-05-27 16:08:41,530 [INFO] Page 53 | Collected: 1250
2026-05-27 16:08:41,813 [INFO] Pacing: sleep 5.7s
2026-05-27 16:08:47,485 [INFO] Page 54 | Collected: 1250
2026-05-27 16:08:47,724 [INFO] Pacing: sleep 4.5s
2026-05-27 16:08:52,216 [INFO] Page 55 | Collected: 1250
2026-05-27 16:08:52,482 [INFO] Pacing: sleep 7.8s
2026-05-27 16:09:00,295 [INFO] Page 56 | Collected: 1250
2026-05-27 16:09:00,635 [INFO] Pacing: sleep 6.7s
2026-05-27 16:09:07,328 [INFO] Page 57 | Collected: 1250
2026-05-27 16:09:07,575 [INFO] Pacing: sleep 4.3s
2026-05-27 16:09:11,914 [INFO] Page 58 | Collected: 1250
2026-05-27 16:09:12,205 [INFO] Pacing: sleep 8.0s
2026-05-27 16:09:20,156 [INFO] Page 59 | Collected: 1250
2026-05-27 16:09:20,399 [INFO] Pacing: sleep 5.6s
2026-05-27 16:09:25,978 [INFO] Page 60 | Collected: 1250
2026-05-27 16:09:26,205 [INFO] Pacing: sleep 49.2s | Short Cooldown: 41.9s
2026-05-27 16:10:15,404 [INFO] Page 61 | Collected: 1500
2026-05-27 16:10:15,741 [INFO] Pacing: sleep 6.8s
2026-05-27 16:10:22,491 [INFO] Page 62 | Collected: 1500
2026-05-27 16:10:22,728 [INFO] Pacing: sleep 7.5s
2026-05-27 16:10:30,249 [INFO] Page 63 | Collected: 1500
2026-05-27 16:10:30,653 [INFO] Pacing: sleep 5.6s
2026-05-27 16:10:36,273 [INFO] Page 64 | Collected: 1500
2026-05-27 16:10:36,512 [INFO] Pacing: sleep 7.1s
2026-05-27 16:10:43,570 [INFO] Page 65 | Collected: 1500
2026-05-27 16:10:43,808 [INFO] Pacing: sleep 6.4s
2026-05-27 16:10:50,187 [INFO] Page 66 | Collected: 1500
2026-05-27 16:10:50,498 [INFO] Pacing: sleep 7.4s
2026-05-27 16:10:57,923 [INFO] Page 67 | Collected: 1500
2026-05-27 16:10:58,187 [INFO] Pacing: sleep 6.1s
2026-05-27 16:11:04,293 [INFO] Page 68 | Collected: 1500
2026-05-27 16:11:04,524 [INFO] Pacing: sleep 8.0s
2026-05-27 16:11:12,477 [INFO] Page 69 | Collected: 1500
2026-05-27 16:11:12,792 [INFO] Pacing: sleep 4.7s
2026-05-27 16:11:17,522 [INFO] Page 70 | Collected: 1500
2026-05-27 16:11:17,761 [INFO] Pacing: sleep 59.7s | Short Cooldown: 54.3s
2026-05-27 16:12:17,496 [INFO] Page 71 | Collected: 1750
2026-05-27 16:12:17,895 [INFO] Pacing: sleep 6.8s
2026-05-27 16:12:24,693 [INFO] Page 72 | Collected: 1750
2026-05-27 16:12:24,937 [INFO] Pacing: sleep 5.3s
2026-05-27 16:12:30,222 [INFO] Page 73 | Collected: 1750
2026-05-27 16:12:30,474 [INFO] Pacing: sleep 6.8s
2026-05-27 16:12:37,290 [INFO] Page 74 | Collected: 1750
2026-05-27 16:12:37,673 [INFO] Pacing: sleep 7.4s
2026-05-27 16:12:45,067 [INFO] Page 75 | Collected: 1750
2026-05-27 16:12:45,371 [INFO] Pacing: sleep 6.2s
2026-05-27 16:12:51,564 [INFO] Page 76 | Collected: 1750
2026-05-27 16:12:51,873 [INFO] Pacing: sleep 7.5s
2026-05-27 16:12:59,328 [INFO] Page 77 | Collected: 1750
2026-05-27 16:12:59,589 [INFO] Pacing: sleep 5.9s
2026-05-27 16:13:05,441 [INFO] Page 78 | Collected: 1750
2026-05-27 16:13:05,689 [INFO] Pacing: sleep 6.8s
2026-05-27 16:13:12,509 [INFO] Page 79 | Collected: 1750
2026-05-27 16:13:12,863 [WARNING] Page 79 had 1 duplicate appids seen previously.
2026-05-27 16:13:12,863 [INFO] Pacing: sleep 6.9s
2026-05-27 16:13:19,780 [INFO] Page 80 | Collected: 1750
2026-05-27 16:13:20,036 [INFO] Pacing: sleep 148.3s | Long Cooldown: 142.3s
2026-05-27 16:15:48,324 [INFO] Page 81 | Collected: 2000
2026-05-27 16:15:48,670 [INFO] Pacing: sleep 7.4s
2026-05-27 16:15:56,069 [INFO] Page 82 | Collected: 2000
2026-05-27 16:15:56,326 [INFO] Pacing: sleep 4.9s
2026-05-27 16:16:01,226 [INFO] Page 83 | Collected: 2000
2026-05-27 16:16:01,463 [INFO] Pacing: sleep 7.0s
2026-05-27 16:16:08,416 [INFO] Page 84 | Collected: 2000
2026-05-27 16:16:08,801 [INFO] Pacing: sleep 4.2s
2026-05-27 16:16:12,979 [INFO] Page 85 | Collected: 2000
2026-05-27 16:16:13,252 [INFO] Pacing: sleep 6.5s
2026-05-27 16:16:19,800 [INFO] Page 86 | Collected: 2000
2026-05-27 16:16:20,068 [INFO] Pacing: sleep 4.9s
2026-05-27 16:16:24,985 [INFO] Page 87 | Collected: 2000
2026-05-27 16:16:25,314 [INFO] Pacing: sleep 7.3s
2026-05-27 16:16:32,604 [INFO] Page 88 | Collected: 2000
2026-05-27 16:16:32,853 [INFO] Pacing: sleep 6.6s
2026-05-27 16:16:39,501 [INFO] Page 89 | Collected: 2000
2026-05-27 16:16:39,829 [INFO] Pacing: sleep 4.5s
2026-05-27 16:16:44,328 [INFO] Page 90 | Collected: 2000
2026-05-27 16:16:44,583 [INFO] Pacing: sleep 63.4s | Short Cooldown: 56.7s
2026-05-27 16:17:48,024 [INFO] Page 91 | Collected: 2250
2026-05-27 16:17:48,289 [INFO] Pacing: sleep 5.3s
2026-05-27 16:17:53,548 [INFO] Page 92 | Collected: 2250
2026-05-27 16:17:53,903 [INFO] Pacing: sleep 4.8s
2026-05-27 16:17:58,748 [INFO] Page 93 | Collected: 2250
2026-05-27 16:17:59,007 [INFO] Pacing: sleep 7.8s
2026-05-27 16:18:06,806 [INFO] Page 94 | Collected: 2250
2026-05-27 16:18:07,175 [INFO] Pacing: sleep 7.8s
2026-05-27 16:18:15,006 [INFO] Page 95 | Collected: 2250
2026-05-27 16:18:15,269 [INFO] Pacing: sleep 4.1s
2026-05-27 16:18:19,370 [INFO] Page 96 | Collected: 2250
2026-05-27 16:18:19,645 [INFO] Pacing: sleep 7.9s
2026-05-27 16:18:27,528 [INFO] Page 97 | Collected: 2250
2026-05-27 16:18:27,855 [INFO] Pacing: sleep 5.3s
2026-05-27 16:18:33,204 [INFO] Page 98 | Collected: 2250
2026-05-27 16:18:33,466 [INFO] Pacing: sleep 4.7s
2026-05-27 16:18:38,141 [INFO] Page 99 | Collected: 2250
2026-05-27 16:18:38,464 [INFO] Pacing: sleep 6.0s
2026-05-27 16:18:44,480 [INFO] Page 100 | Collected: 2250
2026-05-27 16:18:44,728 [INFO] Pacing: sleep 41.6s | Short Cooldown: 33.7s
2026-05-27 16:19:26,311 [INFO] Page 101 | Collected: 2500
2026-05-27 16:19:26,562 [INFO] Pacing: sleep 7.1s
2026-05-27 16:19:33,642 [INFO] Page 102 | Collected: 2500
2026-05-27 16:19:33,993 [INFO] Pacing: sleep 7.3s
2026-05-27 16:19:41,263 [INFO] Page 103 | Collected: 2500
2026-05-27 16:19:41,534 [INFO] Pacing: sleep 7.9s
2026-05-27 16:19:49,387 [INFO] Page 104 | Collected: 2500
2026-05-27 16:19:49,666 [INFO] Pacing: sleep 4.6s
2026-05-27 16:19:54,273 [INFO] Page 105 | Collected: 2500
2026-05-27 16:19:54,638 [INFO] Pacing: sleep 6.1s
2026-05-27 16:20:00,730 [INFO] Page 106 | Collected: 2500
2026-05-27 16:20:00,982 [INFO] Pacing: sleep 5.1s
2026-05-27 16:20:06,103 [INFO] Page 107 | Collected: 2500
2026-05-27 16:20:06,447 [INFO] Pacing: sleep 5.8s
2026-05-27 16:20:12,255 [INFO] Page 108 | Collected: 2500
2026-05-27 16:20:12,534 [INFO] Pacing: sleep 6.2s
2026-05-27 16:20:18,735 [INFO] Page 109 | Collected: 2500
2026-05-27 16:20:18,969 [INFO] Pacing: sleep 7.3s
2026-05-27 16:20:26,227 [INFO] Page 110 | Collected: 2500
2026-05-27 16:20:26,530 [INFO] Pacing: sleep 65.0s | Short Cooldown: 58.2s
2026-05-27 16:21:31,509 [INFO] Page 111 | Collected: 2750
2026-05-27 16:21:31,768 [INFO] Pacing: sleep 5.9s
2026-05-27 16:21:37,697 [INFO] Page 112 | Collected: 2750
2026-05-27 16:21:38,099 [INFO] Pacing: sleep 4.7s
2026-05-27 16:21:42,794 [INFO] Page 113 | Collected: 2750
2026-05-27 16:21:43,092 [INFO] Pacing: sleep 5.6s
2026-05-27 16:21:48,729 [INFO] Page 114 | Collected: 2750
2026-05-27 16:21:49,022 [INFO] Pacing: sleep 5.1s
2026-05-27 16:21:54,096 [INFO] Page 115 | Collected: 2750
2026-05-27 16:21:54,446 [INFO] Pacing: sleep 7.4s
2026-05-27 16:22:01,877 [INFO] Page 116 | Collected: 2750
2026-05-27 16:22:02,192 [INFO] Pacing: sleep 6.9s
2026-05-27 16:22:09,102 [INFO] Page 117 | Collected: 2750
2026-05-27 16:22:09,415 [INFO] Pacing: sleep 4.3s
2026-05-27 16:22:13,762 [INFO] Page 118 | Collected: 2750
2026-05-27 16:22:14,044 [INFO] Pacing: sleep 4.8s
2026-05-27 16:22:18,801 [INFO] Page 119 | Collected: 2750
2026-05-27 16:22:19,099 [WARNING] Page 119 had 1 duplicate appids seen previously.
2026-05-27 16:22:19,099 [INFO] Pacing: sleep 7.0s
2026-05-27 16:22:26,095 [INFO] Page 120 | Collected: 2750
2026-05-27 16:22:26,447 [INFO] Crawl stopped. Reason: max_games_reached. Finalizing...
2026-05-27 16:22:26,447 [INFO] Merging intermediate pages from work_dir: /home/runner/work/steam-diploma/steam-diploma/data/snapshots/data/snapshots/_in_progress/c9586a4a-2c1d-4f55-a9ac-3cdfef89cf64
2026-05-27 16:22:26,474 [WARNING] Found 2 duplicate appids across the snapshot.
