2026-07-19 13:36:26,567 [INFO] Steam Snapshot Collector Started.
2026-07-19 13:36:26,567 [INFO] Speed Mode: fast
2026-07-19 13:36:26,567 [INFO] Work Dir: /home/runner/work/steam-diploma/steam-diploma/data/snapshots
2026-07-19 13:36:26,568 [INFO] Base Output Dir: .
2026-07-19 13:36:26,568 [INFO] Page 1 | Collected: 0
2026-07-19 13:36:26,951 [INFO] Pacing: sleep 0.7s
2026-07-19 13:36:27,673 [INFO] Page 2 | Collected: 0
2026-07-19 13:36:27,937 [INFO] Pacing: sleep 0.9s
2026-07-19 13:36:28,864 [INFO] Page 3 | Collected: 0
2026-07-19 13:36:29,098 [INFO] Pacing: sleep 0.8s
2026-07-19 13:36:29,909 [INFO] Page 4 | Collected: 0
2026-07-19 13:36:30,202 [INFO] Pacing: sleep 0.8s
2026-07-19 13:36:30,952 [INFO] Page 5 | Collected: 0
2026-07-19 13:36:31,174 [INFO] Pacing: sleep 1.3s
2026-07-19 13:36:32,505 [INFO] Page 6 | Collected: 0
2026-07-19 13:36:32,752 [INFO] Pacing: sleep 1.2s
2026-07-19 13:36:33,925 [INFO] Page 7 | Collected: 0
2026-07-19 13:36:34,239 [INFO] Pacing: sleep 0.6s
2026-07-19 13:36:34,871 [INFO] Page 8 | Collected: 0
2026-07-19 13:36:35,131 [INFO] Pacing: sleep 1.5s
2026-07-19 13:36:36,600 [INFO] Page 9 | Collected: 0
2026-07-19 13:36:36,926 [INFO] Pacing: sleep 0.9s
2026-07-19 13:36:37,778 [INFO] Page 10 | Collected: 0
2026-07-19 13:36:38,078 [INFO] Pacing: sleep 0.7s
2026-07-19 13:36:38,751 [INFO] Page 11 | Collected: 250
2026-07-19 13:36:38,966 [INFO] Pacing: sleep 1.1s
2026-07-19 13:36:40,105 [INFO] Page 12 | Collected: 250
2026-07-19 13:36:40,380 [INFO] Pacing: sleep 1.4s
2026-07-19 13:36:41,803 [INFO] Page 13 | Collected: 250
2026-07-19 13:36:42,080 [INFO] Pacing: sleep 0.8s
2026-07-19 13:36:42,837 [INFO] Page 14 | Collected: 250
2026-07-19 13:36:43,289 [INFO] Pacing: sleep 1.3s
2026-07-19 13:36:44,555 [INFO] Page 15 | Collected: 250
2026-07-19 13:36:44,880 [INFO] Pacing: sleep 1.0s
2026-07-19 13:36:45,925 [INFO] Page 16 | Collected: 250
2026-07-19 13:36:46,204 [INFO] Pacing: sleep 0.8s
2026-07-19 13:36:47,001 [INFO] Page 17 | Collected: 250
2026-07-19 13:36:47,347 [INFO] Pacing: sleep 1.0s
2026-07-19 13:36:48,326 [INFO] Page 18 | Collected: 250
2026-07-19 13:36:48,576 [INFO] Pacing: sleep 0.9s
2026-07-19 13:36:49,487 [INFO] Page 19 | Collected: 250
2026-07-19 13:36:49,804 [INFO] Pacing: sleep 0.7s
2026-07-19 13:36:50,524 [INFO] Page 20 | Collected: 250
2026-07-19 13:36:50,836 [INFO] Pacing: sleep 0.6s
2026-07-19 13:36:51,445 [INFO] Page 21 | Collected: 500
2026-07-19 13:36:51,687 [INFO] Pacing: sleep 0.6s
2026-07-19 13:36:52,324 [INFO] Page 22 | Collected: 500
2026-07-19 13:36:52,621 [INFO] Pacing: sleep 1.3s
2026-07-19 13:36:53,949 [INFO] Page 23 | Collected: 500
2026-07-19 13:36:54,192 [INFO] Pacing: sleep 0.9s
2026-07-19 13:36:55,075 [INFO] Page 24 | Collected: 500
2026-07-19 13:36:55,320 [INFO] Pacing: sleep 1.0s
2026-07-19 13:36:56,306 [INFO] Page 25 | Collected: 500
2026-07-19 13:36:56,695 [INFO] Pacing: sleep 0.9s
2026-07-19 13:36:57,636 [INFO] Page 26 | Collected: 500
2026-07-19 13:36:57,907 [INFO] Pacing: sleep 1.5s
2026-07-19 13:36:59,400 [INFO] Page 27 | Collected: 500
2026-07-19 13:36:59,783 [INFO] Pacing: sleep 0.9s
2026-07-19 13:37:00,678 [INFO] Page 28 | Collected: 500
2026-07-19 13:37:01,003 [INFO] Pacing: sleep 0.6s
2026-07-19 13:37:01,620 [INFO] Page 29 | Collected: 500
2026-07-19 13:37:01,867 [INFO] Pacing: sleep 0.9s
2026-07-19 13:37:02,724 [INFO] Page 30 | Collected: 500
2026-07-19 13:37:03,030 [INFO] Pacing: sleep 0.8s
2026-07-19 13:37:03,839 [INFO] Page 31 | Collected: 750
2026-07-19 13:37:03,882 [WARNING] Block detected on page 31: HTTP 429
2026-07-19 13:37:03,882 [INFO] Saved raw HTML for debugging: blocked_0031.html
2026-07-19 13:37:03,882 [WARNING] Initiating ADAPTIVE THROTTLING. Sleeping 180s, switching to SAFE mode.
2026-07-19 13:40:03,882 [INFO] Pacing: sleep 49.7s | Short Cooldown: 41.8s
2026-07-19 13:40:53,573 [INFO] Page 31 | Collected: 750
2026-07-19 13:40:53,823 [INFO] Pacing: sleep 7.2s
2026-07-19 13:41:01,067 [INFO] Page 32 | Collected: 750
2026-07-19 13:41:01,329 [INFO] Pacing: sleep 5.3s
2026-07-19 13:41:06,651 [INFO] Page 33 | Collected: 750
2026-07-19 13:41:06,930 [INFO] Pacing: sleep 4.3s
2026-07-19 13:41:11,236 [INFO] Page 34 | Collected: 750
2026-07-19 13:41:11,472 [INFO] Pacing: sleep 7.1s
2026-07-19 13:41:18,580 [INFO] Page 35 | Collected: 750
2026-07-19 13:41:18,876 [INFO] Pacing: sleep 7.7s
2026-07-19 13:41:26,557 [INFO] Page 36 | Collected: 750
2026-07-19 13:41:26,782 [INFO] Pacing: sleep 6.4s
2026-07-19 13:41:33,140 [INFO] Page 37 | Collected: 750
2026-07-19 13:41:33,415 [INFO] Pacing: sleep 5.7s
2026-07-19 13:41:39,111 [INFO] Page 38 | Collected: 750
2026-07-19 13:41:39,466 [INFO] Pacing: sleep 6.1s
2026-07-19 13:41:45,583 [INFO] Page 39 | Collected: 750
2026-07-19 13:41:45,818 [INFO] Pacing: sleep 5.3s
2026-07-19 13:41:51,154 [INFO] Page 40 | Collected: 750
2026-07-19 13:41:51,461 [INFO] Pacing: sleep 195.5s | Long Cooldown: 189.7s
2026-07-19 13:45:06,934 [INFO] Page 41 | Collected: 1000
2026-07-19 13:45:07,179 [INFO] Pacing: sleep 7.8s
2026-07-19 13:45:14,942 [INFO] Page 42 | Collected: 1000
2026-07-19 13:45:15,181 [INFO] Pacing: sleep 7.9s
2026-07-19 13:45:23,090 [INFO] Page 43 | Collected: 1000
2026-07-19 13:45:23,393 [INFO] Pacing: sleep 6.7s
2026-07-19 13:45:30,140 [INFO] Page 44 | Collected: 1000
2026-07-19 13:45:30,357 [INFO] Pacing: sleep 5.5s
2026-07-19 13:45:35,839 [INFO] Page 45 | Collected: 1000
2026-07-19 13:45:36,095 [INFO] Pacing: sleep 4.2s
2026-07-19 13:45:40,268 [INFO] Page 46 | Collected: 1000
2026-07-19 13:45:40,611 [INFO] Pacing: sleep 4.0s
2026-07-19 13:45:44,616 [INFO] Page 47 | Collected: 1000
2026-07-19 13:45:44,843 [INFO] Pacing: sleep 6.3s
2026-07-19 13:45:51,134 [INFO] Page 48 | Collected: 1000
2026-07-19 13:45:51,539 [INFO] Pacing: sleep 7.9s
2026-07-19 13:45:59,435 [INFO] Page 49 | Collected: 1000
2026-07-19 13:45:59,686 [INFO] Pacing: sleep 7.5s
2026-07-19 13:46:07,175 [INFO] Page 50 | Collected: 1000
2026-07-19 13:46:07,299 [WARNING] Block detected on page 50: Suspicious term found: 'captcha'
2026-07-19 13:46:07,299 [INFO] Saved raw HTML for debugging: blocked_0050.html
2026-07-19 13:46:07,300 [ERROR] Blocked again even after safe mode. Stopping gracefully.
2026-07-19 13:46:07,301 [INFO] Crawl stopped. Reason: adaptive_throttle_failed_page_50. Finalizing...
2026-07-19 13:46:07,302 [INFO] Merging intermediate pages from work_dir: /home/runner/work/steam-diploma/steam-diploma/data/snapshots/data/snapshots/_in_progress/c8a38739-dea0-4362-a5d5-9734f1e0cae9
