2026-07-17 13:49:44,358 [INFO] Steam Snapshot Collector Started.
2026-07-17 13:49:44,358 [INFO] Speed Mode: fast
2026-07-17 13:49:44,358 [INFO] Work Dir: /home/runner/work/steam-diploma/steam-diploma/data/snapshots
2026-07-17 13:49:44,358 [INFO] Base Output Dir: .
2026-07-17 13:49:44,359 [INFO] Page 1 | Collected: 0
2026-07-17 13:49:44,708 [INFO] Pacing: sleep 0.5s
2026-07-17 13:49:45,226 [INFO] Page 2 | Collected: 0
2026-07-17 13:49:45,497 [INFO] Pacing: sleep 0.7s
2026-07-17 13:49:46,228 [INFO] Page 3 | Collected: 0
2026-07-17 13:49:46,454 [INFO] Pacing: sleep 1.1s
2026-07-17 13:49:47,510 [INFO] Page 4 | Collected: 0
2026-07-17 13:49:47,852 [INFO] Pacing: sleep 1.1s
2026-07-17 13:49:48,944 [INFO] Page 5 | Collected: 0
2026-07-17 13:49:49,172 [INFO] Pacing: sleep 0.9s
2026-07-17 13:49:50,083 [INFO] Page 6 | Collected: 0
2026-07-17 13:49:50,321 [INFO] Pacing: sleep 1.3s
2026-07-17 13:49:51,585 [INFO] Page 7 | Collected: 0
2026-07-17 13:49:51,884 [INFO] Pacing: sleep 1.2s
2026-07-17 13:49:53,057 [INFO] Page 8 | Collected: 0
2026-07-17 13:49:53,303 [INFO] Pacing: sleep 1.5s
2026-07-17 13:49:54,758 [INFO] Page 9 | Collected: 0
2026-07-17 13:49:55,087 [INFO] Pacing: sleep 0.6s
2026-07-17 13:49:55,722 [INFO] Page 10 | Collected: 0
2026-07-17 13:49:55,987 [INFO] Pacing: sleep 1.5s
2026-07-17 13:49:57,472 [INFO] Page 11 | Collected: 250
2026-07-17 13:49:57,726 [INFO] Pacing: sleep 0.7s
2026-07-17 13:49:58,407 [INFO] Page 12 | Collected: 250
2026-07-17 13:49:58,708 [INFO] Pacing: sleep 0.8s
2026-07-17 13:49:59,523 [INFO] Page 13 | Collected: 250
2026-07-17 13:49:59,740 [INFO] Pacing: sleep 1.1s
2026-07-17 13:50:00,832 [INFO] Page 14 | Collected: 250
2026-07-17 13:50:01,061 [INFO] Pacing: sleep 1.0s
2026-07-17 13:50:02,056 [INFO] Page 15 | Collected: 250
2026-07-17 13:50:02,348 [INFO] Pacing: sleep 0.6s
2026-07-17 13:50:02,945 [INFO] Page 16 | Collected: 250
2026-07-17 13:50:03,154 [INFO] Pacing: sleep 0.7s
2026-07-17 13:50:03,840 [INFO] Page 17 | Collected: 250
2026-07-17 13:50:04,124 [INFO] Pacing: sleep 1.4s
2026-07-17 13:50:05,514 [INFO] Page 18 | Collected: 250
2026-07-17 13:50:05,758 [INFO] Pacing: sleep 1.2s
2026-07-17 13:50:06,954 [INFO] Page 19 | Collected: 250
2026-07-17 13:50:07,185 [INFO] Pacing: sleep 1.3s
2026-07-17 13:50:08,495 [INFO] Page 20 | Collected: 250
2026-07-17 13:50:08,857 [INFO] Pacing: sleep 1.1s
2026-07-17 13:50:09,972 [INFO] Page 21 | Collected: 500
2026-07-17 13:50:10,206 [INFO] Pacing: sleep 0.8s
2026-07-17 13:50:11,017 [INFO] Page 22 | Collected: 500
2026-07-17 13:50:11,533 [INFO] Pacing: sleep 1.1s
2026-07-17 13:50:12,619 [INFO] Page 23 | Collected: 500
2026-07-17 13:50:12,860 [INFO] Pacing: sleep 0.8s
2026-07-17 13:50:13,708 [INFO] Page 24 | Collected: 500
2026-07-17 13:50:13,939 [INFO] Pacing: sleep 0.5s
2026-07-17 13:50:14,464 [INFO] Page 25 | Collected: 500
2026-07-17 13:50:14,805 [INFO] Pacing: sleep 0.9s
2026-07-17 13:50:15,693 [INFO] Page 26 | Collected: 500
2026-07-17 13:50:15,938 [INFO] Pacing: sleep 0.9s
2026-07-17 13:50:16,807 [INFO] Page 27 | Collected: 500
2026-07-17 13:50:17,043 [INFO] Pacing: sleep 0.5s
2026-07-17 13:50:17,549 [INFO] Page 28 | Collected: 500
2026-07-17 13:50:17,871 [INFO] Pacing: sleep 1.5s
2026-07-17 13:50:19,357 [INFO] Page 29 | Collected: 500
2026-07-17 13:50:19,606 [INFO] Pacing: sleep 1.2s
2026-07-17 13:50:20,812 [INFO] Page 30 | Collected: 500
2026-07-17 13:50:21,143 [INFO] Pacing: sleep 1.4s
2026-07-17 13:50:22,493 [INFO] Page 31 | Collected: 750
2026-07-17 13:50:22,551 [WARNING] Block detected on page 31: HTTP 429
2026-07-17 13:50:22,551 [INFO] Saved raw HTML for debugging: blocked_0031.html
2026-07-17 13:50:22,551 [WARNING] Initiating ADAPTIVE THROTTLING. Sleeping 180s, switching to SAFE mode.
2026-07-17 13:53:22,551 [INFO] Pacing: sleep 50.5s | Short Cooldown: 45.0s
2026-07-17 13:54:13,084 [INFO] Page 31 | Collected: 750
2026-07-17 13:54:13,369 [INFO] Pacing: sleep 5.8s
2026-07-17 13:54:19,167 [INFO] Page 32 | Collected: 750
2026-07-17 13:54:19,430 [INFO] Pacing: sleep 5.4s
2026-07-17 13:54:24,786 [INFO] Page 33 | Collected: 750
2026-07-17 13:54:25,087 [INFO] Pacing: sleep 6.1s
2026-07-17 13:54:31,215 [INFO] Page 34 | Collected: 750
2026-07-17 13:54:31,457 [INFO] Pacing: sleep 5.0s
2026-07-17 13:54:36,494 [INFO] Page 35 | Collected: 750
2026-07-17 13:54:36,788 [INFO] Pacing: sleep 6.5s
2026-07-17 13:54:43,287 [INFO] Page 36 | Collected: 750
2026-07-17 13:54:43,518 [INFO] Pacing: sleep 5.3s
2026-07-17 13:54:48,780 [INFO] Page 37 | Collected: 750
2026-07-17 13:54:49,001 [INFO] Pacing: sleep 5.3s
2026-07-17 13:54:54,339 [INFO] Page 38 | Collected: 750
2026-07-17 13:54:54,677 [INFO] Pacing: sleep 5.2s
2026-07-17 13:54:59,898 [INFO] Page 39 | Collected: 750
2026-07-17 13:55:00,111 [INFO] Pacing: sleep 7.3s
2026-07-17 13:55:07,454 [INFO] Page 40 | Collected: 750
2026-07-17 13:55:07,770 [INFO] Pacing: sleep 171.8s | Long Cooldown: 166.4s
2026-07-17 13:57:59,621 [INFO] Page 41 | Collected: 1000
2026-07-17 13:58:00,020 [INFO] Pacing: sleep 4.4s
2026-07-17 13:58:04,408 [INFO] Page 42 | Collected: 1000
2026-07-17 13:58:04,663 [INFO] Pacing: sleep 6.5s
2026-07-17 13:58:11,167 [INFO] Page 43 | Collected: 1000
2026-07-17 13:58:11,540 [INFO] Pacing: sleep 7.2s
2026-07-17 13:58:18,713 [INFO] Page 44 | Collected: 1000
2026-07-17 13:58:19,162 [INFO] Pacing: sleep 7.4s
2026-07-17 13:58:26,601 [INFO] Page 45 | Collected: 1000
2026-07-17 13:58:26,846 [INFO] Pacing: sleep 4.5s
2026-07-17 13:58:31,361 [INFO] Page 46 | Collected: 1000
2026-07-17 13:58:31,731 [INFO] Pacing: sleep 6.5s
2026-07-17 13:58:38,277 [INFO] Page 47 | Collected: 1000
2026-07-17 13:58:38,541 [INFO] Pacing: sleep 7.4s
2026-07-17 13:58:45,921 [INFO] Page 48 | Collected: 1000
2026-07-17 13:58:46,268 [INFO] Pacing: sleep 6.6s
2026-07-17 13:58:52,916 [INFO] Page 49 | Collected: 1000
2026-07-17 13:58:53,293 [INFO] Pacing: sleep 5.7s
2026-07-17 13:58:58,950 [INFO] Page 50 | Collected: 1000
2026-07-17 13:58:59,200 [INFO] Pacing: sleep 43.2s | Short Cooldown: 37.0s
2026-07-17 13:59:42,358 [INFO] Page 51 | Collected: 1250
2026-07-17 13:59:42,469 [WARNING] Block detected on page 51: Suspicious term found: 'captcha'
2026-07-17 13:59:42,470 [INFO] Saved raw HTML for debugging: blocked_0051.html
2026-07-17 13:59:42,471 [ERROR] Blocked again even after safe mode. Stopping gracefully.
2026-07-17 13:59:42,471 [INFO] Crawl stopped. Reason: adaptive_throttle_failed_page_51. Finalizing...
2026-07-17 13:59:42,471 [INFO] Merging intermediate pages from work_dir: /home/runner/work/steam-diploma/steam-diploma/data/snapshots/data/snapshots/_in_progress/0137d032-d037-4911-8751-3fdfdaf112da
