2026-06-04 04:42:45,548 [INFO] Steam Snapshot Collector Started.
2026-06-04 04:42:45,548 [INFO] Speed Mode: fast
2026-06-04 04:42:45,548 [INFO] Work Dir: /home/runner/work/steam-diploma/steam-diploma/data/snapshots
2026-06-04 04:42:45,548 [INFO] Base Output Dir: .
2026-06-04 04:42:45,549 [INFO] Page 1 | Collected: 0
2026-06-04 04:42:46,147 [INFO] Pacing: sleep 0.8s
2026-06-04 04:42:46,905 [INFO] Page 2 | Collected: 0
2026-06-04 04:42:47,284 [INFO] Pacing: sleep 1.0s
2026-06-04 04:42:48,326 [INFO] Page 3 | Collected: 0
2026-06-04 04:42:48,653 [INFO] Pacing: sleep 0.7s
2026-06-04 04:42:49,402 [INFO] Page 4 | Collected: 0
2026-06-04 04:42:49,760 [INFO] Pacing: sleep 1.0s
2026-06-04 04:42:50,776 [INFO] Page 5 | Collected: 0
2026-06-04 04:42:51,050 [INFO] Pacing: sleep 0.6s
2026-06-04 04:42:51,662 [INFO] Page 6 | Collected: 0
2026-06-04 04:42:51,951 [INFO] Pacing: sleep 1.2s
2026-06-04 04:42:53,152 [INFO] Page 7 | Collected: 0
2026-06-04 04:42:53,747 [INFO] Pacing: sleep 0.7s
2026-06-04 04:42:54,453 [INFO] Page 8 | Collected: 0
2026-06-04 04:42:54,744 [INFO] Pacing: sleep 0.8s
2026-06-04 04:42:55,553 [INFO] Page 9 | Collected: 0
2026-06-04 04:42:56,084 [INFO] Pacing: sleep 0.6s
2026-06-04 04:42:56,676 [INFO] Page 10 | Collected: 0
2026-06-04 04:42:56,999 [INFO] Pacing: sleep 1.1s
2026-06-04 04:42:58,065 [INFO] Page 11 | Collected: 250
2026-06-04 04:42:58,591 [INFO] Pacing: sleep 0.6s
2026-06-04 04:42:59,187 [INFO] Page 12 | Collected: 250
2026-06-04 04:43:00,753 [INFO] Pacing: sleep 0.8s
2026-06-04 04:43:01,577 [INFO] Page 13 | Collected: 250
2026-06-04 04:43:01,880 [INFO] Pacing: sleep 1.3s
2026-06-04 04:43:03,130 [INFO] Page 14 | Collected: 250
2026-06-04 04:43:03,404 [INFO] Pacing: sleep 1.5s
2026-06-04 04:43:04,857 [INFO] Page 15 | Collected: 250
2026-06-04 04:43:05,213 [INFO] Pacing: sleep 1.3s
2026-06-04 04:43:06,476 [INFO] Page 16 | Collected: 250
2026-06-04 04:43:07,026 [INFO] Pacing: sleep 1.1s
2026-06-04 04:43:08,158 [INFO] Page 17 | Collected: 250
2026-06-04 04:43:08,496 [INFO] Pacing: sleep 1.5s
2026-06-04 04:43:09,974 [INFO] Page 18 | Collected: 250
2026-06-04 04:43:10,270 [INFO] Pacing: sleep 0.6s
2026-06-04 04:43:10,888 [INFO] Page 19 | Collected: 250
2026-06-04 04:43:11,168 [INFO] Pacing: sleep 0.5s
2026-06-04 04:43:11,709 [INFO] Page 20 | Collected: 250
2026-06-04 04:43:12,041 [INFO] Pacing: sleep 0.7s
2026-06-04 04:43:12,792 [INFO] Page 21 | Collected: 500
2026-06-04 04:43:13,058 [INFO] Pacing: sleep 1.0s
2026-06-04 04:43:14,070 [INFO] Page 22 | Collected: 500
2026-06-04 04:43:14,430 [INFO] Pacing: sleep 0.8s
2026-06-04 04:43:15,237 [INFO] Page 23 | Collected: 500
2026-06-04 04:43:15,521 [INFO] Pacing: sleep 0.5s
2026-06-04 04:43:16,033 [INFO] Page 24 | Collected: 500
2026-06-04 04:43:16,285 [INFO] Pacing: sleep 1.3s
2026-06-04 04:43:17,619 [INFO] Page 25 | Collected: 500
2026-06-04 04:43:17,992 [INFO] Pacing: sleep 0.7s
2026-06-04 04:43:18,740 [INFO] Page 26 | Collected: 500
2026-06-04 04:43:18,987 [INFO] Pacing: sleep 1.1s
2026-06-04 04:43:20,041 [INFO] Page 27 | Collected: 500
2026-06-04 04:43:20,406 [INFO] Pacing: sleep 0.7s
2026-06-04 04:43:21,105 [INFO] Page 28 | Collected: 500
2026-06-04 04:43:21,371 [INFO] Pacing: sleep 0.7s
2026-06-04 04:43:22,107 [INFO] Page 29 | Collected: 500
2026-06-04 04:43:22,378 [INFO] Pacing: sleep 0.7s
2026-06-04 04:43:23,083 [INFO] Page 30 | Collected: 500
2026-06-04 04:43:23,826 [INFO] Pacing: sleep 1.1s
2026-06-04 04:43:24,968 [INFO] Page 31 | Collected: 750
2026-06-04 04:43:25,058 [WARNING] Block detected on page 31: HTTP 429
2026-06-04 04:43:25,058 [INFO] Saved raw HTML for debugging: blocked_0031.html
2026-06-04 04:43:25,058 [WARNING] Initiating ADAPTIVE THROTTLING. Sleeping 180s, switching to SAFE mode.
2026-06-04 04:46:25,059 [INFO] Pacing: sleep 54.0s | Short Cooldown: 46.1s
2026-06-04 04:47:19,105 [INFO] Page 31 | Collected: 750
2026-06-04 04:47:19,399 [INFO] Pacing: sleep 6.4s
2026-06-04 04:47:25,816 [INFO] Page 32 | Collected: 750
2026-06-04 04:47:26,055 [INFO] Pacing: sleep 5.5s
2026-06-04 04:47:31,586 [INFO] Page 33 | Collected: 750
2026-06-04 04:47:31,965 [INFO] Pacing: sleep 7.1s
2026-06-04 04:47:39,100 [INFO] Page 34 | Collected: 750
2026-06-04 04:47:39,463 [INFO] Pacing: sleep 6.5s
2026-06-04 04:47:46,007 [INFO] Page 35 | Collected: 750
2026-06-04 04:47:46,470 [INFO] Pacing: sleep 4.0s
2026-06-04 04:47:50,516 [INFO] Page 36 | Collected: 750
2026-06-04 04:47:50,851 [INFO] Pacing: sleep 5.3s
2026-06-04 04:47:56,195 [INFO] Page 37 | Collected: 750
2026-06-04 04:47:56,463 [INFO] Pacing: sleep 4.3s
2026-06-04 04:48:00,720 [INFO] Page 38 | Collected: 750
2026-06-04 04:48:01,104 [INFO] Pacing: sleep 7.6s
2026-06-04 04:48:08,668 [INFO] Page 39 | Collected: 750
2026-06-04 04:48:08,953 [INFO] Pacing: sleep 4.4s
2026-06-04 04:48:13,339 [INFO] Page 40 | Collected: 750
2026-06-04 04:48:13,781 [INFO] Pacing: sleep 216.1s | Long Cooldown: 209.3s
2026-06-04 04:51:49,922 [INFO] Page 41 | Collected: 1000
2026-06-04 04:51:50,349 [INFO] Pacing: sleep 7.1s
2026-06-04 04:51:57,451 [INFO] Page 42 | Collected: 1000
2026-06-04 04:51:57,778 [INFO] Pacing: sleep 5.7s
2026-06-04 04:52:03,499 [INFO] Page 43 | Collected: 1000
2026-06-04 04:52:03,928 [INFO] Pacing: sleep 6.3s
2026-06-04 04:52:10,233 [INFO] Page 44 | Collected: 1000
2026-06-04 04:52:10,675 [INFO] Pacing: sleep 4.4s
2026-06-04 04:52:15,125 [INFO] Page 45 | Collected: 1000
2026-06-04 04:52:15,473 [INFO] Pacing: sleep 6.6s
2026-06-04 04:52:22,089 [INFO] Page 46 | Collected: 1000
2026-06-04 04:52:22,358 [INFO] Pacing: sleep 6.3s
2026-06-04 04:52:28,629 [INFO] Page 47 | Collected: 1000
2026-06-04 04:52:28,936 [INFO] Pacing: sleep 6.5s
2026-06-04 04:52:35,486 [INFO] Page 48 | Collected: 1000
2026-06-04 04:52:35,832 [INFO] Pacing: sleep 4.8s
2026-06-04 04:52:40,680 [INFO] Page 49 | Collected: 1000
2026-06-04 04:52:41,014 [INFO] Pacing: sleep 7.4s
2026-06-04 04:52:48,385 [INFO] Page 50 | Collected: 1000
2026-06-04 04:52:48,652 [INFO] Pacing: sleep 55.3s | Short Cooldown: 48.0s
2026-06-04 04:53:43,912 [INFO] Page 51 | Collected: 1250
2026-06-04 04:53:44,345 [INFO] Pacing: sleep 4.4s
2026-06-04 04:53:48,778 [INFO] Page 52 | Collected: 1250
2026-06-04 04:53:49,027 [INFO] Pacing: sleep 6.4s
2026-06-04 04:53:55,408 [INFO] Page 53 | Collected: 1250
2026-06-04 04:53:55,735 [INFO] Pacing: sleep 5.5s
2026-06-04 04:54:01,271 [INFO] Page 54 | Collected: 1250
2026-06-04 04:54:01,559 [INFO] Pacing: sleep 7.9s
2026-06-04 04:54:09,453 [INFO] Page 55 | Collected: 1250
2026-06-04 04:54:09,767 [INFO] Pacing: sleep 5.9s
2026-06-04 04:54:15,709 [INFO] Page 56 | Collected: 1250
2026-06-04 04:54:16,119 [INFO] Pacing: sleep 6.6s
2026-06-04 04:54:22,726 [INFO] Page 57 | Collected: 1250
2026-06-04 04:54:23,019 [INFO] Pacing: sleep 7.0s
2026-06-04 04:54:29,999 [INFO] Page 58 | Collected: 1250
2026-06-04 04:54:30,375 [INFO] Pacing: sleep 7.6s
2026-06-04 04:54:38,014 [INFO] Page 59 | Collected: 1250
2026-06-04 04:54:38,451 [INFO] Pacing: sleep 5.3s
2026-06-04 04:54:43,791 [INFO] Page 60 | Collected: 1250
2026-06-04 04:54:44,066 [INFO] Pacing: sleep 40.1s | Short Cooldown: 35.6s
2026-06-04 04:55:24,167 [INFO] Page 61 | Collected: 1500
2026-06-04 04:55:24,546 [INFO] Pacing: sleep 6.8s
2026-06-04 04:55:31,384 [INFO] Page 62 | Collected: 1500
2026-06-04 04:55:31,655 [INFO] Pacing: sleep 5.7s
2026-06-04 04:55:37,376 [INFO] Page 63 | Collected: 1500
2026-06-04 04:55:37,701 [INFO] Pacing: sleep 6.2s
2026-06-04 04:55:43,916 [INFO] Page 64 | Collected: 1500
2026-06-04 04:55:44,206 [INFO] Pacing: sleep 4.1s
2026-06-04 04:55:48,274 [INFO] Page 65 | Collected: 1500
2026-06-04 04:55:48,600 [INFO] Pacing: sleep 4.0s
2026-06-04 04:55:52,631 [INFO] Page 66 | Collected: 1500
2026-06-04 04:55:53,950 [INFO] Pacing: sleep 8.0s
2026-06-04 04:56:01,933 [INFO] Page 67 | Collected: 1500
2026-06-04 04:56:02,289 [INFO] Pacing: sleep 5.5s
2026-06-04 04:56:07,832 [INFO] Page 68 | Collected: 1500
2026-06-04 04:56:08,219 [INFO] Pacing: sleep 7.0s
2026-06-04 04:56:15,210 [INFO] Page 69 | Collected: 1500
2026-06-04 04:56:15,620 [INFO] Pacing: sleep 7.7s
2026-06-04 04:56:23,271 [INFO] Page 70 | Collected: 1500
2026-06-04 04:56:23,554 [INFO] Pacing: sleep 61.8s | Short Cooldown: 53.8s
2026-06-04 04:57:25,347 [INFO] Page 71 | Collected: 1750
2026-06-04 04:57:25,730 [INFO] Pacing: sleep 5.9s
2026-06-04 04:57:31,585 [INFO] Page 72 | Collected: 1750
2026-06-04 04:57:31,865 [INFO] Pacing: sleep 7.8s
2026-06-04 04:57:39,684 [INFO] Page 73 | Collected: 1750
2026-06-04 04:57:39,992 [INFO] Pacing: sleep 4.0s
2026-06-04 04:57:44,013 [INFO] Page 74 | Collected: 1750
2026-06-04 04:57:44,383 [INFO] Pacing: sleep 4.2s
2026-06-04 04:57:48,540 [INFO] Page 75 | Collected: 1750
2026-06-04 04:57:48,863 [INFO] Pacing: sleep 7.0s
2026-06-04 04:57:55,877 [INFO] Page 76 | Collected: 1750
2026-06-04 04:57:56,263 [INFO] Pacing: sleep 5.9s
2026-06-04 04:58:02,181 [INFO] Page 77 | Collected: 1750
2026-06-04 04:58:02,496 [INFO] Pacing: sleep 4.8s
2026-06-04 04:58:07,304 [INFO] Page 78 | Collected: 1750
2026-06-04 04:58:07,581 [INFO] Pacing: sleep 4.3s
2026-06-04 04:58:11,871 [INFO] Page 79 | Collected: 1750
2026-06-04 04:58:12,231 [INFO] Pacing: sleep 6.9s
2026-06-04 04:58:19,175 [INFO] Page 80 | Collected: 1750
2026-06-04 04:58:19,487 [INFO] Pacing: sleep 130.2s | Long Cooldown: 125.5s
2026-06-04 05:00:29,652 [INFO] Page 81 | Collected: 2000
2026-06-04 05:00:29,998 [INFO] Pacing: sleep 7.8s
2026-06-04 05:00:37,820 [INFO] Page 82 | Collected: 2000
2026-06-04 05:00:38,088 [INFO] Pacing: sleep 4.1s
2026-06-04 05:00:42,141 [INFO] Page 83 | Collected: 2000
2026-06-04 05:00:42,410 [INFO] Pacing: sleep 6.4s
2026-06-04 05:00:48,838 [INFO] Page 84 | Collected: 2000
2026-06-04 05:00:49,179 [INFO] Pacing: sleep 6.3s
2026-06-04 05:00:55,432 [INFO] Page 85 | Collected: 2000
2026-06-04 05:00:55,706 [INFO] Pacing: sleep 6.2s
2026-06-04 05:01:01,938 [INFO] Page 86 | Collected: 2000
2026-06-04 05:01:02,312 [INFO] Pacing: sleep 5.1s
2026-06-04 05:01:07,453 [INFO] Page 87 | Collected: 2000
2026-06-04 05:01:07,852 [INFO] Pacing: sleep 4.6s
2026-06-04 05:01:12,468 [INFO] Page 88 | Collected: 2000
2026-06-04 05:01:12,887 [INFO] Pacing: sleep 5.8s
2026-06-04 05:01:18,715 [INFO] Page 89 | Collected: 2000
2026-06-04 05:01:19,059 [INFO] Pacing: sleep 5.9s
2026-06-04 05:01:25,005 [INFO] Page 90 | Collected: 2000
2026-06-04 05:01:25,281 [INFO] Pacing: sleep 41.2s | Short Cooldown: 33.6s
2026-06-04 05:02:06,451 [INFO] Page 91 | Collected: 2250
2026-06-04 05:02:06,737 [INFO] Pacing: sleep 4.4s
2026-06-04 05:02:11,130 [INFO] Page 92 | Collected: 2250
2026-06-04 05:02:11,499 [INFO] Pacing: sleep 7.4s
2026-06-04 05:02:18,883 [INFO] Page 93 | Collected: 2250
2026-06-04 05:02:19,235 [INFO] Pacing: sleep 4.3s
2026-06-04 05:02:23,496 [INFO] Page 94 | Collected: 2250
2026-06-04 05:02:23,834 [INFO] Pacing: sleep 5.6s
2026-06-04 05:02:29,415 [INFO] Page 95 | Collected: 2250
2026-06-04 05:02:29,748 [INFO] Pacing: sleep 7.2s
2026-06-04 05:02:36,969 [INFO] Page 96 | Collected: 2250
2026-06-04 05:02:37,238 [INFO] Pacing: sleep 8.0s
2026-06-04 05:02:45,208 [INFO] Page 97 | Collected: 2250
2026-06-04 05:02:45,594 [INFO] Pacing: sleep 7.7s
2026-06-04 05:02:53,334 [INFO] Page 98 | Collected: 2250
2026-06-04 05:02:53,701 [INFO] Pacing: sleep 4.8s
2026-06-04 05:02:58,517 [INFO] Page 99 | Collected: 2250
2026-06-04 05:02:58,896 [INFO] Pacing: sleep 7.3s
2026-06-04 05:03:06,239 [INFO] Page 100 | Collected: 2250
2026-06-04 05:03:06,581 [INFO] Pacing: sleep 45.8s | Short Cooldown: 38.5s
2026-06-04 05:03:52,421 [INFO] Page 101 | Collected: 2500
2026-06-04 05:03:52,685 [INFO] Pacing: sleep 6.5s
2026-06-04 05:03:59,187 [INFO] Page 102 | Collected: 2500
2026-06-04 05:03:59,642 [INFO] Pacing: sleep 4.9s
2026-06-04 05:04:04,553 [INFO] Page 103 | Collected: 2500
2026-06-04 05:04:04,816 [INFO] Pacing: sleep 4.6s
2026-06-04 05:04:09,437 [INFO] Page 104 | Collected: 2500
2026-06-04 05:04:09,734 [INFO] Pacing: sleep 4.3s
2026-06-04 05:04:13,996 [INFO] Page 105 | Collected: 2500
2026-06-04 05:04:14,366 [INFO] Pacing: sleep 6.8s
2026-06-04 05:04:21,193 [INFO] Page 106 | Collected: 2500
2026-06-04 05:04:21,470 [INFO] Pacing: sleep 7.3s
2026-06-04 05:04:28,722 [INFO] Page 107 | Collected: 2500
2026-06-04 05:04:29,081 [INFO] Pacing: sleep 7.5s
2026-06-04 05:04:36,616 [INFO] Page 108 | Collected: 2500
2026-06-04 05:04:36,944 [INFO] Pacing: sleep 5.1s
2026-06-04 05:04:42,055 [INFO] Page 109 | Collected: 2500
2026-06-04 05:04:42,307 [INFO] Pacing: sleep 7.7s
2026-06-04 05:04:50,009 [INFO] Page 110 | Collected: 2500
2026-06-04 05:04:50,380 [INFO] Pacing: sleep 48.7s | Short Cooldown: 43.9s
2026-06-04 05:05:39,051 [INFO] Page 111 | Collected: 2750
2026-06-04 05:05:39,390 [INFO] Pacing: sleep 7.8s
2026-06-04 05:05:47,203 [INFO] Page 112 | Collected: 2750
2026-06-04 05:05:47,542 [INFO] Pacing: sleep 6.5s
2026-06-04 05:05:54,003 [INFO] Page 113 | Collected: 2750
2026-06-04 05:05:54,289 [INFO] Pacing: sleep 4.0s
2026-06-04 05:05:58,293 [INFO] Page 114 | Collected: 2750
2026-06-04 05:05:58,588 [INFO] Pacing: sleep 4.4s
2026-06-04 05:06:02,938 [INFO] Page 115 | Collected: 2750
2026-06-04 05:06:03,383 [INFO] Pacing: sleep 6.7s
2026-06-04 05:06:10,090 [INFO] Page 116 | Collected: 2750
2026-06-04 05:06:10,388 [INFO] Pacing: sleep 4.5s
2026-06-04 05:06:14,881 [INFO] Page 117 | Collected: 2750
2026-06-04 05:06:15,252 [INFO] Pacing: sleep 4.8s
2026-06-04 05:06:20,088 [INFO] Page 118 | Collected: 2750
2026-06-04 05:06:20,385 [INFO] Pacing: sleep 5.2s
2026-06-04 05:06:25,631 [INFO] Page 119 | Collected: 2750
2026-06-04 05:06:25,899 [INFO] Pacing: sleep 5.0s
2026-06-04 05:06:30,927 [INFO] Page 120 | Collected: 2750
2026-06-04 05:06:31,349 [INFO] Crawl stopped. Reason: max_games_reached. Finalizing...
2026-06-04 05:06:31,349 [INFO] Merging intermediate pages from work_dir: /home/runner/work/steam-diploma/steam-diploma/data/snapshots/data/snapshots/_in_progress/499a5a18-2acb-4c9b-baeb-d27ea1b3f858
