2026-06-01 04:50:29,876 [INFO] Steam Snapshot Collector Started.
2026-06-01 04:50:29,876 [INFO] Speed Mode: fast
2026-06-01 04:50:29,876 [INFO] Work Dir: /home/runner/work/steam-diploma/steam-diploma/data/snapshots
2026-06-01 04:50:29,876 [INFO] Base Output Dir: .
2026-06-01 04:50:29,877 [INFO] Page 1 | Collected: 0
2026-06-01 04:50:30,416 [INFO] Pacing: sleep 0.6s
2026-06-01 04:50:31,001 [INFO] Page 2 | Collected: 0
2026-06-01 04:50:31,405 [INFO] Pacing: sleep 0.7s
2026-06-01 04:50:32,135 [INFO] Page 3 | Collected: 0
2026-06-01 04:50:32,471 [INFO] Pacing: sleep 0.9s
2026-06-01 04:50:33,386 [INFO] Page 4 | Collected: 0
2026-06-01 04:50:33,729 [INFO] Pacing: sleep 0.7s
2026-06-01 04:50:34,461 [INFO] Page 5 | Collected: 0
2026-06-01 04:50:34,781 [INFO] Pacing: sleep 1.0s
2026-06-01 04:50:35,778 [INFO] Page 6 | Collected: 0
2026-06-01 04:50:36,080 [INFO] Pacing: sleep 1.3s
2026-06-01 04:50:37,341 [INFO] Page 7 | Collected: 0
2026-06-01 04:50:37,868 [INFO] Pacing: sleep 1.2s
2026-06-01 04:50:39,115 [INFO] Page 8 | Collected: 0
2026-06-01 04:50:39,646 [INFO] Pacing: sleep 1.2s
2026-06-01 04:50:40,892 [INFO] Page 9 | Collected: 0
2026-06-01 04:50:41,258 [INFO] Pacing: sleep 0.6s
2026-06-01 04:50:41,852 [INFO] Page 10 | Collected: 0
2026-06-01 04:50:42,177 [INFO] Pacing: sleep 0.6s
2026-06-01 04:50:42,787 [INFO] Page 11 | Collected: 250
2026-06-01 04:50:43,159 [INFO] Pacing: sleep 1.5s
2026-06-01 04:50:44,632 [INFO] Page 12 | Collected: 250
2026-06-01 04:50:44,971 [INFO] Pacing: sleep 0.9s
2026-06-01 04:50:45,901 [INFO] Page 13 | Collected: 250
2026-06-01 04:50:46,201 [INFO] Pacing: sleep 1.1s
2026-06-01 04:50:47,327 [INFO] Page 14 | Collected: 250
2026-06-01 04:50:47,621 [INFO] Pacing: sleep 1.0s
2026-06-01 04:50:48,626 [INFO] Page 15 | Collected: 250
2026-06-01 04:50:48,993 [INFO] Pacing: sleep 1.1s
2026-06-01 04:50:50,048 [INFO] Page 16 | Collected: 250
2026-06-01 04:50:50,336 [INFO] Pacing: sleep 0.6s
2026-06-01 04:50:50,962 [INFO] Page 17 | Collected: 250
2026-06-01 04:50:51,336 [INFO] Pacing: sleep 0.9s
2026-06-01 04:50:52,258 [INFO] Page 18 | Collected: 250
2026-06-01 04:50:52,534 [INFO] Pacing: sleep 0.7s
2026-06-01 04:50:53,192 [INFO] Page 19 | Collected: 250
2026-06-01 04:50:53,518 [INFO] Pacing: sleep 0.8s
2026-06-01 04:50:54,294 [INFO] Page 20 | Collected: 250
2026-06-01 04:50:54,663 [INFO] Pacing: sleep 1.1s
2026-06-01 04:50:55,747 [INFO] Page 21 | Collected: 500
2026-06-01 04:50:56,023 [INFO] Pacing: sleep 0.8s
2026-06-01 04:50:56,849 [INFO] Page 22 | Collected: 500
2026-06-01 04:50:57,242 [INFO] Pacing: sleep 0.6s
2026-06-01 04:50:57,848 [INFO] Page 23 | Collected: 500
2026-06-01 04:50:58,158 [INFO] Pacing: sleep 1.2s
2026-06-01 04:50:59,310 [INFO] Page 24 | Collected: 500
2026-06-01 04:50:59,618 [INFO] Pacing: sleep 1.3s
2026-06-01 04:51:00,956 [INFO] Page 25 | Collected: 500
2026-06-01 04:51:01,390 [INFO] Pacing: sleep 0.7s
2026-06-01 04:51:02,135 [INFO] Page 26 | Collected: 500
2026-06-01 04:51:02,529 [INFO] Pacing: sleep 1.4s
2026-06-01 04:51:03,894 [INFO] Page 27 | Collected: 500
2026-06-01 04:51:04,277 [INFO] Pacing: sleep 0.5s
2026-06-01 04:51:04,787 [INFO] Page 28 | Collected: 500
2026-06-01 04:51:05,087 [INFO] Pacing: sleep 0.5s
2026-06-01 04:51:05,609 [INFO] Page 29 | Collected: 500
2026-06-01 04:51:05,918 [INFO] Pacing: sleep 1.4s
2026-06-01 04:51:07,298 [INFO] Page 30 | Collected: 500
2026-06-01 04:51:07,706 [INFO] Pacing: sleep 1.0s
2026-06-01 04:51:08,676 [INFO] Page 31 | Collected: 750
2026-06-01 04:51:08,943 [WARNING] Block detected on page 31: HTTP 429
2026-06-01 04:51:08,943 [INFO] Saved raw HTML for debugging: blocked_0031.html
2026-06-01 04:51:08,943 [WARNING] Initiating ADAPTIVE THROTTLING. Sleeping 180s, switching to SAFE mode.
2026-06-01 04:54:08,943 [INFO] Pacing: sleep 55.0s | Short Cooldown: 50.6s
2026-06-01 04:55:03,969 [INFO] Page 31 | Collected: 750
2026-06-01 04:55:04,246 [INFO] Pacing: sleep 4.9s
2026-06-01 04:55:09,115 [INFO] Page 32 | Collected: 750
2026-06-01 04:55:09,500 [INFO] Pacing: sleep 7.1s
2026-06-01 04:55:16,650 [INFO] Page 33 | Collected: 750
2026-06-01 04:55:16,990 [INFO] Pacing: sleep 4.2s
2026-06-01 04:55:21,238 [INFO] Page 34 | Collected: 750
2026-06-01 04:55:21,537 [INFO] Pacing: sleep 6.4s
2026-06-01 04:55:27,925 [INFO] Page 35 | Collected: 750
2026-06-01 04:55:28,303 [INFO] Pacing: sleep 7.8s
2026-06-01 04:55:36,064 [INFO] Page 36 | Collected: 750
2026-06-01 04:55:36,384 [INFO] Pacing: sleep 6.7s
2026-06-01 04:55:43,106 [INFO] Page 37 | Collected: 750
2026-06-01 04:55:43,408 [INFO] Pacing: sleep 4.1s
2026-06-01 04:55:47,489 [INFO] Page 38 | Collected: 750
2026-06-01 04:55:47,835 [INFO] Pacing: sleep 6.8s
2026-06-01 04:55:54,654 [INFO] Page 39 | Collected: 750
2026-06-01 04:55:54,945 [INFO] Pacing: sleep 5.9s
2026-06-01 04:56:00,858 [INFO] Page 40 | Collected: 750
2026-06-01 04:56:01,208 [INFO] Pacing: sleep 184.5s | Long Cooldown: 179.2s
2026-06-01 04:59:05,717 [INFO] Page 41 | Collected: 1000
2026-06-01 04:59:06,006 [INFO] Pacing: sleep 4.2s
2026-06-01 04:59:10,181 [INFO] Page 42 | Collected: 1000
2026-06-01 04:59:10,478 [INFO] Pacing: sleep 6.5s
2026-06-01 04:59:16,987 [INFO] Page 43 | Collected: 1000
2026-06-01 04:59:17,349 [INFO] Pacing: sleep 5.6s
2026-06-01 04:59:22,958 [INFO] Page 44 | Collected: 1000
2026-06-01 04:59:23,231 [INFO] Pacing: sleep 7.0s
2026-06-01 04:59:30,182 [INFO] Page 45 | Collected: 1000
2026-06-01 04:59:30,518 [INFO] Pacing: sleep 4.8s
2026-06-01 04:59:35,283 [INFO] Page 46 | Collected: 1000
2026-06-01 04:59:35,583 [INFO] Pacing: sleep 4.6s
2026-06-01 04:59:40,194 [INFO] Page 47 | Collected: 1000
2026-06-01 04:59:40,568 [INFO] Pacing: sleep 6.2s
2026-06-01 04:59:46,757 [INFO] Page 48 | Collected: 1000
2026-06-01 04:59:47,125 [INFO] Pacing: sleep 7.4s
2026-06-01 04:59:54,491 [INFO] Page 49 | Collected: 1000
2026-06-01 04:59:54,778 [INFO] Pacing: sleep 5.4s
2026-06-01 05:00:00,209 [INFO] Page 50 | Collected: 1000
2026-06-01 05:00:00,506 [INFO] Pacing: sleep 48.5s | Short Cooldown: 41.7s
2026-06-01 05:00:48,984 [INFO] Page 51 | Collected: 1250
2026-06-01 05:00:49,409 [INFO] Pacing: sleep 5.6s
2026-06-01 05:00:54,965 [INFO] Page 52 | Collected: 1250
2026-06-01 05:00:55,330 [INFO] Pacing: sleep 5.7s
2026-06-01 05:01:01,035 [INFO] Page 53 | Collected: 1250
2026-06-01 05:01:01,391 [INFO] Pacing: sleep 6.0s
2026-06-01 05:01:07,349 [INFO] Page 54 | Collected: 1250
2026-06-01 05:01:07,819 [INFO] Pacing: sleep 6.1s
2026-06-01 05:01:13,882 [INFO] Page 55 | Collected: 1250
2026-06-01 05:01:14,203 [INFO] Pacing: sleep 4.3s
2026-06-01 05:01:18,512 [INFO] Page 56 | Collected: 1250
2026-06-01 05:01:18,877 [INFO] Pacing: sleep 4.8s
2026-06-01 05:01:23,668 [INFO] Page 57 | Collected: 1250
2026-06-01 05:01:24,264 [INFO] Pacing: sleep 6.8s
2026-06-01 05:01:31,028 [INFO] Page 58 | Collected: 1250
2026-06-01 05:01:31,367 [INFO] Pacing: sleep 7.4s
2026-06-01 05:01:38,742 [INFO] Page 59 | Collected: 1250
2026-06-01 05:01:39,156 [INFO] Pacing: sleep 7.7s
2026-06-01 05:01:46,865 [INFO] Page 60 | Collected: 1250
2026-06-01 05:01:47,148 [INFO] Pacing: sleep 44.4s | Short Cooldown: 39.1s
2026-06-01 05:02:31,580 [INFO] Page 61 | Collected: 1500
2026-06-01 05:02:31,984 [INFO] Pacing: sleep 4.1s
2026-06-01 05:02:36,095 [INFO] Page 62 | Collected: 1500
2026-06-01 05:02:36,396 [INFO] Pacing: sleep 5.9s
2026-06-01 05:02:42,254 [INFO] Page 63 | Collected: 1500
2026-06-01 05:02:42,590 [INFO] Pacing: sleep 5.8s
2026-06-01 05:02:48,384 [INFO] Page 64 | Collected: 1500
2026-06-01 05:02:48,677 [INFO] Pacing: sleep 6.5s
2026-06-01 05:02:55,172 [INFO] Page 65 | Collected: 1500
2026-06-01 05:02:55,466 [INFO] Pacing: sleep 4.5s
2026-06-01 05:02:59,971 [INFO] Page 66 | Collected: 1500
2026-06-01 05:03:00,339 [INFO] Pacing: sleep 8.0s
2026-06-01 05:03:08,309 [INFO] Page 67 | Collected: 1500
2026-06-01 05:03:08,640 [INFO] Pacing: sleep 5.6s
2026-06-01 05:03:14,214 [INFO] Page 68 | Collected: 1500
2026-06-01 05:03:14,570 [INFO] Pacing: sleep 4.1s
2026-06-01 05:03:18,695 [INFO] Page 69 | Collected: 1500
2026-06-01 05:03:19,082 [INFO] Pacing: sleep 7.5s
2026-06-01 05:03:26,632 [INFO] Page 70 | Collected: 1500
2026-06-01 05:03:26,933 [INFO] Pacing: sleep 60.7s | Short Cooldown: 54.8s
2026-06-01 05:04:27,627 [INFO] Page 71 | Collected: 1750
2026-06-01 05:04:27,996 [INFO] Pacing: sleep 7.2s
2026-06-01 05:04:35,174 [INFO] Page 72 | Collected: 1750
2026-06-01 05:04:35,549 [INFO] Pacing: sleep 4.4s
2026-06-01 05:04:39,999 [INFO] Page 73 | Collected: 1750
2026-06-01 05:04:40,305 [INFO] Pacing: sleep 5.6s
2026-06-01 05:04:45,952 [INFO] Page 74 | Collected: 1750
2026-06-01 05:04:46,307 [INFO] Pacing: sleep 4.7s
2026-06-01 05:04:51,056 [INFO] Page 75 | Collected: 1750
2026-06-01 05:04:51,370 [INFO] Pacing: sleep 6.7s
2026-06-01 05:04:58,054 [INFO] Page 76 | Collected: 1750
2026-06-01 05:04:58,456 [INFO] Pacing: sleep 6.1s
2026-06-01 05:05:04,512 [INFO] Page 77 | Collected: 1750
2026-06-01 05:05:04,812 [INFO] Pacing: sleep 7.3s
2026-06-01 05:05:12,151 [INFO] Page 78 | Collected: 1750
2026-06-01 05:05:12,449 [INFO] Pacing: sleep 6.1s
2026-06-01 05:05:18,552 [INFO] Page 79 | Collected: 1750
2026-06-01 05:05:18,905 [INFO] Pacing: sleep 6.1s
2026-06-01 05:05:24,984 [INFO] Page 80 | Collected: 1750
2026-06-01 05:05:25,300 [INFO] Pacing: sleep 140.5s | Long Cooldown: 136.2s
2026-06-01 05:07:45,847 [INFO] Page 81 | Collected: 2000
2026-06-01 05:07:46,177 [INFO] Pacing: sleep 7.5s
2026-06-01 05:07:53,718 [INFO] Page 82 | Collected: 2000
2026-06-01 05:07:54,011 [INFO] Pacing: sleep 7.7s
2026-06-01 05:08:01,753 [INFO] Page 83 | Collected: 2000
2026-06-01 05:08:02,079 [WARNING] Page 83 had 1 duplicate appids seen previously.
2026-06-01 05:08:02,079 [INFO] Pacing: sleep 7.7s
2026-06-01 05:08:09,760 [INFO] Page 84 | Collected: 2000
2026-06-01 05:08:10,180 [INFO] Pacing: sleep 7.8s
2026-06-01 05:08:17,984 [INFO] Page 85 | Collected: 2000
2026-06-01 05:08:18,271 [INFO] Pacing: sleep 7.6s
2026-06-01 05:08:25,880 [INFO] Page 86 | Collected: 2000
2026-06-01 05:08:26,177 [INFO] Pacing: sleep 6.5s
2026-06-01 05:08:32,688 [INFO] Page 87 | Collected: 2000
2026-06-01 05:08:33,025 [INFO] Pacing: sleep 6.5s
2026-06-01 05:08:39,547 [INFO] Page 88 | Collected: 2000
2026-06-01 05:08:39,871 [INFO] Pacing: sleep 5.2s
2026-06-01 05:08:45,024 [INFO] Page 89 | Collected: 2000
2026-06-01 05:08:45,401 [INFO] Pacing: sleep 7.5s
2026-06-01 05:08:52,903 [INFO] Page 90 | Collected: 2000
2026-06-01 05:08:53,184 [INFO] Pacing: sleep 58.0s | Short Cooldown: 51.6s
2026-06-01 05:09:51,138 [INFO] Page 91 | Collected: 2250
2026-06-01 05:09:51,445 [INFO] Pacing: sleep 4.3s
2026-06-01 05:09:55,700 [INFO] Page 92 | Collected: 2250
2026-06-01 05:09:56,073 [INFO] Pacing: sleep 7.7s
2026-06-01 05:10:03,798 [INFO] Page 93 | Collected: 2250
2026-06-01 05:10:04,151 [INFO] Pacing: sleep 7.8s
2026-06-01 05:10:11,947 [INFO] Page 94 | Collected: 2250
2026-06-01 05:10:12,323 [INFO] Pacing: sleep 6.1s
2026-06-01 05:10:18,467 [INFO] Page 95 | Collected: 2250
2026-06-01 05:10:18,851 [INFO] Pacing: sleep 6.4s
2026-06-01 05:10:25,203 [INFO] Page 96 | Collected: 2250
2026-06-01 05:10:25,506 [INFO] Pacing: sleep 6.3s
2026-06-01 05:10:31,852 [INFO] Page 97 | Collected: 2250
2026-06-01 05:10:32,225 [INFO] Pacing: sleep 6.9s
2026-06-01 05:10:39,143 [INFO] Page 98 | Collected: 2250
2026-06-01 05:10:39,428 [INFO] Pacing: sleep 4.9s
2026-06-01 05:10:44,364 [INFO] Page 99 | Collected: 2250
2026-06-01 05:10:44,779 [INFO] Pacing: sleep 6.4s
2026-06-01 05:10:51,170 [INFO] Page 100 | Collected: 2250
2026-06-01 05:10:51,445 [INFO] Pacing: sleep 47.7s | Short Cooldown: 43.2s
2026-06-01 05:11:39,110 [INFO] Page 101 | Collected: 2500
2026-06-01 05:11:39,400 [INFO] Pacing: sleep 4.6s
2026-06-01 05:11:43,971 [INFO] Page 102 | Collected: 2500
2026-06-01 05:11:44,329 [INFO] Pacing: sleep 7.4s
2026-06-01 05:11:51,768 [INFO] Page 103 | Collected: 2500
2026-06-01 05:11:52,056 [INFO] Pacing: sleep 4.3s
2026-06-01 05:11:56,386 [INFO] Page 104 | Collected: 2500
2026-06-01 05:11:56,731 [INFO] Pacing: sleep 7.6s
2026-06-01 05:12:04,287 [INFO] Page 105 | Collected: 2500
2026-06-01 05:12:04,837 [INFO] Pacing: sleep 6.4s
2026-06-01 05:12:11,249 [INFO] Page 106 | Collected: 2500
2026-06-01 05:12:11,542 [INFO] Pacing: sleep 5.2s
2026-06-01 05:12:16,777 [INFO] Page 107 | Collected: 2500
2026-06-01 05:12:17,342 [INFO] Pacing: sleep 6.7s
2026-06-01 05:12:24,024 [INFO] Page 108 | Collected: 2500
2026-06-01 05:12:24,311 [INFO] Pacing: sleep 4.6s
2026-06-01 05:12:28,874 [INFO] Page 109 | Collected: 2500
2026-06-01 05:12:29,231 [INFO] Pacing: sleep 6.2s
2026-06-01 05:12:35,456 [INFO] Page 110 | Collected: 2500
2026-06-01 05:12:35,875 [INFO] Pacing: sleep 37.2s | Short Cooldown: 31.8s
2026-06-01 05:13:13,030 [INFO] Page 111 | Collected: 2750
2026-06-01 05:13:13,311 [INFO] Pacing: sleep 6.0s
2026-06-01 05:13:19,336 [INFO] Page 112 | Collected: 2750
2026-06-01 05:13:19,696 [INFO] Pacing: sleep 4.7s
2026-06-01 05:13:24,443 [INFO] Page 113 | Collected: 2750
2026-06-01 05:13:24,731 [INFO] Pacing: sleep 5.6s
2026-06-01 05:13:30,314 [INFO] Page 114 | Collected: 2750
2026-06-01 05:13:30,630 [INFO] Pacing: sleep 5.4s
2026-06-01 05:13:36,008 [INFO] Page 115 | Collected: 2750
2026-06-01 05:13:36,355 [INFO] Pacing: sleep 7.0s
2026-06-01 05:13:43,350 [INFO] Page 116 | Collected: 2750
2026-06-01 05:13:43,678 [INFO] Pacing: sleep 4.1s
2026-06-01 05:13:47,784 [INFO] Page 117 | Collected: 2750
2026-06-01 05:13:48,249 [INFO] Pacing: sleep 6.4s
2026-06-01 05:13:54,616 [INFO] Page 118 | Collected: 2750
2026-06-01 05:13:54,900 [INFO] Pacing: sleep 7.3s
2026-06-01 05:14:02,237 [INFO] Page 119 | Collected: 2750
2026-06-01 05:14:02,520 [INFO] Pacing: sleep 7.1s
2026-06-01 05:14:09,649 [INFO] Page 120 | Collected: 2750
2026-06-01 05:14:10,004 [INFO] Crawl stopped. Reason: max_games_reached. Finalizing...
2026-06-01 05:14:10,004 [INFO] Merging intermediate pages from work_dir: /home/runner/work/steam-diploma/steam-diploma/data/snapshots/data/snapshots/_in_progress/0a276a24-ca8d-4261-9c89-42d0c6ebd72a
2026-06-01 05:14:10,030 [WARNING] Found 1 duplicate appids across the snapshot.
