2026-07-09 15:21:56,550 [INFO] Steam Snapshot Collector Started.
2026-07-09 15:21:56,550 [INFO] Speed Mode: fast
2026-07-09 15:21:56,550 [INFO] Work Dir: /home/runner/work/steam-diploma/steam-diploma/data/snapshots
2026-07-09 15:21:56,550 [INFO] Base Output Dir: .
2026-07-09 15:21:56,550 [INFO] Page 1 | Collected: 0
2026-07-09 15:21:56,972 [INFO] Pacing: sleep 1.4s
2026-07-09 15:21:58,421 [INFO] Page 2 | Collected: 0
2026-07-09 15:21:58,874 [INFO] Pacing: sleep 1.0s
2026-07-09 15:21:59,871 [INFO] Page 3 | Collected: 0
2026-07-09 15:22:00,160 [INFO] Pacing: sleep 0.9s
2026-07-09 15:22:01,032 [INFO] Page 4 | Collected: 0
2026-07-09 15:22:01,499 [INFO] Pacing: sleep 0.9s
2026-07-09 15:22:02,432 [INFO] Page 5 | Collected: 0
2026-07-09 15:22:02,719 [INFO] Pacing: sleep 0.5s
2026-07-09 15:22:03,244 [INFO] Page 6 | Collected: 0
2026-07-09 15:22:03,524 [INFO] Pacing: sleep 1.1s
2026-07-09 15:22:04,583 [INFO] Page 7 | Collected: 0
2026-07-09 15:22:04,944 [INFO] Pacing: sleep 1.1s
2026-07-09 15:22:06,054 [INFO] Page 8 | Collected: 0
2026-07-09 15:22:06,419 [INFO] Pacing: sleep 1.4s
2026-07-09 15:22:07,790 [INFO] Page 9 | Collected: 0
2026-07-09 15:22:08,154 [INFO] Pacing: sleep 0.7s
2026-07-09 15:22:08,855 [INFO] Page 10 | Collected: 0
2026-07-09 15:22:09,181 [INFO] Pacing: sleep 1.1s
2026-07-09 15:22:10,235 [INFO] Page 11 | Collected: 250
2026-07-09 15:22:10,522 [INFO] Pacing: sleep 1.4s
2026-07-09 15:22:11,969 [INFO] Page 12 | Collected: 250
2026-07-09 15:22:12,446 [INFO] Pacing: sleep 0.9s
2026-07-09 15:22:13,343 [INFO] Page 13 | Collected: 250
2026-07-09 15:22:13,653 [INFO] Pacing: sleep 1.0s
2026-07-09 15:22:14,622 [INFO] Page 14 | Collected: 250
2026-07-09 15:22:14,925 [INFO] Pacing: sleep 0.6s
2026-07-09 15:22:15,544 [INFO] Page 15 | Collected: 250
2026-07-09 15:22:15,933 [INFO] Pacing: sleep 1.3s
2026-07-09 15:22:17,211 [INFO] Page 16 | Collected: 250
2026-07-09 15:22:17,487 [INFO] Pacing: sleep 1.1s
2026-07-09 15:22:18,615 [INFO] Page 17 | Collected: 250
2026-07-09 15:22:19,044 [INFO] Pacing: sleep 1.4s
2026-07-09 15:22:20,439 [INFO] Page 18 | Collected: 250
2026-07-09 15:22:20,761 [INFO] Pacing: sleep 1.1s
2026-07-09 15:22:21,858 [INFO] Page 19 | Collected: 250
2026-07-09 15:22:22,207 [INFO] Pacing: sleep 1.0s
2026-07-09 15:22:23,253 [INFO] Page 20 | Collected: 250
2026-07-09 15:22:23,783 [INFO] Pacing: sleep 1.0s
2026-07-09 15:22:24,830 [INFO] Page 21 | Collected: 500
2026-07-09 15:22:25,210 [INFO] Pacing: sleep 1.3s
2026-07-09 15:22:26,523 [INFO] Page 22 | Collected: 500
2026-07-09 15:22:26,859 [INFO] Pacing: sleep 1.0s
2026-07-09 15:22:27,906 [INFO] Page 23 | Collected: 500
2026-07-09 15:22:28,215 [INFO] Pacing: sleep 0.9s
2026-07-09 15:22:29,148 [INFO] Page 24 | Collected: 500
2026-07-09 15:22:29,417 [INFO] Pacing: sleep 0.7s
2026-07-09 15:22:30,162 [INFO] Page 25 | Collected: 500
2026-07-09 15:22:30,522 [INFO] Pacing: sleep 0.8s
2026-07-09 15:22:31,281 [INFO] Page 26 | Collected: 500
2026-07-09 15:22:31,559 [INFO] Pacing: sleep 1.3s
2026-07-09 15:22:32,852 [INFO] Page 27 | Collected: 500
2026-07-09 15:22:33,159 [INFO] Pacing: sleep 1.2s
2026-07-09 15:22:34,310 [INFO] Page 28 | Collected: 500
2026-07-09 15:22:34,676 [INFO] Pacing: sleep 0.6s
2026-07-09 15:22:35,268 [INFO] Page 29 | Collected: 500
2026-07-09 15:22:35,586 [INFO] Pacing: sleep 1.3s
2026-07-09 15:22:36,884 [INFO] Page 30 | Collected: 500
2026-07-09 15:22:37,262 [INFO] Pacing: sleep 1.3s
2026-07-09 15:22:38,574 [INFO] Page 31 | Collected: 750
2026-07-09 15:22:38,656 [WARNING] Block detected on page 31: HTTP 429
2026-07-09 15:22:38,656 [INFO] Saved raw HTML for debugging: blocked_0031.html
2026-07-09 15:22:38,656 [WARNING] Initiating ADAPTIVE THROTTLING. Sleeping 180s, switching to SAFE mode.
2026-07-09 15:25:38,656 [INFO] Pacing: sleep 62.6s | Short Cooldown: 57.7s
2026-07-09 15:26:41,295 [INFO] Page 31 | Collected: 750
2026-07-09 15:26:41,578 [INFO] Pacing: sleep 7.7s
2026-07-09 15:26:49,292 [INFO] Page 32 | Collected: 750
2026-07-09 15:26:49,675 [INFO] Pacing: sleep 7.1s
2026-07-09 15:26:56,743 [INFO] Page 33 | Collected: 750
2026-07-09 15:26:57,271 [INFO] Pacing: sleep 7.6s
2026-07-09 15:27:04,831 [INFO] Page 34 | Collected: 750
2026-07-09 15:27:05,142 [INFO] Pacing: sleep 5.0s
2026-07-09 15:27:10,105 [INFO] Page 35 | Collected: 750
2026-07-09 15:27:10,453 [INFO] Pacing: sleep 4.1s
2026-07-09 15:27:14,546 [INFO] Page 36 | Collected: 750
2026-07-09 15:27:14,827 [INFO] Pacing: sleep 4.8s
2026-07-09 15:27:19,607 [INFO] Page 37 | Collected: 750
2026-07-09 15:27:19,914 [INFO] Pacing: sleep 7.5s
2026-07-09 15:27:27,377 [INFO] Page 38 | Collected: 750
2026-07-09 15:27:27,761 [INFO] Pacing: sleep 4.7s
2026-07-09 15:27:32,499 [INFO] Page 39 | Collected: 750
2026-07-09 15:27:32,813 [INFO] Pacing: sleep 5.9s
2026-07-09 15:27:38,741 [INFO] Page 40 | Collected: 750
2026-07-09 15:27:39,061 [INFO] Pacing: sleep 158.7s | Long Cooldown: 153.2s
2026-07-09 15:30:17,773 [INFO] Page 41 | Collected: 1000
2026-07-09 15:30:18,118 [INFO] Pacing: sleep 6.0s
2026-07-09 15:30:24,088 [INFO] Page 42 | Collected: 1000
2026-07-09 15:30:24,396 [INFO] Pacing: sleep 5.8s
2026-07-09 15:30:30,191 [INFO] Page 43 | Collected: 1000
2026-07-09 15:30:30,629 [INFO] Pacing: sleep 8.0s
2026-07-09 15:30:38,609 [INFO] Page 44 | Collected: 1000
2026-07-09 15:30:38,946 [INFO] Pacing: sleep 6.1s
2026-07-09 15:30:45,001 [INFO] Page 45 | Collected: 1000
2026-07-09 15:30:45,410 [INFO] Pacing: sleep 7.2s
2026-07-09 15:30:52,594 [INFO] Page 46 | Collected: 1000
2026-07-09 15:30:53,035 [INFO] Pacing: sleep 4.8s
2026-07-09 15:30:57,844 [INFO] Page 47 | Collected: 1000
2026-07-09 15:30:58,194 [INFO] Pacing: sleep 4.5s
2026-07-09 15:31:02,740 [INFO] Page 48 | Collected: 1000
2026-07-09 15:31:03,083 [INFO] Pacing: sleep 7.9s
2026-07-09 15:31:10,990 [INFO] Page 49 | Collected: 1000
2026-07-09 15:31:12,679 [INFO] Pacing: sleep 5.3s
2026-07-09 15:31:17,990 [INFO] Page 50 | Collected: 1000
2026-07-09 15:31:18,282 [INFO] Pacing: sleep 38.1s | Short Cooldown: 31.3s
2026-07-09 15:31:56,356 [INFO] Page 51 | Collected: 1250
2026-07-09 15:31:56,791 [INFO] Pacing: sleep 5.7s
2026-07-09 15:32:02,532 [INFO] Page 52 | Collected: 1250
2026-07-09 15:32:02,850 [INFO] Pacing: sleep 5.4s
2026-07-09 15:32:08,293 [INFO] Page 53 | Collected: 1250
2026-07-09 15:32:08,717 [INFO] Pacing: sleep 5.0s
2026-07-09 15:32:13,749 [INFO] Page 54 | Collected: 1250
2026-07-09 15:32:13,907 [WARNING] Block detected on page 54: Suspicious term found: 'captcha'
2026-07-09 15:32:13,908 [INFO] Saved raw HTML for debugging: blocked_0054.html
2026-07-09 15:32:13,908 [ERROR] Blocked again even after safe mode. Stopping gracefully.
2026-07-09 15:32:13,908 [INFO] Crawl stopped. Reason: adaptive_throttle_failed_page_54. Finalizing...
2026-07-09 15:32:13,909 [INFO] Merging intermediate pages from work_dir: /home/runner/work/steam-diploma/steam-diploma/data/snapshots/data/snapshots/_in_progress/3a4977d4-e12f-4b35-8b1a-716b5ac98f29
