2026-07-18 02:53:08,967 [INFO] Steam Snapshot Collector Started.
2026-07-18 02:53:08,967 [INFO] Speed Mode: fast
2026-07-18 02:53:08,968 [INFO] Work Dir: /home/runner/work/steam-diploma/steam-diploma/data/snapshots
2026-07-18 02:53:08,968 [INFO] Base Output Dir: .
2026-07-18 02:53:08,968 [INFO] Page 1 | Collected: 0
2026-07-18 02:53:09,345 [INFO] Pacing: sleep 0.8s
2026-07-18 02:53:10,141 [INFO] Page 2 | Collected: 0
2026-07-18 02:53:10,435 [INFO] Pacing: sleep 1.4s
2026-07-18 02:53:11,787 [INFO] Page 3 | Collected: 0
2026-07-18 02:53:12,075 [INFO] Pacing: sleep 1.4s
2026-07-18 02:53:13,437 [INFO] Page 4 | Collected: 0
2026-07-18 02:53:13,777 [INFO] Pacing: sleep 0.9s
2026-07-18 02:53:14,701 [INFO] Page 5 | Collected: 0
2026-07-18 02:53:15,164 [INFO] Pacing: sleep 1.2s
2026-07-18 02:53:16,375 [INFO] Page 6 | Collected: 0
2026-07-18 02:53:16,658 [INFO] Pacing: sleep 1.2s
2026-07-18 02:53:17,894 [INFO] Page 7 | Collected: 0
2026-07-18 02:53:18,239 [INFO] Pacing: sleep 1.4s
2026-07-18 02:53:19,605 [INFO] Page 8 | Collected: 0
2026-07-18 02:53:19,867 [INFO] Pacing: sleep 0.9s
2026-07-18 02:53:20,761 [INFO] Page 9 | Collected: 0
2026-07-18 02:53:21,170 [INFO] Pacing: sleep 0.7s
2026-07-18 02:53:21,860 [INFO] Page 10 | Collected: 0
2026-07-18 02:53:22,152 [INFO] Pacing: sleep 1.2s
2026-07-18 02:53:23,334 [INFO] Page 11 | Collected: 250
2026-07-18 02:53:23,617 [INFO] Pacing: sleep 1.4s
2026-07-18 02:53:25,012 [INFO] Page 12 | Collected: 250
2026-07-18 02:53:25,412 [INFO] Pacing: sleep 1.5s
2026-07-18 02:53:26,871 [INFO] Page 13 | Collected: 250
2026-07-18 02:53:27,135 [INFO] Pacing: sleep 0.6s
2026-07-18 02:53:27,766 [INFO] Page 14 | Collected: 250
2026-07-18 02:53:28,052 [INFO] Pacing: sleep 1.3s
2026-07-18 02:53:29,393 [INFO] Page 15 | Collected: 250
2026-07-18 02:53:29,784 [INFO] Pacing: sleep 1.3s
2026-07-18 02:53:31,121 [INFO] Page 16 | Collected: 250
2026-07-18 02:53:31,421 [INFO] Pacing: sleep 1.2s
2026-07-18 02:53:32,644 [INFO] Page 17 | Collected: 250
2026-07-18 02:53:32,993 [INFO] Pacing: sleep 1.0s
2026-07-18 02:53:34,026 [INFO] Page 18 | Collected: 250
2026-07-18 02:53:34,330 [INFO] Pacing: sleep 1.1s
2026-07-18 02:53:35,428 [INFO] Page 19 | Collected: 250
2026-07-18 02:53:35,746 [INFO] Pacing: sleep 0.7s
2026-07-18 02:53:36,451 [INFO] Page 20 | Collected: 250
2026-07-18 02:53:36,835 [INFO] Pacing: sleep 1.0s
2026-07-18 02:53:37,865 [INFO] Page 21 | Collected: 500
2026-07-18 02:53:38,159 [INFO] Pacing: sleep 0.9s
2026-07-18 02:53:39,083 [INFO] Page 22 | Collected: 500
2026-07-18 02:53:39,408 [INFO] Pacing: sleep 0.9s
2026-07-18 02:53:40,343 [INFO] Page 23 | Collected: 500
2026-07-18 02:53:40,604 [INFO] Pacing: sleep 0.9s
2026-07-18 02:53:41,543 [INFO] Page 24 | Collected: 500
2026-07-18 02:53:41,834 [INFO] Pacing: sleep 1.5s
2026-07-18 02:53:43,329 [INFO] Page 25 | Collected: 500
2026-07-18 02:53:43,688 [INFO] Pacing: sleep 0.6s
2026-07-18 02:53:44,251 [INFO] Page 26 | Collected: 500
2026-07-18 02:53:44,514 [INFO] Pacing: sleep 0.5s
2026-07-18 02:53:45,029 [INFO] Page 27 | Collected: 500
2026-07-18 02:53:45,333 [INFO] Pacing: sleep 0.7s
2026-07-18 02:53:46,000 [INFO] Page 28 | Collected: 500
2026-07-18 02:53:46,376 [INFO] Pacing: sleep 1.4s
2026-07-18 02:53:47,802 [INFO] Page 29 | Collected: 500
2026-07-18 02:53:48,105 [INFO] Pacing: sleep 0.9s
2026-07-18 02:53:49,038 [INFO] Page 30 | Collected: 500
2026-07-18 02:53:49,447 [INFO] Pacing: sleep 1.0s
2026-07-18 02:53:50,483 [INFO] Page 31 | Collected: 750
2026-07-18 02:53:50,566 [WARNING] Block detected on page 31: HTTP 429
2026-07-18 02:53:50,567 [INFO] Saved raw HTML for debugging: blocked_0031.html
2026-07-18 02:53:50,567 [WARNING] Initiating ADAPTIVE THROTTLING. Sleeping 180s, switching to SAFE mode.
2026-07-18 02:56:50,567 [INFO] Pacing: sleep 52.5s | Short Cooldown: 46.8s
2026-07-18 02:57:43,069 [INFO] Page 31 | Collected: 750
2026-07-18 02:57:43,353 [INFO] Pacing: sleep 5.7s
2026-07-18 02:57:49,033 [INFO] Page 32 | Collected: 750
2026-07-18 02:57:49,322 [INFO] Pacing: sleep 6.0s
2026-07-18 02:57:55,333 [INFO] Page 33 | Collected: 750
2026-07-18 02:57:55,679 [INFO] Pacing: sleep 7.4s
2026-07-18 02:58:03,092 [INFO] Page 34 | Collected: 750
2026-07-18 02:58:03,387 [INFO] Pacing: sleep 6.0s
2026-07-18 02:58:09,371 [INFO] Page 35 | Collected: 750
2026-07-18 02:58:09,710 [INFO] Pacing: sleep 7.7s
2026-07-18 02:58:17,366 [INFO] Page 36 | Collected: 750
2026-07-18 02:58:17,634 [INFO] Pacing: sleep 4.3s
2026-07-18 02:58:21,932 [INFO] Page 37 | Collected: 750
2026-07-18 02:58:22,226 [INFO] Pacing: sleep 5.6s
2026-07-18 02:58:27,781 [INFO] Page 38 | Collected: 750
2026-07-18 02:58:28,164 [INFO] Pacing: sleep 7.1s
2026-07-18 02:58:35,302 [INFO] Page 39 | Collected: 750
2026-07-18 02:58:35,612 [INFO] Pacing: sleep 6.4s
2026-07-18 02:58:41,985 [INFO] Page 40 | Collected: 750
2026-07-18 02:58:42,337 [INFO] Pacing: sleep 161.8s | Long Cooldown: 156.8s
2026-07-18 03:01:24,139 [INFO] Page 41 | Collected: 1000
2026-07-18 03:01:24,441 [INFO] Pacing: sleep 5.2s
2026-07-18 03:01:29,622 [INFO] Page 42 | Collected: 1000
2026-07-18 03:01:29,923 [INFO] Pacing: sleep 6.7s
2026-07-18 03:01:36,581 [INFO] Page 43 | Collected: 1000
2026-07-18 03:01:36,970 [INFO] Pacing: sleep 7.6s
2026-07-18 03:01:44,548 [INFO] Page 44 | Collected: 1000
2026-07-18 03:01:44,825 [INFO] Pacing: sleep 6.4s
2026-07-18 03:01:51,212 [INFO] Page 45 | Collected: 1000
2026-07-18 03:01:51,536 [INFO] Pacing: sleep 6.6s
2026-07-18 03:01:58,137 [INFO] Page 46 | Collected: 1000
2026-07-18 03:01:58,469 [INFO] Pacing: sleep 5.7s
2026-07-18 03:02:04,163 [INFO] Page 47 | Collected: 1000
2026-07-18 03:02:04,423 [INFO] Pacing: sleep 4.2s
2026-07-18 03:02:08,658 [INFO] Page 48 | Collected: 1000
2026-07-18 03:02:09,087 [INFO] Pacing: sleep 7.3s
2026-07-18 03:02:16,375 [INFO] Page 49 | Collected: 1000
2026-07-18 03:02:16,661 [INFO] Pacing: sleep 4.7s
2026-07-18 03:02:21,373 [INFO] Page 50 | Collected: 1000
2026-07-18 03:02:21,551 [WARNING] Block detected on page 50: Suspicious term found: 'captcha'
2026-07-18 03:02:21,552 [INFO] Saved raw HTML for debugging: blocked_0050.html
2026-07-18 03:02:21,552 [ERROR] Blocked again even after safe mode. Stopping gracefully.
2026-07-18 03:02:21,554 [INFO] Crawl stopped. Reason: adaptive_throttle_failed_page_50. Finalizing...
2026-07-18 03:02:21,555 [INFO] Merging intermediate pages from work_dir: /home/runner/work/steam-diploma/steam-diploma/data/snapshots/data/snapshots/_in_progress/1640a2dd-81a7-4cf5-b360-fe6c506dfe34
