2026-05-28 04:08:15,387 [INFO] Steam Snapshot Collector Started.
2026-05-28 04:08:15,387 [INFO] Speed Mode: fast
2026-05-28 04:08:15,387 [INFO] Work Dir: /home/runner/work/steam-diploma/steam-diploma/data/snapshots
2026-05-28 04:08:15,387 [INFO] Base Output Dir: .
2026-05-28 04:08:15,387 [INFO] Page 1 | Collected: 0
2026-05-28 04:08:15,749 [INFO] Pacing: sleep 0.8s
2026-05-28 04:08:16,585 [INFO] Page 2 | Collected: 0
2026-05-28 04:08:16,858 [INFO] Pacing: sleep 0.8s
2026-05-28 04:08:17,669 [INFO] Page 3 | Collected: 0
2026-05-28 04:08:17,963 [INFO] Pacing: sleep 1.4s
2026-05-28 04:08:19,350 [INFO] Page 4 | Collected: 0
2026-05-28 04:08:19,686 [INFO] Pacing: sleep 1.3s
2026-05-28 04:08:20,961 [INFO] Page 5 | Collected: 0
2026-05-28 04:08:21,208 [INFO] Pacing: sleep 1.3s
2026-05-28 04:08:22,461 [INFO] Page 6 | Collected: 0
2026-05-28 04:08:22,711 [INFO] Pacing: sleep 1.0s
2026-05-28 04:08:23,751 [INFO] Page 7 | Collected: 0
2026-05-28 04:08:24,082 [INFO] Pacing: sleep 1.4s
2026-05-28 04:08:25,463 [INFO] Page 8 | Collected: 0
2026-05-28 04:08:25,718 [INFO] Pacing: sleep 0.9s
2026-05-28 04:08:26,621 [INFO] Page 9 | Collected: 0
2026-05-28 04:08:26,948 [INFO] Pacing: sleep 1.3s
2026-05-28 04:08:28,246 [INFO] Page 10 | Collected: 0
2026-05-28 04:08:28,498 [INFO] Pacing: sleep 1.3s
2026-05-28 04:08:29,764 [INFO] Page 11 | Collected: 250
2026-05-28 04:08:30,047 [INFO] Pacing: sleep 0.9s
2026-05-28 04:08:30,983 [INFO] Page 12 | Collected: 250
2026-05-28 04:08:31,315 [INFO] Pacing: sleep 1.0s
2026-05-28 04:08:32,329 [INFO] Page 13 | Collected: 250
2026-05-28 04:08:32,597 [INFO] Pacing: sleep 1.5s
2026-05-28 04:08:34,079 [INFO] Page 14 | Collected: 250
2026-05-28 04:08:34,347 [INFO] Pacing: sleep 0.7s
2026-05-28 04:08:35,092 [INFO] Page 15 | Collected: 250
2026-05-28 04:08:35,424 [INFO] Pacing: sleep 1.0s
2026-05-28 04:08:36,444 [INFO] Page 16 | Collected: 250
2026-05-28 04:08:36,703 [INFO] Pacing: sleep 1.0s
2026-05-28 04:08:37,655 [INFO] Page 17 | Collected: 250
2026-05-28 04:08:37,985 [INFO] Pacing: sleep 1.4s
2026-05-28 04:08:39,386 [INFO] Page 18 | Collected: 250
2026-05-28 04:08:39,628 [INFO] Pacing: sleep 1.0s
2026-05-28 04:08:40,623 [INFO] Page 19 | Collected: 250
2026-05-28 04:08:40,893 [INFO] Pacing: sleep 1.0s
2026-05-28 04:08:41,879 [INFO] Page 20 | Collected: 250
2026-05-28 04:08:42,230 [INFO] Pacing: sleep 1.4s
2026-05-28 04:08:43,620 [INFO] Page 21 | Collected: 500
2026-05-28 04:08:43,907 [INFO] Pacing: sleep 1.4s
2026-05-28 04:08:45,356 [INFO] Page 22 | Collected: 500
2026-05-28 04:08:45,717 [INFO] Pacing: sleep 1.4s
2026-05-28 04:08:47,099 [INFO] Page 23 | Collected: 500
2026-05-28 04:08:47,342 [INFO] Pacing: sleep 1.5s
2026-05-28 04:08:48,793 [INFO] Page 24 | Collected: 500
2026-05-28 04:08:49,036 [INFO] Pacing: sleep 1.1s
2026-05-28 04:08:50,095 [INFO] Page 25 | Collected: 500
2026-05-28 04:08:50,437 [INFO] Pacing: sleep 0.9s
2026-05-28 04:08:51,330 [INFO] Page 26 | Collected: 500
2026-05-28 04:08:51,592 [INFO] Pacing: sleep 1.1s
2026-05-28 04:08:52,650 [INFO] Page 27 | Collected: 500
2026-05-28 04:08:52,994 [INFO] Pacing: sleep 1.0s
2026-05-28 04:08:53,950 [INFO] Page 28 | Collected: 500
2026-05-28 04:08:54,216 [INFO] Pacing: sleep 0.5s
2026-05-28 04:08:54,734 [INFO] Page 29 | Collected: 500
2026-05-28 04:08:54,994 [INFO] Pacing: sleep 0.5s
2026-05-28 04:08:55,501 [INFO] Page 30 | Collected: 500
2026-05-28 04:08:55,834 [INFO] Pacing: sleep 1.1s
2026-05-28 04:08:56,907 [INFO] Page 31 | Collected: 750
2026-05-28 04:08:56,979 [WARNING] Block detected on page 31: HTTP 429
2026-05-28 04:08:56,979 [INFO] Saved raw HTML for debugging: blocked_0031.html
2026-05-28 04:08:56,979 [WARNING] Initiating ADAPTIVE THROTTLING. Sleeping 180s, switching to SAFE mode.
2026-05-28 04:11:56,979 [INFO] Pacing: sleep 49.0s | Short Cooldown: 41.8s
2026-05-28 04:12:45,974 [INFO] Page 31 | Collected: 750
2026-05-28 04:12:46,243 [INFO] Pacing: sleep 7.4s
2026-05-28 04:12:53,646 [INFO] Page 32 | Collected: 750
2026-05-28 04:12:53,906 [INFO] Pacing: sleep 4.8s
2026-05-28 04:12:58,657 [INFO] Page 33 | Collected: 750
2026-05-28 04:12:59,000 [INFO] Pacing: sleep 4.7s
2026-05-28 04:13:03,655 [INFO] Page 34 | Collected: 750
2026-05-28 04:13:03,912 [INFO] Pacing: sleep 6.3s
2026-05-28 04:13:10,197 [INFO] Page 35 | Collected: 750
2026-05-28 04:13:10,548 [INFO] Pacing: sleep 5.9s
2026-05-28 04:13:16,471 [INFO] Page 36 | Collected: 750
2026-05-28 04:13:16,737 [INFO] Pacing: sleep 4.7s
2026-05-28 04:13:21,401 [INFO] Page 37 | Collected: 750
2026-05-28 04:13:21,651 [INFO] Pacing: sleep 5.6s
2026-05-28 04:13:27,273 [INFO] Page 38 | Collected: 750
2026-05-28 04:13:27,655 [INFO] Pacing: sleep 7.7s
2026-05-28 04:13:35,340 [INFO] Page 39 | Collected: 750
2026-05-28 04:13:35,593 [INFO] Pacing: sleep 6.9s
2026-05-28 04:13:42,517 [INFO] Page 40 | Collected: 750
2026-05-28 04:13:42,863 [INFO] Pacing: sleep 191.1s | Long Cooldown: 183.3s
2026-05-28 04:16:53,996 [INFO] Page 41 | Collected: 1000
2026-05-28 04:16:54,250 [INFO] Pacing: sleep 7.1s
2026-05-28 04:17:01,359 [INFO] Page 42 | Collected: 1000
2026-05-28 04:17:01,607 [INFO] Pacing: sleep 6.9s
2026-05-28 04:17:08,484 [INFO] Page 43 | Collected: 1000
2026-05-28 04:17:08,882 [INFO] Pacing: sleep 5.7s
2026-05-28 04:17:14,569 [INFO] Page 44 | Collected: 1000
2026-05-28 04:17:14,840 [INFO] Pacing: sleep 5.6s
2026-05-28 04:17:20,473 [INFO] Page 45 | Collected: 1000
2026-05-28 04:17:20,829 [INFO] Pacing: sleep 6.1s
2026-05-28 04:17:26,952 [INFO] Page 46 | Collected: 1000
2026-05-28 04:17:27,206 [INFO] Pacing: sleep 5.1s
2026-05-28 04:17:32,344 [INFO] Page 47 | Collected: 1000
2026-05-28 04:17:32,621 [INFO] Pacing: sleep 4.8s
2026-05-28 04:17:37,402 [INFO] Page 48 | Collected: 1000
2026-05-28 04:17:37,754 [INFO] Pacing: sleep 6.0s
2026-05-28 04:17:43,798 [INFO] Page 49 | Collected: 1000
2026-05-28 04:17:44,054 [INFO] Pacing: sleep 4.9s
2026-05-28 04:17:48,916 [INFO] Page 50 | Collected: 1000
2026-05-28 04:17:49,167 [INFO] Pacing: sleep 55.0s | Short Cooldown: 49.3s
2026-05-28 04:18:44,163 [INFO] Page 51 | Collected: 1250
2026-05-28 04:18:44,534 [INFO] Pacing: sleep 7.4s
2026-05-28 04:18:51,968 [INFO] Page 52 | Collected: 1250
2026-05-28 04:18:52,232 [INFO] Pacing: sleep 7.4s
2026-05-28 04:18:59,631 [INFO] Page 53 | Collected: 1250
2026-05-28 04:18:59,977 [INFO] Pacing: sleep 5.6s
2026-05-28 04:19:05,556 [INFO] Page 54 | Collected: 1250
2026-05-28 04:19:05,831 [INFO] Pacing: sleep 7.5s
2026-05-28 04:19:13,334 [INFO] Page 55 | Collected: 1250
2026-05-28 04:19:13,594 [INFO] Pacing: sleep 4.1s
2026-05-28 04:19:17,671 [INFO] Page 56 | Collected: 1250
2026-05-28 04:19:18,018 [INFO] Pacing: sleep 4.9s
2026-05-28 04:19:22,885 [INFO] Page 57 | Collected: 1250
2026-05-28 04:19:23,153 [INFO] Pacing: sleep 6.6s
2026-05-28 04:19:29,778 [INFO] Page 58 | Collected: 1250
2026-05-28 04:19:30,116 [INFO] Pacing: sleep 4.6s
2026-05-28 04:19:34,750 [INFO] Page 59 | Collected: 1250
2026-05-28 04:19:35,012 [INFO] Pacing: sleep 7.8s
2026-05-28 04:19:42,859 [INFO] Page 60 | Collected: 1250
2026-05-28 04:19:43,142 [INFO] Pacing: sleep 45.0s | Short Cooldown: 37.3s
2026-05-28 04:20:28,118 [INFO] Page 61 | Collected: 1500
2026-05-28 04:20:28,478 [INFO] Pacing: sleep 5.4s
2026-05-28 04:20:33,907 [INFO] Page 62 | Collected: 1500
2026-05-28 04:20:34,166 [INFO] Pacing: sleep 7.3s
2026-05-28 04:20:41,505 [INFO] Page 63 | Collected: 1500
2026-05-28 04:20:41,892 [INFO] Pacing: sleep 4.4s
2026-05-28 04:20:46,306 [INFO] Page 64 | Collected: 1500
2026-05-28 04:20:46,584 [INFO] Pacing: sleep 6.4s
2026-05-28 04:20:52,942 [INFO] Page 65 | Collected: 1500
2026-05-28 04:20:53,193 [INFO] Pacing: sleep 6.2s
2026-05-28 04:20:59,353 [INFO] Page 66 | Collected: 1500
2026-05-28 04:20:59,736 [INFO] Pacing: sleep 5.7s
2026-05-28 04:21:05,477 [INFO] Page 67 | Collected: 1500
2026-05-28 04:21:05,722 [INFO] Pacing: sleep 4.8s
2026-05-28 04:21:10,483 [INFO] Page 68 | Collected: 1500
2026-05-28 04:21:10,725 [INFO] Pacing: sleep 4.7s
2026-05-28 04:21:15,424 [INFO] Page 69 | Collected: 1500
2026-05-28 04:21:15,777 [INFO] Pacing: sleep 5.4s
2026-05-28 04:21:21,136 [INFO] Page 70 | Collected: 1500
2026-05-28 04:21:21,409 [INFO] Pacing: sleep 42.1s | Short Cooldown: 36.7s
2026-05-28 04:22:03,492 [INFO] Page 71 | Collected: 1750
2026-05-28 04:22:03,828 [INFO] Pacing: sleep 5.9s
2026-05-28 04:22:09,762 [INFO] Page 72 | Collected: 1750
2026-05-28 04:22:10,007 [INFO] Pacing: sleep 7.3s
2026-05-28 04:22:17,319 [INFO] Page 73 | Collected: 1750
2026-05-28 04:22:17,599 [INFO] Pacing: sleep 4.2s
2026-05-28 04:22:21,827 [INFO] Page 74 | Collected: 1750
2026-05-28 04:22:22,258 [INFO] Pacing: sleep 5.3s
2026-05-28 04:22:27,555 [INFO] Page 75 | Collected: 1750
2026-05-28 04:22:27,809 [INFO] Pacing: sleep 6.8s
2026-05-28 04:22:34,608 [INFO] Page 76 | Collected: 1750
2026-05-28 04:22:34,951 [INFO] Pacing: sleep 5.2s
2026-05-28 04:22:40,177 [INFO] Page 77 | Collected: 1750
2026-05-28 04:22:40,432 [INFO] Pacing: sleep 7.6s
2026-05-28 04:22:48,063 [INFO] Page 78 | Collected: 1750
2026-05-28 04:22:48,329 [INFO] Pacing: sleep 5.7s
2026-05-28 04:22:53,980 [INFO] Page 79 | Collected: 1750
2026-05-28 04:22:54,377 [INFO] Pacing: sleep 7.8s
2026-05-28 04:23:02,160 [INFO] Page 80 | Collected: 1750
2026-05-28 04:23:02,416 [INFO] Pacing: sleep 204.5s | Long Cooldown: 198.7s
2026-05-28 04:26:26,952 [INFO] Page 81 | Collected: 2000
2026-05-28 04:26:27,298 [INFO] Pacing: sleep 7.0s
2026-05-28 04:26:34,321 [INFO] Page 82 | Collected: 2000
2026-05-28 04:26:34,570 [INFO] Pacing: sleep 4.0s
2026-05-28 04:26:38,612 [INFO] Page 83 | Collected: 2000
2026-05-28 04:26:38,867 [INFO] Pacing: sleep 5.4s
2026-05-28 04:26:44,237 [INFO] Page 84 | Collected: 2000
2026-05-28 04:26:44,639 [INFO] Pacing: sleep 7.2s
2026-05-28 04:26:51,865 [INFO] Page 85 | Collected: 2000
2026-05-28 04:26:52,112 [INFO] Pacing: sleep 4.3s
2026-05-28 04:26:56,385 [INFO] Page 86 | Collected: 2000
2026-05-28 04:26:56,650 [INFO] Pacing: sleep 6.1s
2026-05-28 04:27:02,789 [INFO] Page 87 | Collected: 2000
2026-05-28 04:27:03,163 [INFO] Pacing: sleep 4.9s
2026-05-28 04:27:08,092 [INFO] Page 88 | Collected: 2000
2026-05-28 04:27:08,355 [INFO] Pacing: sleep 6.5s
2026-05-28 04:27:14,848 [INFO] Page 89 | Collected: 2000
2026-05-28 04:27:15,200 [INFO] Pacing: sleep 6.0s
2026-05-28 04:27:21,154 [INFO] Page 90 | Collected: 2000
2026-05-28 04:27:21,419 [INFO] Pacing: sleep 50.2s | Short Cooldown: 44.2s
2026-05-28 04:28:11,646 [INFO] Page 91 | Collected: 2250
2026-05-28 04:28:11,899 [INFO] Pacing: sleep 4.9s
2026-05-28 04:28:16,820 [INFO] Page 92 | Collected: 2250
2026-05-28 04:28:17,212 [INFO] Pacing: sleep 4.3s
2026-05-28 04:28:21,465 [INFO] Page 93 | Collected: 2250
2026-05-28 04:28:21,722 [INFO] Pacing: sleep 7.8s
2026-05-28 04:28:29,488 [INFO] Page 94 | Collected: 2250
2026-05-28 04:28:29,857 [INFO] Pacing: sleep 8.0s
2026-05-28 04:28:37,841 [INFO] Page 95 | Collected: 2250
2026-05-28 04:28:38,117 [INFO] Pacing: sleep 7.2s
2026-05-28 04:28:45,313 [INFO] Page 96 | Collected: 2250
2026-05-28 04:28:45,561 [INFO] Pacing: sleep 4.1s
2026-05-28 04:28:49,695 [INFO] Page 97 | Collected: 2250
2026-05-28 04:28:50,057 [INFO] Pacing: sleep 8.0s
2026-05-28 04:28:58,020 [INFO] Page 98 | Collected: 2250
2026-05-28 04:28:58,275 [INFO] Pacing: sleep 4.2s
2026-05-28 04:29:02,486 [INFO] Page 99 | Collected: 2250
2026-05-28 04:29:02,830 [INFO] Pacing: sleep 6.7s
2026-05-28 04:29:09,483 [INFO] Page 100 | Collected: 2250
2026-05-28 04:29:09,753 [INFO] Pacing: sleep 35.8s | Short Cooldown: 30.1s
2026-05-28 04:29:45,549 [INFO] Page 101 | Collected: 2500
2026-05-28 04:29:45,816 [INFO] Pacing: sleep 7.4s
2026-05-28 04:29:53,236 [INFO] Page 102 | Collected: 2500
2026-05-28 04:29:53,631 [INFO] Pacing: sleep 4.6s
2026-05-28 04:29:58,186 [INFO] Page 103 | Collected: 2500
2026-05-28 04:29:58,455 [INFO] Pacing: sleep 6.4s
2026-05-28 04:30:04,815 [INFO] Page 104 | Collected: 2500
2026-05-28 04:30:05,088 [INFO] Pacing: sleep 5.6s
2026-05-28 04:30:10,699 [INFO] Page 105 | Collected: 2500
2026-05-28 04:30:11,082 [INFO] Pacing: sleep 6.9s
2026-05-28 04:30:17,955 [INFO] Page 106 | Collected: 2500
2026-05-28 04:30:18,232 [INFO] Pacing: sleep 6.4s
2026-05-28 04:30:24,663 [INFO] Page 107 | Collected: 2500
2026-05-28 04:30:25,008 [INFO] Pacing: sleep 5.5s
2026-05-28 04:30:30,468 [INFO] Page 108 | Collected: 2500
2026-05-28 04:30:30,742 [INFO] Pacing: sleep 4.1s
2026-05-28 04:30:34,849 [INFO] Page 109 | Collected: 2500
2026-05-28 04:30:35,116 [INFO] Pacing: sleep 6.2s
2026-05-28 04:30:41,319 [INFO] Page 110 | Collected: 2500
2026-05-28 04:30:41,666 [INFO] Pacing: sleep 36.6s | Short Cooldown: 30.8s
2026-05-28 04:31:18,303 [INFO] Page 111 | Collected: 2750
2026-05-28 04:31:18,586 [INFO] Pacing: sleep 6.9s
2026-05-28 04:31:25,448 [INFO] Page 112 | Collected: 2750
2026-05-28 04:31:25,794 [INFO] Pacing: sleep 5.1s
2026-05-28 04:31:30,924 [INFO] Page 113 | Collected: 2750
2026-05-28 04:31:31,178 [INFO] Pacing: sleep 4.5s
2026-05-28 04:31:35,634 [INFO] Page 114 | Collected: 2750
2026-05-28 04:31:35,899 [INFO] Pacing: sleep 4.7s
2026-05-28 04:31:40,639 [INFO] Page 115 | Collected: 2750
2026-05-28 04:31:40,987 [INFO] Pacing: sleep 7.3s
2026-05-28 04:31:48,304 [INFO] Page 116 | Collected: 2750
2026-05-28 04:31:48,568 [INFO] Pacing: sleep 5.4s
2026-05-28 04:31:53,964 [INFO] Page 117 | Collected: 2750
2026-05-28 04:31:54,338 [INFO] Pacing: sleep 7.9s
2026-05-28 04:32:02,256 [INFO] Page 118 | Collected: 2750
2026-05-28 04:32:02,524 [INFO] Pacing: sleep 7.9s
2026-05-28 04:32:10,443 [INFO] Page 119 | Collected: 2750
2026-05-28 04:32:10,691 [INFO] Pacing: sleep 4.2s
2026-05-28 04:32:14,924 [INFO] Page 120 | Collected: 2750
2026-05-28 04:32:15,353 [INFO] Crawl stopped. Reason: max_games_reached. Finalizing...
2026-05-28 04:32:15,354 [INFO] Merging intermediate pages from work_dir: /home/runner/work/steam-diploma/steam-diploma/data/snapshots/data/snapshots/_in_progress/3b62e6ba-8b0e-403c-90d2-a2d0124a816f
