2026-07-08 03:21:49,002 [INFO] Steam Snapshot Collector Started.
2026-07-08 03:21:49,002 [INFO] Speed Mode: fast
2026-07-08 03:21:49,002 [INFO] Work Dir: /home/runner/work/steam-diploma/steam-diploma/data/snapshots
2026-07-08 03:21:49,003 [INFO] Base Output Dir: .
2026-07-08 03:21:49,003 [INFO] Page 1 | Collected: 0
2026-07-08 03:21:49,328 [INFO] Pacing: sleep 0.8s
2026-07-08 03:21:50,083 [INFO] Page 2 | Collected: 0
2026-07-08 03:21:50,419 [INFO] Pacing: sleep 1.2s
2026-07-08 03:21:51,632 [INFO] Page 3 | Collected: 0
2026-07-08 03:21:51,867 [INFO] Pacing: sleep 1.4s
2026-07-08 03:21:53,293 [INFO] Page 4 | Collected: 0
2026-07-08 03:21:53,752 [INFO] Pacing: sleep 0.8s
2026-07-08 03:21:54,574 [INFO] Page 5 | Collected: 0
2026-07-08 03:21:54,958 [INFO] Pacing: sleep 1.1s
2026-07-08 03:21:56,097 [INFO] Page 6 | Collected: 0
2026-07-08 03:21:56,346 [INFO] Pacing: sleep 1.4s
2026-07-08 03:21:57,719 [INFO] Page 7 | Collected: 0
2026-07-08 03:21:58,182 [INFO] Pacing: sleep 0.9s
2026-07-08 03:21:59,064 [INFO] Page 8 | Collected: 0
2026-07-08 03:21:59,385 [INFO] Pacing: sleep 1.2s
2026-07-08 03:22:00,559 [INFO] Page 9 | Collected: 0
2026-07-08 03:22:01,052 [INFO] Pacing: sleep 0.5s
2026-07-08 03:22:01,601 [INFO] Page 10 | Collected: 0
2026-07-08 03:22:01,962 [INFO] Pacing: sleep 1.0s
2026-07-08 03:22:02,934 [INFO] Page 11 | Collected: 250
2026-07-08 03:22:03,466 [INFO] Pacing: sleep 1.3s
2026-07-08 03:22:04,718 [INFO] Page 12 | Collected: 250
2026-07-08 03:22:05,124 [INFO] Pacing: sleep 0.9s
2026-07-08 03:22:06,047 [INFO] Page 13 | Collected: 250
2026-07-08 03:22:06,354 [INFO] Pacing: sleep 0.9s
2026-07-08 03:22:07,238 [INFO] Page 14 | Collected: 250
2026-07-08 03:22:07,598 [INFO] Pacing: sleep 1.5s
2026-07-08 03:22:09,065 [INFO] Page 15 | Collected: 250
2026-07-08 03:22:09,627 [INFO] Pacing: sleep 1.4s
2026-07-08 03:22:11,044 [INFO] Page 16 | Collected: 250
2026-07-08 03:22:11,290 [INFO] Pacing: sleep 1.4s
2026-07-08 03:22:12,669 [INFO] Page 17 | Collected: 250
2026-07-08 03:22:13,078 [INFO] Pacing: sleep 0.7s
2026-07-08 03:22:13,736 [INFO] Page 18 | Collected: 250
2026-07-08 03:22:13,981 [INFO] Pacing: sleep 1.2s
2026-07-08 03:22:15,199 [INFO] Page 19 | Collected: 250
2026-07-08 03:22:15,474 [INFO] Pacing: sleep 0.8s
2026-07-08 03:22:16,303 [INFO] Page 20 | Collected: 250
2026-07-08 03:22:16,617 [INFO] Pacing: sleep 1.3s
2026-07-08 03:22:17,875 [INFO] Page 21 | Collected: 500
2026-07-08 03:22:18,096 [INFO] Pacing: sleep 1.3s
2026-07-08 03:22:19,410 [INFO] Page 22 | Collected: 500
2026-07-08 03:22:19,727 [INFO] Pacing: sleep 1.3s
2026-07-08 03:22:21,048 [INFO] Page 23 | Collected: 500
2026-07-08 03:22:21,289 [INFO] Pacing: sleep 1.0s
2026-07-08 03:22:22,251 [INFO] Page 24 | Collected: 500
2026-07-08 03:22:22,478 [INFO] Pacing: sleep 0.6s
2026-07-08 03:22:23,113 [INFO] Page 25 | Collected: 500
2026-07-08 03:22:23,586 [INFO] Pacing: sleep 0.5s
2026-07-08 03:22:24,112 [INFO] Page 26 | Collected: 500
2026-07-08 03:22:24,332 [INFO] Pacing: sleep 0.9s
2026-07-08 03:22:25,239 [INFO] Page 27 | Collected: 500
2026-07-08 03:22:25,509 [INFO] Pacing: sleep 1.0s
2026-07-08 03:22:26,467 [INFO] Page 28 | Collected: 500
2026-07-08 03:22:26,775 [INFO] Pacing: sleep 1.2s
2026-07-08 03:22:28,004 [INFO] Page 29 | Collected: 500
2026-07-08 03:22:28,259 [INFO] Pacing: sleep 0.8s
2026-07-08 03:22:29,055 [INFO] Page 30 | Collected: 500
2026-07-08 03:22:29,346 [INFO] Pacing: sleep 1.4s
2026-07-08 03:22:30,789 [INFO] Page 31 | Collected: 750
2026-07-08 03:22:30,831 [WARNING] Block detected on page 31: HTTP 429
2026-07-08 03:22:30,832 [INFO] Saved raw HTML for debugging: blocked_0031.html
2026-07-08 03:22:30,832 [WARNING] Initiating ADAPTIVE THROTTLING. Sleeping 180s, switching to SAFE mode.
2026-07-08 03:25:30,832 [INFO] Pacing: sleep 49.8s | Short Cooldown: 45.2s
2026-07-08 03:26:20,594 [INFO] Page 31 | Collected: 750
2026-07-08 03:26:20,841 [INFO] Pacing: sleep 7.4s
2026-07-08 03:26:28,287 [INFO] Page 32 | Collected: 750
2026-07-08 03:26:28,518 [INFO] Pacing: sleep 7.1s
2026-07-08 03:26:35,627 [INFO] Page 33 | Collected: 750
2026-07-08 03:26:35,918 [INFO] Pacing: sleep 7.1s
2026-07-08 03:26:43,026 [INFO] Page 34 | Collected: 750
2026-07-08 03:26:43,280 [INFO] Pacing: sleep 5.4s
2026-07-08 03:26:48,696 [INFO] Page 35 | Collected: 750
2026-07-08 03:26:48,989 [INFO] Pacing: sleep 5.3s
2026-07-08 03:26:54,289 [INFO] Page 36 | Collected: 750
2026-07-08 03:26:54,532 [INFO] Pacing: sleep 7.7s
2026-07-08 03:27:02,253 [INFO] Page 37 | Collected: 750
2026-07-08 03:27:02,492 [INFO] Pacing: sleep 6.1s
2026-07-08 03:27:08,583 [INFO] Page 38 | Collected: 750
2026-07-08 03:27:08,883 [INFO] Pacing: sleep 7.3s
2026-07-08 03:27:16,191 [INFO] Page 39 | Collected: 750
2026-07-08 03:27:16,436 [INFO] Pacing: sleep 6.7s
2026-07-08 03:27:23,169 [INFO] Page 40 | Collected: 750
2026-07-08 03:27:23,446 [INFO] Pacing: sleep 145.8s | Long Cooldown: 141.4s
2026-07-08 03:29:49,245 [INFO] Page 41 | Collected: 1000
2026-07-08 03:29:49,491 [INFO] Pacing: sleep 5.3s
2026-07-08 03:29:54,811 [INFO] Page 42 | Collected: 1000
2026-07-08 03:29:55,048 [INFO] Pacing: sleep 5.2s
2026-07-08 03:30:00,253 [INFO] Page 43 | Collected: 1000
2026-07-08 03:30:00,579 [INFO] Pacing: sleep 5.1s
2026-07-08 03:30:05,696 [INFO] Page 44 | Collected: 1000
2026-07-08 03:30:05,931 [INFO] Pacing: sleep 7.7s
2026-07-08 03:30:13,610 [INFO] Page 45 | Collected: 1000
2026-07-08 03:30:13,829 [INFO] Pacing: sleep 4.8s
2026-07-08 03:30:18,674 [INFO] Page 46 | Collected: 1000
2026-07-08 03:30:18,965 [INFO] Pacing: sleep 4.6s
2026-07-08 03:30:23,549 [INFO] Page 47 | Collected: 1000
2026-07-08 03:30:23,928 [INFO] Pacing: sleep 4.0s
2026-07-08 03:30:27,964 [INFO] Page 48 | Collected: 1000
2026-07-08 03:30:28,260 [INFO] Pacing: sleep 4.9s
2026-07-08 03:30:33,118 [INFO] Page 49 | Collected: 1000
2026-07-08 03:30:33,364 [INFO] Pacing: sleep 5.3s
2026-07-08 03:30:38,617 [INFO] Page 50 | Collected: 1000
2026-07-08 03:30:38,847 [INFO] Pacing: sleep 43.0s | Short Cooldown: 38.7s
2026-07-08 03:31:21,850 [INFO] Page 51 | Collected: 1250
2026-07-08 03:31:22,235 [INFO] Pacing: sleep 7.2s
2026-07-08 03:31:29,402 [INFO] Page 52 | Collected: 1250
2026-07-08 03:31:29,649 [INFO] Pacing: sleep 7.4s
2026-07-08 03:31:37,099 [INFO] Page 53 | Collected: 1250
2026-07-08 03:31:37,393 [INFO] Pacing: sleep 4.6s
2026-07-08 03:31:42,040 [INFO] Page 54 | Collected: 1250
2026-07-08 03:31:42,254 [INFO] Pacing: sleep 7.0s
2026-07-08 03:31:49,249 [INFO] Page 55 | Collected: 1250
2026-07-08 03:31:49,475 [INFO] Pacing: sleep 6.9s
2026-07-08 03:31:56,370 [INFO] Page 56 | Collected: 1250
2026-07-08 03:31:56,484 [WARNING] Block detected on page 56: Suspicious term found: 'captcha'
2026-07-08 03:31:56,484 [INFO] Saved raw HTML for debugging: blocked_0056.html
2026-07-08 03:31:56,484 [ERROR] Blocked again even after safe mode. Stopping gracefully.
2026-07-08 03:31:56,486 [INFO] Crawl stopped. Reason: adaptive_throttle_failed_page_56. Finalizing...
2026-07-08 03:31:56,486 [INFO] Merging intermediate pages from work_dir: /home/runner/work/steam-diploma/steam-diploma/data/snapshots/data/snapshots/_in_progress/6c76a7c1-1d28-4d8e-b3f7-fdd821a8898c
