2026-05-28 16:13:09,679 [INFO] Steam Snapshot Collector Started.
2026-05-28 16:13:09,679 [INFO] Speed Mode: fast
2026-05-28 16:13:09,679 [INFO] Work Dir: /home/runner/work/steam-diploma/steam-diploma/data/snapshots
2026-05-28 16:13:09,679 [INFO] Base Output Dir: .
2026-05-28 16:13:09,680 [INFO] Page 1 | Collected: 0
2026-05-28 16:13:10,149 [INFO] Pacing: sleep 1.2s
2026-05-28 16:13:11,346 [INFO] Page 2 | Collected: 0
2026-05-28 16:13:11,659 [INFO] Pacing: sleep 1.3s
2026-05-28 16:13:13,004 [INFO] Page 3 | Collected: 0
2026-05-28 16:13:13,284 [INFO] Pacing: sleep 1.3s
2026-05-28 16:13:14,622 [INFO] Page 4 | Collected: 0
2026-05-28 16:13:14,935 [INFO] Pacing: sleep 1.3s
2026-05-28 16:13:16,259 [INFO] Page 5 | Collected: 0
2026-05-28 16:13:16,530 [INFO] Pacing: sleep 0.8s
2026-05-28 16:13:17,317 [INFO] Page 6 | Collected: 0
2026-05-28 16:13:17,592 [INFO] Pacing: sleep 0.7s
2026-05-28 16:13:18,323 [INFO] Page 7 | Collected: 0
2026-05-28 16:13:18,640 [INFO] Pacing: sleep 0.6s
2026-05-28 16:13:19,214 [INFO] Page 8 | Collected: 0
2026-05-28 16:13:19,474 [INFO] Pacing: sleep 1.3s
2026-05-28 16:13:20,772 [INFO] Page 9 | Collected: 0
2026-05-28 16:13:21,132 [INFO] Pacing: sleep 0.9s
2026-05-28 16:13:22,071 [INFO] Page 10 | Collected: 0
2026-05-28 16:13:22,430 [INFO] Pacing: sleep 0.8s
2026-05-28 16:13:23,186 [INFO] Page 11 | Collected: 250
2026-05-28 16:13:23,524 [INFO] Pacing: sleep 1.5s
2026-05-28 16:13:25,009 [INFO] Page 12 | Collected: 250
2026-05-28 16:13:25,361 [INFO] Pacing: sleep 0.6s
2026-05-28 16:13:25,970 [INFO] Page 13 | Collected: 250
2026-05-28 16:13:26,233 [INFO] Pacing: sleep 0.7s
2026-05-28 16:13:26,955 [INFO] Page 14 | Collected: 250
2026-05-28 16:13:27,226 [INFO] Pacing: sleep 0.8s
2026-05-28 16:13:28,007 [INFO] Page 15 | Collected: 250
2026-05-28 16:13:28,473 [INFO] Pacing: sleep 1.2s
2026-05-28 16:13:29,672 [INFO] Page 16 | Collected: 250
2026-05-28 16:13:30,062 [INFO] Pacing: sleep 1.3s
2026-05-28 16:13:31,314 [INFO] Page 17 | Collected: 250
2026-05-28 16:13:31,789 [INFO] Pacing: sleep 1.1s
2026-05-28 16:13:32,931 [INFO] Page 18 | Collected: 250
2026-05-28 16:13:33,207 [INFO] Pacing: sleep 1.0s
2026-05-28 16:13:34,204 [INFO] Page 19 | Collected: 250
2026-05-28 16:13:34,595 [INFO] Pacing: sleep 1.1s
2026-05-28 16:13:35,694 [INFO] Page 20 | Collected: 250
2026-05-28 16:13:36,180 [INFO] Pacing: sleep 0.9s
2026-05-28 16:13:37,044 [INFO] Page 21 | Collected: 500
2026-05-28 16:13:37,439 [INFO] Pacing: sleep 1.3s
2026-05-28 16:13:38,695 [INFO] Page 22 | Collected: 500
2026-05-28 16:13:39,129 [INFO] Pacing: sleep 1.1s
2026-05-28 16:13:40,250 [INFO] Page 23 | Collected: 500
2026-05-28 16:13:40,604 [INFO] Pacing: sleep 0.6s
2026-05-28 16:13:41,217 [INFO] Page 24 | Collected: 500
2026-05-28 16:13:41,579 [INFO] Pacing: sleep 0.6s
2026-05-28 16:13:42,208 [INFO] Page 25 | Collected: 500
2026-05-28 16:13:42,613 [INFO] Pacing: sleep 1.4s
2026-05-28 16:13:44,047 [INFO] Page 26 | Collected: 500
2026-05-28 16:13:44,337 [INFO] Pacing: sleep 0.9s
2026-05-28 16:13:45,230 [INFO] Page 27 | Collected: 500
2026-05-28 16:13:45,625 [INFO] Pacing: sleep 0.8s
2026-05-28 16:13:46,463 [INFO] Page 28 | Collected: 500
2026-05-28 16:13:46,799 [INFO] Pacing: sleep 0.9s
2026-05-28 16:13:47,688 [INFO] Page 29 | Collected: 500
2026-05-28 16:13:47,958 [INFO] Pacing: sleep 0.8s
2026-05-28 16:13:48,743 [INFO] Page 30 | Collected: 500
2026-05-28 16:13:49,131 [INFO] Pacing: sleep 1.2s
2026-05-28 16:13:50,365 [INFO] Page 31 | Collected: 750
2026-05-28 16:13:50,466 [WARNING] Block detected on page 31: HTTP 429
2026-05-28 16:13:50,466 [INFO] Saved raw HTML for debugging: blocked_0031.html
2026-05-28 16:13:50,466 [WARNING] Initiating ADAPTIVE THROTTLING. Sleeping 180s, switching to SAFE mode.
2026-05-28 16:16:50,466 [INFO] Pacing: sleep 62.1s | Short Cooldown: 56.0s
2026-05-28 16:17:52,539 [INFO] Page 31 | Collected: 750
2026-05-28 16:17:52,795 [INFO] Pacing: sleep 4.7s
2026-05-28 16:17:57,494 [INFO] Page 32 | Collected: 750
2026-05-28 16:17:57,774 [INFO] Pacing: sleep 5.3s
2026-05-28 16:18:03,047 [INFO] Page 33 | Collected: 750
2026-05-28 16:18:03,477 [INFO] Pacing: sleep 7.5s
2026-05-28 16:18:11,006 [INFO] Page 34 | Collected: 750
2026-05-28 16:18:11,352 [INFO] Pacing: sleep 7.2s
2026-05-28 16:18:18,568 [INFO] Page 35 | Collected: 750
2026-05-28 16:18:18,894 [INFO] Pacing: sleep 7.0s
2026-05-28 16:18:25,864 [INFO] Page 36 | Collected: 750
2026-05-28 16:18:26,110 [INFO] Pacing: sleep 5.2s
2026-05-28 16:18:31,284 [INFO] Page 37 | Collected: 750
2026-05-28 16:18:31,667 [INFO] Pacing: sleep 5.9s
2026-05-28 16:18:37,522 [INFO] Page 38 | Collected: 750
2026-05-28 16:18:37,871 [INFO] Pacing: sleep 7.5s
2026-05-28 16:18:45,372 [INFO] Page 39 | Collected: 750
2026-05-28 16:18:45,714 [INFO] Pacing: sleep 5.3s
2026-05-28 16:18:50,977 [INFO] Page 40 | Collected: 750
2026-05-28 16:18:51,289 [WARNING] Page 40 had 1 duplicate appids seen previously.
2026-05-28 16:18:51,292 [INFO] Pacing: sleep 146.3s | Long Cooldown: 140.2s
2026-05-28 16:21:17,633 [INFO] Page 41 | Collected: 1000
2026-05-28 16:21:18,064 [INFO] Pacing: sleep 4.5s
2026-05-28 16:21:22,585 [INFO] Page 42 | Collected: 1000
2026-05-28 16:21:22,926 [INFO] Pacing: sleep 6.2s
2026-05-28 16:21:29,108 [INFO] Page 43 | Collected: 1000
2026-05-28 16:21:29,729 [INFO] Pacing: sleep 7.0s
2026-05-28 16:21:36,754 [INFO] Page 44 | Collected: 1000
2026-05-28 16:21:37,068 [INFO] Pacing: sleep 5.9s
2026-05-28 16:21:42,923 [INFO] Page 45 | Collected: 1000
2026-05-28 16:21:43,241 [INFO] Pacing: sleep 4.9s
2026-05-28 16:21:48,111 [INFO] Page 46 | Collected: 1000
2026-05-28 16:21:48,399 [INFO] Pacing: sleep 5.8s
2026-05-28 16:21:54,151 [INFO] Page 47 | Collected: 1000
2026-05-28 16:21:54,430 [INFO] Pacing: sleep 7.0s
2026-05-28 16:22:01,418 [INFO] Page 48 | Collected: 1000
2026-05-28 16:22:01,750 [INFO] Pacing: sleep 6.4s
2026-05-28 16:22:08,184 [INFO] Page 49 | Collected: 1000
2026-05-28 16:22:08,507 [INFO] Pacing: sleep 5.5s
2026-05-28 16:22:14,035 [INFO] Page 50 | Collected: 1000
2026-05-28 16:22:14,310 [INFO] Pacing: sleep 40.1s | Short Cooldown: 35.7s
2026-05-28 16:22:54,378 [INFO] Page 51 | Collected: 1250
2026-05-28 16:22:54,815 [INFO] Pacing: sleep 7.6s
2026-05-28 16:23:02,368 [INFO] Page 52 | Collected: 1250
2026-05-28 16:23:02,773 [INFO] Pacing: sleep 7.5s
2026-05-28 16:23:10,255 [INFO] Page 53 | Collected: 1250
2026-05-28 16:23:10,632 [INFO] Pacing: sleep 4.4s
2026-05-28 16:23:15,046 [INFO] Page 54 | Collected: 1250
2026-05-28 16:23:15,334 [INFO] Pacing: sleep 7.0s
2026-05-28 16:23:22,330 [INFO] Page 55 | Collected: 1250
2026-05-28 16:23:22,695 [INFO] Pacing: sleep 7.5s
2026-05-28 16:23:30,160 [INFO] Page 56 | Collected: 1250
2026-05-28 16:23:30,542 [INFO] Pacing: sleep 6.4s
2026-05-28 16:23:36,943 [INFO] Page 57 | Collected: 1250
2026-05-28 16:23:37,221 [INFO] Pacing: sleep 6.9s
2026-05-28 16:23:44,165 [INFO] Page 58 | Collected: 1250
2026-05-28 16:23:44,606 [INFO] Pacing: sleep 6.6s
2026-05-28 16:23:51,158 [INFO] Page 59 | Collected: 1250
2026-05-28 16:23:51,428 [INFO] Pacing: sleep 5.7s
2026-05-28 16:23:57,155 [INFO] Page 60 | Collected: 1250
2026-05-28 16:23:57,431 [INFO] Pacing: sleep 64.0s | Short Cooldown: 56.4s
2026-05-28 16:25:01,417 [INFO] Page 61 | Collected: 1500
2026-05-28 16:25:01,834 [INFO] Pacing: sleep 4.9s
2026-05-28 16:25:06,717 [INFO] Page 62 | Collected: 1500
2026-05-28 16:25:07,020 [INFO] Pacing: sleep 4.5s
2026-05-28 16:25:11,567 [INFO] Page 63 | Collected: 1500
2026-05-28 16:25:11,915 [INFO] Pacing: sleep 5.8s
2026-05-28 16:25:17,762 [INFO] Page 64 | Collected: 1500
2026-05-28 16:25:18,047 [INFO] Pacing: sleep 6.0s
2026-05-28 16:25:24,054 [INFO] Page 65 | Collected: 1500
2026-05-28 16:25:24,421 [INFO] Pacing: sleep 7.2s
2026-05-28 16:25:31,609 [INFO] Page 66 | Collected: 1500
2026-05-28 16:25:31,988 [INFO] Pacing: sleep 5.4s
2026-05-28 16:25:37,342 [INFO] Page 67 | Collected: 1500
2026-05-28 16:25:37,719 [INFO] Pacing: sleep 4.7s
2026-05-28 16:25:42,463 [INFO] Page 68 | Collected: 1500
2026-05-28 16:25:42,762 [INFO] Pacing: sleep 5.1s
2026-05-28 16:25:47,827 [INFO] Page 69 | Collected: 1500
2026-05-28 16:25:48,486 [INFO] Pacing: sleep 7.9s
2026-05-28 16:25:56,424 [INFO] Page 70 | Collected: 1500
2026-05-28 16:25:56,727 [INFO] Pacing: sleep 60.6s | Short Cooldown: 54.1s
2026-05-28 16:26:57,322 [INFO] Page 71 | Collected: 1750
2026-05-28 16:26:57,666 [INFO] Pacing: sleep 5.4s
2026-05-28 16:27:03,093 [INFO] Page 72 | Collected: 1750
2026-05-28 16:27:03,413 [INFO] Pacing: sleep 4.2s
2026-05-28 16:27:07,596 [INFO] Page 73 | Collected: 1750
2026-05-28 16:27:07,941 [INFO] Pacing: sleep 5.6s
2026-05-28 16:27:13,513 [INFO] Page 74 | Collected: 1750
2026-05-28 16:27:13,865 [INFO] Pacing: sleep 6.7s
2026-05-28 16:27:20,611 [INFO] Page 75 | Collected: 1750
2026-05-28 16:27:20,891 [INFO] Pacing: sleep 5.0s
2026-05-28 16:27:25,890 [INFO] Page 76 | Collected: 1750
2026-05-28 16:27:26,270 [INFO] Pacing: sleep 6.7s
2026-05-28 16:27:33,011 [INFO] Page 77 | Collected: 1750
2026-05-28 16:27:33,298 [INFO] Pacing: sleep 4.5s
2026-05-28 16:27:37,834 [INFO] Page 78 | Collected: 1750
2026-05-28 16:27:38,100 [INFO] Pacing: sleep 7.9s
2026-05-28 16:27:45,963 [INFO] Page 79 | Collected: 1750
2026-05-28 16:27:46,339 [INFO] Pacing: sleep 4.1s
2026-05-28 16:27:50,392 [INFO] Page 80 | Collected: 1750
2026-05-28 16:27:50,651 [INFO] Pacing: sleep 154.1s | Long Cooldown: 146.4s
2026-05-28 16:30:24,777 [INFO] Page 81 | Collected: 2000
2026-05-28 16:30:25,185 [INFO] Pacing: sleep 6.9s
2026-05-28 16:30:32,078 [INFO] Page 82 | Collected: 2000
2026-05-28 16:30:32,344 [INFO] Pacing: sleep 4.4s
2026-05-28 16:30:36,762 [INFO] Page 83 | Collected: 2000
2026-05-28 16:30:37,012 [INFO] Pacing: sleep 6.4s
2026-05-28 16:30:43,381 [INFO] Page 84 | Collected: 2000
2026-05-28 16:30:43,726 [INFO] Pacing: sleep 4.1s
2026-05-28 16:30:47,870 [INFO] Page 85 | Collected: 2000
2026-05-28 16:30:48,190 [INFO] Pacing: sleep 5.3s
2026-05-28 16:30:53,487 [INFO] Page 86 | Collected: 2000
2026-05-28 16:30:53,791 [INFO] Pacing: sleep 5.1s
2026-05-28 16:30:58,859 [INFO] Page 87 | Collected: 2000
2026-05-28 16:30:59,171 [INFO] Pacing: sleep 6.1s
2026-05-28 16:31:05,294 [INFO] Page 88 | Collected: 2000
2026-05-28 16:31:05,538 [INFO] Pacing: sleep 8.0s
2026-05-28 16:31:13,509 [INFO] Page 89 | Collected: 2000
2026-05-28 16:31:13,962 [INFO] Pacing: sleep 7.4s
2026-05-28 16:31:21,402 [INFO] Page 90 | Collected: 2000
2026-05-28 16:31:21,646 [INFO] Pacing: sleep 44.7s | Short Cooldown: 38.2s
2026-05-28 16:32:06,345 [INFO] Page 91 | Collected: 2250
2026-05-28 16:32:06,624 [INFO] Pacing: sleep 7.5s
2026-05-28 16:32:14,107 [INFO] Page 92 | Collected: 2250
2026-05-28 16:32:14,480 [INFO] Pacing: sleep 7.5s
2026-05-28 16:32:22,011 [INFO] Page 93 | Collected: 2250
2026-05-28 16:32:22,346 [INFO] Pacing: sleep 7.4s
2026-05-28 16:32:29,773 [INFO] Page 94 | Collected: 2250
2026-05-28 16:32:30,144 [INFO] Pacing: sleep 5.7s
2026-05-28 16:32:35,815 [INFO] Page 95 | Collected: 2250
2026-05-28 16:32:36,099 [INFO] Pacing: sleep 4.6s
2026-05-28 16:32:40,737 [INFO] Page 96 | Collected: 2250
2026-05-28 16:32:41,008 [INFO] Pacing: sleep 5.9s
2026-05-28 16:32:46,903 [INFO] Page 97 | Collected: 2250
2026-05-28 16:32:47,322 [INFO] Pacing: sleep 7.6s
2026-05-28 16:32:54,950 [INFO] Page 98 | Collected: 2250
2026-05-28 16:32:55,233 [INFO] Pacing: sleep 4.2s
2026-05-28 16:32:59,400 [INFO] Page 99 | Collected: 2250
2026-05-28 16:32:59,738 [INFO] Pacing: sleep 7.7s
2026-05-28 16:33:07,476 [INFO] Page 100 | Collected: 2250
2026-05-28 16:33:07,760 [INFO] Pacing: sleep 39.6s | Short Cooldown: 34.4s
2026-05-28 16:33:47,385 [INFO] Page 101 | Collected: 2500
2026-05-28 16:33:47,660 [INFO] Pacing: sleep 7.3s
2026-05-28 16:33:54,992 [INFO] Page 102 | Collected: 2500
2026-05-28 16:33:55,357 [INFO] Pacing: sleep 5.8s
2026-05-28 16:34:01,169 [INFO] Page 103 | Collected: 2500
2026-05-28 16:34:01,457 [INFO] Pacing: sleep 5.7s
2026-05-28 16:34:07,158 [INFO] Page 104 | Collected: 2500
2026-05-28 16:34:07,434 [INFO] Pacing: sleep 6.7s
2026-05-28 16:34:14,137 [INFO] Page 105 | Collected: 2500
2026-05-28 16:34:14,731 [INFO] Pacing: sleep 5.6s
2026-05-28 16:34:20,319 [INFO] Page 106 | Collected: 2500
2026-05-28 16:34:20,600 [INFO] Pacing: sleep 5.1s
2026-05-28 16:34:25,746 [INFO] Page 107 | Collected: 2500
2026-05-28 16:34:26,177 [INFO] Pacing: sleep 5.9s
2026-05-28 16:34:32,038 [INFO] Page 108 | Collected: 2500
2026-05-28 16:34:32,331 [INFO] Pacing: sleep 6.6s
2026-05-28 16:34:38,963 [INFO] Page 109 | Collected: 2500
2026-05-28 16:34:39,274 [INFO] Pacing: sleep 6.7s
2026-05-28 16:34:45,943 [INFO] Page 110 | Collected: 2500
2026-05-28 16:34:46,280 [INFO] Pacing: sleep 42.3s | Short Cooldown: 35.2s
2026-05-28 16:35:28,611 [INFO] Page 111 | Collected: 2750
2026-05-28 16:35:28,919 [INFO] Pacing: sleep 4.3s
2026-05-28 16:35:33,232 [INFO] Page 112 | Collected: 2750
2026-05-28 16:35:33,577 [INFO] Pacing: sleep 4.9s
2026-05-28 16:35:38,438 [INFO] Page 113 | Collected: 2750
2026-05-28 16:35:38,827 [INFO] Pacing: sleep 6.7s
2026-05-28 16:35:45,511 [INFO] Page 114 | Collected: 2750
2026-05-28 16:35:45,825 [INFO] Pacing: sleep 6.9s
2026-05-28 16:35:52,678 [INFO] Page 115 | Collected: 2750
2026-05-28 16:35:53,094 [INFO] Pacing: sleep 4.6s
2026-05-28 16:35:57,690 [INFO] Page 116 | Collected: 2750
2026-05-28 16:35:58,018 [INFO] Pacing: sleep 4.0s
2026-05-28 16:36:02,036 [INFO] Page 117 | Collected: 2750
2026-05-28 16:36:02,399 [INFO] Pacing: sleep 4.8s
2026-05-28 16:36:07,173 [INFO] Page 118 | Collected: 2750
2026-05-28 16:36:07,426 [INFO] Pacing: sleep 6.7s
2026-05-28 16:36:14,175 [INFO] Page 119 | Collected: 2750
2026-05-28 16:36:14,460 [INFO] Pacing: sleep 7.6s
2026-05-28 16:36:22,033 [INFO] Page 120 | Collected: 2750
2026-05-28 16:36:22,554 [INFO] Crawl stopped. Reason: max_games_reached. Finalizing...
2026-05-28 16:36:22,554 [INFO] Merging intermediate pages from work_dir: /home/runner/work/steam-diploma/steam-diploma/data/snapshots/data/snapshots/_in_progress/32fe3ba7-c8c6-44ab-90a7-67a34ca41a74
2026-05-28 16:36:22,581 [WARNING] Found 1 duplicate appids across the snapshot.
