2026-06-17 15:50:19,030 [INFO] Steam Snapshot Collector Started.
2026-06-17 15:50:19,031 [INFO] Speed Mode: fast
2026-06-17 15:50:19,031 [INFO] Work Dir: /home/runner/work/steam-diploma/steam-diploma/data/snapshots
2026-06-17 15:50:19,031 [INFO] Base Output Dir: .
2026-06-17 15:50:19,031 [INFO] Page 1 | Collected: 0
2026-06-17 15:50:19,347 [INFO] Pacing: sleep 1.2s
2026-06-17 15:50:20,558 [INFO] Page 2 | Collected: 0
2026-06-17 15:50:20,947 [INFO] Pacing: sleep 0.8s
2026-06-17 15:50:21,787 [INFO] Page 3 | Collected: 0
2026-06-17 15:50:22,152 [INFO] Pacing: sleep 1.1s
2026-06-17 15:50:23,219 [INFO] Page 4 | Collected: 0
2026-06-17 15:50:23,604 [INFO] Pacing: sleep 0.9s
2026-06-17 15:50:24,548 [INFO] Page 5 | Collected: 0
2026-06-17 15:50:24,801 [INFO] Pacing: sleep 0.8s
2026-06-17 15:50:25,631 [INFO] Page 6 | Collected: 0
2026-06-17 15:50:25,918 [INFO] Pacing: sleep 1.0s
2026-06-17 15:50:26,931 [INFO] Page 7 | Collected: 0
2026-06-17 15:50:27,385 [INFO] Pacing: sleep 1.3s
2026-06-17 15:50:28,680 [INFO] Page 8 | Collected: 0
2026-06-17 15:50:28,985 [INFO] Pacing: sleep 1.1s
2026-06-17 15:50:30,108 [INFO] Page 9 | Collected: 0
2026-06-17 15:50:30,498 [INFO] Pacing: sleep 1.4s
2026-06-17 15:50:31,947 [INFO] Page 10 | Collected: 0
2026-06-17 15:50:32,270 [INFO] Pacing: sleep 1.0s
2026-06-17 15:50:33,287 [INFO] Page 11 | Collected: 250
2026-06-17 15:50:33,582 [INFO] Pacing: sleep 1.3s
2026-06-17 15:50:34,906 [INFO] Page 12 | Collected: 250
2026-06-17 15:50:35,623 [INFO] Pacing: sleep 1.0s
2026-06-17 15:50:36,657 [INFO] Page 13 | Collected: 250
2026-06-17 15:50:36,973 [INFO] Pacing: sleep 0.5s
2026-06-17 15:50:37,522 [INFO] Page 14 | Collected: 250
2026-06-17 15:50:37,877 [INFO] Pacing: sleep 0.8s
2026-06-17 15:50:38,704 [INFO] Page 15 | Collected: 250
2026-06-17 15:50:39,163 [INFO] Pacing: sleep 0.7s
2026-06-17 15:50:39,879 [INFO] Page 16 | Collected: 250
2026-06-17 15:50:40,160 [INFO] Pacing: sleep 0.6s
2026-06-17 15:50:40,717 [INFO] Page 17 | Collected: 250
2026-06-17 15:50:41,104 [INFO] Pacing: sleep 0.6s
2026-06-17 15:50:41,670 [INFO] Page 18 | Collected: 250
2026-06-17 15:50:42,008 [INFO] Pacing: sleep 1.5s
2026-06-17 15:50:43,498 [INFO] Page 19 | Collected: 250
2026-06-17 15:50:43,861 [INFO] Pacing: sleep 1.1s
2026-06-17 15:50:44,935 [INFO] Page 20 | Collected: 250
2026-06-17 15:50:45,342 [INFO] Pacing: sleep 0.7s
2026-06-17 15:50:45,994 [INFO] Page 21 | Collected: 500
2026-06-17 15:50:46,309 [INFO] Pacing: sleep 1.2s
2026-06-17 15:50:47,551 [INFO] Page 22 | Collected: 500
2026-06-17 15:50:47,940 [INFO] Pacing: sleep 1.3s
2026-06-17 15:50:49,227 [INFO] Page 23 | Collected: 500
2026-06-17 15:50:49,485 [INFO] Pacing: sleep 1.3s
2026-06-17 15:50:50,753 [INFO] Page 24 | Collected: 500
2026-06-17 15:50:51,111 [INFO] Pacing: sleep 1.2s
2026-06-17 15:50:52,301 [INFO] Page 25 | Collected: 500
2026-06-17 15:50:52,703 [INFO] Pacing: sleep 0.8s
2026-06-17 15:50:53,530 [INFO] Page 26 | Collected: 500
2026-06-17 15:50:53,836 [INFO] Pacing: sleep 1.1s
2026-06-17 15:50:54,972 [INFO] Page 27 | Collected: 500
2026-06-17 15:50:55,372 [INFO] Pacing: sleep 1.5s
2026-06-17 15:50:56,864 [INFO] Page 28 | Collected: 500
2026-06-17 15:50:57,170 [INFO] Pacing: sleep 0.6s
2026-06-17 15:50:57,775 [INFO] Page 29 | Collected: 500
2026-06-17 15:50:58,087 [INFO] Pacing: sleep 1.4s
2026-06-17 15:50:59,528 [INFO] Page 30 | Collected: 500
2026-06-17 15:51:00,197 [INFO] Pacing: sleep 1.0s
2026-06-17 15:51:01,248 [INFO] Page 31 | Collected: 750
2026-06-17 15:51:01,353 [WARNING] Block detected on page 31: HTTP 429
2026-06-17 15:51:01,353 [INFO] Saved raw HTML for debugging: blocked_0031.html
2026-06-17 15:51:01,353 [WARNING] Initiating ADAPTIVE THROTTLING. Sleeping 180s, switching to SAFE mode.
2026-06-17 15:54:01,353 [INFO] Pacing: sleep 56.9s | Short Cooldown: 50.5s
2026-06-17 15:54:58,274 [INFO] Page 31 | Collected: 750
2026-06-17 15:54:58,572 [INFO] Pacing: sleep 5.4s
2026-06-17 15:55:04,016 [INFO] Page 32 | Collected: 750
2026-06-17 15:55:04,292 [INFO] Pacing: sleep 7.3s
2026-06-17 15:55:11,585 [INFO] Page 33 | Collected: 750
2026-06-17 15:55:12,080 [INFO] Pacing: sleep 5.1s
2026-06-17 15:55:17,164 [INFO] Page 34 | Collected: 750
2026-06-17 15:55:17,438 [INFO] Pacing: sleep 5.7s
2026-06-17 15:55:23,151 [INFO] Page 35 | Collected: 750
2026-06-17 15:55:23,537 [INFO] Pacing: sleep 5.3s
2026-06-17 15:55:28,804 [INFO] Page 36 | Collected: 750
2026-06-17 15:55:29,106 [INFO] Pacing: sleep 7.0s
2026-06-17 15:55:36,086 [INFO] Page 37 | Collected: 750
2026-06-17 15:55:36,388 [INFO] Pacing: sleep 6.6s
2026-06-17 15:55:42,983 [INFO] Page 38 | Collected: 750
2026-06-17 15:55:43,403 [INFO] Pacing: sleep 6.2s
2026-06-17 15:55:49,597 [INFO] Page 39 | Collected: 750
2026-06-17 15:55:49,903 [INFO] Pacing: sleep 6.8s
2026-06-17 15:55:56,659 [INFO] Page 40 | Collected: 750
2026-06-17 15:55:57,123 [INFO] Pacing: sleep 213.3s | Long Cooldown: 205.3s
2026-06-17 15:59:30,460 [INFO] Page 41 | Collected: 1000
2026-06-17 15:59:30,789 [INFO] Pacing: sleep 7.0s
2026-06-17 15:59:37,765 [INFO] Page 42 | Collected: 1000
2026-06-17 15:59:38,048 [INFO] Pacing: sleep 6.6s
2026-06-17 15:59:44,608 [INFO] Page 43 | Collected: 1000
2026-06-17 15:59:45,045 [INFO] Pacing: sleep 4.9s
2026-06-17 15:59:49,923 [INFO] Page 44 | Collected: 1000
2026-06-17 15:59:50,181 [INFO] Pacing: sleep 4.3s
2026-06-17 15:59:54,462 [INFO] Page 45 | Collected: 1000
2026-06-17 15:59:54,857 [INFO] Pacing: sleep 4.9s
2026-06-17 15:59:59,785 [INFO] Page 46 | Collected: 1000
2026-06-17 16:00:00,087 [INFO] Pacing: sleep 6.0s
2026-06-17 16:00:06,071 [INFO] Page 47 | Collected: 1000
2026-06-17 16:00:06,391 [INFO] Pacing: sleep 6.8s
2026-06-17 16:00:13,187 [INFO] Page 48 | Collected: 1000
2026-06-17 16:00:13,689 [INFO] Pacing: sleep 6.1s
2026-06-17 16:00:19,785 [INFO] Page 49 | Collected: 1000
2026-06-17 16:00:20,081 [INFO] Pacing: sleep 6.4s
2026-06-17 16:00:26,493 [INFO] Page 50 | Collected: 1000
2026-06-17 16:00:26,860 [INFO] Pacing: sleep 43.4s | Short Cooldown: 36.0s
2026-06-17 16:01:10,215 [INFO] Page 51 | Collected: 1250
2026-06-17 16:01:10,620 [INFO] Pacing: sleep 7.4s
2026-06-17 16:01:18,043 [INFO] Page 52 | Collected: 1250
2026-06-17 16:01:18,325 [INFO] Pacing: sleep 4.1s
2026-06-17 16:01:22,450 [INFO] Page 53 | Collected: 1250
2026-06-17 16:01:22,805 [INFO] Pacing: sleep 4.9s
2026-06-17 16:01:27,725 [INFO] Page 54 | Collected: 1250
2026-06-17 16:01:27,973 [INFO] Pacing: sleep 6.9s
2026-06-17 16:01:34,894 [INFO] Page 55 | Collected: 1250
2026-06-17 16:01:35,144 [INFO] Pacing: sleep 5.2s
2026-06-17 16:01:40,319 [INFO] Page 56 | Collected: 1250
2026-06-17 16:01:40,672 [INFO] Pacing: sleep 4.6s
2026-06-17 16:01:45,307 [INFO] Page 57 | Collected: 1250
2026-06-17 16:01:45,578 [INFO] Pacing: sleep 7.6s
2026-06-17 16:01:53,213 [INFO] Page 58 | Collected: 1250
2026-06-17 16:01:53,621 [INFO] Pacing: sleep 4.0s
2026-06-17 16:01:57,645 [INFO] Page 59 | Collected: 1250
2026-06-17 16:01:57,893 [INFO] Pacing: sleep 6.1s
2026-06-17 16:02:04,016 [INFO] Page 60 | Collected: 1250
2026-06-17 16:02:04,278 [INFO] Pacing: sleep 46.6s | Short Cooldown: 39.5s
2026-06-17 16:02:50,911 [INFO] Page 61 | Collected: 1500
2026-06-17 16:02:51,310 [INFO] Pacing: sleep 5.1s
2026-06-17 16:02:56,363 [INFO] Page 62 | Collected: 1500
2026-06-17 16:02:56,669 [INFO] Pacing: sleep 7.4s
2026-06-17 16:03:04,035 [INFO] Page 63 | Collected: 1500
2026-06-17 16:03:04,414 [INFO] Pacing: sleep 7.8s
2026-06-17 16:03:12,211 [INFO] Page 64 | Collected: 1500
2026-06-17 16:03:12,484 [INFO] Pacing: sleep 7.3s
2026-06-17 16:03:19,774 [INFO] Page 65 | Collected: 1500
2026-06-17 16:03:20,023 [INFO] Pacing: sleep 7.4s
2026-06-17 16:03:27,466 [INFO] Page 66 | Collected: 1500
2026-06-17 16:03:27,854 [INFO] Pacing: sleep 6.8s
2026-06-17 16:03:34,685 [INFO] Page 67 | Collected: 1500
2026-06-17 16:03:34,945 [INFO] Pacing: sleep 6.9s
2026-06-17 16:03:41,881 [INFO] Page 68 | Collected: 1500
2026-06-17 16:03:42,128 [INFO] Pacing: sleep 5.2s
2026-06-17 16:03:47,336 [INFO] Page 69 | Collected: 1500
2026-06-17 16:03:47,702 [INFO] Pacing: sleep 6.3s
2026-06-17 16:03:54,003 [INFO] Page 70 | Collected: 1500
2026-06-17 16:03:54,275 [INFO] Pacing: sleep 54.7s | Short Cooldown: 46.8s
2026-06-17 16:04:48,995 [INFO] Page 71 | Collected: 1750
2026-06-17 16:04:49,347 [INFO] Pacing: sleep 6.6s
2026-06-17 16:04:55,925 [INFO] Page 72 | Collected: 1750
2026-06-17 16:04:56,243 [INFO] Pacing: sleep 7.4s
2026-06-17 16:05:03,613 [INFO] Page 73 | Collected: 1750
2026-06-17 16:05:03,899 [INFO] Pacing: sleep 4.1s
2026-06-17 16:05:07,998 [INFO] Page 74 | Collected: 1750
2026-06-17 16:05:08,397 [INFO] Pacing: sleep 6.8s
2026-06-17 16:05:15,222 [INFO] Page 75 | Collected: 1750
2026-06-17 16:05:15,519 [INFO] Pacing: sleep 6.0s
2026-06-17 16:05:21,485 [INFO] Page 76 | Collected: 1750
2026-06-17 16:05:21,870 [INFO] Pacing: sleep 5.3s
2026-06-17 16:05:27,136 [INFO] Page 77 | Collected: 1750
2026-06-17 16:05:27,441 [INFO] Pacing: sleep 6.2s
2026-06-17 16:05:33,603 [INFO] Page 78 | Collected: 1750
2026-06-17 16:05:33,936 [INFO] Pacing: sleep 7.4s
2026-06-17 16:05:41,330 [INFO] Page 79 | Collected: 1750
2026-06-17 16:05:41,792 [INFO] Pacing: sleep 6.9s
2026-06-17 16:05:48,702 [INFO] Page 80 | Collected: 1750
2026-06-17 16:05:49,016 [INFO] Pacing: sleep 148.2s | Long Cooldown: 142.7s
2026-06-17 16:08:17,190 [INFO] Page 81 | Collected: 2000
2026-06-17 16:08:17,574 [INFO] Pacing: sleep 5.4s
2026-06-17 16:08:23,011 [INFO] Page 82 | Collected: 2000
2026-06-17 16:08:23,295 [INFO] Pacing: sleep 4.8s
2026-06-17 16:08:28,136 [INFO] Page 83 | Collected: 2000
2026-06-17 16:08:28,392 [INFO] Pacing: sleep 7.4s
2026-06-17 16:08:35,779 [INFO] Page 84 | Collected: 2000
2026-06-17 16:08:36,188 [INFO] Pacing: sleep 7.4s
2026-06-17 16:08:43,554 [INFO] Page 85 | Collected: 2000
2026-06-17 16:08:43,834 [INFO] Pacing: sleep 4.9s
2026-06-17 16:08:48,728 [INFO] Page 86 | Collected: 2000
2026-06-17 16:08:49,017 [INFO] Pacing: sleep 7.8s
2026-06-17 16:08:56,807 [INFO] Page 87 | Collected: 2000
2026-06-17 16:08:57,253 [INFO] Pacing: sleep 7.9s
2026-06-17 16:09:05,138 [INFO] Page 88 | Collected: 2000
2026-06-17 16:09:05,472 [INFO] Pacing: sleep 4.9s
2026-06-17 16:09:10,341 [INFO] Page 89 | Collected: 2000
2026-06-17 16:09:10,770 [INFO] Pacing: sleep 5.2s
2026-06-17 16:09:15,978 [INFO] Page 90 | Collected: 2000
2026-06-17 16:09:16,267 [INFO] Pacing: sleep 55.9s | Short Cooldown: 49.8s
2026-06-17 16:10:12,164 [INFO] Page 91 | Collected: 2250
2026-06-17 16:10:12,547 [INFO] Pacing: sleep 7.1s
2026-06-17 16:10:19,662 [INFO] Page 92 | Collected: 2250
2026-06-17 16:10:20,103 [INFO] Pacing: sleep 4.2s
2026-06-17 16:10:24,321 [INFO] Page 93 | Collected: 2250
2026-06-17 16:10:24,612 [INFO] Pacing: sleep 4.6s
2026-06-17 16:10:29,200 [INFO] Page 94 | Collected: 2250
2026-06-17 16:10:29,708 [INFO] Pacing: sleep 4.7s
2026-06-17 16:10:34,361 [INFO] Page 95 | Collected: 2250
2026-06-17 16:10:34,709 [INFO] Pacing: sleep 4.5s
2026-06-17 16:10:39,180 [INFO] Page 96 | Collected: 2250
2026-06-17 16:10:39,447 [INFO] Pacing: sleep 4.7s
2026-06-17 16:10:44,099 [INFO] Page 97 | Collected: 2250
2026-06-17 16:10:44,529 [INFO] Pacing: sleep 5.0s
2026-06-17 16:10:49,578 [INFO] Page 98 | Collected: 2250
2026-06-17 16:10:49,874 [INFO] Pacing: sleep 5.4s
2026-06-17 16:10:55,241 [INFO] Page 99 | Collected: 2250
2026-06-17 16:10:55,637 [INFO] Pacing: sleep 5.9s
2026-06-17 16:11:01,490 [INFO] Page 100 | Collected: 2250
2026-06-17 16:11:01,820 [INFO] Pacing: sleep 37.8s | Short Cooldown: 32.0s
2026-06-17 16:11:39,625 [INFO] Page 101 | Collected: 2500
2026-06-17 16:11:39,919 [INFO] Pacing: sleep 6.2s
2026-06-17 16:11:46,135 [INFO] Page 102 | Collected: 2500
2026-06-17 16:11:46,627 [INFO] Pacing: sleep 5.6s
2026-06-17 16:11:52,181 [INFO] Page 103 | Collected: 2500
2026-06-17 16:11:52,470 [INFO] Pacing: sleep 4.3s
2026-06-17 16:11:56,813 [INFO] Page 104 | Collected: 2500
2026-06-17 16:11:57,116 [INFO] Pacing: sleep 5.5s
2026-06-17 16:12:02,610 [INFO] Page 105 | Collected: 2500
2026-06-17 16:12:03,075 [INFO] Pacing: sleep 7.5s
2026-06-17 16:12:10,534 [INFO] Page 106 | Collected: 2500
2026-06-17 16:12:10,780 [INFO] Pacing: sleep 5.4s
2026-06-17 16:12:16,156 [INFO] Page 107 | Collected: 2500
2026-06-17 16:12:16,563 [INFO] Pacing: sleep 6.6s
2026-06-17 16:12:23,151 [INFO] Page 108 | Collected: 2500
2026-06-17 16:12:23,427 [INFO] Pacing: sleep 4.2s
2026-06-17 16:12:27,597 [INFO] Page 109 | Collected: 2500
2026-06-17 16:12:27,931 [WARNING] Page 109 had 1 duplicate appids seen previously.
2026-06-17 16:12:27,931 [INFO] Pacing: sleep 5.3s
2026-06-17 16:12:33,228 [INFO] Page 110 | Collected: 2500
2026-06-17 16:12:33,730 [INFO] Pacing: sleep 41.9s | Short Cooldown: 34.8s
2026-06-17 16:13:15,604 [INFO] Page 111 | Collected: 2750
2026-06-17 16:13:15,920 [INFO] Pacing: sleep 4.1s
2026-06-17 16:13:20,034 [INFO] Page 112 | Collected: 2750
2026-06-17 16:13:20,242 [WARNING] Block detected on page 112: Suspicious term found: 'captcha'
2026-06-17 16:13:20,243 [INFO] Saved raw HTML for debugging: blocked_0112.html
2026-06-17 16:13:20,243 [ERROR] Blocked again even after safe mode. Stopping gracefully.
2026-06-17 16:13:20,243 [INFO] Crawl stopped. Reason: adaptive_throttle_failed_page_112. Finalizing...
2026-06-17 16:13:20,244 [INFO] Merging intermediate pages from work_dir: /home/runner/work/steam-diploma/steam-diploma/data/snapshots/data/snapshots/_in_progress/63833efe-76c5-4af7-81bf-f424a8155306
2026-06-17 16:13:20,272 [WARNING] Found 1 duplicate appids across the snapshot.
