2026-07-01 04:22:20,686 [INFO] Steam Snapshot Collector Started.
2026-07-01 04:22:20,686 [INFO] Speed Mode: fast
2026-07-01 04:22:20,686 [INFO] Work Dir: /home/runner/work/steam-diploma/steam-diploma/data/snapshots
2026-07-01 04:22:20,686 [INFO] Base Output Dir: .
2026-07-01 04:22:20,686 [INFO] Page 1 | Collected: 0
2026-07-01 04:22:21,121 [INFO] Pacing: sleep 1.1s
2026-07-01 04:22:22,267 [INFO] Page 2 | Collected: 0
2026-07-01 04:22:22,584 [INFO] Pacing: sleep 1.3s
2026-07-01 04:22:23,846 [INFO] Page 3 | Collected: 0
2026-07-01 04:22:24,135 [INFO] Pacing: sleep 1.0s
2026-07-01 04:22:25,146 [INFO] Page 4 | Collected: 0
2026-07-01 04:22:25,531 [INFO] Pacing: sleep 1.5s
2026-07-01 04:22:27,013 [INFO] Page 5 | Collected: 0
2026-07-01 04:22:27,310 [INFO] Pacing: sleep 1.1s
2026-07-01 04:22:28,449 [INFO] Page 6 | Collected: 0
2026-07-01 04:22:28,722 [INFO] Pacing: sleep 0.9s
2026-07-01 04:22:29,622 [INFO] Page 7 | Collected: 0
2026-07-01 04:22:30,052 [INFO] Pacing: sleep 0.9s
2026-07-01 04:22:30,910 [INFO] Page 8 | Collected: 0
2026-07-01 04:22:31,191 [INFO] Pacing: sleep 0.7s
2026-07-01 04:22:31,868 [INFO] Page 9 | Collected: 0
2026-07-01 04:22:32,217 [INFO] Pacing: sleep 0.6s
2026-07-01 04:22:32,859 [INFO] Page 10 | Collected: 0
2026-07-01 04:22:33,164 [INFO] Pacing: sleep 1.3s
2026-07-01 04:22:34,443 [INFO] Page 11 | Collected: 250
2026-07-01 04:22:34,824 [INFO] Pacing: sleep 0.7s
2026-07-01 04:22:35,514 [INFO] Page 12 | Collected: 250
2026-07-01 04:22:35,919 [INFO] Pacing: sleep 0.7s
2026-07-01 04:22:36,570 [INFO] Page 13 | Collected: 250
2026-07-01 04:22:36,833 [INFO] Pacing: sleep 0.8s
2026-07-01 04:22:37,589 [INFO] Page 14 | Collected: 250
2026-07-01 04:22:37,877 [INFO] Pacing: sleep 0.7s
2026-07-01 04:22:38,581 [INFO] Page 15 | Collected: 250
2026-07-01 04:22:38,945 [INFO] Pacing: sleep 0.6s
2026-07-01 04:22:39,543 [INFO] Page 16 | Collected: 250
2026-07-01 04:22:39,812 [INFO] Pacing: sleep 0.6s
2026-07-01 04:22:40,407 [INFO] Page 17 | Collected: 250
2026-07-01 04:22:40,810 [INFO] Pacing: sleep 1.3s
2026-07-01 04:22:42,123 [INFO] Page 18 | Collected: 250
2026-07-01 04:22:42,432 [INFO] Pacing: sleep 1.0s
2026-07-01 04:22:43,403 [INFO] Page 19 | Collected: 250
2026-07-01 04:22:43,686 [INFO] Pacing: sleep 1.2s
2026-07-01 04:22:44,880 [INFO] Page 20 | Collected: 250
2026-07-01 04:22:45,229 [INFO] Pacing: sleep 0.7s
2026-07-01 04:22:45,941 [INFO] Page 21 | Collected: 500
2026-07-01 04:22:46,221 [INFO] Pacing: sleep 0.7s
2026-07-01 04:22:46,928 [INFO] Page 22 | Collected: 500
2026-07-01 04:22:47,305 [INFO] Pacing: sleep 0.8s
2026-07-01 04:22:48,087 [INFO] Page 23 | Collected: 500
2026-07-01 04:22:48,360 [INFO] Pacing: sleep 1.0s
2026-07-01 04:22:49,368 [INFO] Page 24 | Collected: 500
2026-07-01 04:22:49,645 [INFO] Pacing: sleep 1.2s
2026-07-01 04:22:50,857 [INFO] Page 25 | Collected: 500
2026-07-01 04:22:51,227 [INFO] Pacing: sleep 1.5s
2026-07-01 04:22:52,680 [INFO] Page 26 | Collected: 500
2026-07-01 04:22:52,949 [INFO] Pacing: sleep 1.1s
2026-07-01 04:22:54,007 [INFO] Page 27 | Collected: 500
2026-07-01 04:22:54,344 [INFO] Pacing: sleep 0.8s
2026-07-01 04:22:55,120 [INFO] Page 28 | Collected: 500
2026-07-01 04:22:55,408 [INFO] Pacing: sleep 0.9s
2026-07-01 04:22:56,314 [INFO] Page 29 | Collected: 500
2026-07-01 04:22:56,589 [INFO] Pacing: sleep 1.2s
2026-07-01 04:22:57,772 [INFO] Page 30 | Collected: 500
2026-07-01 04:22:58,151 [INFO] Pacing: sleep 0.5s
2026-07-01 04:22:58,668 [INFO] Page 31 | Collected: 750
2026-07-01 04:22:58,765 [WARNING] Block detected on page 31: HTTP 429
2026-07-01 04:22:58,765 [INFO] Saved raw HTML for debugging: blocked_0031.html
2026-07-01 04:22:58,765 [WARNING] Initiating ADAPTIVE THROTTLING. Sleeping 180s, switching to SAFE mode.
2026-07-01 04:25:58,766 [INFO] Pacing: sleep 63.9s | Short Cooldown: 57.6s
2026-07-01 04:27:02,650 [INFO] Page 31 | Collected: 750
2026-07-01 04:27:02,932 [INFO] Pacing: sleep 7.2s
2026-07-01 04:27:10,085 [INFO] Page 32 | Collected: 750
2026-07-01 04:27:10,376 [INFO] Pacing: sleep 4.8s
2026-07-01 04:27:15,159 [INFO] Page 33 | Collected: 750
2026-07-01 04:27:15,510 [INFO] Pacing: sleep 7.7s
2026-07-01 04:27:23,208 [INFO] Page 34 | Collected: 750
2026-07-01 04:27:23,483 [INFO] Pacing: sleep 6.1s
2026-07-01 04:27:29,540 [INFO] Page 35 | Collected: 750
2026-07-01 04:27:29,876 [INFO] Pacing: sleep 4.5s
2026-07-01 04:27:34,390 [INFO] Page 36 | Collected: 750
2026-07-01 04:27:34,645 [INFO] Pacing: sleep 4.1s
2026-07-01 04:27:38,746 [INFO] Page 37 | Collected: 750
2026-07-01 04:27:39,062 [INFO] Pacing: sleep 7.0s
2026-07-01 04:27:46,072 [INFO] Page 38 | Collected: 750
2026-07-01 04:27:46,415 [INFO] Pacing: sleep 4.6s
2026-07-01 04:27:51,049 [INFO] Page 39 | Collected: 750
2026-07-01 04:27:51,377 [INFO] Pacing: sleep 4.3s
2026-07-01 04:27:55,650 [INFO] Page 40 | Collected: 750
2026-07-01 04:27:56,043 [INFO] Pacing: sleep 235.2s | Long Cooldown: 228.5s
2026-07-01 04:31:51,266 [INFO] Page 41 | Collected: 1000
2026-07-01 04:31:51,544 [INFO] Pacing: sleep 5.7s
2026-07-01 04:31:57,257 [INFO] Page 42 | Collected: 1000
2026-07-01 04:31:57,525 [INFO] Pacing: sleep 5.1s
2026-07-01 04:32:02,610 [INFO] Page 43 | Collected: 1000
2026-07-01 04:32:03,041 [INFO] Pacing: sleep 5.9s
2026-07-01 04:32:08,898 [INFO] Page 44 | Collected: 1000
2026-07-01 04:32:09,189 [INFO] Pacing: sleep 6.8s
2026-07-01 04:32:16,017 [INFO] Page 45 | Collected: 1000
2026-07-01 04:32:16,435 [INFO] Pacing: sleep 6.1s
2026-07-01 04:32:22,543 [INFO] Page 46 | Collected: 1000
2026-07-01 04:32:22,874 [INFO] Pacing: sleep 7.6s
2026-07-01 04:32:30,447 [INFO] Page 47 | Collected: 1000
2026-07-01 04:32:30,738 [INFO] Pacing: sleep 7.8s
2026-07-01 04:32:38,503 [INFO] Page 48 | Collected: 1000
2026-07-01 04:32:38,939 [INFO] Pacing: sleep 7.5s
2026-07-01 04:32:46,467 [INFO] Page 49 | Collected: 1000
2026-07-01 04:32:46,752 [INFO] Pacing: sleep 4.9s
2026-07-01 04:32:51,640 [INFO] Page 50 | Collected: 1000
2026-07-01 04:32:51,925 [INFO] Pacing: sleep 45.3s | Short Cooldown: 37.6s
2026-07-01 04:33:37,185 [INFO] Page 51 | Collected: 1250
2026-07-01 04:33:37,549 [INFO] Pacing: sleep 5.8s
2026-07-01 04:33:43,315 [INFO] Page 52 | Collected: 1250
2026-07-01 04:33:43,601 [INFO] Pacing: sleep 5.7s
2026-07-01 04:33:49,254 [INFO] Page 53 | Collected: 1250
2026-07-01 04:33:49,608 [INFO] Pacing: sleep 7.4s
2026-07-01 04:33:57,045 [INFO] Page 54 | Collected: 1250
2026-07-01 04:33:57,337 [INFO] Pacing: sleep 4.2s
2026-07-01 04:34:01,553 [INFO] Page 55 | Collected: 1250
2026-07-01 04:34:01,841 [INFO] Pacing: sleep 4.3s
2026-07-01 04:34:06,188 [INFO] Page 56 | Collected: 1250
2026-07-01 04:34:06,577 [INFO] Pacing: sleep 5.3s
2026-07-01 04:34:11,829 [INFO] Page 57 | Collected: 1250
2026-07-01 04:34:12,181 [INFO] Pacing: sleep 4.5s
2026-07-01 04:34:16,681 [INFO] Page 58 | Collected: 1250
2026-07-01 04:34:17,026 [INFO] Pacing: sleep 4.7s
2026-07-01 04:34:21,706 [INFO] Page 59 | Collected: 1250
2026-07-01 04:34:21,997 [INFO] Pacing: sleep 7.0s
2026-07-01 04:34:28,997 [INFO] Page 60 | Collected: 1250
2026-07-01 04:34:29,273 [INFO] Pacing: sleep 57.5s | Short Cooldown: 51.7s
2026-07-01 04:35:26,821 [INFO] Page 61 | Collected: 1500
2026-07-01 04:35:27,152 [INFO] Pacing: sleep 7.9s
2026-07-01 04:35:35,055 [INFO] Page 62 | Collected: 1500
2026-07-01 04:35:35,418 [INFO] Pacing: sleep 4.8s
2026-07-01 04:35:40,215 [INFO] Page 63 | Collected: 1500
2026-07-01 04:35:40,546 [INFO] Pacing: sleep 7.0s
2026-07-01 04:35:47,534 [INFO] Page 64 | Collected: 1500
2026-07-01 04:35:47,838 [INFO] Pacing: sleep 7.1s
2026-07-01 04:35:54,915 [INFO] Page 65 | Collected: 1500
2026-07-01 04:35:55,098 [WARNING] Block detected on page 65: Suspicious term found: 'captcha'
2026-07-01 04:35:55,099 [INFO] Saved raw HTML for debugging: blocked_0065.html
2026-07-01 04:35:55,099 [ERROR] Blocked again even after safe mode. Stopping gracefully.
2026-07-01 04:35:55,100 [INFO] Crawl stopped. Reason: adaptive_throttle_failed_page_65. Finalizing...
2026-07-01 04:35:55,100 [INFO] Merging intermediate pages from work_dir: /home/runner/work/steam-diploma/steam-diploma/data/snapshots/data/snapshots/_in_progress/cbd1504b-9473-4dd7-a815-befcddbf8f57
