2026-07-10 03:50:19,401 [INFO] Steam Snapshot Collector Started.
2026-07-10 03:50:19,401 [INFO] Speed Mode: fast
2026-07-10 03:50:19,401 [INFO] Work Dir: /home/runner/work/steam-diploma/steam-diploma/data/snapshots
2026-07-10 03:50:19,401 [INFO] Base Output Dir: .
2026-07-10 03:50:19,402 [INFO] Page 1 | Collected: 0
2026-07-10 03:50:19,799 [INFO] Pacing: sleep 1.2s
2026-07-10 03:50:20,949 [INFO] Page 2 | Collected: 0
2026-07-10 03:50:21,302 [INFO] Pacing: sleep 0.8s
2026-07-10 03:50:22,114 [INFO] Page 3 | Collected: 0
2026-07-10 03:50:22,410 [INFO] Pacing: sleep 0.9s
2026-07-10 03:50:23,312 [INFO] Page 4 | Collected: 0
2026-07-10 03:50:23,641 [INFO] Pacing: sleep 0.7s
2026-07-10 03:50:24,308 [INFO] Page 5 | Collected: 0
2026-07-10 03:50:24,584 [INFO] Pacing: sleep 0.6s
2026-07-10 03:50:25,159 [INFO] Page 6 | Collected: 0
2026-07-10 03:50:25,443 [INFO] Pacing: sleep 1.3s
2026-07-10 03:50:26,740 [INFO] Page 7 | Collected: 0
2026-07-10 03:50:27,105 [INFO] Pacing: sleep 1.3s
2026-07-10 03:50:28,428 [INFO] Page 8 | Collected: 0
2026-07-10 03:50:28,731 [INFO] Pacing: sleep 1.5s
2026-07-10 03:50:30,213 [INFO] Page 9 | Collected: 0
2026-07-10 03:50:30,565 [INFO] Pacing: sleep 0.8s
2026-07-10 03:50:31,320 [INFO] Page 10 | Collected: 0
2026-07-10 03:50:31,601 [INFO] Pacing: sleep 0.7s
2026-07-10 03:50:32,273 [INFO] Page 11 | Collected: 250
2026-07-10 03:50:32,565 [INFO] Pacing: sleep 1.1s
2026-07-10 03:50:33,687 [INFO] Page 12 | Collected: 250
2026-07-10 03:50:34,048 [INFO] Pacing: sleep 1.1s
2026-07-10 03:50:35,123 [INFO] Page 13 | Collected: 250
2026-07-10 03:50:35,408 [INFO] Pacing: sleep 1.0s
2026-07-10 03:50:36,429 [INFO] Page 14 | Collected: 250
2026-07-10 03:50:36,749 [INFO] Pacing: sleep 1.1s
2026-07-10 03:50:37,826 [INFO] Page 15 | Collected: 250
2026-07-10 03:50:38,181 [INFO] Pacing: sleep 0.6s
2026-07-10 03:50:38,735 [INFO] Page 16 | Collected: 250
2026-07-10 03:50:39,005 [INFO] Pacing: sleep 0.9s
2026-07-10 03:50:39,930 [INFO] Page 17 | Collected: 250
2026-07-10 03:50:40,346 [INFO] Pacing: sleep 0.9s
2026-07-10 03:50:41,208 [INFO] Page 18 | Collected: 250
2026-07-10 03:50:41,523 [INFO] Pacing: sleep 0.8s
2026-07-10 03:50:42,297 [INFO] Page 19 | Collected: 250
2026-07-10 03:50:42,582 [INFO] Pacing: sleep 1.1s
2026-07-10 03:50:43,665 [INFO] Page 20 | Collected: 250
2026-07-10 03:50:44,012 [INFO] Pacing: sleep 0.8s
2026-07-10 03:50:44,765 [INFO] Page 21 | Collected: 500
2026-07-10 03:50:45,073 [INFO] Pacing: sleep 0.5s
2026-07-10 03:50:45,612 [INFO] Page 22 | Collected: 500
2026-07-10 03:50:45,961 [INFO] Pacing: sleep 1.2s
2026-07-10 03:50:47,190 [INFO] Page 23 | Collected: 500
2026-07-10 03:50:47,481 [INFO] Pacing: sleep 0.5s
2026-07-10 03:50:48,021 [INFO] Page 24 | Collected: 500
2026-07-10 03:50:48,302 [INFO] Pacing: sleep 0.6s
2026-07-10 03:50:48,858 [INFO] Page 25 | Collected: 500
2026-07-10 03:50:49,229 [INFO] Pacing: sleep 0.8s
2026-07-10 03:50:50,041 [INFO] Page 26 | Collected: 500
2026-07-10 03:50:50,344 [INFO] Pacing: sleep 0.8s
2026-07-10 03:50:51,155 [INFO] Page 27 | Collected: 500
2026-07-10 03:50:51,434 [INFO] Pacing: sleep 0.8s
2026-07-10 03:50:52,212 [INFO] Page 28 | Collected: 500
2026-07-10 03:50:52,579 [INFO] Pacing: sleep 1.4s
2026-07-10 03:50:53,998 [INFO] Page 29 | Collected: 500
2026-07-10 03:50:54,278 [INFO] Pacing: sleep 0.8s
2026-07-10 03:50:55,085 [INFO] Page 30 | Collected: 500
2026-07-10 03:50:55,445 [INFO] Pacing: sleep 0.5s
2026-07-10 03:50:55,983 [INFO] Page 31 | Collected: 750
2026-07-10 03:50:56,079 [WARNING] Block detected on page 31: HTTP 429
2026-07-10 03:50:56,080 [INFO] Saved raw HTML for debugging: blocked_0031.html
2026-07-10 03:50:56,080 [WARNING] Initiating ADAPTIVE THROTTLING. Sleeping 180s, switching to SAFE mode.
2026-07-10 03:53:56,080 [INFO] Pacing: sleep 38.2s | Short Cooldown: 32.8s
2026-07-10 03:54:34,264 [INFO] Page 31 | Collected: 750
2026-07-10 03:54:34,550 [INFO] Pacing: sleep 8.0s
2026-07-10 03:54:42,541 [INFO] Page 32 | Collected: 750
2026-07-10 03:54:42,828 [INFO] Pacing: sleep 4.9s
2026-07-10 03:54:47,723 [INFO] Page 33 | Collected: 750
2026-07-10 03:54:48,088 [INFO] Pacing: sleep 7.5s
2026-07-10 03:54:55,593 [INFO] Page 34 | Collected: 750
2026-07-10 03:54:55,892 [INFO] Pacing: sleep 7.4s
2026-07-10 03:55:03,321 [INFO] Page 35 | Collected: 750
2026-07-10 03:55:03,661 [INFO] Pacing: sleep 5.4s
2026-07-10 03:55:09,087 [INFO] Page 36 | Collected: 750
2026-07-10 03:55:09,376 [INFO] Pacing: sleep 7.1s
2026-07-10 03:55:16,502 [INFO] Page 37 | Collected: 750
2026-07-10 03:55:16,794 [INFO] Pacing: sleep 4.2s
2026-07-10 03:55:20,961 [INFO] Page 38 | Collected: 750
2026-07-10 03:55:21,308 [INFO] Pacing: sleep 6.3s
2026-07-10 03:55:27,564 [INFO] Page 39 | Collected: 750
2026-07-10 03:55:27,878 [INFO] Pacing: sleep 6.8s
2026-07-10 03:55:34,684 [INFO] Page 40 | Collected: 750
2026-07-10 03:55:35,045 [INFO] Pacing: sleep 173.1s | Long Cooldown: 167.9s
2026-07-10 03:58:28,116 [INFO] Page 41 | Collected: 1000
2026-07-10 03:58:28,399 [WARNING] Page 41 had 1 duplicate appids seen previously.
2026-07-10 03:58:28,399 [INFO] Pacing: sleep 6.0s
2026-07-10 03:58:34,399 [INFO] Page 42 | Collected: 1000
2026-07-10 03:58:34,664 [INFO] Pacing: sleep 5.2s
2026-07-10 03:58:39,846 [INFO] Page 43 | Collected: 1000
2026-07-10 03:58:40,324 [INFO] Pacing: sleep 6.6s
2026-07-10 03:58:46,875 [INFO] Page 44 | Collected: 1000
2026-07-10 03:58:47,284 [INFO] Pacing: sleep 7.9s
2026-07-10 03:58:55,142 [INFO] Page 45 | Collected: 1000
2026-07-10 03:58:55,446 [INFO] Pacing: sleep 6.2s
2026-07-10 03:59:01,644 [INFO] Page 46 | Collected: 1000
2026-07-10 03:59:02,008 [INFO] Pacing: sleep 4.0s
2026-07-10 03:59:06,015 [INFO] Page 47 | Collected: 1000
2026-07-10 03:59:06,321 [INFO] Pacing: sleep 6.2s
2026-07-10 03:59:12,543 [INFO] Page 48 | Collected: 1000
2026-07-10 03:59:12,960 [INFO] Pacing: sleep 6.4s
2026-07-10 03:59:19,342 [INFO] Page 49 | Collected: 1000
2026-07-10 03:59:19,635 [INFO] Pacing: sleep 7.5s
2026-07-10 03:59:27,115 [INFO] Page 50 | Collected: 1000
2026-07-10 03:59:27,423 [INFO] Pacing: sleep 51.6s | Short Cooldown: 45.5s
2026-07-10 04:00:19,022 [INFO] Page 51 | Collected: 1250
2026-07-10 04:00:19,445 [INFO] Pacing: sleep 7.1s
2026-07-10 04:00:26,496 [INFO] Page 52 | Collected: 1250
2026-07-10 04:00:26,829 [INFO] Pacing: sleep 4.9s
2026-07-10 04:00:31,727 [INFO] Page 53 | Collected: 1250
2026-07-10 04:00:31,931 [WARNING] Block detected on page 53: Suspicious term found: 'captcha'
2026-07-10 04:00:31,932 [INFO] Saved raw HTML for debugging: blocked_0053.html
2026-07-10 04:00:31,932 [ERROR] Blocked again even after safe mode. Stopping gracefully.
2026-07-10 04:00:31,933 [INFO] Crawl stopped. Reason: adaptive_throttle_failed_page_53. Finalizing...
2026-07-10 04:00:31,933 [INFO] Merging intermediate pages from work_dir: /home/runner/work/steam-diploma/steam-diploma/data/snapshots/data/snapshots/_in_progress/836c1153-cbc5-4e2d-a04d-b3ffb8dccd74
2026-07-10 04:00:31,948 [WARNING] Found 1 duplicate appids across the snapshot.
