2026-06-11 16:12:32,726 [INFO] Steam Snapshot Collector Started.
2026-06-11 16:12:32,726 [INFO] Speed Mode: fast
2026-06-11 16:12:32,726 [INFO] Work Dir: /home/runner/work/steam-diploma/steam-diploma/data/snapshots
2026-06-11 16:12:32,726 [INFO] Base Output Dir: .
2026-06-11 16:12:32,726 [INFO] Page 1 | Collected: 0
2026-06-11 16:12:33,134 [INFO] Pacing: sleep 0.9s
2026-06-11 16:12:33,986 [INFO] Page 2 | Collected: 0
2026-06-11 16:12:34,353 [INFO] Pacing: sleep 0.6s
2026-06-11 16:12:34,982 [INFO] Page 3 | Collected: 0
2026-06-11 16:12:35,291 [INFO] Pacing: sleep 1.2s
2026-06-11 16:12:36,472 [INFO] Page 4 | Collected: 0
2026-06-11 16:12:36,806 [INFO] Pacing: sleep 0.9s
2026-06-11 16:12:37,743 [INFO] Page 5 | Collected: 0
2026-06-11 16:12:37,991 [INFO] Pacing: sleep 1.2s
2026-06-11 16:12:39,230 [INFO] Page 6 | Collected: 0
2026-06-11 16:12:39,527 [INFO] Pacing: sleep 1.2s
2026-06-11 16:12:40,702 [INFO] Page 7 | Collected: 0
2026-06-11 16:12:41,035 [INFO] Pacing: sleep 1.0s
2026-06-11 16:12:42,016 [INFO] Page 8 | Collected: 0
2026-06-11 16:12:42,311 [INFO] Pacing: sleep 1.0s
2026-06-11 16:12:43,332 [INFO] Page 9 | Collected: 0
2026-06-11 16:12:43,662 [INFO] Pacing: sleep 1.5s
2026-06-11 16:12:45,117 [INFO] Page 10 | Collected: 0
2026-06-11 16:12:45,394 [INFO] Pacing: sleep 1.3s
2026-06-11 16:12:46,652 [INFO] Page 11 | Collected: 250
2026-06-11 16:12:46,941 [INFO] Pacing: sleep 0.9s
2026-06-11 16:12:47,873 [INFO] Page 12 | Collected: 250
2026-06-11 16:12:48,281 [INFO] Pacing: sleep 0.7s
2026-06-11 16:12:48,993 [INFO] Page 13 | Collected: 250
2026-06-11 16:12:49,281 [INFO] Pacing: sleep 1.2s
2026-06-11 16:12:50,482 [INFO] Page 14 | Collected: 250
2026-06-11 16:12:50,779 [INFO] Pacing: sleep 0.9s
2026-06-11 16:12:51,665 [INFO] Page 15 | Collected: 250
2026-06-11 16:12:52,011 [INFO] Pacing: sleep 0.5s
2026-06-11 16:12:52,515 [INFO] Page 16 | Collected: 250
2026-06-11 16:12:52,775 [INFO] Pacing: sleep 1.1s
2026-06-11 16:12:53,887 [INFO] Page 17 | Collected: 250
2026-06-11 16:12:54,292 [INFO] Pacing: sleep 1.2s
2026-06-11 16:12:55,455 [INFO] Page 18 | Collected: 250
2026-06-11 16:12:55,739 [INFO] Pacing: sleep 1.1s
2026-06-11 16:12:56,853 [INFO] Page 19 | Collected: 250
2026-06-11 16:12:57,108 [INFO] Pacing: sleep 0.6s
2026-06-11 16:12:57,743 [INFO] Page 20 | Collected: 250
2026-06-11 16:12:58,111 [INFO] Pacing: sleep 1.3s
2026-06-11 16:12:59,389 [INFO] Page 21 | Collected: 500
2026-06-11 16:12:59,662 [INFO] Pacing: sleep 0.7s
2026-06-11 16:13:00,322 [INFO] Page 22 | Collected: 500
2026-06-11 16:13:00,670 [INFO] Pacing: sleep 1.3s
2026-06-11 16:13:01,966 [INFO] Page 23 | Collected: 500
2026-06-11 16:13:02,275 [INFO] Pacing: sleep 1.2s
2026-06-11 16:13:03,462 [INFO] Page 24 | Collected: 500
2026-06-11 16:13:03,737 [INFO] Pacing: sleep 0.6s
2026-06-11 16:13:04,326 [INFO] Page 25 | Collected: 500
2026-06-11 16:13:04,679 [INFO] Pacing: sleep 1.4s
2026-06-11 16:13:06,061 [INFO] Page 26 | Collected: 500
2026-06-11 16:13:06,327 [INFO] Pacing: sleep 0.6s
2026-06-11 16:13:06,923 [INFO] Page 27 | Collected: 500
2026-06-11 16:13:07,290 [INFO] Pacing: sleep 0.6s
2026-06-11 16:13:07,883 [INFO] Page 28 | Collected: 500
2026-06-11 16:13:08,152 [INFO] Pacing: sleep 0.7s
2026-06-11 16:13:08,823 [INFO] Page 29 | Collected: 500
2026-06-11 16:13:09,115 [INFO] Pacing: sleep 1.3s
2026-06-11 16:13:10,375 [INFO] Page 30 | Collected: 500
2026-06-11 16:13:10,732 [INFO] Pacing: sleep 1.2s
2026-06-11 16:13:11,947 [INFO] Page 31 | Collected: 750
2026-06-11 16:13:12,032 [WARNING] Block detected on page 31: HTTP 429
2026-06-11 16:13:12,032 [INFO] Saved raw HTML for debugging: blocked_0031.html
2026-06-11 16:13:12,032 [WARNING] Initiating ADAPTIVE THROTTLING. Sleeping 180s, switching to SAFE mode.
2026-06-11 16:16:12,033 [INFO] Pacing: sleep 37.8s | Short Cooldown: 31.4s
2026-06-11 16:16:49,871 [INFO] Page 31 | Collected: 750
2026-06-11 16:16:50,186 [INFO] Pacing: sleep 6.3s
2026-06-11 16:16:56,475 [INFO] Page 32 | Collected: 750
2026-06-11 16:16:56,750 [INFO] Pacing: sleep 7.2s
2026-06-11 16:17:03,924 [INFO] Page 33 | Collected: 750
2026-06-11 16:17:04,270 [INFO] Pacing: sleep 5.4s
2026-06-11 16:17:09,630 [INFO] Page 34 | Collected: 750
2026-06-11 16:17:09,894 [INFO] Pacing: sleep 5.8s
2026-06-11 16:17:15,710 [INFO] Page 35 | Collected: 750
2026-06-11 16:17:16,034 [WARNING] Page 35 had 1 duplicate appids seen previously.
2026-06-11 16:17:16,034 [INFO] Pacing: sleep 5.5s
2026-06-11 16:17:21,550 [INFO] Page 36 | Collected: 750
2026-06-11 16:17:21,837 [INFO] Pacing: sleep 5.6s
2026-06-11 16:17:27,471 [INFO] Page 37 | Collected: 750
2026-06-11 16:17:27,751 [INFO] Pacing: sleep 4.6s
2026-06-11 16:17:32,337 [INFO] Page 38 | Collected: 750
2026-06-11 16:17:32,694 [INFO] Pacing: sleep 6.5s
2026-06-11 16:17:39,182 [INFO] Page 39 | Collected: 750
2026-06-11 16:17:39,504 [INFO] Pacing: sleep 4.0s
2026-06-11 16:17:43,525 [INFO] Page 40 | Collected: 750
2026-06-11 16:17:43,845 [INFO] Pacing: sleep 144.7s | Long Cooldown: 138.0s
2026-06-11 16:20:08,532 [INFO] Page 41 | Collected: 1000
2026-06-11 16:20:08,811 [INFO] Pacing: sleep 5.3s
2026-06-11 16:20:14,075 [INFO] Page 42 | Collected: 1000
2026-06-11 16:20:14,348 [INFO] Pacing: sleep 5.1s
2026-06-11 16:20:19,456 [INFO] Page 43 | Collected: 1000
2026-06-11 16:20:19,817 [INFO] Pacing: sleep 5.2s
2026-06-11 16:20:24,998 [INFO] Page 44 | Collected: 1000
2026-06-11 16:20:25,282 [INFO] Pacing: sleep 6.8s
2026-06-11 16:20:32,075 [INFO] Page 45 | Collected: 1000
2026-06-11 16:20:32,428 [INFO] Pacing: sleep 5.1s
2026-06-11 16:20:37,577 [INFO] Page 46 | Collected: 1000
2026-06-11 16:20:37,835 [INFO] Pacing: sleep 5.8s
2026-06-11 16:20:43,672 [INFO] Page 47 | Collected: 1000
2026-06-11 16:20:43,950 [INFO] Pacing: sleep 6.7s
2026-06-11 16:20:50,602 [INFO] Page 48 | Collected: 1000
2026-06-11 16:20:50,931 [INFO] Pacing: sleep 4.3s
2026-06-11 16:20:55,267 [INFO] Page 49 | Collected: 1000
2026-06-11 16:20:55,576 [INFO] Pacing: sleep 6.5s
2026-06-11 16:21:02,030 [INFO] Page 50 | Collected: 1000
2026-06-11 16:21:02,384 [INFO] Pacing: sleep 53.7s | Short Cooldown: 49.1s
2026-06-11 16:21:56,121 [INFO] Page 51 | Collected: 1250
2026-06-11 16:21:56,623 [INFO] Pacing: sleep 5.2s
2026-06-11 16:22:01,828 [INFO] Page 52 | Collected: 1250
2026-06-11 16:22:02,125 [INFO] Pacing: sleep 4.4s
2026-06-11 16:22:06,527 [INFO] Page 53 | Collected: 1250
2026-06-11 16:22:06,875 [INFO] Pacing: sleep 6.2s
2026-06-11 16:22:13,120 [INFO] Page 54 | Collected: 1250
2026-06-11 16:22:13,378 [INFO] Pacing: sleep 7.4s
2026-06-11 16:22:20,755 [INFO] Page 55 | Collected: 1250
2026-06-11 16:22:21,059 [INFO] Pacing: sleep 6.7s
2026-06-11 16:22:27,751 [INFO] Page 56 | Collected: 1250
2026-06-11 16:22:28,141 [INFO] Pacing: sleep 5.8s
2026-06-11 16:22:33,939 [INFO] Page 57 | Collected: 1250
2026-06-11 16:22:34,215 [INFO] Pacing: sleep 5.4s
2026-06-11 16:22:39,618 [INFO] Page 58 | Collected: 1250
2026-06-11 16:22:40,034 [INFO] Pacing: sleep 6.1s
2026-06-11 16:22:46,149 [INFO] Page 59 | Collected: 1250
2026-06-11 16:22:46,417 [INFO] Pacing: sleep 4.1s
2026-06-11 16:22:50,468 [INFO] Page 60 | Collected: 1250
2026-06-11 16:22:50,744 [INFO] Pacing: sleep 38.2s | Short Cooldown: 31.0s
2026-06-11 16:23:28,973 [INFO] Page 61 | Collected: 1500
2026-06-11 16:23:29,458 [INFO] Pacing: sleep 5.7s
2026-06-11 16:23:35,175 [INFO] Page 62 | Collected: 1500
2026-06-11 16:23:35,463 [INFO] Pacing: sleep 6.8s
2026-06-11 16:23:42,279 [INFO] Page 63 | Collected: 1500
2026-06-11 16:23:42,664 [INFO] Pacing: sleep 4.8s
2026-06-11 16:23:47,466 [INFO] Page 64 | Collected: 1500
2026-06-11 16:23:47,751 [INFO] Pacing: sleep 4.4s
2026-06-11 16:23:52,143 [INFO] Page 65 | Collected: 1500
2026-06-11 16:23:52,424 [INFO] Pacing: sleep 5.2s
2026-06-11 16:23:57,603 [INFO] Page 66 | Collected: 1500
2026-06-11 16:23:58,024 [INFO] Pacing: sleep 7.3s
2026-06-11 16:24:05,342 [INFO] Page 67 | Collected: 1500
2026-06-11 16:24:05,606 [INFO] Pacing: sleep 7.6s
2026-06-11 16:24:13,162 [INFO] Page 68 | Collected: 1500
2026-06-11 16:24:13,438 [INFO] Pacing: sleep 6.9s
2026-06-11 16:24:20,359 [INFO] Page 69 | Collected: 1500
2026-06-11 16:24:20,716 [INFO] Pacing: sleep 5.4s
2026-06-11 16:24:26,073 [INFO] Page 70 | Collected: 1500
2026-06-11 16:24:26,363 [INFO] Pacing: sleep 62.0s | Short Cooldown: 55.7s
2026-06-11 16:25:28,362 [INFO] Page 71 | Collected: 1750
2026-06-11 16:25:28,695 [INFO] Pacing: sleep 4.4s
2026-06-11 16:25:33,112 [INFO] Page 72 | Collected: 1750
2026-06-11 16:25:33,411 [INFO] Pacing: sleep 4.0s
2026-06-11 16:25:37,443 [INFO] Page 73 | Collected: 1750
2026-06-11 16:25:37,750 [INFO] Pacing: sleep 5.8s
2026-06-11 16:25:43,514 [INFO] Page 74 | Collected: 1750
2026-06-11 16:25:43,844 [INFO] Pacing: sleep 4.7s
2026-06-11 16:25:48,507 [INFO] Page 75 | Collected: 1750
2026-06-11 16:25:48,868 [INFO] Pacing: sleep 6.7s
2026-06-11 16:25:55,570 [INFO] Page 76 | Collected: 1750
2026-06-11 16:25:55,920 [INFO] Pacing: sleep 4.9s
2026-06-11 16:26:00,775 [INFO] Page 77 | Collected: 1750
2026-06-11 16:26:01,188 [INFO] Pacing: sleep 5.8s
2026-06-11 16:26:06,987 [INFO] Page 78 | Collected: 1750
2026-06-11 16:26:07,253 [INFO] Pacing: sleep 6.8s
2026-06-11 16:26:14,097 [INFO] Page 79 | Collected: 1750
2026-06-11 16:26:14,491 [INFO] Pacing: sleep 5.3s
2026-06-11 16:26:19,808 [INFO] Page 80 | Collected: 1750
2026-06-11 16:26:20,475 [INFO] Pacing: sleep 217.2s | Long Cooldown: 211.7s
2026-06-11 16:29:57,666 [INFO] Page 81 | Collected: 2000
2026-06-11 16:29:58,073 [INFO] Pacing: sleep 5.2s
2026-06-11 16:30:03,304 [INFO] Page 82 | Collected: 2000
2026-06-11 16:30:03,600 [INFO] Pacing: sleep 4.1s
2026-06-11 16:30:07,685 [INFO] Page 83 | Collected: 2000
2026-06-11 16:30:07,977 [INFO] Pacing: sleep 5.4s
2026-06-11 16:30:13,407 [INFO] Page 84 | Collected: 2000
2026-06-11 16:30:13,842 [INFO] Pacing: sleep 4.1s
2026-06-11 16:30:17,968 [INFO] Page 85 | Collected: 2000
2026-06-11 16:30:18,266 [INFO] Pacing: sleep 4.9s
2026-06-11 16:30:23,159 [INFO] Page 86 | Collected: 2000
2026-06-11 16:30:23,550 [INFO] Pacing: sleep 5.2s
2026-06-11 16:30:28,798 [INFO] Page 87 | Collected: 2000
2026-06-11 16:30:29,189 [INFO] Pacing: sleep 5.9s
2026-06-11 16:30:35,082 [INFO] Page 88 | Collected: 2000
2026-06-11 16:30:35,496 [INFO] Pacing: sleep 6.4s
2026-06-11 16:30:41,901 [INFO] Page 89 | Collected: 2000
2026-06-11 16:30:42,300 [INFO] Pacing: sleep 4.9s
2026-06-11 16:30:47,154 [INFO] Page 90 | Collected: 2000
2026-06-11 16:30:47,576 [INFO] Pacing: sleep 59.8s | Short Cooldown: 54.5s
2026-06-11 16:31:47,395 [INFO] Page 91 | Collected: 2250
2026-06-11 16:31:47,678 [INFO] Pacing: sleep 7.9s
2026-06-11 16:31:55,551 [INFO] Page 92 | Collected: 2250
2026-06-11 16:31:55,915 [INFO] Pacing: sleep 5.2s
2026-06-11 16:32:01,139 [INFO] Page 93 | Collected: 2250
2026-06-11 16:32:01,399 [INFO] Pacing: sleep 4.3s
2026-06-11 16:32:05,701 [INFO] Page 94 | Collected: 2250
2026-06-11 16:32:06,053 [INFO] Pacing: sleep 6.4s
2026-06-11 16:32:12,472 [INFO] Page 95 | Collected: 2250
2026-06-11 16:32:12,782 [INFO] Pacing: sleep 5.7s
2026-06-11 16:32:18,520 [INFO] Page 96 | Collected: 2250
2026-06-11 16:32:18,813 [INFO] Pacing: sleep 5.3s
2026-06-11 16:32:24,073 [INFO] Page 97 | Collected: 2250
2026-06-11 16:32:24,399 [INFO] Pacing: sleep 4.5s
2026-06-11 16:32:28,889 [INFO] Page 98 | Collected: 2250
2026-06-11 16:32:29,141 [INFO] Pacing: sleep 4.5s
2026-06-11 16:32:33,632 [INFO] Page 99 | Collected: 2250
2026-06-11 16:32:33,992 [INFO] Pacing: sleep 6.4s
2026-06-11 16:32:40,396 [INFO] Page 100 | Collected: 2250
2026-06-11 16:32:40,647 [INFO] Pacing: sleep 51.5s | Short Cooldown: 46.3s
2026-06-11 16:33:32,119 [INFO] Page 101 | Collected: 2500
2026-06-11 16:33:32,393 [INFO] Pacing: sleep 5.1s
2026-06-11 16:33:37,521 [INFO] Page 102 | Collected: 2500
2026-06-11 16:33:37,890 [INFO] Pacing: sleep 5.9s
2026-06-11 16:33:43,768 [INFO] Page 103 | Collected: 2500
2026-06-11 16:33:44,050 [INFO] Pacing: sleep 4.6s
2026-06-11 16:33:48,667 [INFO] Page 104 | Collected: 2500
2026-06-11 16:33:48,977 [INFO] Pacing: sleep 5.1s
2026-06-11 16:33:54,082 [INFO] Page 105 | Collected: 2500
2026-06-11 16:33:54,446 [INFO] Pacing: sleep 6.1s
2026-06-11 16:34:00,557 [INFO] Page 106 | Collected: 2500
2026-06-11 16:34:00,822 [INFO] Pacing: sleep 4.8s
2026-06-11 16:34:05,590 [INFO] Page 107 | Collected: 2500
2026-06-11 16:34:05,933 [INFO] Pacing: sleep 5.3s
2026-06-11 16:34:11,259 [INFO] Page 108 | Collected: 2500
2026-06-11 16:34:11,527 [INFO] Pacing: sleep 4.2s
2026-06-11 16:34:15,742 [INFO] Page 109 | Collected: 2500
2026-06-11 16:34:16,041 [INFO] Pacing: sleep 7.4s
2026-06-11 16:34:23,456 [INFO] Page 110 | Collected: 2500
2026-06-11 16:34:23,822 [INFO] Pacing: sleep 56.6s | Short Cooldown: 51.8s
2026-06-11 16:35:20,429 [INFO] Page 111 | Collected: 2750
2026-06-11 16:35:20,717 [INFO] Pacing: sleep 6.5s
2026-06-11 16:35:27,211 [INFO] Page 112 | Collected: 2750
2026-06-11 16:35:27,590 [INFO] Pacing: sleep 5.1s
2026-06-11 16:35:32,696 [INFO] Page 113 | Collected: 2750
2026-06-11 16:35:33,021 [INFO] Pacing: sleep 5.3s
2026-06-11 16:35:38,273 [INFO] Page 114 | Collected: 2750
2026-06-11 16:35:38,547 [INFO] Pacing: sleep 6.5s
2026-06-11 16:35:45,032 [INFO] Page 115 | Collected: 2750
2026-06-11 16:35:45,393 [INFO] Pacing: sleep 5.7s
2026-06-11 16:35:51,045 [INFO] Page 116 | Collected: 2750
2026-06-11 16:35:51,333 [INFO] Pacing: sleep 5.4s
2026-06-11 16:35:56,778 [INFO] Page 117 | Collected: 2750
2026-06-11 16:35:57,152 [INFO] Pacing: sleep 7.2s
2026-06-11 16:36:04,337 [INFO] Page 118 | Collected: 2750
2026-06-11 16:36:04,628 [INFO] Pacing: sleep 6.6s
2026-06-11 16:36:11,265 [INFO] Page 119 | Collected: 2750
2026-06-11 16:36:11,553 [INFO] Pacing: sleep 6.0s
2026-06-11 16:36:17,566 [INFO] Page 120 | Collected: 2750
2026-06-11 16:36:17,961 [INFO] Crawl stopped. Reason: max_games_reached. Finalizing...
2026-06-11 16:36:17,961 [INFO] Merging intermediate pages from work_dir: /home/runner/work/steam-diploma/steam-diploma/data/snapshots/data/snapshots/_in_progress/29862d4e-8af9-4bd6-ae5c-deff522c7c4a
2026-06-11 16:36:17,986 [WARNING] Found 1 duplicate appids across the snapshot.
