2026-06-23 15:13:46,232 [INFO] Steam Snapshot Collector Started.
2026-06-23 15:13:46,232 [INFO] Speed Mode: fast
2026-06-23 15:13:46,232 [INFO] Work Dir: /home/runner/work/steam-diploma/steam-diploma/data/snapshots
2026-06-23 15:13:46,232 [INFO] Base Output Dir: .
2026-06-23 15:13:46,232 [INFO] Page 1 | Collected: 0
2026-06-23 15:13:46,706 [INFO] Pacing: sleep 0.5s
2026-06-23 15:13:47,212 [INFO] Page 2 | Collected: 0
2026-06-23 15:13:47,516 [INFO] Pacing: sleep 0.7s
2026-06-23 15:13:48,193 [INFO] Page 3 | Collected: 0
2026-06-23 15:13:48,573 [INFO] Pacing: sleep 0.9s
2026-06-23 15:13:49,511 [INFO] Page 4 | Collected: 0
2026-06-23 15:13:49,895 [INFO] Pacing: sleep 1.3s
2026-06-23 15:13:51,243 [INFO] Page 5 | Collected: 0
2026-06-23 15:13:51,550 [INFO] Pacing: sleep 0.7s
2026-06-23 15:13:52,222 [INFO] Page 6 | Collected: 0
2026-06-23 15:13:52,653 [INFO] Pacing: sleep 1.0s
2026-06-23 15:13:53,623 [INFO] Page 7 | Collected: 0
2026-06-23 15:13:53,979 [INFO] Pacing: sleep 1.2s
2026-06-23 15:13:55,192 [INFO] Page 8 | Collected: 0
2026-06-23 15:13:55,594 [INFO] Pacing: sleep 0.5s
2026-06-23 15:13:56,111 [INFO] Page 9 | Collected: 0
2026-06-23 15:13:56,521 [INFO] Pacing: sleep 0.7s
2026-06-23 15:13:57,226 [INFO] Page 10 | Collected: 0
2026-06-23 15:13:57,564 [INFO] Pacing: sleep 0.8s
2026-06-23 15:13:58,326 [INFO] Page 11 | Collected: 250
2026-06-23 15:13:58,656 [INFO] Pacing: sleep 0.7s
2026-06-23 15:13:59,381 [INFO] Page 12 | Collected: 250
2026-06-23 15:13:59,742 [INFO] Pacing: sleep 0.7s
2026-06-23 15:14:00,411 [INFO] Page 13 | Collected: 250
2026-06-23 15:14:00,758 [INFO] Pacing: sleep 0.8s
2026-06-23 15:14:01,529 [INFO] Page 14 | Collected: 250
2026-06-23 15:14:01,812 [INFO] Pacing: sleep 0.8s
2026-06-23 15:14:02,618 [INFO] Page 15 | Collected: 250
2026-06-23 15:14:02,956 [INFO] Pacing: sleep 0.8s
2026-06-23 15:14:03,766 [INFO] Page 16 | Collected: 250
2026-06-23 15:14:04,061 [INFO] Pacing: sleep 0.8s
2026-06-23 15:14:04,829 [INFO] Page 17 | Collected: 250
2026-06-23 15:14:05,154 [INFO] Pacing: sleep 0.6s
2026-06-23 15:14:05,804 [INFO] Page 18 | Collected: 250
2026-06-23 15:14:06,088 [INFO] Pacing: sleep 0.5s
2026-06-23 15:14:06,637 [INFO] Page 19 | Collected: 250
2026-06-23 15:14:06,923 [INFO] Pacing: sleep 0.7s
2026-06-23 15:14:07,621 [INFO] Page 20 | Collected: 250
2026-06-23 15:14:08,008 [INFO] Pacing: sleep 1.1s
2026-06-23 15:14:09,138 [INFO] Page 21 | Collected: 500
2026-06-23 15:14:09,457 [INFO] Pacing: sleep 1.2s
2026-06-23 15:14:10,617 [INFO] Page 22 | Collected: 500
2026-06-23 15:14:11,045 [INFO] Pacing: sleep 1.5s
2026-06-23 15:14:12,520 [INFO] Page 23 | Collected: 500
2026-06-23 15:14:12,813 [INFO] Pacing: sleep 1.2s
2026-06-23 15:14:13,976 [INFO] Page 24 | Collected: 500
2026-06-23 15:14:14,297 [INFO] Pacing: sleep 1.2s
2026-06-23 15:14:15,458 [INFO] Page 25 | Collected: 500
2026-06-23 15:14:15,807 [INFO] Pacing: sleep 1.4s
2026-06-23 15:14:17,203 [INFO] Page 26 | Collected: 500
2026-06-23 15:14:17,478 [INFO] Pacing: sleep 1.3s
2026-06-23 15:14:18,772 [INFO] Page 27 | Collected: 500
2026-06-23 15:14:19,240 [INFO] Pacing: sleep 0.6s
2026-06-23 15:14:19,874 [INFO] Page 28 | Collected: 500
2026-06-23 15:14:20,158 [INFO] Pacing: sleep 0.8s
2026-06-23 15:14:20,930 [INFO] Page 29 | Collected: 500
2026-06-23 15:14:21,208 [INFO] Pacing: sleep 1.4s
2026-06-23 15:14:22,599 [INFO] Page 30 | Collected: 500
2026-06-23 15:14:23,016 [INFO] Pacing: sleep 1.1s
2026-06-23 15:14:24,121 [INFO] Page 31 | Collected: 750
2026-06-23 15:14:24,202 [WARNING] Block detected on page 31: HTTP 429
2026-06-23 15:14:24,202 [INFO] Saved raw HTML for debugging: blocked_0031.html
2026-06-23 15:14:24,202 [WARNING] Initiating ADAPTIVE THROTTLING. Sleeping 180s, switching to SAFE mode.
2026-06-23 15:17:24,202 [INFO] Pacing: sleep 61.6s | Short Cooldown: 56.1s
2026-06-23 15:18:25,802 [INFO] Page 31 | Collected: 750
2026-06-23 15:18:26,242 [INFO] Pacing: sleep 4.8s
2026-06-23 15:18:31,005 [INFO] Page 32 | Collected: 750
2026-06-23 15:18:31,320 [INFO] Pacing: sleep 6.4s
2026-06-23 15:18:37,766 [INFO] Page 33 | Collected: 750
2026-06-23 15:18:38,111 [INFO] Pacing: sleep 5.4s
2026-06-23 15:18:43,466 [INFO] Page 34 | Collected: 750
2026-06-23 15:18:43,767 [INFO] Pacing: sleep 5.6s
2026-06-23 15:18:49,376 [INFO] Page 35 | Collected: 750
2026-06-23 15:18:49,724 [INFO] Pacing: sleep 5.0s
2026-06-23 15:18:54,693 [INFO] Page 36 | Collected: 750
2026-06-23 15:18:54,978 [INFO] Pacing: sleep 4.5s
2026-06-23 15:18:59,441 [INFO] Page 37 | Collected: 750
2026-06-23 15:18:59,739 [INFO] Pacing: sleep 5.9s
2026-06-23 15:19:05,635 [INFO] Page 38 | Collected: 750
2026-06-23 15:19:06,017 [INFO] Pacing: sleep 7.3s
2026-06-23 15:19:13,340 [INFO] Page 39 | Collected: 750
2026-06-23 15:19:13,673 [INFO] Pacing: sleep 6.9s
2026-06-23 15:19:20,540 [INFO] Page 40 | Collected: 750
2026-06-23 15:19:20,873 [INFO] Pacing: sleep 238.6s | Long Cooldown: 231.3s
2026-06-23 15:23:19,450 [INFO] Page 41 | Collected: 1000
2026-06-23 15:23:19,745 [INFO] Pacing: sleep 6.9s
2026-06-23 15:23:26,677 [INFO] Page 42 | Collected: 1000
2026-06-23 15:23:26,957 [INFO] Pacing: sleep 7.4s
2026-06-23 15:23:34,386 [INFO] Page 43 | Collected: 1000
2026-06-23 15:23:34,752 [INFO] Pacing: sleep 7.1s
2026-06-23 15:23:41,803 [INFO] Page 44 | Collected: 1000
2026-06-23 15:23:42,121 [INFO] Pacing: sleep 5.0s
2026-06-23 15:23:47,137 [INFO] Page 45 | Collected: 1000
2026-06-23 15:23:47,459 [INFO] Pacing: sleep 5.5s
2026-06-23 15:23:52,994 [INFO] Page 46 | Collected: 1000
2026-06-23 15:23:53,275 [INFO] Pacing: sleep 4.5s
2026-06-23 15:23:57,782 [INFO] Page 47 | Collected: 1000
2026-06-23 15:23:58,094 [INFO] Pacing: sleep 6.0s
2026-06-23 15:24:04,121 [INFO] Page 48 | Collected: 1000
2026-06-23 15:24:04,473 [INFO] Pacing: sleep 8.0s
2026-06-23 15:24:12,438 [INFO] Page 49 | Collected: 1000
2026-06-23 15:24:12,764 [INFO] Pacing: sleep 5.0s
2026-06-23 15:24:17,745 [INFO] Page 50 | Collected: 1000
2026-06-23 15:24:18,113 [INFO] Pacing: sleep 66.1s | Short Cooldown: 59.7s
2026-06-23 15:25:24,221 [INFO] Page 51 | Collected: 1250
2026-06-23 15:25:24,609 [INFO] Pacing: sleep 5.4s
2026-06-23 15:25:30,049 [INFO] Page 52 | Collected: 1250
2026-06-23 15:25:30,352 [INFO] Pacing: sleep 6.6s
2026-06-23 15:25:36,972 [INFO] Page 53 | Collected: 1250
2026-06-23 15:25:37,300 [INFO] Pacing: sleep 7.9s
2026-06-23 15:25:45,194 [INFO] Page 54 | Collected: 1250
2026-06-23 15:25:45,500 [INFO] Pacing: sleep 6.8s
2026-06-23 15:25:52,328 [INFO] Page 55 | Collected: 1250
2026-06-23 15:25:52,672 [INFO] Pacing: sleep 4.7s
2026-06-23 15:25:57,327 [INFO] Page 56 | Collected: 1250
2026-06-23 15:25:57,693 [INFO] Pacing: sleep 4.7s
2026-06-23 15:26:02,368 [INFO] Page 57 | Collected: 1250
2026-06-23 15:26:02,664 [INFO] Pacing: sleep 7.8s
2026-06-23 15:26:10,484 [INFO] Page 58 | Collected: 1250
2026-06-23 15:26:10,848 [INFO] Pacing: sleep 7.4s
2026-06-23 15:26:18,296 [INFO] Page 59 | Collected: 1250
2026-06-23 15:26:18,585 [INFO] Pacing: sleep 6.3s
2026-06-23 15:26:24,886 [INFO] Page 60 | Collected: 1250
2026-06-23 15:26:25,186 [INFO] Pacing: sleep 57.8s | Short Cooldown: 51.4s
2026-06-23 15:27:22,967 [INFO] Page 61 | Collected: 1500
2026-06-23 15:27:23,302 [INFO] Pacing: sleep 6.6s
2026-06-23 15:27:29,861 [INFO] Page 62 | Collected: 1500
2026-06-23 15:27:30,169 [INFO] Pacing: sleep 6.7s
2026-06-23 15:27:36,854 [INFO] Page 63 | Collected: 1500
2026-06-23 15:27:37,285 [INFO] Pacing: sleep 7.4s
2026-06-23 15:27:44,708 [INFO] Page 64 | Collected: 1500
2026-06-23 15:27:45,079 [INFO] Pacing: sleep 5.9s
2026-06-23 15:27:50,962 [INFO] Page 65 | Collected: 1500
2026-06-23 15:27:51,417 [INFO] Pacing: sleep 5.7s
2026-06-23 15:27:57,076 [INFO] Page 66 | Collected: 1500
2026-06-23 15:27:57,452 [INFO] Pacing: sleep 7.5s
2026-06-23 15:28:04,998 [INFO] Page 67 | Collected: 1500
2026-06-23 15:28:05,306 [INFO] Pacing: sleep 7.4s
2026-06-23 15:28:12,716 [INFO] Page 68 | Collected: 1500
2026-06-23 15:28:13,023 [INFO] Pacing: sleep 5.5s
2026-06-23 15:28:18,546 [INFO] Page 69 | Collected: 1500
2026-06-23 15:28:18,967 [INFO] Pacing: sleep 8.0s
2026-06-23 15:28:26,924 [INFO] Page 70 | Collected: 1500
2026-06-23 15:28:27,250 [INFO] Pacing: sleep 39.0s | Short Cooldown: 34.1s
2026-06-23 15:29:06,237 [INFO] Page 71 | Collected: 1750
2026-06-23 15:29:06,689 [INFO] Pacing: sleep 6.2s
2026-06-23 15:29:12,859 [INFO] Page 72 | Collected: 1750
2026-06-23 15:29:13,238 [INFO] Pacing: sleep 7.0s
2026-06-23 15:29:20,281 [INFO] Page 73 | Collected: 1750
2026-06-23 15:29:20,557 [INFO] Pacing: sleep 6.1s
2026-06-23 15:29:26,678 [INFO] Page 74 | Collected: 1750
2026-06-23 15:29:27,027 [INFO] Pacing: sleep 6.0s
2026-06-23 15:29:33,050 [INFO] Page 75 | Collected: 1750
2026-06-23 15:29:33,357 [INFO] Pacing: sleep 5.5s
2026-06-23 15:29:38,883 [INFO] Page 76 | Collected: 1750
2026-06-23 15:29:39,241 [INFO] Pacing: sleep 4.2s
2026-06-23 15:29:43,401 [INFO] Page 77 | Collected: 1750
2026-06-23 15:29:43,699 [INFO] Pacing: sleep 4.1s
2026-06-23 15:29:47,846 [INFO] Page 78 | Collected: 1750
2026-06-23 15:29:48,185 [INFO] Pacing: sleep 6.9s
2026-06-23 15:29:55,088 [INFO] Page 79 | Collected: 1750
2026-06-23 15:29:55,466 [INFO] Pacing: sleep 7.2s
2026-06-23 15:30:02,645 [INFO] Page 80 | Collected: 1750
2026-06-23 15:30:02,954 [INFO] Pacing: sleep 144.9s | Long Cooldown: 138.1s
2026-06-23 15:32:27,822 [INFO] Page 81 | Collected: 2000
2026-06-23 15:32:28,166 [INFO] Pacing: sleep 6.5s
2026-06-23 15:32:34,700 [INFO] Page 82 | Collected: 2000
2026-06-23 15:32:35,124 [INFO] Pacing: sleep 7.3s
2026-06-23 15:32:42,386 [INFO] Page 83 | Collected: 2000
2026-06-23 15:32:42,652 [INFO] Pacing: sleep 5.7s
2026-06-23 15:32:48,374 [INFO] Page 84 | Collected: 2000
2026-06-23 15:32:48,741 [INFO] Pacing: sleep 7.6s
2026-06-23 15:32:56,311 [INFO] Page 85 | Collected: 2000
2026-06-23 15:32:56,623 [INFO] Pacing: sleep 6.2s
2026-06-23 15:33:02,855 [INFO] Page 86 | Collected: 2000
2026-06-23 15:33:03,135 [INFO] Pacing: sleep 6.4s
2026-06-23 15:33:09,543 [INFO] Page 87 | Collected: 2000
2026-06-23 15:33:09,878 [INFO] Pacing: sleep 7.3s
2026-06-23 15:33:17,153 [INFO] Page 88 | Collected: 2000
2026-06-23 15:33:17,420 [INFO] Pacing: sleep 4.4s
2026-06-23 15:33:21,864 [INFO] Page 89 | Collected: 2000
2026-06-23 15:33:22,191 [INFO] Pacing: sleep 6.3s
2026-06-23 15:33:28,501 [INFO] Page 90 | Collected: 2000
2026-06-23 15:33:28,822 [INFO] Pacing: sleep 52.3s | Short Cooldown: 46.8s
2026-06-23 15:34:21,124 [INFO] Page 91 | Collected: 2250
2026-06-23 15:34:21,433 [INFO] Pacing: sleep 7.1s
2026-06-23 15:34:28,521 [INFO] Page 92 | Collected: 2250
2026-06-23 15:34:28,928 [INFO] Pacing: sleep 7.5s
2026-06-23 15:34:36,470 [INFO] Page 93 | Collected: 2250
2026-06-23 15:34:36,796 [INFO] Pacing: sleep 4.8s
2026-06-23 15:34:41,572 [INFO] Page 94 | Collected: 2250
2026-06-23 15:34:42,088 [INFO] Pacing: sleep 6.8s
2026-06-23 15:34:48,854 [INFO] Page 95 | Collected: 2250
2026-06-23 15:34:49,166 [INFO] Pacing: sleep 6.0s
2026-06-23 15:34:55,204 [INFO] Page 96 | Collected: 2250
2026-06-23 15:34:55,402 [WARNING] Block detected on page 96: Suspicious term found: 'captcha'
2026-06-23 15:34:55,402 [INFO] Saved raw HTML for debugging: blocked_0096.html
2026-06-23 15:34:55,403 [ERROR] Blocked again even after safe mode. Stopping gracefully.
2026-06-23 15:34:55,404 [INFO] Crawl stopped. Reason: adaptive_throttle_failed_page_96. Finalizing...
2026-06-23 15:34:55,404 [INFO] Merging intermediate pages from work_dir: /home/runner/work/steam-diploma/steam-diploma/data/snapshots/data/snapshots/_in_progress/621d2b93-9253-4423-90e4-5905aa6f07eb
