2026-06-22 17:06:09,326 [INFO] Steam Snapshot Collector Started.
2026-06-22 17:06:09,326 [INFO] Speed Mode: fast
2026-06-22 17:06:09,326 [INFO] Work Dir: /home/runner/work/steam-diploma/steam-diploma/data/snapshots
2026-06-22 17:06:09,326 [INFO] Base Output Dir: .
2026-06-22 17:06:09,326 [INFO] Page 1 | Collected: 0
2026-06-22 17:06:09,729 [INFO] Pacing: sleep 0.7s
2026-06-22 17:06:10,442 [INFO] Page 2 | Collected: 0
2026-06-22 17:06:10,744 [INFO] Pacing: sleep 0.9s
2026-06-22 17:06:11,629 [INFO] Page 3 | Collected: 0
2026-06-22 17:06:11,912 [INFO] Pacing: sleep 0.5s
2026-06-22 17:06:12,437 [INFO] Page 4 | Collected: 0
2026-06-22 17:06:12,925 [INFO] Pacing: sleep 1.5s
2026-06-22 17:06:14,403 [INFO] Page 5 | Collected: 0
2026-06-22 17:06:14,680 [INFO] Pacing: sleep 1.1s
2026-06-22 17:06:15,759 [INFO] Page 6 | Collected: 0
2026-06-22 17:06:16,034 [INFO] Pacing: sleep 0.8s
2026-06-22 17:06:16,823 [INFO] Page 7 | Collected: 0
2026-06-22 17:06:17,161 [INFO] Pacing: sleep 0.6s
2026-06-22 17:06:17,736 [INFO] Page 8 | Collected: 0
2026-06-22 17:06:18,015 [INFO] Pacing: sleep 1.2s
2026-06-22 17:06:19,176 [INFO] Page 9 | Collected: 0
2026-06-22 17:06:19,511 [INFO] Pacing: sleep 1.2s
2026-06-22 17:06:20,680 [INFO] Page 10 | Collected: 0
2026-06-22 17:06:20,926 [INFO] Pacing: sleep 1.3s
2026-06-22 17:06:22,259 [INFO] Page 11 | Collected: 250
2026-06-22 17:06:22,524 [INFO] Pacing: sleep 1.3s
2026-06-22 17:06:23,783 [INFO] Page 12 | Collected: 250
2026-06-22 17:06:24,103 [INFO] Pacing: sleep 0.6s
2026-06-22 17:06:24,740 [INFO] Page 13 | Collected: 250
2026-06-22 17:06:25,039 [INFO] Pacing: sleep 1.0s
2026-06-22 17:06:26,047 [INFO] Page 14 | Collected: 250
2026-06-22 17:06:26,336 [INFO] Pacing: sleep 0.9s
2026-06-22 17:06:27,201 [INFO] Page 15 | Collected: 250
2026-06-22 17:06:27,562 [INFO] Pacing: sleep 1.1s
2026-06-22 17:06:28,703 [INFO] Page 16 | Collected: 250
2026-06-22 17:06:28,967 [INFO] Pacing: sleep 0.7s
2026-06-22 17:06:29,694 [INFO] Page 17 | Collected: 250
2026-06-22 17:06:29,992 [INFO] Pacing: sleep 0.8s
2026-06-22 17:06:30,816 [INFO] Page 18 | Collected: 250
2026-06-22 17:06:31,072 [INFO] Pacing: sleep 0.7s
2026-06-22 17:06:31,808 [INFO] Page 19 | Collected: 250
2026-06-22 17:06:32,125 [INFO] Pacing: sleep 0.8s
2026-06-22 17:06:32,907 [INFO] Page 20 | Collected: 250
2026-06-22 17:06:33,221 [INFO] Pacing: sleep 1.0s
2026-06-22 17:06:34,240 [INFO] Page 21 | Collected: 500
2026-06-22 17:06:34,513 [INFO] Pacing: sleep 0.6s
2026-06-22 17:06:35,134 [INFO] Page 22 | Collected: 500
2026-06-22 17:06:35,462 [INFO] Pacing: sleep 1.5s
2026-06-22 17:06:36,922 [INFO] Page 23 | Collected: 500
2026-06-22 17:06:37,169 [INFO] Pacing: sleep 0.6s
2026-06-22 17:06:37,799 [INFO] Page 24 | Collected: 500
2026-06-22 17:06:38,043 [INFO] Pacing: sleep 1.1s
2026-06-22 17:06:39,133 [INFO] Page 25 | Collected: 500
2026-06-22 17:06:39,457 [INFO] Pacing: sleep 0.5s
2026-06-22 17:06:40,000 [INFO] Page 26 | Collected: 500
2026-06-22 17:06:40,378 [INFO] Pacing: sleep 1.5s
2026-06-22 17:06:41,878 [INFO] Page 27 | Collected: 500
2026-06-22 17:06:42,164 [INFO] Pacing: sleep 1.0s
2026-06-22 17:06:43,194 [INFO] Page 28 | Collected: 500
2026-06-22 17:06:43,442 [INFO] Pacing: sleep 0.6s
2026-06-22 17:06:44,087 [INFO] Page 29 | Collected: 500
2026-06-22 17:06:44,354 [INFO] Pacing: sleep 0.7s
2026-06-22 17:06:45,080 [INFO] Page 30 | Collected: 500
2026-06-22 17:06:45,464 [INFO] Pacing: sleep 0.7s
2026-06-22 17:06:46,122 [INFO] Page 31 | Collected: 750
2026-06-22 17:06:46,201 [WARNING] Block detected on page 31: HTTP 429
2026-06-22 17:06:46,201 [INFO] Saved raw HTML for debugging: blocked_0031.html
2026-06-22 17:06:46,201 [WARNING] Initiating ADAPTIVE THROTTLING. Sleeping 180s, switching to SAFE mode.
2026-06-22 17:09:46,201 [INFO] Pacing: sleep 55.3s | Short Cooldown: 47.4s
2026-06-22 17:10:41,463 [INFO] Page 31 | Collected: 750
2026-06-22 17:10:41,747 [INFO] Pacing: sleep 6.2s
2026-06-22 17:10:47,900 [INFO] Page 32 | Collected: 750
2026-06-22 17:10:48,233 [INFO] Pacing: sleep 4.4s
2026-06-22 17:10:52,657 [INFO] Page 33 | Collected: 750
2026-06-22 17:10:53,004 [INFO] Pacing: sleep 6.0s
2026-06-22 17:10:58,991 [INFO] Page 34 | Collected: 750
2026-06-22 17:10:59,718 [INFO] Pacing: sleep 6.1s
2026-06-22 17:11:05,796 [INFO] Page 35 | Collected: 750
2026-06-22 17:11:06,126 [INFO] Pacing: sleep 7.5s
2026-06-22 17:11:13,653 [INFO] Page 36 | Collected: 750
2026-06-22 17:11:13,969 [INFO] Pacing: sleep 6.7s
2026-06-22 17:11:20,689 [INFO] Page 37 | Collected: 750
2026-06-22 17:11:21,117 [INFO] Pacing: sleep 7.5s
2026-06-22 17:11:28,572 [INFO] Page 38 | Collected: 750
2026-06-22 17:11:29,061 [INFO] Pacing: sleep 6.5s
2026-06-22 17:11:35,593 [INFO] Page 39 | Collected: 750
2026-06-22 17:11:36,000 [INFO] Pacing: sleep 5.8s
2026-06-22 17:11:41,841 [INFO] Page 40 | Collected: 750
2026-06-22 17:11:42,165 [INFO] Pacing: sleep 219.0s | Long Cooldown: 214.5s
2026-06-22 17:15:21,159 [INFO] Page 41 | Collected: 1000
2026-06-22 17:15:21,491 [INFO] Pacing: sleep 7.6s
2026-06-22 17:15:29,088 [INFO] Page 42 | Collected: 1000
2026-06-22 17:15:29,353 [INFO] Pacing: sleep 7.3s
2026-06-22 17:15:36,646 [INFO] Page 43 | Collected: 1000
2026-06-22 17:15:36,981 [INFO] Pacing: sleep 7.5s
2026-06-22 17:15:44,520 [INFO] Page 44 | Collected: 1000
2026-06-22 17:15:44,828 [INFO] Pacing: sleep 5.9s
2026-06-22 17:15:50,732 [INFO] Page 45 | Collected: 1000
2026-06-22 17:15:51,032 [INFO] Pacing: sleep 6.9s
2026-06-22 17:15:57,960 [INFO] Page 46 | Collected: 1000
2026-06-22 17:15:58,214 [INFO] Pacing: sleep 6.6s
2026-06-22 17:16:04,829 [INFO] Page 47 | Collected: 1000
2026-06-22 17:16:05,119 [INFO] Pacing: sleep 6.3s
2026-06-22 17:16:11,379 [INFO] Page 48 | Collected: 1000
2026-06-22 17:16:11,868 [INFO] Pacing: sleep 6.3s
2026-06-22 17:16:18,131 [INFO] Page 49 | Collected: 1000
2026-06-22 17:16:18,435 [INFO] Pacing: sleep 6.4s
2026-06-22 17:16:24,833 [INFO] Page 50 | Collected: 1000
2026-06-22 17:16:25,214 [INFO] Pacing: sleep 57.5s | Short Cooldown: 49.7s
2026-06-22 17:17:22,738 [INFO] Page 51 | Collected: 1250
2026-06-22 17:17:23,074 [INFO] Pacing: sleep 5.3s
2026-06-22 17:17:28,413 [INFO] Page 52 | Collected: 1250
2026-06-22 17:17:28,751 [INFO] Pacing: sleep 5.7s
2026-06-22 17:17:34,466 [INFO] Page 53 | Collected: 1250
2026-06-22 17:17:34,756 [INFO] Pacing: sleep 5.5s
2026-06-22 17:17:40,306 [INFO] Page 54 | Collected: 1250
2026-06-22 17:17:40,585 [INFO] Pacing: sleep 4.1s
2026-06-22 17:17:44,716 [INFO] Page 55 | Collected: 1250
2026-06-22 17:17:45,005 [INFO] Pacing: sleep 6.4s
2026-06-22 17:17:51,424 [INFO] Page 56 | Collected: 1250
2026-06-22 17:17:51,917 [INFO] Pacing: sleep 7.1s
2026-06-22 17:17:58,990 [INFO] Page 57 | Collected: 1250
2026-06-22 17:17:59,274 [INFO] Pacing: sleep 5.4s
2026-06-22 17:18:04,696 [INFO] Page 58 | Collected: 1250
2026-06-22 17:18:05,276 [INFO] Pacing: sleep 4.4s
2026-06-22 17:18:09,726 [INFO] Page 59 | Collected: 1250
2026-06-22 17:18:10,022 [INFO] Pacing: sleep 4.7s
2026-06-22 17:18:14,699 [INFO] Page 60 | Collected: 1250
2026-06-22 17:18:15,017 [INFO] Pacing: sleep 62.1s | Short Cooldown: 55.3s
2026-06-22 17:19:17,147 [INFO] Page 61 | Collected: 1500
2026-06-22 17:19:17,473 [INFO] Pacing: sleep 6.0s
2026-06-22 17:19:23,447 [INFO] Page 62 | Collected: 1500
2026-06-22 17:19:23,772 [INFO] Pacing: sleep 6.1s
2026-06-22 17:19:29,882 [INFO] Page 63 | Collected: 1500
2026-06-22 17:19:30,219 [INFO] Pacing: sleep 6.1s
2026-06-22 17:19:36,363 [INFO] Page 64 | Collected: 1500
2026-06-22 17:19:36,654 [INFO] Pacing: sleep 5.2s
2026-06-22 17:19:41,812 [INFO] Page 65 | Collected: 1500
2026-06-22 17:19:42,226 [INFO] Pacing: sleep 5.4s
2026-06-22 17:19:47,583 [INFO] Page 66 | Collected: 1500
2026-06-22 17:19:47,896 [INFO] Pacing: sleep 4.5s
2026-06-22 17:19:52,365 [INFO] Page 67 | Collected: 1500
2026-06-22 17:19:52,620 [INFO] Pacing: sleep 6.1s
2026-06-22 17:19:58,745 [INFO] Page 68 | Collected: 1500
2026-06-22 17:19:59,004 [INFO] Pacing: sleep 5.5s
2026-06-22 17:20:04,507 [INFO] Page 69 | Collected: 1500
2026-06-22 17:20:04,871 [INFO] Pacing: sleep 4.0s
2026-06-22 17:20:08,913 [INFO] Page 70 | Collected: 1500
2026-06-22 17:20:09,212 [INFO] Pacing: sleep 43.0s | Short Cooldown: 38.0s
2026-06-22 17:20:52,180 [INFO] Page 71 | Collected: 1750
2026-06-22 17:20:52,509 [INFO] Pacing: sleep 7.0s
2026-06-22 17:20:59,541 [INFO] Page 72 | Collected: 1750
2026-06-22 17:20:59,858 [INFO] Pacing: sleep 5.0s
2026-06-22 17:21:04,898 [INFO] Page 73 | Collected: 1750
2026-06-22 17:21:05,141 [INFO] Pacing: sleep 7.6s
2026-06-22 17:21:12,696 [INFO] Page 74 | Collected: 1750
2026-06-22 17:21:13,163 [INFO] Pacing: sleep 5.8s
2026-06-22 17:21:18,932 [INFO] Page 75 | Collected: 1750
2026-06-22 17:21:19,412 [INFO] Pacing: sleep 4.2s
2026-06-22 17:21:23,626 [INFO] Page 76 | Collected: 1750
2026-06-22 17:21:23,977 [INFO] Pacing: sleep 5.0s
2026-06-22 17:21:28,968 [INFO] Page 77 | Collected: 1750
2026-06-22 17:21:29,271 [INFO] Pacing: sleep 6.0s
2026-06-22 17:21:35,302 [INFO] Page 78 | Collected: 1750
2026-06-22 17:21:35,697 [INFO] Pacing: sleep 6.6s
2026-06-22 17:21:42,270 [INFO] Page 79 | Collected: 1750
2026-06-22 17:21:42,693 [INFO] Pacing: sleep 6.0s
2026-06-22 17:21:48,721 [INFO] Page 80 | Collected: 1750
2026-06-22 17:21:49,071 [INFO] Pacing: sleep 135.1s | Long Cooldown: 129.7s
2026-06-22 17:24:04,221 [INFO] Page 81 | Collected: 2000
2026-06-22 17:24:04,548 [INFO] Pacing: sleep 5.6s
2026-06-22 17:24:10,114 [INFO] Page 82 | Collected: 2000
2026-06-22 17:24:10,507 [INFO] Pacing: sleep 4.7s
2026-06-22 17:24:15,224 [INFO] Page 83 | Collected: 2000
2026-06-22 17:24:15,704 [INFO] Pacing: sleep 7.4s
2026-06-22 17:24:23,136 [INFO] Page 84 | Collected: 2000
2026-06-22 17:24:23,513 [INFO] Pacing: sleep 4.2s
2026-06-22 17:24:27,668 [INFO] Page 85 | Collected: 2000
2026-06-22 17:24:27,994 [INFO] Pacing: sleep 6.1s
2026-06-22 17:24:34,104 [INFO] Page 86 | Collected: 2000
2026-06-22 17:24:34,412 [INFO] Pacing: sleep 5.6s
2026-06-22 17:24:39,968 [INFO] Page 87 | Collected: 2000
2026-06-22 17:24:40,367 [INFO] Pacing: sleep 4.5s
2026-06-22 17:24:44,852 [INFO] Page 88 | Collected: 2000
2026-06-22 17:24:45,214 [INFO] Pacing: sleep 4.5s
2026-06-22 17:24:49,677 [INFO] Page 89 | Collected: 2000
2026-06-22 17:24:50,081 [INFO] Pacing: sleep 5.6s
2026-06-22 17:24:55,667 [INFO] Page 90 | Collected: 2000
2026-06-22 17:24:55,961 [INFO] Pacing: sleep 66.3s | Short Cooldown: 59.0s
2026-06-22 17:26:02,297 [INFO] Page 91 | Collected: 2250
2026-06-22 17:26:02,799 [INFO] Pacing: sleep 4.3s
2026-06-22 17:26:07,144 [INFO] Page 92 | Collected: 2250
2026-06-22 17:26:07,721 [INFO] Pacing: sleep 5.9s
2026-06-22 17:26:13,632 [INFO] Page 93 | Collected: 2250
2026-06-22 17:26:14,433 [INFO] Pacing: sleep 6.6s
2026-06-22 17:26:21,015 [INFO] Page 94 | Collected: 2250
2026-06-22 17:26:21,786 [INFO] Pacing: sleep 7.0s
2026-06-22 17:26:28,827 [INFO] Page 95 | Collected: 2250
2026-06-22 17:26:29,348 [INFO] Pacing: sleep 6.8s
2026-06-22 17:26:36,138 [INFO] Page 96 | Collected: 2250
2026-06-22 17:26:36,419 [INFO] Pacing: sleep 6.8s
2026-06-22 17:26:43,247 [INFO] Page 97 | Collected: 2250
2026-06-22 17:26:43,621 [INFO] Pacing: sleep 7.9s
2026-06-22 17:26:51,552 [INFO] Page 98 | Collected: 2250
2026-06-22 17:26:51,772 [WARNING] Block detected on page 98: Suspicious term found: 'captcha'
2026-06-22 17:26:51,773 [INFO] Saved raw HTML for debugging: blocked_0098.html
2026-06-22 17:26:51,773 [ERROR] Blocked again even after safe mode. Stopping gracefully.
2026-06-22 17:26:51,775 [INFO] Crawl stopped. Reason: adaptive_throttle_failed_page_98. Finalizing...
2026-06-22 17:26:51,775 [INFO] Merging intermediate pages from work_dir: /home/runner/work/steam-diploma/steam-diploma/data/snapshots/data/snapshots/_in_progress/1b0a2eba-3b63-442f-9ddb-2ccec31daa75
