2026-07-02 04:01:56,304 [INFO] Steam Snapshot Collector Started.
2026-07-02 04:01:56,304 [INFO] Speed Mode: fast
2026-07-02 04:01:56,304 [INFO] Work Dir: /home/runner/work/steam-diploma/steam-diploma/data/snapshots
2026-07-02 04:01:56,304 [INFO] Base Output Dir: .
2026-07-02 04:01:56,305 [INFO] Page 1 | Collected: 0
2026-07-02 04:01:56,651 [INFO] Pacing: sleep 0.8s
2026-07-02 04:01:57,427 [INFO] Page 2 | Collected: 0
2026-07-02 04:01:57,727 [INFO] Pacing: sleep 1.2s
2026-07-02 04:01:58,942 [INFO] Page 3 | Collected: 0
2026-07-02 04:01:59,233 [INFO] Pacing: sleep 0.7s
2026-07-02 04:01:59,969 [INFO] Page 4 | Collected: 0
2026-07-02 04:02:00,300 [INFO] Pacing: sleep 0.8s
2026-07-02 04:02:01,077 [INFO] Page 5 | Collected: 0
2026-07-02 04:02:01,346 [INFO] Pacing: sleep 1.3s
2026-07-02 04:02:02,680 [INFO] Page 6 | Collected: 0
2026-07-02 04:02:02,960 [INFO] Pacing: sleep 1.3s
2026-07-02 04:02:04,241 [INFO] Page 7 | Collected: 0
2026-07-02 04:02:04,642 [INFO] Pacing: sleep 1.4s
2026-07-02 04:02:06,081 [INFO] Page 8 | Collected: 0
2026-07-02 04:02:06,356 [INFO] Pacing: sleep 1.2s
2026-07-02 04:02:07,539 [INFO] Page 9 | Collected: 0
2026-07-02 04:02:07,878 [INFO] Pacing: sleep 0.7s
2026-07-02 04:02:08,616 [INFO] Page 10 | Collected: 0
2026-07-02 04:02:08,900 [INFO] Pacing: sleep 0.5s
2026-07-02 04:02:09,420 [INFO] Page 11 | Collected: 250
2026-07-02 04:02:09,679 [INFO] Pacing: sleep 1.2s
2026-07-02 04:02:10,869 [INFO] Page 12 | Collected: 250
2026-07-02 04:02:11,218 [INFO] Pacing: sleep 0.9s
2026-07-02 04:02:12,141 [INFO] Page 13 | Collected: 250
2026-07-02 04:02:12,410 [INFO] Pacing: sleep 0.6s
2026-07-02 04:02:12,981 [INFO] Page 14 | Collected: 250
2026-07-02 04:02:13,326 [INFO] Pacing: sleep 1.4s
2026-07-02 04:02:14,757 [INFO] Page 15 | Collected: 250
2026-07-02 04:02:15,091 [INFO] Pacing: sleep 0.5s
2026-07-02 04:02:15,636 [INFO] Page 16 | Collected: 250
2026-07-02 04:02:15,895 [INFO] Pacing: sleep 0.9s
2026-07-02 04:02:16,784 [INFO] Page 17 | Collected: 250
2026-07-02 04:02:17,136 [INFO] Pacing: sleep 1.3s
2026-07-02 04:02:18,482 [INFO] Page 18 | Collected: 250
2026-07-02 04:02:18,760 [INFO] Pacing: sleep 1.0s
2026-07-02 04:02:19,715 [INFO] Page 19 | Collected: 250
2026-07-02 04:02:19,993 [INFO] Pacing: sleep 0.8s
2026-07-02 04:02:20,747 [INFO] Page 20 | Collected: 250
2026-07-02 04:02:21,120 [INFO] Pacing: sleep 1.1s
2026-07-02 04:02:22,259 [INFO] Page 21 | Collected: 500
2026-07-02 04:02:22,516 [INFO] Pacing: sleep 0.8s
2026-07-02 04:02:23,300 [INFO] Page 22 | Collected: 500
2026-07-02 04:02:23,635 [INFO] Pacing: sleep 0.8s
2026-07-02 04:02:24,465 [INFO] Page 23 | Collected: 500
2026-07-02 04:02:24,747 [INFO] Pacing: sleep 1.2s
2026-07-02 04:02:25,908 [INFO] Page 24 | Collected: 500
2026-07-02 04:02:26,166 [INFO] Pacing: sleep 1.5s
2026-07-02 04:02:27,658 [INFO] Page 25 | Collected: 500
2026-07-02 04:02:28,019 [INFO] Pacing: sleep 0.9s
2026-07-02 04:02:28,893 [INFO] Page 26 | Collected: 500
2026-07-02 04:02:29,214 [INFO] Pacing: sleep 1.2s
2026-07-02 04:02:30,397 [INFO] Page 27 | Collected: 500
2026-07-02 04:02:30,750 [INFO] Pacing: sleep 1.1s
2026-07-02 04:02:31,886 [INFO] Page 28 | Collected: 500
2026-07-02 04:02:32,193 [INFO] Pacing: sleep 1.3s
2026-07-02 04:02:33,448 [INFO] Page 29 | Collected: 500
2026-07-02 04:02:33,748 [INFO] Pacing: sleep 1.0s
2026-07-02 04:02:34,773 [INFO] Page 30 | Collected: 500
2026-07-02 04:02:35,180 [INFO] Pacing: sleep 0.5s
2026-07-02 04:02:35,714 [INFO] Page 31 | Collected: 750
2026-07-02 04:02:35,819 [WARNING] Block detected on page 31: HTTP 429
2026-07-02 04:02:35,820 [INFO] Saved raw HTML for debugging: blocked_0031.html
2026-07-02 04:02:35,820 [WARNING] Initiating ADAPTIVE THROTTLING. Sleeping 180s, switching to SAFE mode.
2026-07-02 04:05:35,820 [INFO] Pacing: sleep 62.2s | Short Cooldown: 56.7s
2026-07-02 04:06:38,008 [INFO] Page 31 | Collected: 750
2026-07-02 04:06:38,454 [INFO] Pacing: sleep 7.3s
2026-07-02 04:06:45,719 [INFO] Page 32 | Collected: 750
2026-07-02 04:06:46,005 [INFO] Pacing: sleep 6.4s
2026-07-02 04:06:52,439 [INFO] Page 33 | Collected: 750
2026-07-02 04:06:52,781 [INFO] Pacing: sleep 6.8s
2026-07-02 04:06:59,560 [INFO] Page 34 | Collected: 750
2026-07-02 04:06:59,837 [INFO] Pacing: sleep 5.8s
2026-07-02 04:07:05,665 [INFO] Page 35 | Collected: 750
2026-07-02 04:07:06,019 [INFO] Pacing: sleep 4.7s
2026-07-02 04:07:10,723 [INFO] Page 36 | Collected: 750
2026-07-02 04:07:11,009 [INFO] Pacing: sleep 6.9s
2026-07-02 04:07:17,888 [INFO] Page 37 | Collected: 750
2026-07-02 04:07:18,263 [INFO] Pacing: sleep 4.8s
2026-07-02 04:07:23,097 [INFO] Page 38 | Collected: 750
2026-07-02 04:07:23,498 [INFO] Pacing: sleep 7.8s
2026-07-02 04:07:31,280 [INFO] Page 39 | Collected: 750
2026-07-02 04:07:31,714 [INFO] Pacing: sleep 5.8s
2026-07-02 04:07:37,485 [INFO] Page 40 | Collected: 750
2026-07-02 04:07:37,946 [INFO] Pacing: sleep 210.6s | Long Cooldown: 204.3s
2026-07-02 04:11:08,543 [INFO] Page 41 | Collected: 1000
2026-07-02 04:11:08,833 [INFO] Pacing: sleep 6.3s
2026-07-02 04:11:15,112 [INFO] Page 42 | Collected: 1000
2026-07-02 04:11:15,420 [INFO] Pacing: sleep 4.3s
2026-07-02 04:11:19,732 [INFO] Page 43 | Collected: 1000
2026-07-02 04:11:20,132 [INFO] Pacing: sleep 6.8s
2026-07-02 04:11:26,915 [INFO] Page 44 | Collected: 1000
2026-07-02 04:11:27,250 [INFO] Pacing: sleep 6.6s
2026-07-02 04:11:33,857 [INFO] Page 45 | Collected: 1000
2026-07-02 04:11:34,267 [INFO] Pacing: sleep 5.2s
2026-07-02 04:11:39,429 [INFO] Page 46 | Collected: 1000
2026-07-02 04:11:39,705 [INFO] Pacing: sleep 6.9s
2026-07-02 04:11:46,627 [INFO] Page 47 | Collected: 1000
2026-07-02 04:11:46,913 [INFO] Pacing: sleep 6.0s
2026-07-02 04:11:52,891 [INFO] Page 48 | Collected: 1000
2026-07-02 04:11:53,248 [INFO] Pacing: sleep 7.9s
2026-07-02 04:12:01,104 [INFO] Page 49 | Collected: 1000
2026-07-02 04:12:01,401 [INFO] Pacing: sleep 7.6s
2026-07-02 04:12:09,035 [INFO] Page 50 | Collected: 1000
2026-07-02 04:12:09,326 [INFO] Pacing: sleep 53.5s | Short Cooldown: 48.1s
2026-07-02 04:13:02,869 [INFO] Page 51 | Collected: 1250
2026-07-02 04:13:03,313 [INFO] Pacing: sleep 6.0s
2026-07-02 04:13:09,344 [INFO] Page 52 | Collected: 1250
2026-07-02 04:13:09,638 [INFO] Pacing: sleep 6.0s
2026-07-02 04:13:15,687 [INFO] Page 53 | Collected: 1250
2026-07-02 04:13:16,114 [INFO] Pacing: sleep 4.1s
2026-07-02 04:13:20,183 [INFO] Page 54 | Collected: 1250
2026-07-02 04:13:20,478 [INFO] Pacing: sleep 6.5s
2026-07-02 04:13:26,953 [INFO] Page 55 | Collected: 1250
2026-07-02 04:13:27,316 [INFO] Pacing: sleep 6.2s
2026-07-02 04:13:33,561 [INFO] Page 56 | Collected: 1250
2026-07-02 04:13:33,924 [INFO] Pacing: sleep 7.5s
2026-07-02 04:13:41,390 [INFO] Page 57 | Collected: 1250
2026-07-02 04:13:41,759 [INFO] Pacing: sleep 4.7s
2026-07-02 04:13:46,422 [INFO] Page 58 | Collected: 1250
2026-07-02 04:13:46,811 [INFO] Pacing: sleep 7.9s
2026-07-02 04:13:54,695 [INFO] Page 59 | Collected: 1250
2026-07-02 04:13:54,978 [INFO] Pacing: sleep 6.5s
2026-07-02 04:14:01,518 [INFO] Page 60 | Collected: 1250
2026-07-02 04:14:01,801 [INFO] Pacing: sleep 40.5s | Short Cooldown: 34.4s
2026-07-02 04:14:42,266 [INFO] Page 61 | Collected: 1500
2026-07-02 04:14:42,809 [INFO] Pacing: sleep 6.6s
2026-07-02 04:14:49,459 [INFO] Page 62 | Collected: 1500
2026-07-02 04:14:49,840 [INFO] Pacing: sleep 4.6s
2026-07-02 04:14:54,450 [INFO] Page 63 | Collected: 1500
2026-07-02 04:14:54,835 [INFO] Pacing: sleep 4.2s
2026-07-02 04:14:59,035 [INFO] Page 64 | Collected: 1500
2026-07-02 04:14:59,228 [WARNING] Block detected on page 64: Suspicious term found: 'captcha'
2026-07-02 04:14:59,230 [INFO] Saved raw HTML for debugging: blocked_0064.html
2026-07-02 04:14:59,230 [ERROR] Blocked again even after safe mode. Stopping gracefully.
2026-07-02 04:14:59,231 [INFO] Crawl stopped. Reason: adaptive_throttle_failed_page_64. Finalizing...
2026-07-02 04:14:59,232 [INFO] Merging intermediate pages from work_dir: /home/runner/work/steam-diploma/steam-diploma/data/snapshots/data/snapshots/_in_progress/f01f6e3d-1ee4-47a7-b6f8-b6719686516a
