2026-06-07 14:06:00,347 [INFO] Steam Snapshot Collector Started.
2026-06-07 14:06:00,347 [INFO] Speed Mode: fast
2026-06-07 14:06:00,347 [INFO] Work Dir: /home/runner/work/steam-diploma/steam-diploma/data/snapshots
2026-06-07 14:06:00,347 [INFO] Base Output Dir: .
2026-06-07 14:06:00,348 [INFO] Page 1 | Collected: 0
2026-06-07 14:06:00,744 [INFO] Pacing: sleep 0.6s
2026-06-07 14:06:01,392 [INFO] Page 2 | Collected: 0
2026-06-07 14:06:01,709 [INFO] Pacing: sleep 1.5s
2026-06-07 14:06:03,207 [INFO] Page 3 | Collected: 0
2026-06-07 14:06:03,509 [INFO] Pacing: sleep 0.7s
2026-06-07 14:06:04,180 [INFO] Page 4 | Collected: 0
2026-06-07 14:06:04,537 [INFO] Pacing: sleep 0.9s
2026-06-07 14:06:05,438 [INFO] Page 5 | Collected: 0
2026-06-07 14:06:05,722 [INFO] Pacing: sleep 0.9s
2026-06-07 14:06:06,648 [INFO] Page 6 | Collected: 0
2026-06-07 14:06:06,946 [INFO] Pacing: sleep 1.1s
2026-06-07 14:06:08,065 [INFO] Page 7 | Collected: 0
2026-06-07 14:06:08,416 [INFO] Pacing: sleep 1.1s
2026-06-07 14:06:09,524 [INFO] Page 8 | Collected: 0
2026-06-07 14:06:09,806 [INFO] Pacing: sleep 1.1s
2026-06-07 14:06:10,857 [INFO] Page 9 | Collected: 0
2026-06-07 14:06:11,199 [INFO] Pacing: sleep 1.4s
2026-06-07 14:06:12,646 [INFO] Page 10 | Collected: 0
2026-06-07 14:06:12,906 [INFO] Pacing: sleep 0.8s
2026-06-07 14:06:13,667 [INFO] Page 11 | Collected: 250
2026-06-07 14:06:13,925 [INFO] Pacing: sleep 0.6s
2026-06-07 14:06:14,574 [INFO] Page 12 | Collected: 250
2026-06-07 14:06:14,946 [INFO] Pacing: sleep 1.2s
2026-06-07 14:06:16,166 [INFO] Page 13 | Collected: 250
2026-06-07 14:06:16,422 [INFO] Pacing: sleep 0.7s
2026-06-07 14:06:17,125 [INFO] Page 14 | Collected: 250
2026-06-07 14:06:17,406 [INFO] Pacing: sleep 1.3s
2026-06-07 14:06:18,685 [INFO] Page 15 | Collected: 250
2026-06-07 14:06:19,014 [INFO] Pacing: sleep 0.6s
2026-06-07 14:06:19,609 [INFO] Page 16 | Collected: 250
2026-06-07 14:06:19,910 [INFO] Pacing: sleep 1.3s
2026-06-07 14:06:21,209 [INFO] Page 17 | Collected: 250
2026-06-07 14:06:21,529 [INFO] Pacing: sleep 1.1s
2026-06-07 14:06:22,606 [INFO] Page 18 | Collected: 250
2026-06-07 14:06:22,894 [INFO] Pacing: sleep 1.2s
2026-06-07 14:06:24,053 [INFO] Page 19 | Collected: 250
2026-06-07 14:06:24,315 [INFO] Pacing: sleep 1.1s
2026-06-07 14:06:25,436 [INFO] Page 20 | Collected: 250
2026-06-07 14:06:25,774 [INFO] Pacing: sleep 1.3s
2026-06-07 14:06:27,026 [INFO] Page 21 | Collected: 500
2026-06-07 14:06:27,288 [INFO] Pacing: sleep 1.4s
2026-06-07 14:06:28,653 [INFO] Page 22 | Collected: 500
2026-06-07 14:06:29,019 [INFO] Pacing: sleep 0.8s
2026-06-07 14:06:29,853 [INFO] Page 23 | Collected: 500
2026-06-07 14:06:30,135 [INFO] Pacing: sleep 1.2s
2026-06-07 14:06:31,292 [INFO] Page 24 | Collected: 500
2026-06-07 14:06:31,551 [INFO] Pacing: sleep 1.3s
2026-06-07 14:06:32,858 [INFO] Page 25 | Collected: 500
2026-06-07 14:06:33,231 [INFO] Pacing: sleep 0.8s
2026-06-07 14:06:34,013 [INFO] Page 26 | Collected: 500
2026-06-07 14:06:34,637 [INFO] Pacing: sleep 1.0s
2026-06-07 14:06:35,600 [INFO] Page 27 | Collected: 500
2026-06-07 14:06:36,039 [INFO] Pacing: sleep 0.5s
2026-06-07 14:06:36,559 [INFO] Page 28 | Collected: 500
2026-06-07 14:06:36,856 [INFO] Pacing: sleep 0.5s
2026-06-07 14:06:37,360 [INFO] Page 29 | Collected: 500
2026-06-07 14:06:37,637 [INFO] Pacing: sleep 1.0s
2026-06-07 14:06:38,602 [INFO] Page 30 | Collected: 500
2026-06-07 14:06:38,987 [INFO] Pacing: sleep 1.4s
2026-06-07 14:06:40,433 [INFO] Page 31 | Collected: 750
2026-06-07 14:06:40,515 [WARNING] Block detected on page 31: HTTP 429
2026-06-07 14:06:40,516 [INFO] Saved raw HTML for debugging: blocked_0031.html
2026-06-07 14:06:40,516 [WARNING] Initiating ADAPTIVE THROTTLING. Sleeping 180s, switching to SAFE mode.
2026-06-07 14:09:40,516 [INFO] Pacing: sleep 54.7s | Short Cooldown: 48.0s
2026-06-07 14:10:35,168 [INFO] Page 31 | Collected: 750
2026-06-07 14:10:35,453 [INFO] Pacing: sleep 5.2s
2026-06-07 14:10:40,613 [INFO] Page 32 | Collected: 750
2026-06-07 14:10:40,882 [INFO] Pacing: sleep 7.1s
2026-06-07 14:10:47,960 [INFO] Page 33 | Collected: 750
2026-06-07 14:10:48,306 [INFO] Pacing: sleep 7.0s
2026-06-07 14:10:55,325 [INFO] Page 34 | Collected: 750
2026-06-07 14:10:55,591 [INFO] Pacing: sleep 4.5s
2026-06-07 14:11:00,111 [INFO] Page 35 | Collected: 750
2026-06-07 14:11:00,440 [INFO] Pacing: sleep 7.6s
2026-06-07 14:11:08,049 [INFO] Page 36 | Collected: 750
2026-06-07 14:11:08,404 [INFO] Pacing: sleep 7.3s
2026-06-07 14:11:15,695 [INFO] Page 37 | Collected: 750
2026-06-07 14:11:15,973 [INFO] Pacing: sleep 7.0s
2026-06-07 14:11:22,989 [INFO] Page 38 | Collected: 750
2026-06-07 14:11:23,369 [INFO] Pacing: sleep 6.3s
2026-06-07 14:11:29,642 [INFO] Page 39 | Collected: 750
2026-06-07 14:11:29,905 [INFO] Pacing: sleep 4.6s
2026-06-07 14:11:34,497 [INFO] Page 40 | Collected: 750
2026-06-07 14:11:34,847 [INFO] Pacing: sleep 150.2s | Long Cooldown: 146.1s
2026-06-07 14:14:05,064 [INFO] Page 41 | Collected: 1000
2026-06-07 14:14:05,344 [INFO] Pacing: sleep 7.4s
2026-06-07 14:14:12,746 [INFO] Page 42 | Collected: 1000
2026-06-07 14:14:13,030 [INFO] Pacing: sleep 5.6s
2026-06-07 14:14:18,627 [INFO] Page 43 | Collected: 1000
2026-06-07 14:14:19,039 [INFO] Pacing: sleep 6.2s
2026-06-07 14:14:25,287 [INFO] Page 44 | Collected: 1000
2026-06-07 14:14:25,589 [INFO] Pacing: sleep 6.3s
2026-06-07 14:14:31,909 [INFO] Page 45 | Collected: 1000
2026-06-07 14:14:32,292 [INFO] Pacing: sleep 7.8s
2026-06-07 14:14:40,086 [INFO] Page 46 | Collected: 1000
2026-06-07 14:14:40,457 [INFO] Pacing: sleep 5.0s
2026-06-07 14:14:45,490 [INFO] Page 47 | Collected: 1000
2026-06-07 14:14:45,739 [INFO] Pacing: sleep 5.2s
2026-06-07 14:14:50,894 [INFO] Page 48 | Collected: 1000
2026-06-07 14:14:51,253 [INFO] Pacing: sleep 4.5s
2026-06-07 14:14:55,733 [INFO] Page 49 | Collected: 1000
2026-06-07 14:14:55,998 [INFO] Pacing: sleep 6.7s
2026-06-07 14:15:02,722 [INFO] Page 50 | Collected: 1000
2026-06-07 14:15:02,980 [INFO] Pacing: sleep 34.7s | Short Cooldown: 30.1s
2026-06-07 14:15:37,710 [INFO] Page 51 | Collected: 1250
2026-06-07 14:15:38,081 [INFO] Pacing: sleep 4.6s
2026-06-07 14:15:42,652 [INFO] Page 52 | Collected: 1250
2026-06-07 14:15:42,947 [INFO] Pacing: sleep 7.4s
2026-06-07 14:15:50,309 [INFO] Page 53 | Collected: 1250
2026-06-07 14:15:50,663 [INFO] Pacing: sleep 6.3s
2026-06-07 14:15:56,930 [INFO] Page 54 | Collected: 1250
2026-06-07 14:15:57,238 [INFO] Pacing: sleep 4.5s
2026-06-07 14:16:01,749 [INFO] Page 55 | Collected: 1250
2026-06-07 14:16:02,011 [INFO] Pacing: sleep 7.3s
2026-06-07 14:16:09,262 [INFO] Page 56 | Collected: 1250
2026-06-07 14:16:09,615 [INFO] Pacing: sleep 7.9s
2026-06-07 14:16:17,526 [INFO] Page 57 | Collected: 1250
2026-06-07 14:16:17,794 [INFO] Pacing: sleep 6.7s
2026-06-07 14:16:24,526 [INFO] Page 58 | Collected: 1250
2026-06-07 14:16:24,886 [INFO] Pacing: sleep 7.9s
2026-06-07 14:16:32,751 [INFO] Page 59 | Collected: 1250
2026-06-07 14:16:33,012 [INFO] Pacing: sleep 5.7s
2026-06-07 14:16:38,676 [INFO] Page 60 | Collected: 1250
2026-06-07 14:16:39,030 [INFO] Pacing: sleep 42.9s | Short Cooldown: 38.2s
2026-06-07 14:17:21,937 [INFO] Page 61 | Collected: 1500
2026-06-07 14:17:22,304 [INFO] Pacing: sleep 6.7s
2026-06-07 14:17:29,044 [INFO] Page 62 | Collected: 1500
2026-06-07 14:17:29,330 [INFO] Pacing: sleep 5.6s
2026-06-07 14:17:34,961 [INFO] Page 63 | Collected: 1500
2026-06-07 14:17:35,373 [INFO] Pacing: sleep 4.3s
2026-06-07 14:17:39,701 [INFO] Page 64 | Collected: 1500
2026-06-07 14:17:39,978 [INFO] Pacing: sleep 7.1s
2026-06-07 14:17:47,116 [INFO] Page 65 | Collected: 1500
2026-06-07 14:17:47,377 [INFO] Pacing: sleep 7.7s
2026-06-07 14:17:55,067 [INFO] Page 66 | Collected: 1500
2026-06-07 14:17:55,407 [INFO] Pacing: sleep 6.7s
2026-06-07 14:18:02,111 [INFO] Page 67 | Collected: 1500
2026-06-07 14:18:02,394 [INFO] Pacing: sleep 5.3s
2026-06-07 14:18:07,671 [INFO] Page 68 | Collected: 1500
2026-06-07 14:18:07,958 [INFO] Pacing: sleep 4.3s
2026-06-07 14:18:12,277 [INFO] Page 69 | Collected: 1500
2026-06-07 14:18:12,629 [INFO] Pacing: sleep 6.3s
2026-06-07 14:18:18,961 [INFO] Page 70 | Collected: 1500
2026-06-07 14:18:19,220 [INFO] Pacing: sleep 62.7s | Short Cooldown: 57.6s
2026-06-07 14:19:21,959 [INFO] Page 71 | Collected: 1750
2026-06-07 14:19:22,339 [INFO] Pacing: sleep 5.2s
2026-06-07 14:19:27,518 [INFO] Page 72 | Collected: 1750
2026-06-07 14:19:27,797 [INFO] Pacing: sleep 7.1s
2026-06-07 14:19:34,851 [INFO] Page 73 | Collected: 1750
2026-06-07 14:19:35,137 [INFO] Pacing: sleep 6.0s
2026-06-07 14:19:41,175 [INFO] Page 74 | Collected: 1750
2026-06-07 14:19:41,538 [INFO] Pacing: sleep 7.3s
2026-06-07 14:19:48,849 [INFO] Page 75 | Collected: 1750
2026-06-07 14:19:49,378 [INFO] Pacing: sleep 7.5s
2026-06-07 14:19:56,861 [INFO] Page 76 | Collected: 1750
2026-06-07 14:19:57,249 [INFO] Pacing: sleep 5.8s
2026-06-07 14:20:03,043 [INFO] Page 77 | Collected: 1750
2026-06-07 14:20:03,397 [INFO] Pacing: sleep 6.5s
2026-06-07 14:20:09,896 [INFO] Page 78 | Collected: 1750
2026-06-07 14:20:10,207 [INFO] Pacing: sleep 5.9s
2026-06-07 14:20:16,133 [INFO] Page 79 | Collected: 1750
2026-06-07 14:20:16,543 [INFO] Pacing: sleep 6.6s
2026-06-07 14:20:23,181 [INFO] Page 80 | Collected: 1750
2026-06-07 14:20:23,469 [INFO] Pacing: sleep 190.5s | Long Cooldown: 184.1s
2026-06-07 14:23:34,003 [INFO] Page 81 | Collected: 2000
2026-06-07 14:23:34,362 [INFO] Pacing: sleep 4.8s
2026-06-07 14:23:39,202 [INFO] Page 82 | Collected: 2000
2026-06-07 14:23:39,482 [INFO] Pacing: sleep 6.7s
2026-06-07 14:23:46,229 [INFO] Page 83 | Collected: 2000
2026-06-07 14:23:46,610 [INFO] Pacing: sleep 6.6s
2026-06-07 14:23:53,195 [INFO] Page 84 | Collected: 2000
2026-06-07 14:23:53,581 [INFO] Pacing: sleep 7.2s
2026-06-07 14:24:00,752 [INFO] Page 85 | Collected: 2000
2026-06-07 14:24:01,028 [INFO] Pacing: sleep 4.3s
2026-06-07 14:24:05,339 [INFO] Page 86 | Collected: 2000
2026-06-07 14:24:05,629 [INFO] Pacing: sleep 7.0s
2026-06-07 14:24:12,624 [INFO] Page 87 | Collected: 2000
2026-06-07 14:24:13,013 [INFO] Pacing: sleep 7.2s
2026-06-07 14:24:20,228 [INFO] Page 88 | Collected: 2000
2026-06-07 14:24:20,610 [INFO] Pacing: sleep 7.9s
2026-06-07 14:24:28,496 [INFO] Page 89 | Collected: 2000
2026-06-07 14:24:28,850 [INFO] Pacing: sleep 6.7s
2026-06-07 14:24:35,552 [INFO] Page 90 | Collected: 2000
2026-06-07 14:24:35,833 [INFO] Pacing: sleep 42.1s | Short Cooldown: 36.8s
2026-06-07 14:25:17,942 [INFO] Page 91 | Collected: 2250
2026-06-07 14:25:18,238 [INFO] Pacing: sleep 4.2s
2026-06-07 14:25:22,454 [INFO] Page 92 | Collected: 2250
2026-06-07 14:25:22,837 [INFO] Pacing: sleep 5.4s
2026-06-07 14:25:28,239 [INFO] Page 93 | Collected: 2250
2026-06-07 14:25:29,562 [INFO] Pacing: sleep 6.7s
2026-06-07 14:25:36,235 [INFO] Page 94 | Collected: 2250
2026-06-07 14:25:36,664 [INFO] Pacing: sleep 7.7s
2026-06-07 14:25:44,352 [INFO] Page 95 | Collected: 2250
2026-06-07 14:25:44,645 [INFO] Pacing: sleep 5.4s
2026-06-07 14:25:50,076 [INFO] Page 96 | Collected: 2250
2026-06-07 14:25:50,346 [INFO] Pacing: sleep 6.9s
2026-06-07 14:25:57,279 [INFO] Page 97 | Collected: 2250
2026-06-07 14:25:57,695 [INFO] Pacing: sleep 4.7s
2026-06-07 14:26:02,373 [INFO] Page 98 | Collected: 2250
2026-06-07 14:26:02,662 [INFO] Pacing: sleep 5.1s
2026-06-07 14:26:07,749 [INFO] Page 99 | Collected: 2250
2026-06-07 14:26:08,120 [INFO] Pacing: sleep 5.6s
2026-06-07 14:26:13,738 [INFO] Page 100 | Collected: 2250
2026-06-07 14:26:14,034 [INFO] Pacing: sleep 38.0s | Short Cooldown: 30.6s
2026-06-07 14:26:52,024 [INFO] Page 101 | Collected: 2500
2026-06-07 14:26:52,304 [INFO] Pacing: sleep 5.5s
2026-06-07 14:26:57,839 [INFO] Page 102 | Collected: 2500
2026-06-07 14:26:58,250 [INFO] Pacing: sleep 7.7s
2026-06-07 14:27:05,987 [INFO] Page 103 | Collected: 2500
2026-06-07 14:27:06,297 [INFO] Pacing: sleep 6.7s
2026-06-07 14:27:13,031 [INFO] Page 104 | Collected: 2500
2026-06-07 14:27:13,345 [INFO] Pacing: sleep 4.7s
2026-06-07 14:27:18,087 [INFO] Page 105 | Collected: 2500
2026-06-07 14:27:18,532 [INFO] Pacing: sleep 5.6s
2026-06-07 14:27:24,085 [INFO] Page 106 | Collected: 2500
2026-06-07 14:27:24,409 [INFO] Pacing: sleep 5.6s
2026-06-07 14:27:30,030 [INFO] Page 107 | Collected: 2500
2026-06-07 14:27:30,404 [WARNING] Page 107 had 1 duplicate appids seen previously.
2026-06-07 14:27:30,404 [INFO] Pacing: sleep 7.3s
2026-06-07 14:27:37,710 [INFO] Page 108 | Collected: 2500
2026-06-07 14:27:38,006 [INFO] Pacing: sleep 6.9s
2026-06-07 14:27:44,878 [INFO] Page 109 | Collected: 2500
2026-06-07 14:27:45,164 [INFO] Pacing: sleep 4.9s
2026-06-07 14:27:50,033 [INFO] Page 110 | Collected: 2500
2026-06-07 14:27:50,479 [INFO] Pacing: sleep 54.3s | Short Cooldown: 47.5s
2026-06-07 14:28:44,771 [INFO] Page 111 | Collected: 2750
2026-06-07 14:28:45,057 [INFO] Pacing: sleep 5.3s
2026-06-07 14:28:50,326 [INFO] Page 112 | Collected: 2750
2026-06-07 14:28:50,744 [INFO] Pacing: sleep 7.9s
2026-06-07 14:28:58,637 [INFO] Page 113 | Collected: 2750
2026-06-07 14:28:58,962 [INFO] Pacing: sleep 5.8s
2026-06-07 14:29:04,743 [INFO] Page 114 | Collected: 2750
2026-06-07 14:29:05,028 [INFO] Pacing: sleep 5.0s
2026-06-07 14:29:10,007 [INFO] Page 115 | Collected: 2750
2026-06-07 14:29:10,402 [INFO] Pacing: sleep 7.5s
2026-06-07 14:29:17,949 [INFO] Page 116 | Collected: 2750
2026-06-07 14:29:18,234 [INFO] Pacing: sleep 8.0s
2026-06-07 14:29:26,202 [INFO] Page 117 | Collected: 2750
2026-06-07 14:29:26,621 [INFO] Pacing: sleep 6.1s
2026-06-07 14:29:32,749 [INFO] Page 118 | Collected: 2750
2026-06-07 14:29:33,049 [INFO] Pacing: sleep 6.5s
2026-06-07 14:29:39,506 [INFO] Page 119 | Collected: 2750
2026-06-07 14:29:39,830 [INFO] Pacing: sleep 6.9s
2026-06-07 14:29:46,750 [INFO] Page 120 | Collected: 2750
2026-06-07 14:29:47,178 [INFO] Crawl stopped. Reason: max_games_reached. Finalizing...
2026-06-07 14:29:47,179 [INFO] Merging intermediate pages from work_dir: /home/runner/work/steam-diploma/steam-diploma/data/snapshots/data/snapshots/_in_progress/b2297066-7fb7-43b2-88c8-0c3fe85907f3
2026-06-07 14:29:47,204 [WARNING] Found 1 duplicate appids across the snapshot.
