2026-06-06 03:59:40,931 [INFO] Steam Snapshot Collector Started.
2026-06-06 03:59:40,932 [INFO] Speed Mode: fast
2026-06-06 03:59:40,932 [INFO] Work Dir: /home/runner/work/steam-diploma/steam-diploma/data/snapshots
2026-06-06 03:59:40,932 [INFO] Base Output Dir: .
2026-06-06 03:59:40,932 [INFO] Page 1 | Collected: 0
2026-06-06 03:59:41,279 [INFO] Pacing: sleep 0.9s
2026-06-06 03:59:42,227 [INFO] Page 2 | Collected: 0
2026-06-06 03:59:42,556 [INFO] Pacing: sleep 0.8s
2026-06-06 03:59:43,386 [INFO] Page 3 | Collected: 0
2026-06-06 03:59:43,661 [INFO] Pacing: sleep 0.6s
2026-06-06 03:59:44,287 [INFO] Page 4 | Collected: 0
2026-06-06 03:59:44,631 [INFO] Pacing: sleep 1.0s
2026-06-06 03:59:45,615 [INFO] Page 5 | Collected: 0
2026-06-06 03:59:45,870 [INFO] Pacing: sleep 0.6s
2026-06-06 03:59:46,434 [INFO] Page 6 | Collected: 0
2026-06-06 03:59:46,709 [INFO] Pacing: sleep 0.8s
2026-06-06 03:59:47,510 [INFO] Page 7 | Collected: 0
2026-06-06 03:59:47,849 [INFO] Pacing: sleep 0.9s
2026-06-06 03:59:48,727 [INFO] Page 8 | Collected: 0
2026-06-06 03:59:48,991 [INFO] Pacing: sleep 1.3s
2026-06-06 03:59:50,339 [INFO] Page 9 | Collected: 0
2026-06-06 03:59:50,669 [INFO] Pacing: sleep 1.1s
2026-06-06 03:59:51,791 [INFO] Page 10 | Collected: 0
2026-06-06 03:59:52,107 [INFO] Pacing: sleep 1.2s
2026-06-06 03:59:53,328 [INFO] Page 11 | Collected: 250
2026-06-06 03:59:53,589 [INFO] Pacing: sleep 1.0s
2026-06-06 03:59:54,584 [INFO] Page 12 | Collected: 250
2026-06-06 03:59:54,929 [INFO] Pacing: sleep 1.1s
2026-06-06 03:59:55,984 [INFO] Page 13 | Collected: 250
2026-06-06 03:59:56,255 [INFO] Pacing: sleep 0.7s
2026-06-06 03:59:56,960 [INFO] Page 14 | Collected: 250
2026-06-06 03:59:57,284 [INFO] Pacing: sleep 0.7s
2026-06-06 03:59:57,977 [INFO] Page 15 | Collected: 250
2026-06-06 03:59:58,318 [INFO] Pacing: sleep 0.9s
2026-06-06 03:59:59,184 [INFO] Page 16 | Collected: 250
2026-06-06 03:59:59,596 [INFO] Pacing: sleep 0.5s
2026-06-06 04:00:00,124 [INFO] Page 17 | Collected: 250
2026-06-06 04:00:00,498 [INFO] Pacing: sleep 0.6s
2026-06-06 04:00:01,132 [INFO] Page 18 | Collected: 250
2026-06-06 04:00:01,475 [INFO] Pacing: sleep 0.6s
2026-06-06 04:00:02,048 [INFO] Page 19 | Collected: 250
2026-06-06 04:00:02,303 [INFO] Pacing: sleep 1.1s
2026-06-06 04:00:03,379 [INFO] Page 20 | Collected: 250
2026-06-06 04:00:03,781 [INFO] Pacing: sleep 0.8s
2026-06-06 04:00:04,597 [INFO] Page 21 | Collected: 500
2026-06-06 04:00:04,899 [INFO] Pacing: sleep 0.5s
2026-06-06 04:00:05,432 [INFO] Page 22 | Collected: 500
2026-06-06 04:00:05,759 [INFO] Pacing: sleep 0.6s
2026-06-06 04:00:06,359 [INFO] Page 23 | Collected: 500
2026-06-06 04:00:06,618 [INFO] Pacing: sleep 0.7s
2026-06-06 04:00:07,351 [INFO] Page 24 | Collected: 500
2026-06-06 04:00:07,602 [INFO] Pacing: sleep 1.0s
2026-06-06 04:00:08,634 [INFO] Page 25 | Collected: 500
2026-06-06 04:00:09,002 [INFO] Pacing: sleep 0.5s
2026-06-06 04:00:09,509 [INFO] Page 26 | Collected: 500
2026-06-06 04:00:09,760 [INFO] Pacing: sleep 1.0s
2026-06-06 04:00:10,756 [INFO] Page 27 | Collected: 500
2026-06-06 04:00:11,107 [INFO] Pacing: sleep 1.1s
2026-06-06 04:00:12,197 [INFO] Page 28 | Collected: 500
2026-06-06 04:00:12,466 [INFO] Pacing: sleep 1.4s
2026-06-06 04:00:13,890 [INFO] Page 29 | Collected: 500
2026-06-06 04:00:14,135 [INFO] Pacing: sleep 0.8s
2026-06-06 04:00:14,968 [INFO] Page 30 | Collected: 500
2026-06-06 04:00:15,334 [INFO] Pacing: sleep 0.5s
2026-06-06 04:00:15,859 [INFO] Page 31 | Collected: 750
2026-06-06 04:00:15,938 [WARNING] Block detected on page 31: HTTP 429
2026-06-06 04:00:15,938 [INFO] Saved raw HTML for debugging: blocked_0031.html
2026-06-06 04:00:15,938 [WARNING] Initiating ADAPTIVE THROTTLING. Sleeping 180s, switching to SAFE mode.
2026-06-06 04:03:15,938 [INFO] Pacing: sleep 48.9s | Short Cooldown: 43.5s
2026-06-06 04:04:04,801 [INFO] Page 31 | Collected: 750
2026-06-06 04:04:05,085 [INFO] Pacing: sleep 7.4s
2026-06-06 04:04:12,483 [INFO] Page 32 | Collected: 750
2026-06-06 04:04:12,831 [INFO] Pacing: sleep 6.9s
2026-06-06 04:04:19,739 [INFO] Page 33 | Collected: 750
2026-06-06 04:04:20,143 [INFO] Pacing: sleep 6.7s
2026-06-06 04:04:26,811 [INFO] Page 34 | Collected: 750
2026-06-06 04:04:27,151 [INFO] Pacing: sleep 7.3s
2026-06-06 04:04:34,455 [INFO] Page 35 | Collected: 750
2026-06-06 04:04:34,802 [INFO] Pacing: sleep 7.4s
2026-06-06 04:04:42,223 [INFO] Page 36 | Collected: 750
2026-06-06 04:04:42,534 [INFO] Pacing: sleep 7.2s
2026-06-06 04:04:49,748 [INFO] Page 37 | Collected: 750
2026-06-06 04:04:50,037 [INFO] Pacing: sleep 6.9s
2026-06-06 04:04:56,950 [INFO] Page 38 | Collected: 750
2026-06-06 04:04:57,325 [INFO] Pacing: sleep 4.6s
2026-06-06 04:05:01,889 [INFO] Page 39 | Collected: 750
2026-06-06 04:05:02,161 [INFO] Pacing: sleep 7.2s
2026-06-06 04:05:09,366 [INFO] Page 40 | Collected: 750
2026-06-06 04:05:09,774 [INFO] Pacing: sleep 148.7s | Long Cooldown: 144.3s
2026-06-06 04:07:38,503 [INFO] Page 41 | Collected: 1000
2026-06-06 04:07:38,752 [INFO] Pacing: sleep 7.6s
2026-06-06 04:07:46,397 [INFO] Page 42 | Collected: 1000
2026-06-06 04:07:46,696 [INFO] Pacing: sleep 7.2s
2026-06-06 04:07:53,916 [INFO] Page 43 | Collected: 1000
2026-06-06 04:07:54,344 [INFO] Pacing: sleep 7.6s
2026-06-06 04:08:01,898 [INFO] Page 44 | Collected: 1000
2026-06-06 04:08:02,145 [INFO] Pacing: sleep 6.8s
2026-06-06 04:08:08,958 [INFO] Page 45 | Collected: 1000
2026-06-06 04:08:09,319 [INFO] Pacing: sleep 6.7s
2026-06-06 04:08:16,031 [INFO] Page 46 | Collected: 1000
2026-06-06 04:08:16,320 [INFO] Pacing: sleep 4.4s
2026-06-06 04:08:20,677 [INFO] Page 47 | Collected: 1000
2026-06-06 04:08:20,941 [INFO] Pacing: sleep 4.6s
2026-06-06 04:08:25,587 [INFO] Page 48 | Collected: 1000
2026-06-06 04:08:25,921 [INFO] Pacing: sleep 4.8s
2026-06-06 04:08:30,715 [INFO] Page 49 | Collected: 1000
2026-06-06 04:08:30,953 [INFO] Pacing: sleep 5.6s
2026-06-06 04:08:36,585 [INFO] Page 50 | Collected: 1000
2026-06-06 04:08:36,897 [INFO] Pacing: sleep 46.3s | Short Cooldown: 40.3s
2026-06-06 04:09:23,149 [INFO] Page 51 | Collected: 1250
2026-06-06 04:09:23,606 [INFO] Pacing: sleep 5.5s
2026-06-06 04:09:29,116 [INFO] Page 52 | Collected: 1250
2026-06-06 04:09:29,367 [INFO] Pacing: sleep 4.5s
2026-06-06 04:09:33,915 [INFO] Page 53 | Collected: 1250
2026-06-06 04:09:34,242 [INFO] Pacing: sleep 7.2s
2026-06-06 04:09:41,489 [INFO] Page 54 | Collected: 1250
2026-06-06 04:09:41,744 [INFO] Pacing: sleep 7.7s
2026-06-06 04:09:49,486 [INFO] Page 55 | Collected: 1250
2026-06-06 04:09:49,755 [INFO] Pacing: sleep 6.4s
2026-06-06 04:09:56,194 [INFO] Page 56 | Collected: 1250
2026-06-06 04:09:56,568 [INFO] Pacing: sleep 7.7s
2026-06-06 04:10:04,268 [INFO] Page 57 | Collected: 1250
2026-06-06 04:10:04,559 [INFO] Pacing: sleep 4.2s
2026-06-06 04:10:08,744 [INFO] Page 58 | Collected: 1250
2026-06-06 04:10:09,118 [INFO] Pacing: sleep 7.5s
2026-06-06 04:10:16,600 [INFO] Page 59 | Collected: 1250
2026-06-06 04:10:16,895 [INFO] Pacing: sleep 7.2s
2026-06-06 04:10:24,107 [INFO] Page 60 | Collected: 1250
2026-06-06 04:10:24,404 [INFO] Pacing: sleep 42.2s | Short Cooldown: 34.7s
2026-06-06 04:11:06,638 [INFO] Page 61 | Collected: 1500
2026-06-06 04:11:07,104 [INFO] Pacing: sleep 6.0s
2026-06-06 04:11:13,111 [INFO] Page 62 | Collected: 1500
2026-06-06 04:11:13,386 [INFO] Pacing: sleep 6.0s
2026-06-06 04:11:19,400 [INFO] Page 63 | Collected: 1500
2026-06-06 04:11:19,811 [INFO] Pacing: sleep 6.5s
2026-06-06 04:11:26,316 [INFO] Page 64 | Collected: 1500
2026-06-06 04:11:26,583 [INFO] Pacing: sleep 6.7s
2026-06-06 04:11:33,294 [INFO] Page 65 | Collected: 1500
2026-06-06 04:11:33,553 [INFO] Pacing: sleep 6.6s
2026-06-06 04:11:40,137 [INFO] Page 66 | Collected: 1500
2026-06-06 04:11:40,548 [INFO] Pacing: sleep 6.0s
2026-06-06 04:11:46,531 [INFO] Page 67 | Collected: 1500
2026-06-06 04:11:46,800 [INFO] Pacing: sleep 5.2s
2026-06-06 04:11:52,042 [INFO] Page 68 | Collected: 1500
2026-06-06 04:11:52,360 [INFO] Pacing: sleep 7.0s
2026-06-06 04:11:59,334 [INFO] Page 69 | Collected: 1500
2026-06-06 04:11:59,755 [INFO] Pacing: sleep 7.0s
2026-06-06 04:12:06,718 [INFO] Page 70 | Collected: 1500
2026-06-06 04:12:07,005 [INFO] Pacing: sleep 57.7s | Short Cooldown: 50.9s
2026-06-06 04:13:04,675 [INFO] Page 71 | Collected: 1750
2026-06-06 04:13:05,037 [INFO] Pacing: sleep 6.6s
2026-06-06 04:13:11,600 [INFO] Page 72 | Collected: 1750
2026-06-06 04:13:11,894 [INFO] Pacing: sleep 6.3s
2026-06-06 04:13:18,194 [INFO] Page 73 | Collected: 1750
2026-06-06 04:13:18,488 [INFO] Pacing: sleep 7.7s
2026-06-06 04:13:26,171 [INFO] Page 74 | Collected: 1750
2026-06-06 04:13:26,525 [INFO] Pacing: sleep 5.8s
2026-06-06 04:13:32,330 [INFO] Page 75 | Collected: 1750
2026-06-06 04:13:32,613 [INFO] Pacing: sleep 7.5s
2026-06-06 04:13:40,142 [INFO] Page 76 | Collected: 1750
2026-06-06 04:13:40,515 [INFO] Pacing: sleep 6.4s
2026-06-06 04:13:46,955 [INFO] Page 77 | Collected: 1750
2026-06-06 04:13:47,212 [INFO] Pacing: sleep 5.5s
2026-06-06 04:13:52,706 [INFO] Page 78 | Collected: 1750
2026-06-06 04:13:52,953 [INFO] Pacing: sleep 6.8s
2026-06-06 04:13:59,726 [INFO] Page 79 | Collected: 1750
2026-06-06 04:14:00,130 [INFO] Pacing: sleep 4.8s
2026-06-06 04:14:04,946 [INFO] Page 80 | Collected: 1750
2026-06-06 04:14:05,207 [INFO] Pacing: sleep 137.4s | Long Cooldown: 132.9s
2026-06-06 04:16:22,610 [INFO] Page 81 | Collected: 2000
2026-06-06 04:16:22,986 [INFO] Pacing: sleep 6.3s
2026-06-06 04:16:29,242 [INFO] Page 82 | Collected: 2000
2026-06-06 04:16:29,540 [INFO] Pacing: sleep 7.4s
2026-06-06 04:16:36,977 [INFO] Page 83 | Collected: 2000
2026-06-06 04:16:37,324 [INFO] Pacing: sleep 5.6s
2026-06-06 04:16:42,926 [INFO] Page 84 | Collected: 2000
2026-06-06 04:16:43,317 [INFO] Pacing: sleep 4.5s
2026-06-06 04:16:47,850 [INFO] Page 85 | Collected: 2000
2026-06-06 04:16:48,100 [INFO] Pacing: sleep 4.8s
2026-06-06 04:16:52,947 [INFO] Page 86 | Collected: 2000
2026-06-06 04:16:53,215 [INFO] Pacing: sleep 4.3s
2026-06-06 04:16:57,516 [INFO] Page 87 | Collected: 2000
2026-06-06 04:16:57,860 [INFO] Pacing: sleep 4.9s
2026-06-06 04:17:02,800 [INFO] Page 88 | Collected: 2000
2026-06-06 04:17:03,047 [INFO] Pacing: sleep 7.4s
2026-06-06 04:17:10,447 [INFO] Page 89 | Collected: 2000
2026-06-06 04:17:10,798 [INFO] Pacing: sleep 5.9s
2026-06-06 04:17:16,718 [INFO] Page 90 | Collected: 2000
2026-06-06 04:17:16,979 [INFO] Pacing: sleep 50.7s | Short Cooldown: 43.7s
2026-06-06 04:18:07,724 [INFO] Page 91 | Collected: 2250
2026-06-06 04:18:08,067 [INFO] Pacing: sleep 5.8s
2026-06-06 04:18:13,847 [INFO] Page 92 | Collected: 2250
2026-06-06 04:18:14,235 [INFO] Pacing: sleep 5.2s
2026-06-06 04:18:19,393 [INFO] Page 93 | Collected: 2250
2026-06-06 04:18:19,695 [INFO] Pacing: sleep 7.2s
2026-06-06 04:18:26,910 [INFO] Page 94 | Collected: 2250
2026-06-06 04:18:27,329 [INFO] Pacing: sleep 4.4s
2026-06-06 04:18:31,695 [INFO] Page 95 | Collected: 2250
2026-06-06 04:18:32,019 [WARNING] Page 95 had 1 duplicate appids seen previously.
2026-06-06 04:18:32,020 [INFO] Pacing: sleep 5.0s
2026-06-06 04:18:36,975 [INFO] Page 96 | Collected: 2250
2026-06-06 04:18:37,252 [INFO] Pacing: sleep 6.9s
2026-06-06 04:18:44,170 [INFO] Page 97 | Collected: 2250
2026-06-06 04:18:44,629 [INFO] Pacing: sleep 8.0s
2026-06-06 04:18:52,617 [INFO] Page 98 | Collected: 2250
2026-06-06 04:18:52,874 [INFO] Pacing: sleep 5.6s
2026-06-06 04:18:58,520 [INFO] Page 99 | Collected: 2250
2026-06-06 04:18:58,847 [INFO] Pacing: sleep 7.8s
2026-06-06 04:19:06,602 [INFO] Page 100 | Collected: 2250
2026-06-06 04:19:06,931 [INFO] Pacing: sleep 62.4s | Short Cooldown: 57.6s
2026-06-06 04:20:09,376 [INFO] Page 101 | Collected: 2500
2026-06-06 04:20:09,663 [INFO] Pacing: sleep 7.3s
2026-06-06 04:20:16,999 [INFO] Page 102 | Collected: 2500
2026-06-06 04:20:17,343 [INFO] Pacing: sleep 5.3s
2026-06-06 04:20:22,651 [INFO] Page 103 | Collected: 2500
2026-06-06 04:20:22,902 [INFO] Pacing: sleep 7.7s
2026-06-06 04:20:30,619 [INFO] Page 104 | Collected: 2500
2026-06-06 04:20:30,902 [INFO] Pacing: sleep 5.0s
2026-06-06 04:20:35,860 [INFO] Page 105 | Collected: 2500
2026-06-06 04:20:36,203 [INFO] Pacing: sleep 7.7s
2026-06-06 04:20:43,901 [INFO] Page 106 | Collected: 2500
2026-06-06 04:20:44,164 [INFO] Pacing: sleep 6.6s
2026-06-06 04:20:50,736 [INFO] Page 107 | Collected: 2500
2026-06-06 04:20:51,113 [INFO] Pacing: sleep 7.3s
2026-06-06 04:20:58,457 [INFO] Page 108 | Collected: 2500
2026-06-06 04:20:58,761 [INFO] Pacing: sleep 6.2s
2026-06-06 04:21:04,942 [INFO] Page 109 | Collected: 2500
2026-06-06 04:21:05,236 [INFO] Pacing: sleep 5.8s
2026-06-06 04:21:11,053 [INFO] Page 110 | Collected: 2500
2026-06-06 04:21:11,419 [INFO] Pacing: sleep 43.3s | Short Cooldown: 35.9s
2026-06-06 04:21:54,756 [INFO] Page 111 | Collected: 2750
2026-06-06 04:21:55,013 [INFO] Pacing: sleep 5.1s
2026-06-06 04:22:00,090 [INFO] Page 112 | Collected: 2750
2026-06-06 04:22:00,435 [INFO] Pacing: sleep 4.7s
2026-06-06 04:22:05,129 [INFO] Page 113 | Collected: 2750
2026-06-06 04:22:05,458 [INFO] Pacing: sleep 6.2s
2026-06-06 04:22:11,616 [INFO] Page 114 | Collected: 2750
2026-06-06 04:22:11,887 [INFO] Pacing: sleep 5.9s
2026-06-06 04:22:17,739 [INFO] Page 115 | Collected: 2750
2026-06-06 04:22:18,127 [INFO] Pacing: sleep 5.1s
2026-06-06 04:22:23,271 [INFO] Page 116 | Collected: 2750
2026-06-06 04:22:23,585 [INFO] Pacing: sleep 6.4s
2026-06-06 04:22:30,030 [INFO] Page 117 | Collected: 2750
2026-06-06 04:22:30,375 [INFO] Pacing: sleep 5.2s
2026-06-06 04:22:35,569 [INFO] Page 118 | Collected: 2750
2026-06-06 04:22:35,836 [INFO] Pacing: sleep 6.2s
2026-06-06 04:22:42,004 [INFO] Page 119 | Collected: 2750
2026-06-06 04:22:42,246 [INFO] Pacing: sleep 7.5s
2026-06-06 04:22:49,705 [INFO] Page 120 | Collected: 2750
2026-06-06 04:22:50,100 [INFO] Crawl stopped. Reason: max_games_reached. Finalizing...
2026-06-06 04:22:50,100 [INFO] Merging intermediate pages from work_dir: /home/runner/work/steam-diploma/steam-diploma/data/snapshots/data/snapshots/_in_progress/9c1b2b79-aea6-4e83-8d35-51e1a33c36e7
2026-06-06 04:22:50,125 [WARNING] Found 1 duplicate appids across the snapshot.
