2026-07-05 13:51:54,808 [INFO] Steam Snapshot Collector Started.
2026-07-05 13:51:54,808 [INFO] Speed Mode: fast
2026-07-05 13:51:54,808 [INFO] Work Dir: /home/runner/work/steam-diploma/steam-diploma/data/snapshots
2026-07-05 13:51:54,808 [INFO] Base Output Dir: .
2026-07-05 13:51:54,809 [INFO] Page 1 | Collected: 0
2026-07-05 13:51:55,146 [INFO] Pacing: sleep 0.8s
2026-07-05 13:51:55,946 [INFO] Page 2 | Collected: 0
2026-07-05 13:51:56,274 [INFO] Pacing: sleep 1.2s
2026-07-05 13:51:57,474 [INFO] Page 3 | Collected: 0
2026-07-05 13:51:57,760 [INFO] Pacing: sleep 1.4s
2026-07-05 13:51:59,131 [INFO] Page 4 | Collected: 0
2026-07-05 13:51:59,448 [INFO] Pacing: sleep 0.9s
2026-07-05 13:52:00,395 [INFO] Page 5 | Collected: 0
2026-07-05 13:52:00,663 [INFO] Pacing: sleep 0.5s
2026-07-05 13:52:01,200 [INFO] Page 6 | Collected: 0
2026-07-05 13:52:01,460 [INFO] Pacing: sleep 0.7s
2026-07-05 13:52:02,141 [INFO] Page 7 | Collected: 0
2026-07-05 13:52:02,462 [INFO] Pacing: sleep 0.5s
2026-07-05 13:52:02,964 [INFO] Page 8 | Collected: 0
2026-07-05 13:52:03,251 [INFO] Pacing: sleep 0.8s
2026-07-05 13:52:04,010 [INFO] Page 9 | Collected: 0
2026-07-05 13:52:04,328 [INFO] Pacing: sleep 1.4s
2026-07-05 13:52:05,702 [INFO] Page 10 | Collected: 0
2026-07-05 13:52:05,976 [INFO] Pacing: sleep 1.2s
2026-07-05 13:52:07,221 [INFO] Page 11 | Collected: 250
2026-07-05 13:52:07,480 [INFO] Pacing: sleep 1.1s
2026-07-05 13:52:08,572 [INFO] Page 12 | Collected: 250
2026-07-05 13:52:08,928 [INFO] Pacing: sleep 0.8s
2026-07-05 13:52:09,769 [INFO] Page 13 | Collected: 250
2026-07-05 13:52:10,061 [INFO] Pacing: sleep 1.4s
2026-07-05 13:52:11,453 [INFO] Page 14 | Collected: 250
2026-07-05 13:52:11,724 [INFO] Pacing: sleep 1.4s
2026-07-05 13:52:13,123 [INFO] Page 15 | Collected: 250
2026-07-05 13:52:13,460 [INFO] Pacing: sleep 1.5s
2026-07-05 13:52:14,950 [INFO] Page 16 | Collected: 250
2026-07-05 13:52:15,213 [INFO] Pacing: sleep 1.2s
2026-07-05 13:52:16,441 [INFO] Page 17 | Collected: 250
2026-07-05 13:52:16,768 [INFO] Pacing: sleep 1.0s
2026-07-05 13:52:17,774 [INFO] Page 18 | Collected: 250
2026-07-05 13:52:18,060 [INFO] Pacing: sleep 1.0s
2026-07-05 13:52:19,052 [INFO] Page 19 | Collected: 250
2026-07-05 13:52:19,375 [INFO] Pacing: sleep 1.1s
2026-07-05 13:52:20,453 [INFO] Page 20 | Collected: 250
2026-07-05 13:52:20,791 [INFO] Pacing: sleep 0.5s
2026-07-05 13:52:21,310 [INFO] Page 21 | Collected: 500
2026-07-05 13:52:21,569 [INFO] Pacing: sleep 1.0s
2026-07-05 13:52:22,613 [INFO] Page 22 | Collected: 500
2026-07-05 13:52:22,965 [INFO] Pacing: sleep 1.5s
2026-07-05 13:52:24,455 [INFO] Page 23 | Collected: 500
2026-07-05 13:52:24,749 [INFO] Pacing: sleep 1.4s
2026-07-05 13:52:26,186 [INFO] Page 24 | Collected: 500
2026-07-05 13:52:26,458 [INFO] Pacing: sleep 1.4s
2026-07-05 13:52:27,818 [INFO] Page 25 | Collected: 500
2026-07-05 13:52:28,170 [INFO] Pacing: sleep 1.4s
2026-07-05 13:52:29,565 [INFO] Page 26 | Collected: 500
2026-07-05 13:52:29,849 [INFO] Pacing: sleep 0.5s
2026-07-05 13:52:30,387 [INFO] Page 27 | Collected: 500
2026-07-05 13:52:30,761 [INFO] Pacing: sleep 1.2s
2026-07-05 13:52:31,933 [INFO] Page 28 | Collected: 500
2026-07-05 13:52:32,210 [INFO] Pacing: sleep 1.0s
2026-07-05 13:52:33,205 [INFO] Page 29 | Collected: 500
2026-07-05 13:52:33,504 [INFO] Pacing: sleep 0.7s
2026-07-05 13:52:34,198 [INFO] Page 30 | Collected: 500
2026-07-05 13:52:34,538 [INFO] Pacing: sleep 1.2s
2026-07-05 13:52:35,720 [INFO] Page 31 | Collected: 750
2026-07-05 13:52:35,796 [WARNING] Block detected on page 31: HTTP 429
2026-07-05 13:52:35,797 [INFO] Saved raw HTML for debugging: blocked_0031.html
2026-07-05 13:52:35,797 [WARNING] Initiating ADAPTIVE THROTTLING. Sleeping 180s, switching to SAFE mode.
2026-07-05 13:55:35,797 [INFO] Pacing: sleep 64.3s | Short Cooldown: 58.0s
2026-07-05 13:56:40,082 [INFO] Page 31 | Collected: 750
2026-07-05 13:56:40,369 [INFO] Pacing: sleep 5.0s
2026-07-05 13:56:45,362 [INFO] Page 32 | Collected: 750
2026-07-05 13:56:45,639 [INFO] Pacing: sleep 4.8s
2026-07-05 13:56:50,450 [INFO] Page 33 | Collected: 750
2026-07-05 13:56:50,779 [INFO] Pacing: sleep 7.3s
2026-07-05 13:56:58,047 [INFO] Page 34 | Collected: 750
2026-07-05 13:56:58,354 [INFO] Pacing: sleep 4.5s
2026-07-05 13:57:02,879 [INFO] Page 35 | Collected: 750
2026-07-05 13:57:03,218 [INFO] Pacing: sleep 7.9s
2026-07-05 13:57:11,072 [INFO] Page 36 | Collected: 750
2026-07-05 13:57:11,361 [INFO] Pacing: sleep 7.8s
2026-07-05 13:57:19,194 [INFO] Page 37 | Collected: 750
2026-07-05 13:57:19,533 [INFO] Pacing: sleep 4.4s
2026-07-05 13:57:23,912 [INFO] Page 38 | Collected: 750
2026-07-05 13:57:24,273 [INFO] Pacing: sleep 5.7s
2026-07-05 13:57:30,011 [INFO] Page 39 | Collected: 750
2026-07-05 13:57:30,292 [INFO] Pacing: sleep 6.1s
2026-07-05 13:57:36,357 [INFO] Page 40 | Collected: 750
2026-07-05 13:57:36,708 [INFO] Pacing: sleep 245.4s | Long Cooldown: 238.5s
2026-07-05 14:01:42,070 [INFO] Page 41 | Collected: 1000
2026-07-05 14:01:42,341 [INFO] Pacing: sleep 7.5s
2026-07-05 14:01:49,826 [INFO] Page 42 | Collected: 1000
2026-07-05 14:01:50,102 [INFO] Pacing: sleep 7.8s
2026-07-05 14:01:57,862 [INFO] Page 43 | Collected: 1000
2026-07-05 14:01:58,271 [INFO] Pacing: sleep 7.2s
2026-07-05 14:02:05,478 [INFO] Page 44 | Collected: 1000
2026-07-05 14:02:05,754 [INFO] Pacing: sleep 6.6s
2026-07-05 14:02:12,398 [INFO] Page 45 | Collected: 1000
2026-07-05 14:02:12,825 [INFO] Pacing: sleep 7.9s
2026-07-05 14:02:20,713 [INFO] Page 46 | Collected: 1000
2026-07-05 14:02:20,974 [INFO] Pacing: sleep 6.5s
2026-07-05 14:02:27,520 [INFO] Page 47 | Collected: 1000
2026-07-05 14:02:27,811 [INFO] Pacing: sleep 5.2s
2026-07-05 14:02:33,054 [INFO] Page 48 | Collected: 1000
2026-07-05 14:02:33,426 [INFO] Pacing: sleep 7.4s
2026-07-05 14:02:40,832 [INFO] Page 49 | Collected: 1000
2026-07-05 14:02:41,118 [INFO] Pacing: sleep 4.6s
2026-07-05 14:02:45,750 [INFO] Page 50 | Collected: 1000
2026-07-05 14:02:46,035 [INFO] Pacing: sleep 58.7s | Short Cooldown: 54.1s
2026-07-05 14:03:44,723 [INFO] Page 51 | Collected: 1250
2026-07-05 14:03:45,123 [INFO] Pacing: sleep 4.6s
2026-07-05 14:03:49,766 [INFO] Page 52 | Collected: 1250
2026-07-05 14:03:50,106 [INFO] Pacing: sleep 6.2s
2026-07-05 14:03:56,324 [INFO] Page 53 | Collected: 1250
2026-07-05 14:03:56,691 [INFO] Pacing: sleep 5.4s
2026-07-05 14:04:02,141 [INFO] Page 54 | Collected: 1250
2026-07-05 14:04:02,416 [INFO] Pacing: sleep 6.0s
2026-07-05 14:04:08,391 [INFO] Page 55 | Collected: 1250
2026-07-05 14:04:08,665 [INFO] Pacing: sleep 4.8s
2026-07-05 14:04:13,477 [INFO] Page 56 | Collected: 1250
2026-07-05 14:04:13,872 [INFO] Pacing: sleep 5.5s
2026-07-05 14:04:19,421 [INFO] Page 57 | Collected: 1250
2026-07-05 14:04:19,712 [INFO] Pacing: sleep 5.7s
2026-07-05 14:04:25,377 [INFO] Page 58 | Collected: 1250
2026-07-05 14:04:25,704 [INFO] Pacing: sleep 5.7s
2026-07-05 14:04:31,418 [INFO] Page 59 | Collected: 1250
2026-07-05 14:04:31,701 [INFO] Pacing: sleep 5.8s
2026-07-05 14:04:37,521 [INFO] Page 60 | Collected: 1250
2026-07-05 14:04:37,692 [WARNING] Block detected on page 60: Suspicious term found: 'captcha'
2026-07-05 14:04:37,693 [INFO] Saved raw HTML for debugging: blocked_0060.html
2026-07-05 14:04:37,693 [ERROR] Blocked again even after safe mode. Stopping gracefully.
2026-07-05 14:04:37,695 [INFO] Crawl stopped. Reason: adaptive_throttle_failed_page_60. Finalizing...
2026-07-05 14:04:37,695 [INFO] Merging intermediate pages from work_dir: /home/runner/work/steam-diploma/steam-diploma/data/snapshots/data/snapshots/_in_progress/11d2b203-0070-455a-ad62-386b6ed56612
