2026-06-04 15:29:16,759 [INFO] Steam Snapshot Collector Started.
2026-06-04 15:29:16,759 [INFO] Speed Mode: fast
2026-06-04 15:29:16,759 [INFO] Work Dir: /home/runner/work/steam-diploma/steam-diploma/data/snapshots
2026-06-04 15:29:16,759 [INFO] Base Output Dir: .
2026-06-04 15:29:16,760 [INFO] Page 1 | Collected: 0
2026-06-04 15:29:17,196 [INFO] Pacing: sleep 0.6s
2026-06-04 15:29:17,762 [INFO] Page 2 | Collected: 0
2026-06-04 15:29:18,050 [INFO] Pacing: sleep 1.0s
2026-06-04 15:29:19,039 [INFO] Page 3 | Collected: 0
2026-06-04 15:29:19,343 [INFO] Pacing: sleep 0.6s
2026-06-04 15:29:19,923 [INFO] Page 4 | Collected: 0
2026-06-04 15:29:20,313 [INFO] Pacing: sleep 0.9s
2026-06-04 15:29:21,253 [INFO] Page 5 | Collected: 0
2026-06-04 15:29:21,723 [INFO] Pacing: sleep 0.6s
2026-06-04 15:29:22,277 [INFO] Page 6 | Collected: 0
2026-06-04 15:29:22,542 [INFO] Pacing: sleep 1.0s
2026-06-04 15:29:23,587 [INFO] Page 7 | Collected: 0
2026-06-04 15:29:23,909 [INFO] Pacing: sleep 0.6s
2026-06-04 15:29:24,554 [INFO] Page 8 | Collected: 0
2026-06-04 15:29:24,852 [INFO] Pacing: sleep 1.1s
2026-06-04 15:29:25,974 [INFO] Page 9 | Collected: 0
2026-06-04 15:29:26,551 [INFO] Pacing: sleep 0.8s
2026-06-04 15:29:27,333 [INFO] Page 10 | Collected: 0
2026-06-04 15:29:27,578 [INFO] Pacing: sleep 1.1s
2026-06-04 15:29:28,666 [INFO] Page 11 | Collected: 250
2026-06-04 15:29:28,927 [INFO] Pacing: sleep 1.1s
2026-06-04 15:29:30,009 [INFO] Page 12 | Collected: 250
2026-06-04 15:29:30,347 [INFO] Pacing: sleep 0.7s
2026-06-04 15:29:31,073 [INFO] Page 13 | Collected: 250
2026-06-04 15:29:31,328 [INFO] Pacing: sleep 0.6s
2026-06-04 15:29:31,957 [INFO] Page 14 | Collected: 250
2026-06-04 15:29:32,242 [INFO] Pacing: sleep 0.6s
2026-06-04 15:29:32,850 [INFO] Page 15 | Collected: 250
2026-06-04 15:29:33,179 [INFO] Pacing: sleep 0.7s
2026-06-04 15:29:33,904 [INFO] Page 16 | Collected: 250
2026-06-04 15:29:34,190 [INFO] Pacing: sleep 0.8s
2026-06-04 15:29:35,036 [INFO] Page 17 | Collected: 250
2026-06-04 15:29:35,373 [INFO] Pacing: sleep 1.2s
2026-06-04 15:29:36,573 [INFO] Page 18 | Collected: 250
2026-06-04 15:29:36,838 [INFO] Pacing: sleep 0.9s
2026-06-04 15:29:37,752 [INFO] Page 19 | Collected: 250
2026-06-04 15:29:38,181 [INFO] Pacing: sleep 0.7s
2026-06-04 15:29:38,886 [INFO] Page 20 | Collected: 250
2026-06-04 15:29:39,265 [INFO] Pacing: sleep 0.7s
2026-06-04 15:29:39,950 [INFO] Page 21 | Collected: 500
2026-06-04 15:29:40,251 [INFO] Pacing: sleep 0.6s
2026-06-04 15:29:40,840 [INFO] Page 22 | Collected: 500
2026-06-04 15:29:41,186 [INFO] Pacing: sleep 1.2s
2026-06-04 15:29:42,426 [INFO] Page 23 | Collected: 500
2026-06-04 15:29:42,727 [INFO] Pacing: sleep 1.3s
2026-06-04 15:29:44,049 [INFO] Page 24 | Collected: 500
2026-06-04 15:29:44,350 [INFO] Pacing: sleep 1.3s
2026-06-04 15:29:45,645 [INFO] Page 25 | Collected: 500
2026-06-04 15:29:45,979 [INFO] Pacing: sleep 0.8s
2026-06-04 15:29:46,799 [INFO] Page 26 | Collected: 500
2026-06-04 15:29:47,077 [INFO] Pacing: sleep 1.3s
2026-06-04 15:29:48,340 [INFO] Page 27 | Collected: 500
2026-06-04 15:29:48,680 [INFO] Pacing: sleep 1.1s
2026-06-04 15:29:49,810 [INFO] Page 28 | Collected: 500
2026-06-04 15:29:50,088 [INFO] Pacing: sleep 0.8s
2026-06-04 15:29:50,873 [INFO] Page 29 | Collected: 500
2026-06-04 15:29:51,234 [INFO] Pacing: sleep 0.9s
2026-06-04 15:29:52,140 [INFO] Page 30 | Collected: 500
2026-06-04 15:29:52,477 [INFO] Pacing: sleep 1.0s
2026-06-04 15:29:53,441 [INFO] Page 31 | Collected: 750
2026-06-04 15:29:53,516 [WARNING] Block detected on page 31: HTTP 429
2026-06-04 15:29:53,516 [INFO] Saved raw HTML for debugging: blocked_0031.html
2026-06-04 15:29:53,516 [WARNING] Initiating ADAPTIVE THROTTLING. Sleeping 180s, switching to SAFE mode.
2026-06-04 15:32:53,516 [INFO] Pacing: sleep 51.8s | Short Cooldown: 44.9s
2026-06-04 15:33:45,312 [INFO] Page 31 | Collected: 750
2026-06-04 15:33:45,602 [INFO] Pacing: sleep 4.6s
2026-06-04 15:33:50,219 [INFO] Page 32 | Collected: 750
2026-06-04 15:33:50,469 [INFO] Pacing: sleep 6.1s
2026-06-04 15:33:56,602 [INFO] Page 33 | Collected: 750
2026-06-04 15:33:56,917 [INFO] Pacing: sleep 5.6s
2026-06-04 15:34:02,503 [INFO] Page 34 | Collected: 750
2026-06-04 15:34:02,749 [INFO] Pacing: sleep 4.4s
2026-06-04 15:34:07,137 [INFO] Page 35 | Collected: 750
2026-06-04 15:34:07,494 [INFO] Pacing: sleep 4.9s
2026-06-04 15:34:12,388 [INFO] Page 36 | Collected: 750
2026-06-04 15:34:12,715 [INFO] Pacing: sleep 6.5s
2026-06-04 15:34:19,175 [INFO] Page 37 | Collected: 750
2026-06-04 15:34:19,464 [INFO] Pacing: sleep 6.2s
2026-06-04 15:34:25,702 [INFO] Page 38 | Collected: 750
2026-06-04 15:34:26,044 [INFO] Pacing: sleep 7.3s
2026-06-04 15:34:33,332 [INFO] Page 39 | Collected: 750
2026-06-04 15:34:33,613 [INFO] Pacing: sleep 4.6s
2026-06-04 15:34:38,257 [INFO] Page 40 | Collected: 750
2026-06-04 15:34:38,638 [INFO] Pacing: sleep 144.7s | Long Cooldown: 140.6s
2026-06-04 15:37:03,328 [INFO] Page 41 | Collected: 1000
2026-06-04 15:37:03,630 [INFO] Pacing: sleep 6.9s
2026-06-04 15:37:10,550 [INFO] Page 42 | Collected: 1000
2026-06-04 15:37:10,959 [INFO] Pacing: sleep 6.6s
2026-06-04 15:37:17,561 [INFO] Page 43 | Collected: 1000
2026-06-04 15:37:17,930 [INFO] Pacing: sleep 5.9s
2026-06-04 15:37:23,837 [INFO] Page 44 | Collected: 1000
2026-06-04 15:37:24,185 [INFO] Pacing: sleep 7.5s
2026-06-04 15:37:31,670 [INFO] Page 45 | Collected: 1000
2026-06-04 15:37:32,026 [INFO] Pacing: sleep 5.3s
2026-06-04 15:37:37,376 [INFO] Page 46 | Collected: 1000
2026-06-04 15:37:37,672 [INFO] Pacing: sleep 4.8s
2026-06-04 15:37:42,449 [INFO] Page 47 | Collected: 1000
2026-06-04 15:37:42,725 [INFO] Pacing: sleep 4.6s
2026-06-04 15:37:47,370 [INFO] Page 48 | Collected: 1000
2026-06-04 15:37:47,723 [INFO] Pacing: sleep 7.2s
2026-06-04 15:37:54,935 [INFO] Page 49 | Collected: 1000
2026-06-04 15:37:55,231 [INFO] Pacing: sleep 7.6s
2026-06-04 15:38:02,872 [INFO] Page 50 | Collected: 1000
2026-06-04 15:38:03,123 [INFO] Pacing: sleep 56.6s | Short Cooldown: 51.2s
2026-06-04 15:38:59,768 [INFO] Page 51 | Collected: 1250
2026-06-04 15:39:00,104 [INFO] Pacing: sleep 5.8s
2026-06-04 15:39:05,875 [INFO] Page 52 | Collected: 1250
2026-06-04 15:39:06,181 [INFO] Pacing: sleep 7.2s
2026-06-04 15:39:13,367 [INFO] Page 53 | Collected: 1250
2026-06-04 15:39:13,687 [INFO] Pacing: sleep 7.6s
2026-06-04 15:39:21,313 [INFO] Page 54 | Collected: 1250
2026-06-04 15:39:21,648 [INFO] Pacing: sleep 4.7s
2026-06-04 15:39:26,345 [INFO] Page 55 | Collected: 1250
2026-06-04 15:39:26,612 [INFO] Pacing: sleep 7.4s
2026-06-04 15:39:34,008 [INFO] Page 56 | Collected: 1250
2026-06-04 15:39:34,334 [INFO] Pacing: sleep 5.7s
2026-06-04 15:39:39,985 [INFO] Page 57 | Collected: 1250
2026-06-04 15:39:40,405 [INFO] Pacing: sleep 5.6s
2026-06-04 15:39:46,016 [INFO] Page 58 | Collected: 1250
2026-06-04 15:39:46,387 [INFO] Pacing: sleep 7.6s
2026-06-04 15:39:53,979 [INFO] Page 59 | Collected: 1250
2026-06-04 15:39:54,232 [INFO] Pacing: sleep 6.5s
2026-06-04 15:40:00,689 [INFO] Page 60 | Collected: 1250
2026-06-04 15:40:00,994 [INFO] Pacing: sleep 46.2s | Short Cooldown: 40.9s
2026-06-04 15:40:47,164 [INFO] Page 61 | Collected: 1500
2026-06-04 15:40:47,499 [INFO] Pacing: sleep 5.9s
2026-06-04 15:40:53,405 [INFO] Page 62 | Collected: 1500
2026-06-04 15:40:53,698 [INFO] Pacing: sleep 4.3s
2026-06-04 15:40:57,953 [INFO] Page 63 | Collected: 1500
2026-06-04 15:40:58,333 [INFO] Pacing: sleep 4.6s
2026-06-04 15:41:02,942 [INFO] Page 64 | Collected: 1500
2026-06-04 15:41:03,208 [INFO] Pacing: sleep 4.1s
2026-06-04 15:41:07,273 [INFO] Page 65 | Collected: 1500
2026-06-04 15:41:07,560 [INFO] Pacing: sleep 7.6s
2026-06-04 15:41:15,113 [INFO] Page 66 | Collected: 1500
2026-06-04 15:41:15,493 [INFO] Pacing: sleep 4.9s
2026-06-04 15:41:20,353 [INFO] Page 67 | Collected: 1500
2026-06-04 15:41:20,619 [INFO] Pacing: sleep 5.1s
2026-06-04 15:41:25,696 [INFO] Page 68 | Collected: 1500
2026-06-04 15:41:25,979 [INFO] Pacing: sleep 4.0s
2026-06-04 15:41:29,989 [INFO] Page 69 | Collected: 1500
2026-06-04 15:41:30,361 [INFO] Pacing: sleep 6.2s
2026-06-04 15:41:36,575 [INFO] Page 70 | Collected: 1500
2026-06-04 15:41:36,871 [INFO] Pacing: sleep 43.0s | Short Cooldown: 37.6s
2026-06-04 15:42:19,881 [INFO] Page 71 | Collected: 1750
2026-06-04 15:42:20,253 [INFO] Pacing: sleep 7.7s
2026-06-04 15:42:27,970 [INFO] Page 72 | Collected: 1750
2026-06-04 15:42:28,384 [INFO] Pacing: sleep 5.0s
2026-06-04 15:42:33,431 [INFO] Page 73 | Collected: 1750
2026-06-04 15:42:33,737 [INFO] Pacing: sleep 4.0s
2026-06-04 15:42:37,782 [INFO] Page 74 | Collected: 1750
2026-06-04 15:42:38,113 [INFO] Pacing: sleep 6.3s
2026-06-04 15:42:44,368 [INFO] Page 75 | Collected: 1750
2026-06-04 15:42:44,663 [INFO] Pacing: sleep 5.3s
2026-06-04 15:42:49,932 [INFO] Page 76 | Collected: 1750
2026-06-04 15:42:50,271 [INFO] Pacing: sleep 5.1s
2026-06-04 15:42:55,333 [INFO] Page 77 | Collected: 1750
2026-06-04 15:42:55,633 [INFO] Pacing: sleep 5.2s
2026-06-04 15:43:00,786 [INFO] Page 78 | Collected: 1750
2026-06-04 15:43:01,200 [INFO] Pacing: sleep 5.6s
2026-06-04 15:43:06,831 [INFO] Page 79 | Collected: 1750
2026-06-04 15:43:07,252 [INFO] Pacing: sleep 6.3s
2026-06-04 15:43:13,592 [INFO] Page 80 | Collected: 1750
2026-06-04 15:43:13,882 [INFO] Pacing: sleep 229.4s | Long Cooldown: 225.2s
2026-06-04 15:47:03,249 [INFO] Page 81 | Collected: 2000
2026-06-04 15:47:03,627 [INFO] Pacing: sleep 4.4s
2026-06-04 15:47:08,074 [INFO] Page 82 | Collected: 2000
2026-06-04 15:47:08,371 [INFO] Pacing: sleep 4.1s
2026-06-04 15:47:12,503 [INFO] Page 83 | Collected: 2000
2026-06-04 15:47:12,842 [INFO] Pacing: sleep 6.0s
2026-06-04 15:47:18,836 [INFO] Page 84 | Collected: 2000
2026-06-04 15:47:19,217 [INFO] Pacing: sleep 5.6s
2026-06-04 15:47:24,830 [INFO] Page 85 | Collected: 2000
2026-06-04 15:47:25,313 [INFO] Pacing: sleep 5.9s
2026-06-04 15:47:31,213 [INFO] Page 86 | Collected: 2000
2026-06-04 15:47:31,494 [INFO] Pacing: sleep 5.7s
2026-06-04 15:47:37,227 [INFO] Page 87 | Collected: 2000
2026-06-04 15:47:37,613 [INFO] Pacing: sleep 7.5s
2026-06-04 15:47:45,078 [INFO] Page 88 | Collected: 2000
2026-06-04 15:47:45,386 [INFO] Pacing: sleep 6.0s
2026-06-04 15:47:51,363 [INFO] Page 89 | Collected: 2000
2026-06-04 15:47:51,728 [INFO] Pacing: sleep 7.2s
2026-06-04 15:47:58,945 [INFO] Page 90 | Collected: 2000
2026-06-04 15:47:59,309 [INFO] Pacing: sleep 40.5s | Short Cooldown: 35.6s
2026-06-04 15:48:39,838 [INFO] Page 91 | Collected: 2250
2026-06-04 15:48:40,160 [INFO] Pacing: sleep 4.4s
2026-06-04 15:48:44,530 [INFO] Page 92 | Collected: 2250
2026-06-04 15:48:44,942 [INFO] Pacing: sleep 7.6s
2026-06-04 15:48:52,513 [INFO] Page 93 | Collected: 2250
2026-06-04 15:48:52,773 [INFO] Pacing: sleep 7.6s
2026-06-04 15:49:00,348 [INFO] Page 94 | Collected: 2250
2026-06-04 15:49:00,699 [INFO] Pacing: sleep 5.6s
2026-06-04 15:49:06,293 [INFO] Page 95 | Collected: 2250
2026-06-04 15:49:06,668 [INFO] Pacing: sleep 7.2s
2026-06-04 15:49:13,906 [INFO] Page 96 | Collected: 2250
2026-06-04 15:49:14,216 [INFO] Pacing: sleep 5.3s
2026-06-04 15:49:19,509 [INFO] Page 97 | Collected: 2250
2026-06-04 15:49:19,860 [INFO] Pacing: sleep 6.8s
2026-06-04 15:49:26,708 [INFO] Page 98 | Collected: 2250
2026-06-04 15:49:27,005 [INFO] Pacing: sleep 6.5s
2026-06-04 15:49:33,510 [INFO] Page 99 | Collected: 2250
2026-06-04 15:49:33,966 [INFO] Pacing: sleep 5.8s
2026-06-04 15:49:39,792 [INFO] Page 100 | Collected: 2250
2026-06-04 15:49:40,177 [INFO] Pacing: sleep 55.8s | Short Cooldown: 49.6s
2026-06-04 15:50:35,967 [INFO] Page 101 | Collected: 2500
2026-06-04 15:50:36,279 [INFO] Pacing: sleep 5.4s
2026-06-04 15:50:41,699 [INFO] Page 102 | Collected: 2500
2026-06-04 15:50:42,206 [INFO] Pacing: sleep 7.0s
2026-06-04 15:50:49,225 [INFO] Page 103 | Collected: 2500
2026-06-04 15:50:49,727 [INFO] Pacing: sleep 6.4s
2026-06-04 15:50:56,123 [INFO] Page 104 | Collected: 2500
2026-06-04 15:50:56,414 [INFO] Pacing: sleep 7.5s
2026-06-04 15:51:03,894 [INFO] Page 105 | Collected: 2500
2026-06-04 15:51:04,265 [INFO] Pacing: sleep 4.4s
2026-06-04 15:51:08,637 [INFO] Page 106 | Collected: 2500
2026-06-04 15:51:08,981 [INFO] Pacing: sleep 5.5s
2026-06-04 15:51:14,448 [INFO] Page 107 | Collected: 2500
2026-06-04 15:51:14,795 [INFO] Pacing: sleep 6.1s
2026-06-04 15:51:20,903 [INFO] Page 108 | Collected: 2500
2026-06-04 15:51:21,192 [INFO] Pacing: sleep 7.7s
2026-06-04 15:51:28,876 [INFO] Page 109 | Collected: 2500
2026-06-04 15:51:29,156 [INFO] Pacing: sleep 6.8s
2026-06-04 15:51:35,941 [INFO] Page 110 | Collected: 2500
2026-06-04 15:51:36,313 [INFO] Pacing: sleep 49.1s | Short Cooldown: 44.8s
2026-06-04 15:52:25,430 [INFO] Page 111 | Collected: 2750
2026-06-04 15:52:25,711 [WARNING] Page 111 had 1 duplicate appids seen previously.
2026-06-04 15:52:25,711 [INFO] Pacing: sleep 4.4s
2026-06-04 15:52:30,156 [INFO] Page 112 | Collected: 2750
2026-06-04 15:52:30,515 [INFO] Pacing: sleep 5.7s
2026-06-04 15:52:36,229 [INFO] Page 113 | Collected: 2750
2026-06-04 15:52:36,507 [INFO] Pacing: sleep 6.0s
2026-06-04 15:52:42,548 [INFO] Page 114 | Collected: 2750
2026-06-04 15:52:42,813 [INFO] Pacing: sleep 5.9s
2026-06-04 15:52:48,744 [INFO] Page 115 | Collected: 2750
2026-06-04 15:52:49,094 [INFO] Pacing: sleep 6.1s
2026-06-04 15:52:55,175 [INFO] Page 116 | Collected: 2750
2026-06-04 15:52:55,447 [INFO] Pacing: sleep 6.4s
2026-06-04 15:53:01,826 [INFO] Page 117 | Collected: 2750
2026-06-04 15:53:02,222 [INFO] Pacing: sleep 4.4s
2026-06-04 15:53:06,620 [INFO] Page 118 | Collected: 2750
2026-06-04 15:53:06,933 [INFO] Pacing: sleep 7.1s
2026-06-04 15:53:14,024 [INFO] Page 119 | Collected: 2750
2026-06-04 15:53:14,381 [INFO] Pacing: sleep 5.9s
2026-06-04 15:53:20,299 [INFO] Page 120 | Collected: 2750
2026-06-04 15:53:20,665 [INFO] Crawl stopped. Reason: max_games_reached. Finalizing...
2026-06-04 15:53:20,665 [INFO] Merging intermediate pages from work_dir: /home/runner/work/steam-diploma/steam-diploma/data/snapshots/data/snapshots/_in_progress/c0fc670f-7c11-40e6-8846-d912c344fa04
2026-06-04 15:53:20,690 [WARNING] Found 1 duplicate appids across the snapshot.
