2026-05-29 04:10:20,062 [INFO] Steam Snapshot Collector Started.
2026-05-29 04:10:20,063 [INFO] Speed Mode: fast
2026-05-29 04:10:20,063 [INFO] Work Dir: /home/runner/work/steam-diploma/steam-diploma/data/snapshots
2026-05-29 04:10:20,063 [INFO] Base Output Dir: .
2026-05-29 04:10:20,063 [INFO] Page 1 | Collected: 0
2026-05-29 04:10:20,408 [INFO] Pacing: sleep 1.2s
2026-05-29 04:10:21,570 [INFO] Page 2 | Collected: 0
2026-05-29 04:10:21,913 [INFO] Pacing: sleep 1.3s
2026-05-29 04:10:23,199 [INFO] Page 3 | Collected: 0
2026-05-29 04:10:23,468 [INFO] Pacing: sleep 1.0s
2026-05-29 04:10:24,431 [INFO] Page 4 | Collected: 0
2026-05-29 04:10:24,785 [INFO] Pacing: sleep 1.0s
2026-05-29 04:10:25,829 [INFO] Page 5 | Collected: 0
2026-05-29 04:10:26,130 [INFO] Pacing: sleep 0.8s
2026-05-29 04:10:26,917 [INFO] Page 6 | Collected: 0
2026-05-29 04:10:27,215 [INFO] Pacing: sleep 0.6s
2026-05-29 04:10:27,813 [INFO] Page 7 | Collected: 0
2026-05-29 04:10:28,187 [INFO] Pacing: sleep 1.1s
2026-05-29 04:10:29,276 [INFO] Page 8 | Collected: 0
2026-05-29 04:10:29,530 [INFO] Pacing: sleep 1.2s
2026-05-29 04:10:30,724 [INFO] Page 9 | Collected: 0
2026-05-29 04:10:31,081 [INFO] Pacing: sleep 0.9s
2026-05-29 04:10:31,988 [INFO] Page 10 | Collected: 0
2026-05-29 04:10:32,310 [INFO] Pacing: sleep 0.9s
2026-05-29 04:10:33,177 [INFO] Page 11 | Collected: 250
2026-05-29 04:10:33,521 [INFO] Pacing: sleep 1.2s
2026-05-29 04:10:34,719 [INFO] Page 12 | Collected: 250
2026-05-29 04:10:35,089 [INFO] Pacing: sleep 0.9s
2026-05-29 04:10:35,984 [INFO] Page 13 | Collected: 250
2026-05-29 04:10:36,258 [INFO] Pacing: sleep 1.1s
2026-05-29 04:10:37,392 [INFO] Page 14 | Collected: 250
2026-05-29 04:10:37,677 [INFO] Pacing: sleep 0.7s
2026-05-29 04:10:38,363 [INFO] Page 15 | Collected: 250
2026-05-29 04:10:38,849 [INFO] Pacing: sleep 1.2s
2026-05-29 04:10:40,054 [INFO] Page 16 | Collected: 250
2026-05-29 04:10:40,325 [INFO] Pacing: sleep 1.5s
2026-05-29 04:10:41,791 [INFO] Page 17 | Collected: 250
2026-05-29 04:10:42,138 [INFO] Pacing: sleep 0.7s
2026-05-29 04:10:42,824 [INFO] Page 18 | Collected: 250
2026-05-29 04:10:43,161 [INFO] Pacing: sleep 0.9s
2026-05-29 04:10:44,097 [INFO] Page 19 | Collected: 250
2026-05-29 04:10:44,438 [INFO] Pacing: sleep 1.0s
2026-05-29 04:10:45,467 [INFO] Page 20 | Collected: 250
2026-05-29 04:10:45,862 [INFO] Pacing: sleep 1.4s
2026-05-29 04:10:47,239 [INFO] Page 21 | Collected: 500
2026-05-29 04:10:47,514 [INFO] Pacing: sleep 1.0s
2026-05-29 04:10:48,473 [INFO] Page 22 | Collected: 500
2026-05-29 04:10:48,843 [INFO] Pacing: sleep 0.6s
2026-05-29 04:10:49,395 [INFO] Page 23 | Collected: 500
2026-05-29 04:10:49,694 [INFO] Pacing: sleep 0.7s
2026-05-29 04:10:50,430 [INFO] Page 24 | Collected: 500
2026-05-29 04:10:50,772 [INFO] Pacing: sleep 0.6s
2026-05-29 04:10:51,385 [INFO] Page 25 | Collected: 500
2026-05-29 04:10:51,769 [INFO] Pacing: sleep 1.2s
2026-05-29 04:10:52,971 [INFO] Page 26 | Collected: 500
2026-05-29 04:10:53,494 [INFO] Pacing: sleep 1.3s
2026-05-29 04:10:54,782 [INFO] Page 27 | Collected: 500
2026-05-29 04:10:55,166 [INFO] Pacing: sleep 0.8s
2026-05-29 04:10:55,980 [INFO] Page 28 | Collected: 500
2026-05-29 04:10:56,268 [INFO] Pacing: sleep 0.7s
2026-05-29 04:10:56,931 [INFO] Page 29 | Collected: 500
2026-05-29 04:10:57,286 [INFO] Pacing: sleep 0.5s
2026-05-29 04:10:57,830 [INFO] Page 30 | Collected: 500
2026-05-29 04:10:58,224 [INFO] Pacing: sleep 1.0s
2026-05-29 04:10:59,199 [INFO] Page 31 | Collected: 750
2026-05-29 04:10:59,366 [WARNING] Block detected on page 31: HTTP 429
2026-05-29 04:10:59,367 [INFO] Saved raw HTML for debugging: blocked_0031.html
2026-05-29 04:10:59,367 [WARNING] Initiating ADAPTIVE THROTTLING. Sleeping 180s, switching to SAFE mode.
2026-05-29 04:13:59,367 [INFO] Pacing: sleep 46.0s | Short Cooldown: 39.6s
2026-05-29 04:14:45,332 [INFO] Page 31 | Collected: 750
2026-05-29 04:14:45,616 [INFO] Pacing: sleep 4.9s
2026-05-29 04:14:50,549 [INFO] Page 32 | Collected: 750
2026-05-29 04:14:50,807 [INFO] Pacing: sleep 6.2s
2026-05-29 04:14:57,024 [INFO] Page 33 | Collected: 750
2026-05-29 04:14:57,356 [INFO] Pacing: sleep 6.6s
2026-05-29 04:15:03,938 [INFO] Page 34 | Collected: 750
2026-05-29 04:15:04,237 [INFO] Pacing: sleep 7.1s
2026-05-29 04:15:11,304 [INFO] Page 35 | Collected: 750
2026-05-29 04:15:11,700 [INFO] Pacing: sleep 7.2s
2026-05-29 04:15:18,948 [INFO] Page 36 | Collected: 750
2026-05-29 04:15:19,214 [INFO] Pacing: sleep 4.6s
2026-05-29 04:15:23,776 [INFO] Page 37 | Collected: 750
2026-05-29 04:15:24,270 [INFO] Pacing: sleep 6.4s
2026-05-29 04:15:30,641 [INFO] Page 38 | Collected: 750
2026-05-29 04:15:30,999 [INFO] Pacing: sleep 7.1s
2026-05-29 04:15:38,145 [INFO] Page 39 | Collected: 750
2026-05-29 04:15:38,422 [INFO] Pacing: sleep 4.3s
2026-05-29 04:15:42,693 [INFO] Page 40 | Collected: 750
2026-05-29 04:15:43,073 [INFO] Pacing: sleep 195.0s | Long Cooldown: 188.3s
2026-05-29 04:18:58,123 [INFO] Page 41 | Collected: 1000
2026-05-29 04:18:58,477 [INFO] Pacing: sleep 5.3s
2026-05-29 04:19:03,785 [INFO] Page 42 | Collected: 1000
2026-05-29 04:19:04,089 [INFO] Pacing: sleep 8.0s
2026-05-29 04:19:12,084 [INFO] Page 43 | Collected: 1000
2026-05-29 04:19:12,637 [INFO] Pacing: sleep 6.2s
2026-05-29 04:19:18,798 [INFO] Page 44 | Collected: 1000
2026-05-29 04:19:19,099 [INFO] Pacing: sleep 6.9s
2026-05-29 04:19:26,012 [INFO] Page 45 | Collected: 1000
2026-05-29 04:19:26,485 [INFO] Pacing: sleep 7.0s
2026-05-29 04:19:33,463 [INFO] Page 46 | Collected: 1000
2026-05-29 04:19:33,737 [INFO] Pacing: sleep 4.5s
2026-05-29 04:19:38,285 [INFO] Page 47 | Collected: 1000
2026-05-29 04:19:38,581 [INFO] Pacing: sleep 5.3s
2026-05-29 04:19:43,913 [INFO] Page 48 | Collected: 1000
2026-05-29 04:19:44,275 [INFO] Pacing: sleep 4.4s
2026-05-29 04:19:48,709 [INFO] Page 49 | Collected: 1000
2026-05-29 04:19:49,077 [INFO] Pacing: sleep 5.6s
2026-05-29 04:19:54,663 [INFO] Page 50 | Collected: 1000
2026-05-29 04:19:55,039 [INFO] Pacing: sleep 55.9s | Short Cooldown: 48.0s
2026-05-29 04:20:50,925 [INFO] Page 51 | Collected: 1250
2026-05-29 04:20:51,321 [INFO] Pacing: sleep 5.6s
2026-05-29 04:20:56,881 [INFO] Page 52 | Collected: 1250
2026-05-29 04:20:57,199 [INFO] Pacing: sleep 7.2s
2026-05-29 04:21:04,391 [INFO] Page 53 | Collected: 1250
2026-05-29 04:21:04,764 [INFO] Pacing: sleep 4.5s
2026-05-29 04:21:09,272 [INFO] Page 54 | Collected: 1250
2026-05-29 04:21:09,543 [INFO] Pacing: sleep 5.6s
2026-05-29 04:21:15,145 [INFO] Page 55 | Collected: 1250
2026-05-29 04:21:15,433 [INFO] Pacing: sleep 6.6s
2026-05-29 04:21:22,075 [INFO] Page 56 | Collected: 1250
2026-05-29 04:21:22,454 [INFO] Pacing: sleep 6.3s
2026-05-29 04:21:28,750 [INFO] Page 57 | Collected: 1250
2026-05-29 04:21:29,039 [INFO] Pacing: sleep 7.4s
2026-05-29 04:21:36,444 [INFO] Page 58 | Collected: 1250
2026-05-29 04:21:36,832 [INFO] Pacing: sleep 5.1s
2026-05-29 04:21:41,956 [INFO] Page 59 | Collected: 1250
2026-05-29 04:21:42,211 [INFO] Pacing: sleep 5.8s
2026-05-29 04:21:48,004 [INFO] Page 60 | Collected: 1250
2026-05-29 04:21:48,270 [INFO] Pacing: sleep 58.7s | Short Cooldown: 54.6s
2026-05-29 04:22:47,006 [INFO] Page 61 | Collected: 1500
2026-05-29 04:22:47,369 [INFO] Pacing: sleep 6.2s
2026-05-29 04:22:53,617 [INFO] Page 62 | Collected: 1500
2026-05-29 04:22:53,909 [INFO] Pacing: sleep 6.7s
2026-05-29 04:23:00,568 [INFO] Page 63 | Collected: 1500
2026-05-29 04:23:00,998 [INFO] Pacing: sleep 4.8s
2026-05-29 04:23:05,829 [INFO] Page 64 | Collected: 1500
2026-05-29 04:23:06,126 [INFO] Pacing: sleep 5.8s
2026-05-29 04:23:11,952 [INFO] Page 65 | Collected: 1500
2026-05-29 04:23:12,227 [INFO] Pacing: sleep 5.6s
2026-05-29 04:23:17,823 [INFO] Page 66 | Collected: 1500
2026-05-29 04:23:18,256 [INFO] Pacing: sleep 7.8s
2026-05-29 04:23:26,030 [INFO] Page 67 | Collected: 1500
2026-05-29 04:23:26,316 [INFO] Pacing: sleep 7.0s
2026-05-29 04:23:33,346 [INFO] Page 68 | Collected: 1500
2026-05-29 04:23:33,636 [INFO] Pacing: sleep 6.5s
2026-05-29 04:23:40,171 [INFO] Page 69 | Collected: 1500
2026-05-29 04:23:40,526 [INFO] Pacing: sleep 6.4s
2026-05-29 04:23:46,898 [INFO] Page 70 | Collected: 1500
2026-05-29 04:23:47,207 [INFO] Pacing: sleep 37.8s | Short Cooldown: 32.5s
2026-05-29 04:24:25,055 [INFO] Page 71 | Collected: 1750
2026-05-29 04:24:25,529 [INFO] Pacing: sleep 5.4s
2026-05-29 04:24:30,886 [INFO] Page 72 | Collected: 1750
2026-05-29 04:24:31,167 [INFO] Pacing: sleep 5.1s
2026-05-29 04:24:36,287 [INFO] Page 73 | Collected: 1750
2026-05-29 04:24:36,600 [INFO] Pacing: sleep 4.8s
2026-05-29 04:24:41,368 [INFO] Page 74 | Collected: 1750
2026-05-29 04:24:41,838 [INFO] Pacing: sleep 4.5s
2026-05-29 04:24:46,364 [INFO] Page 75 | Collected: 1750
2026-05-29 04:24:46,653 [INFO] Pacing: sleep 6.9s
2026-05-29 04:24:53,543 [INFO] Page 76 | Collected: 1750
2026-05-29 04:24:53,923 [INFO] Pacing: sleep 4.9s
2026-05-29 04:24:58,827 [INFO] Page 77 | Collected: 1750
2026-05-29 04:24:59,101 [INFO] Pacing: sleep 6.3s
2026-05-29 04:25:05,412 [INFO] Page 78 | Collected: 1750
2026-05-29 04:25:05,674 [INFO] Pacing: sleep 6.1s
2026-05-29 04:25:11,818 [INFO] Page 79 | Collected: 1750
2026-05-29 04:25:12,193 [INFO] Pacing: sleep 6.3s
2026-05-29 04:25:18,450 [INFO] Page 80 | Collected: 1750
2026-05-29 04:25:18,728 [INFO] Pacing: sleep 227.5s | Long Cooldown: 222.1s
2026-05-29 04:29:06,191 [INFO] Page 81 | Collected: 2000
2026-05-29 04:29:06,567 [INFO] Pacing: sleep 7.1s
2026-05-29 04:29:13,715 [INFO] Page 82 | Collected: 2000
2026-05-29 04:29:13,991 [INFO] Pacing: sleep 6.6s
2026-05-29 04:29:20,575 [INFO] Page 83 | Collected: 2000
2026-05-29 04:29:20,834 [INFO] Pacing: sleep 7.5s
2026-05-29 04:29:28,354 [INFO] Page 84 | Collected: 2000
2026-05-29 04:29:28,715 [INFO] Pacing: sleep 5.5s
2026-05-29 04:29:34,240 [INFO] Page 85 | Collected: 2000
2026-05-29 04:29:34,496 [INFO] Pacing: sleep 5.5s
2026-05-29 04:29:39,987 [INFO] Page 86 | Collected: 2000
2026-05-29 04:29:40,292 [INFO] Pacing: sleep 6.3s
2026-05-29 04:29:46,589 [INFO] Page 87 | Collected: 2000
2026-05-29 04:29:46,947 [INFO] Pacing: sleep 7.3s
2026-05-29 04:29:54,254 [INFO] Page 88 | Collected: 2000
2026-05-29 04:29:54,516 [INFO] Pacing: sleep 7.1s
2026-05-29 04:30:01,625 [INFO] Page 89 | Collected: 2000
2026-05-29 04:30:01,983 [INFO] Pacing: sleep 7.3s
2026-05-29 04:30:09,330 [INFO] Page 90 | Collected: 2000
2026-05-29 04:30:09,637 [INFO] Pacing: sleep 51.0s | Short Cooldown: 43.9s
2026-05-29 04:31:00,610 [INFO] Page 91 | Collected: 2250
2026-05-29 04:31:00,867 [INFO] Pacing: sleep 4.0s
2026-05-29 04:31:04,887 [INFO] Page 92 | Collected: 2250
2026-05-29 04:31:05,322 [INFO] Pacing: sleep 6.1s
2026-05-29 04:31:11,462 [INFO] Page 93 | Collected: 2250
2026-05-29 04:31:11,727 [INFO] Pacing: sleep 5.5s
2026-05-29 04:31:17,226 [INFO] Page 94 | Collected: 2250
2026-05-29 04:31:17,566 [INFO] Pacing: sleep 4.7s
2026-05-29 04:31:22,297 [INFO] Page 95 | Collected: 2250
2026-05-29 04:31:22,589 [INFO] Pacing: sleep 5.3s
2026-05-29 04:31:27,875 [INFO] Page 96 | Collected: 2250
2026-05-29 04:31:28,143 [INFO] Pacing: sleep 4.3s
2026-05-29 04:31:32,424 [INFO] Page 97 | Collected: 2250
2026-05-29 04:31:32,832 [INFO] Pacing: sleep 7.8s
2026-05-29 04:31:40,589 [INFO] Page 98 | Collected: 2250
2026-05-29 04:31:40,858 [INFO] Pacing: sleep 4.6s
2026-05-29 04:31:45,507 [INFO] Page 99 | Collected: 2250
2026-05-29 04:31:45,894 [INFO] Pacing: sleep 7.7s
2026-05-29 04:31:53,562 [INFO] Page 100 | Collected: 2250
2026-05-29 04:31:53,821 [INFO] Pacing: sleep 46.2s | Short Cooldown: 39.0s
2026-05-29 04:32:39,974 [INFO] Page 101 | Collected: 2500
2026-05-29 04:32:40,234 [INFO] Pacing: sleep 5.8s
2026-05-29 04:32:46,066 [INFO] Page 102 | Collected: 2500
2026-05-29 04:32:46,479 [INFO] Pacing: sleep 8.0s
2026-05-29 04:32:54,477 [INFO] Page 103 | Collected: 2500
2026-05-29 04:32:54,766 [INFO] Pacing: sleep 4.1s
2026-05-29 04:32:58,837 [INFO] Page 104 | Collected: 2500
2026-05-29 04:32:59,101 [INFO] Pacing: sleep 5.1s
2026-05-29 04:33:04,168 [INFO] Page 105 | Collected: 2500
2026-05-29 04:33:04,560 [WARNING] Page 105 had 1 duplicate appids seen previously.
2026-05-29 04:33:04,560 [INFO] Pacing: sleep 7.0s
2026-05-29 04:33:11,578 [INFO] Page 106 | Collected: 2500
2026-05-29 04:33:11,865 [INFO] Pacing: sleep 7.7s
2026-05-29 04:33:19,552 [INFO] Page 107 | Collected: 2500
2026-05-29 04:33:19,921 [INFO] Pacing: sleep 6.6s
2026-05-29 04:33:26,559 [INFO] Page 108 | Collected: 2500
2026-05-29 04:33:26,850 [INFO] Pacing: sleep 5.9s
2026-05-29 04:33:32,733 [INFO] Page 109 | Collected: 2500
2026-05-29 04:33:33,072 [INFO] Pacing: sleep 4.9s
2026-05-29 04:33:37,996 [INFO] Page 110 | Collected: 2500
2026-05-29 04:33:38,401 [INFO] Pacing: sleep 36.4s | Short Cooldown: 32.2s
2026-05-29 04:34:14,770 [INFO] Page 111 | Collected: 2750
2026-05-29 04:34:15,024 [INFO] Pacing: sleep 6.3s
2026-05-29 04:34:21,347 [INFO] Page 112 | Collected: 2750
2026-05-29 04:34:21,691 [INFO] Pacing: sleep 7.6s
2026-05-29 04:34:29,332 [INFO] Page 113 | Collected: 2750
2026-05-29 04:34:29,608 [INFO] Pacing: sleep 7.8s
2026-05-29 04:34:37,447 [INFO] Page 114 | Collected: 2750
2026-05-29 04:34:37,778 [INFO] Pacing: sleep 5.7s
2026-05-29 04:34:43,523 [INFO] Page 115 | Collected: 2750
2026-05-29 04:34:43,978 [INFO] Pacing: sleep 7.7s
2026-05-29 04:34:51,655 [INFO] Page 116 | Collected: 2750
2026-05-29 04:34:51,993 [INFO] Pacing: sleep 6.9s
2026-05-29 04:34:58,934 [INFO] Page 117 | Collected: 2750
2026-05-29 04:34:59,284 [INFO] Pacing: sleep 4.6s
2026-05-29 04:35:03,852 [INFO] Page 118 | Collected: 2750
2026-05-29 04:35:04,116 [INFO] Pacing: sleep 4.2s
2026-05-29 04:35:08,286 [INFO] Page 119 | Collected: 2750
2026-05-29 04:35:08,582 [INFO] Pacing: sleep 4.0s
2026-05-29 04:35:12,608 [INFO] Page 120 | Collected: 2750
2026-05-29 04:35:12,998 [INFO] Crawl stopped. Reason: max_games_reached. Finalizing...
2026-05-29 04:35:12,998 [INFO] Merging intermediate pages from work_dir: /home/runner/work/steam-diploma/steam-diploma/data/snapshots/data/snapshots/_in_progress/af997bd9-c343-4759-a13c-77b9fa6e7145
2026-05-29 04:35:13,024 [WARNING] Found 1 duplicate appids across the snapshot.
