2026-06-30 04:06:29,760 [INFO] Steam Snapshot Collector Started.
2026-06-30 04:06:29,760 [INFO] Speed Mode: fast
2026-06-30 04:06:29,760 [INFO] Work Dir: /home/runner/work/steam-diploma/steam-diploma/data/snapshots
2026-06-30 04:06:29,760 [INFO] Base Output Dir: .
2026-06-30 04:06:29,761 [INFO] Page 1 | Collected: 0
2026-06-30 04:06:30,139 [INFO] Pacing: sleep 1.0s
2026-06-30 04:06:31,180 [INFO] Page 2 | Collected: 0
2026-06-30 04:06:31,488 [INFO] Pacing: sleep 0.6s
2026-06-30 04:06:32,059 [INFO] Page 3 | Collected: 0
2026-06-30 04:06:32,336 [INFO] Pacing: sleep 1.2s
2026-06-30 04:06:33,551 [INFO] Page 4 | Collected: 0
2026-06-30 04:06:33,905 [INFO] Pacing: sleep 1.1s
2026-06-30 04:06:35,032 [INFO] Page 5 | Collected: 0
2026-06-30 04:06:35,308 [INFO] Pacing: sleep 0.6s
2026-06-30 04:06:35,889 [INFO] Page 6 | Collected: 0
2026-06-30 04:06:36,164 [INFO] Pacing: sleep 1.4s
2026-06-30 04:06:37,586 [INFO] Page 7 | Collected: 0
2026-06-30 04:06:37,910 [INFO] Pacing: sleep 1.1s
2026-06-30 04:06:38,972 [INFO] Page 8 | Collected: 0
2026-06-30 04:06:39,241 [INFO] Pacing: sleep 0.8s
2026-06-30 04:06:40,051 [INFO] Page 9 | Collected: 0
2026-06-30 04:06:40,387 [INFO] Pacing: sleep 1.2s
2026-06-30 04:06:41,582 [INFO] Page 10 | Collected: 0
2026-06-30 04:06:41,855 [INFO] Pacing: sleep 1.4s
2026-06-30 04:06:43,236 [INFO] Page 11 | Collected: 250
2026-06-30 04:06:43,504 [INFO] Pacing: sleep 1.1s
2026-06-30 04:06:44,620 [INFO] Page 12 | Collected: 250
2026-06-30 04:06:44,963 [INFO] Pacing: sleep 1.0s
2026-06-30 04:06:45,947 [INFO] Page 13 | Collected: 250
2026-06-30 04:06:46,237 [INFO] Pacing: sleep 1.4s
2026-06-30 04:06:47,613 [INFO] Page 14 | Collected: 250
2026-06-30 04:06:47,870 [INFO] Pacing: sleep 1.1s
2026-06-30 04:06:48,943 [INFO] Page 15 | Collected: 250
2026-06-30 04:06:49,313 [INFO] Pacing: sleep 0.7s
2026-06-30 04:06:49,967 [INFO] Page 16 | Collected: 250
2026-06-30 04:06:50,287 [INFO] Pacing: sleep 0.6s
2026-06-30 04:06:50,931 [INFO] Page 17 | Collected: 250
2026-06-30 04:06:51,269 [INFO] Pacing: sleep 1.0s
2026-06-30 04:06:52,301 [INFO] Page 18 | Collected: 250
2026-06-30 04:06:52,599 [INFO] Pacing: sleep 1.3s
2026-06-30 04:06:53,937 [INFO] Page 19 | Collected: 250
2026-06-30 04:06:54,224 [INFO] Pacing: sleep 1.1s
2026-06-30 04:06:55,353 [INFO] Page 20 | Collected: 250
2026-06-30 04:06:55,697 [INFO] Pacing: sleep 0.5s
2026-06-30 04:06:56,199 [INFO] Page 21 | Collected: 500
2026-06-30 04:06:56,485 [INFO] Pacing: sleep 1.0s
2026-06-30 04:06:57,518 [INFO] Page 22 | Collected: 500
2026-06-30 04:06:57,828 [INFO] Pacing: sleep 1.2s
2026-06-30 04:06:58,987 [INFO] Page 23 | Collected: 500
2026-06-30 04:06:59,257 [INFO] Pacing: sleep 1.1s
2026-06-30 04:07:00,315 [INFO] Page 24 | Collected: 500
2026-06-30 04:07:00,593 [INFO] Pacing: sleep 0.6s
2026-06-30 04:07:01,176 [INFO] Page 25 | Collected: 500
2026-06-30 04:07:01,515 [INFO] Pacing: sleep 1.0s
2026-06-30 04:07:02,549 [INFO] Page 26 | Collected: 500
2026-06-30 04:07:02,848 [INFO] Pacing: sleep 1.3s
2026-06-30 04:07:04,129 [INFO] Page 27 | Collected: 500
2026-06-30 04:07:04,484 [INFO] Pacing: sleep 0.7s
2026-06-30 04:07:05,211 [INFO] Page 28 | Collected: 500
2026-06-30 04:07:05,483 [INFO] Pacing: sleep 1.1s
2026-06-30 04:07:06,582 [INFO] Page 29 | Collected: 500
2026-06-30 04:07:06,855 [INFO] Pacing: sleep 1.3s
2026-06-30 04:07:08,107 [INFO] Page 30 | Collected: 500
2026-06-30 04:07:08,450 [INFO] Pacing: sleep 1.4s
2026-06-30 04:07:09,843 [INFO] Page 31 | Collected: 750
2026-06-30 04:07:09,927 [WARNING] Block detected on page 31: HTTP 429
2026-06-30 04:07:09,927 [INFO] Saved raw HTML for debugging: blocked_0031.html
2026-06-30 04:07:09,927 [WARNING] Initiating ADAPTIVE THROTTLING. Sleeping 180s, switching to SAFE mode.
2026-06-30 04:10:09,928 [INFO] Pacing: sleep 41.4s | Short Cooldown: 37.1s
2026-06-30 04:10:51,326 [INFO] Page 31 | Collected: 750
2026-06-30 04:10:51,618 [INFO] Pacing: sleep 7.5s
2026-06-30 04:10:59,117 [INFO] Page 32 | Collected: 750
2026-06-30 04:10:59,377 [INFO] Pacing: sleep 5.0s
2026-06-30 04:11:04,370 [INFO] Page 33 | Collected: 750
2026-06-30 04:11:04,722 [INFO] Pacing: sleep 4.1s
2026-06-30 04:11:08,857 [INFO] Page 34 | Collected: 750
2026-06-30 04:11:09,131 [INFO] Pacing: sleep 6.1s
2026-06-30 04:11:15,264 [INFO] Page 35 | Collected: 750
2026-06-30 04:11:15,594 [INFO] Pacing: sleep 5.2s
2026-06-30 04:11:20,820 [INFO] Page 36 | Collected: 750
2026-06-30 04:11:21,094 [INFO] Pacing: sleep 4.6s
2026-06-30 04:11:25,690 [INFO] Page 37 | Collected: 750
2026-06-30 04:11:25,961 [INFO] Pacing: sleep 7.4s
2026-06-30 04:11:33,318 [INFO] Page 38 | Collected: 750
2026-06-30 04:11:33,679 [INFO] Pacing: sleep 7.3s
2026-06-30 04:11:41,018 [INFO] Page 39 | Collected: 750
2026-06-30 04:11:41,362 [INFO] Pacing: sleep 4.5s
2026-06-30 04:11:45,835 [INFO] Page 40 | Collected: 750
2026-06-30 04:11:46,263 [INFO] Pacing: sleep 241.5s | Long Cooldown: 237.3s
2026-06-30 04:15:47,806 [INFO] Page 41 | Collected: 1000
2026-06-30 04:15:48,176 [INFO] Pacing: sleep 6.9s
2026-06-30 04:15:55,033 [INFO] Page 42 | Collected: 1000
2026-06-30 04:15:55,282 [INFO] Pacing: sleep 6.0s
2026-06-30 04:16:01,260 [INFO] Page 43 | Collected: 1000
2026-06-30 04:16:01,643 [INFO] Pacing: sleep 7.4s
2026-06-30 04:16:09,092 [INFO] Page 44 | Collected: 1000
2026-06-30 04:16:09,373 [INFO] Pacing: sleep 6.9s
2026-06-30 04:16:16,299 [INFO] Page 45 | Collected: 1000
2026-06-30 04:16:16,675 [INFO] Pacing: sleep 4.7s
2026-06-30 04:16:21,348 [INFO] Page 46 | Collected: 1000
2026-06-30 04:16:21,666 [INFO] Pacing: sleep 6.0s
2026-06-30 04:16:27,653 [INFO] Page 47 | Collected: 1000
2026-06-30 04:16:27,940 [INFO] Pacing: sleep 4.4s
2026-06-30 04:16:32,348 [INFO] Page 48 | Collected: 1000
2026-06-30 04:16:32,714 [INFO] Pacing: sleep 6.4s
2026-06-30 04:16:39,103 [INFO] Page 49 | Collected: 1000
2026-06-30 04:16:39,413 [INFO] Pacing: sleep 6.5s
2026-06-30 04:16:45,910 [INFO] Page 50 | Collected: 1000
2026-06-30 04:16:46,208 [INFO] Pacing: sleep 59.0s | Short Cooldown: 53.5s
2026-06-30 04:17:45,219 [INFO] Page 51 | Collected: 1250
2026-06-30 04:17:45,665 [INFO] Pacing: sleep 6.1s
2026-06-30 04:17:51,800 [INFO] Page 52 | Collected: 1250
2026-06-30 04:17:52,082 [INFO] Pacing: sleep 4.6s
2026-06-30 04:17:56,722 [INFO] Page 53 | Collected: 1250
2026-06-30 04:17:57,085 [INFO] Pacing: sleep 6.7s
2026-06-30 04:18:03,754 [INFO] Page 54 | Collected: 1250
2026-06-30 04:18:04,126 [INFO] Pacing: sleep 4.2s
2026-06-30 04:18:08,357 [INFO] Page 55 | Collected: 1250
2026-06-30 04:18:08,678 [INFO] Pacing: sleep 7.3s
2026-06-30 04:18:15,960 [INFO] Page 56 | Collected: 1250
2026-06-30 04:18:16,369 [INFO] Pacing: sleep 5.5s
2026-06-30 04:18:21,880 [INFO] Page 57 | Collected: 1250
2026-06-30 04:18:22,208 [INFO] Pacing: sleep 4.8s
2026-06-30 04:18:27,036 [INFO] Page 58 | Collected: 1250
2026-06-30 04:18:27,363 [INFO] Pacing: sleep 8.0s
2026-06-30 04:18:35,363 [INFO] Page 59 | Collected: 1250
2026-06-30 04:18:35,661 [INFO] Pacing: sleep 6.0s
2026-06-30 04:18:41,635 [INFO] Page 60 | Collected: 1250
2026-06-30 04:18:41,898 [INFO] Pacing: sleep 49.1s | Short Cooldown: 45.1s
2026-06-30 04:19:31,033 [INFO] Page 61 | Collected: 1500
2026-06-30 04:19:31,418 [INFO] Pacing: sleep 5.2s
2026-06-30 04:19:36,593 [INFO] Page 62 | Collected: 1500
2026-06-30 04:19:36,898 [INFO] Pacing: sleep 6.2s
2026-06-30 04:19:43,146 [INFO] Page 63 | Collected: 1500
2026-06-30 04:19:43,513 [INFO] Pacing: sleep 4.9s
2026-06-30 04:19:48,445 [INFO] Page 64 | Collected: 1500
2026-06-30 04:19:48,760 [INFO] Pacing: sleep 7.2s
2026-06-30 04:19:55,981 [INFO] Page 65 | Collected: 1500
2026-06-30 04:19:56,279 [INFO] Pacing: sleep 6.5s
2026-06-30 04:20:02,742 [INFO] Page 66 | Collected: 1500
2026-06-30 04:20:02,908 [WARNING] Block detected on page 66: Suspicious term found: 'captcha'
2026-06-30 04:20:02,909 [INFO] Saved raw HTML for debugging: blocked_0066.html
2026-06-30 04:20:02,909 [ERROR] Blocked again even after safe mode. Stopping gracefully.
2026-06-30 04:20:02,910 [INFO] Crawl stopped. Reason: adaptive_throttle_failed_page_66. Finalizing...
2026-06-30 04:20:02,911 [INFO] Merging intermediate pages from work_dir: /home/runner/work/steam-diploma/steam-diploma/data/snapshots/data/snapshots/_in_progress/4bfaa43e-8341-4cd0-9dba-6366c6cb817c
