2026-07-12 03:28:13,949 [INFO] Steam Snapshot Collector Started.
2026-07-12 03:28:13,949 [INFO] Speed Mode: fast
2026-07-12 03:28:13,949 [INFO] Work Dir: /home/runner/work/steam-diploma/steam-diploma/data/snapshots
2026-07-12 03:28:13,949 [INFO] Base Output Dir: .
2026-07-12 03:28:13,949 [INFO] Page 1 | Collected: 0
2026-07-12 03:28:14,397 [INFO] Pacing: sleep 0.6s
2026-07-12 03:28:14,995 [INFO] Page 2 | Collected: 0
2026-07-12 03:28:15,352 [INFO] Pacing: sleep 1.5s
2026-07-12 03:28:16,826 [INFO] Page 3 | Collected: 0
2026-07-12 03:28:17,135 [INFO] Pacing: sleep 1.0s
2026-07-12 03:28:18,095 [INFO] Page 4 | Collected: 0
2026-07-12 03:28:18,433 [INFO] Pacing: sleep 1.2s
2026-07-12 03:28:19,614 [INFO] Page 5 | Collected: 0
2026-07-12 03:28:19,880 [INFO] Pacing: sleep 1.1s
2026-07-12 03:28:20,945 [INFO] Page 6 | Collected: 0
2026-07-12 03:28:21,236 [INFO] Pacing: sleep 0.8s
2026-07-12 03:28:22,069 [INFO] Page 7 | Collected: 0
2026-07-12 03:28:22,410 [INFO] Pacing: sleep 1.3s
2026-07-12 03:28:23,716 [INFO] Page 8 | Collected: 0
2026-07-12 03:28:24,013 [INFO] Pacing: sleep 1.2s
2026-07-12 03:28:25,165 [INFO] Page 9 | Collected: 0
2026-07-12 03:28:25,560 [INFO] Pacing: sleep 1.2s
2026-07-12 03:28:26,788 [INFO] Page 10 | Collected: 0
2026-07-12 03:28:27,073 [INFO] Pacing: sleep 1.4s
2026-07-12 03:28:28,468 [INFO] Page 11 | Collected: 250
2026-07-12 03:28:28,748 [INFO] Pacing: sleep 0.5s
2026-07-12 03:28:29,266 [INFO] Page 12 | Collected: 250
2026-07-12 03:28:29,604 [INFO] Pacing: sleep 1.0s
2026-07-12 03:28:30,560 [INFO] Page 13 | Collected: 250
2026-07-12 03:28:30,832 [INFO] Pacing: sleep 0.8s
2026-07-12 03:28:31,596 [INFO] Page 14 | Collected: 250
2026-07-12 03:28:31,934 [INFO] Pacing: sleep 0.8s
2026-07-12 03:28:32,697 [INFO] Page 15 | Collected: 250
2026-07-12 03:28:33,049 [INFO] Pacing: sleep 1.1s
2026-07-12 03:28:34,184 [INFO] Page 16 | Collected: 250
2026-07-12 03:28:34,440 [INFO] Pacing: sleep 1.4s
2026-07-12 03:28:35,799 [INFO] Page 17 | Collected: 250
2026-07-12 03:28:36,130 [INFO] Pacing: sleep 0.9s
2026-07-12 03:28:37,074 [INFO] Page 18 | Collected: 250
2026-07-12 03:28:37,352 [INFO] Pacing: sleep 0.9s
2026-07-12 03:28:38,262 [INFO] Page 19 | Collected: 250
2026-07-12 03:28:38,544 [INFO] Pacing: sleep 1.1s
2026-07-12 03:28:39,645 [INFO] Page 20 | Collected: 250
2026-07-12 03:28:40,068 [INFO] Pacing: sleep 1.2s
2026-07-12 03:28:41,292 [INFO] Page 21 | Collected: 500
2026-07-12 03:28:41,577 [INFO] Pacing: sleep 1.0s
2026-07-12 03:28:42,605 [INFO] Page 22 | Collected: 500
2026-07-12 03:28:42,977 [INFO] Pacing: sleep 0.7s
2026-07-12 03:28:43,645 [INFO] Page 23 | Collected: 500
2026-07-12 03:28:43,930 [INFO] Pacing: sleep 0.6s
2026-07-12 03:28:44,564 [INFO] Page 24 | Collected: 500
2026-07-12 03:28:44,850 [INFO] Pacing: sleep 1.5s
2026-07-12 03:28:46,333 [INFO] Page 25 | Collected: 500
2026-07-12 03:28:46,721 [INFO] Pacing: sleep 1.0s
2026-07-12 03:28:47,697 [INFO] Page 26 | Collected: 500
2026-07-12 03:28:48,025 [INFO] Pacing: sleep 1.2s
2026-07-12 03:28:49,234 [INFO] Page 27 | Collected: 500
2026-07-12 03:28:49,492 [INFO] Pacing: sleep 1.5s
2026-07-12 03:28:50,944 [INFO] Page 28 | Collected: 500
2026-07-12 03:28:51,278 [INFO] Pacing: sleep 1.1s
2026-07-12 03:28:52,412 [INFO] Page 29 | Collected: 500
2026-07-12 03:28:52,707 [INFO] Pacing: sleep 1.3s
2026-07-12 03:28:53,992 [INFO] Page 30 | Collected: 500
2026-07-12 03:28:54,356 [INFO] Pacing: sleep 1.0s
2026-07-12 03:28:55,347 [INFO] Page 31 | Collected: 750
2026-07-12 03:28:55,434 [WARNING] Block detected on page 31: HTTP 429
2026-07-12 03:28:55,434 [INFO] Saved raw HTML for debugging: blocked_0031.html
2026-07-12 03:28:55,435 [WARNING] Initiating ADAPTIVE THROTTLING. Sleeping 180s, switching to SAFE mode.
2026-07-12 03:31:55,435 [INFO] Pacing: sleep 60.5s | Short Cooldown: 53.4s
2026-07-12 03:32:55,949 [INFO] Page 31 | Collected: 750
2026-07-12 03:32:56,243 [INFO] Pacing: sleep 7.9s
2026-07-12 03:33:04,137 [INFO] Page 32 | Collected: 750
2026-07-12 03:33:04,435 [INFO] Pacing: sleep 7.0s
2026-07-12 03:33:11,444 [INFO] Page 33 | Collected: 750
2026-07-12 03:33:11,813 [INFO] Pacing: sleep 5.7s
2026-07-12 03:33:17,505 [INFO] Page 34 | Collected: 750
2026-07-12 03:33:17,772 [INFO] Pacing: sleep 6.5s
2026-07-12 03:33:24,320 [INFO] Page 35 | Collected: 750
2026-07-12 03:33:24,657 [INFO] Pacing: sleep 7.3s
2026-07-12 03:33:31,949 [INFO] Page 36 | Collected: 750
2026-07-12 03:33:32,244 [INFO] Pacing: sleep 7.7s
2026-07-12 03:33:39,990 [INFO] Page 37 | Collected: 750
2026-07-12 03:33:40,299 [INFO] Pacing: sleep 7.3s
2026-07-12 03:33:47,599 [INFO] Page 38 | Collected: 750
2026-07-12 03:33:47,963 [INFO] Pacing: sleep 5.3s
2026-07-12 03:33:53,285 [INFO] Page 39 | Collected: 750
2026-07-12 03:33:53,566 [INFO] Pacing: sleep 7.7s
2026-07-12 03:34:01,290 [INFO] Page 40 | Collected: 750
2026-07-12 03:34:01,603 [INFO] Pacing: sleep 131.0s | Long Cooldown: 124.9s
2026-07-12 03:36:12,622 [INFO] Page 41 | Collected: 1000
2026-07-12 03:36:12,936 [INFO] Pacing: sleep 4.6s
2026-07-12 03:36:17,533 [INFO] Page 42 | Collected: 1000
2026-07-12 03:36:17,821 [INFO] Pacing: sleep 4.4s
2026-07-12 03:36:22,269 [INFO] Page 43 | Collected: 1000
2026-07-12 03:36:22,636 [INFO] Pacing: sleep 7.0s
2026-07-12 03:36:29,616 [INFO] Page 44 | Collected: 1000
2026-07-12 03:36:29,985 [INFO] Pacing: sleep 4.5s
2026-07-12 03:36:34,446 [INFO] Page 45 | Collected: 1000
2026-07-12 03:36:34,726 [INFO] Pacing: sleep 7.4s
2026-07-12 03:36:42,147 [INFO] Page 46 | Collected: 1000
2026-07-12 03:36:42,489 [INFO] Pacing: sleep 6.4s
2026-07-12 03:36:48,888 [INFO] Page 47 | Collected: 1000
2026-07-12 03:36:49,160 [INFO] Pacing: sleep 4.2s
2026-07-12 03:36:53,331 [INFO] Page 48 | Collected: 1000
2026-07-12 03:36:53,664 [INFO] Pacing: sleep 4.7s
2026-07-12 03:36:58,393 [INFO] Page 49 | Collected: 1000
2026-07-12 03:36:58,736 [INFO] Pacing: sleep 4.4s
2026-07-12 03:37:03,171 [INFO] Page 50 | Collected: 1000
2026-07-12 03:37:03,483 [INFO] Pacing: sleep 43.1s | Short Cooldown: 37.2s
2026-07-12 03:37:46,579 [INFO] Page 51 | Collected: 1250
2026-07-12 03:37:47,038 [INFO] Pacing: sleep 7.0s
2026-07-12 03:37:54,018 [INFO] Page 52 | Collected: 1250
2026-07-12 03:37:54,222 [WARNING] Block detected on page 52: Suspicious term found: 'captcha'
2026-07-12 03:37:54,224 [INFO] Saved raw HTML for debugging: blocked_0052.html
2026-07-12 03:37:54,224 [ERROR] Blocked again even after safe mode. Stopping gracefully.
2026-07-12 03:37:54,224 [INFO] Crawl stopped. Reason: adaptive_throttle_failed_page_52. Finalizing...
2026-07-12 03:37:54,224 [INFO] Merging intermediate pages from work_dir: /home/runner/work/steam-diploma/steam-diploma/data/snapshots/data/snapshots/_in_progress/794117f2-1b0e-4d07-9dd5-60a5ed6fde1c
