2026-07-22 03:16:47,197 [INFO] Steam Snapshot Collector Started.
2026-07-22 03:16:47,197 [INFO] Speed Mode: fast
2026-07-22 03:16:47,197 [INFO] Work Dir: /home/runner/work/steam-diploma/steam-diploma/data/snapshots
2026-07-22 03:16:47,197 [INFO] Base Output Dir: .
2026-07-22 03:16:47,197 [INFO] Page 1 | Collected: 0
2026-07-22 03:16:47,551 [INFO] Pacing: sleep 1.1s
2026-07-22 03:16:48,678 [INFO] Page 2 | Collected: 0
2026-07-22 03:16:49,001 [INFO] Pacing: sleep 0.9s
2026-07-22 03:16:49,933 [INFO] Page 3 | Collected: 0
2026-07-22 03:16:50,218 [INFO] Pacing: sleep 0.6s
2026-07-22 03:16:50,834 [INFO] Page 4 | Collected: 0
2026-07-22 03:16:51,157 [INFO] Pacing: sleep 1.1s
2026-07-22 03:16:52,235 [INFO] Page 5 | Collected: 0
2026-07-22 03:16:52,497 [INFO] Pacing: sleep 0.6s
2026-07-22 03:16:53,069 [INFO] Page 6 | Collected: 0
2026-07-22 03:16:53,361 [INFO] Pacing: sleep 0.7s
2026-07-22 03:16:54,053 [INFO] Page 7 | Collected: 0
2026-07-22 03:16:54,411 [INFO] Pacing: sleep 0.8s
2026-07-22 03:16:55,221 [INFO] Page 8 | Collected: 0
2026-07-22 03:16:55,491 [INFO] Pacing: sleep 1.5s
2026-07-22 03:16:56,966 [INFO] Page 9 | Collected: 0
2026-07-22 03:16:57,257 [INFO] Pacing: sleep 0.9s
2026-07-22 03:16:58,180 [INFO] Page 10 | Collected: 0
2026-07-22 03:16:58,519 [INFO] Pacing: sleep 0.7s
2026-07-22 03:16:59,190 [INFO] Page 11 | Collected: 250
2026-07-22 03:16:59,460 [INFO] Pacing: sleep 0.6s
2026-07-22 03:17:00,083 [INFO] Page 12 | Collected: 250
2026-07-22 03:17:00,409 [INFO] Pacing: sleep 1.2s
2026-07-22 03:17:01,655 [INFO] Page 13 | Collected: 250
2026-07-22 03:17:01,929 [INFO] Pacing: sleep 1.3s
2026-07-22 03:17:03,213 [INFO] Page 14 | Collected: 250
2026-07-22 03:17:03,495 [INFO] Pacing: sleep 0.8s
2026-07-22 03:17:04,298 [INFO] Page 15 | Collected: 250
2026-07-22 03:17:04,637 [INFO] Pacing: sleep 0.6s
2026-07-22 03:17:05,238 [INFO] Page 16 | Collected: 250
2026-07-22 03:17:05,527 [INFO] Pacing: sleep 1.2s
2026-07-22 03:17:06,746 [INFO] Page 17 | Collected: 250
2026-07-22 03:17:08,115 [INFO] Pacing: sleep 1.2s
2026-07-22 03:17:09,313 [INFO] Page 18 | Collected: 250
2026-07-22 03:17:09,576 [INFO] Pacing: sleep 0.7s
2026-07-22 03:17:10,245 [INFO] Page 19 | Collected: 250
2026-07-22 03:17:10,515 [INFO] Pacing: sleep 1.3s
2026-07-22 03:17:11,775 [INFO] Page 20 | Collected: 250
2026-07-22 03:17:12,152 [INFO] Pacing: sleep 0.8s
2026-07-22 03:17:12,976 [INFO] Page 21 | Collected: 500
2026-07-22 03:17:13,265 [INFO] Pacing: sleep 1.2s
2026-07-22 03:17:14,458 [INFO] Page 22 | Collected: 500
2026-07-22 03:17:14,783 [INFO] Pacing: sleep 0.6s
2026-07-22 03:17:15,410 [INFO] Page 23 | Collected: 500
2026-07-22 03:17:15,728 [INFO] Pacing: sleep 1.2s
2026-07-22 03:17:16,961 [INFO] Page 24 | Collected: 500
2026-07-22 03:17:17,215 [INFO] Pacing: sleep 1.2s
2026-07-22 03:17:18,376 [INFO] Page 25 | Collected: 500
2026-07-22 03:17:18,775 [INFO] Pacing: sleep 0.9s
2026-07-22 03:17:19,630 [INFO] Page 26 | Collected: 500
2026-07-22 03:17:19,892 [INFO] Pacing: sleep 1.0s
2026-07-22 03:17:20,894 [INFO] Page 27 | Collected: 500
2026-07-22 03:17:21,167 [INFO] Pacing: sleep 0.5s
2026-07-22 03:17:21,715 [INFO] Page 28 | Collected: 500
2026-07-22 03:17:22,058 [INFO] Pacing: sleep 1.0s
2026-07-22 03:17:23,047 [INFO] Page 29 | Collected: 500
2026-07-22 03:17:23,335 [INFO] Pacing: sleep 1.1s
2026-07-22 03:17:24,413 [INFO] Page 30 | Collected: 500
2026-07-22 03:17:24,775 [INFO] Pacing: sleep 0.7s
2026-07-22 03:17:25,439 [INFO] Page 31 | Collected: 750
2026-07-22 03:17:25,516 [WARNING] Block detected on page 31: HTTP 429
2026-07-22 03:17:25,516 [INFO] Saved raw HTML for debugging: blocked_0031.html
2026-07-22 03:17:25,517 [WARNING] Initiating ADAPTIVE THROTTLING. Sleeping 180s, switching to SAFE mode.
2026-07-22 03:20:25,517 [INFO] Pacing: sleep 54.8s | Short Cooldown: 47.5s
2026-07-22 03:21:20,281 [INFO] Page 31 | Collected: 750
2026-07-22 03:21:20,581 [INFO] Pacing: sleep 5.5s
2026-07-22 03:21:26,054 [INFO] Page 32 | Collected: 750
2026-07-22 03:21:26,327 [INFO] Pacing: sleep 7.7s
2026-07-22 03:21:34,062 [INFO] Page 33 | Collected: 750
2026-07-22 03:21:34,377 [INFO] Pacing: sleep 6.9s
2026-07-22 03:21:41,236 [INFO] Page 34 | Collected: 750
2026-07-22 03:21:41,504 [INFO] Pacing: sleep 7.2s
2026-07-22 03:21:48,699 [INFO] Page 35 | Collected: 750
2026-07-22 03:21:49,081 [INFO] Pacing: sleep 6.2s
2026-07-22 03:21:55,320 [INFO] Page 36 | Collected: 750
2026-07-22 03:21:55,598 [INFO] Pacing: sleep 5.6s
2026-07-22 03:22:01,171 [INFO] Page 37 | Collected: 750
2026-07-22 03:22:01,463 [INFO] Pacing: sleep 4.0s
2026-07-22 03:22:05,482 [INFO] Page 38 | Collected: 750
2026-07-22 03:22:05,820 [INFO] Pacing: sleep 7.7s
2026-07-22 03:22:13,568 [INFO] Page 39 | Collected: 750
2026-07-22 03:22:13,823 [INFO] Pacing: sleep 6.5s
2026-07-22 03:22:20,358 [INFO] Page 40 | Collected: 750
2026-07-22 03:22:20,691 [INFO] Pacing: sleep 171.1s | Long Cooldown: 164.5s
2026-07-22 03:25:11,796 [INFO] Page 41 | Collected: 1000
2026-07-22 03:25:12,067 [INFO] Pacing: sleep 5.7s
2026-07-22 03:25:17,763 [INFO] Page 42 | Collected: 1000
2026-07-22 03:25:18,077 [INFO] Pacing: sleep 4.4s
2026-07-22 03:25:22,443 [INFO] Page 43 | Collected: 1000
2026-07-22 03:25:22,781 [INFO] Pacing: sleep 4.3s
2026-07-22 03:25:27,039 [INFO] Page 44 | Collected: 1000
2026-07-22 03:25:27,298 [INFO] Pacing: sleep 6.4s
2026-07-22 03:25:33,663 [INFO] Page 45 | Collected: 1000
2026-07-22 03:25:33,944 [INFO] Pacing: sleep 4.6s
2026-07-22 03:25:38,543 [INFO] Page 46 | Collected: 1000
2026-07-22 03:25:38,898 [INFO] Pacing: sleep 7.5s
2026-07-22 03:25:46,390 [INFO] Page 47 | Collected: 1000
2026-07-22 03:25:46,671 [INFO] Pacing: sleep 6.0s
2026-07-22 03:25:52,718 [INFO] Page 48 | Collected: 1000
2026-07-22 03:25:53,039 [INFO] Pacing: sleep 5.3s
2026-07-22 03:25:58,331 [INFO] Page 49 | Collected: 1000
2026-07-22 03:25:58,620 [INFO] Pacing: sleep 5.2s
2026-07-22 03:26:03,775 [INFO] Page 50 | Collected: 1000
2026-07-22 03:26:03,919 [WARNING] Block detected on page 50: Suspicious term found: 'captcha'
2026-07-22 03:26:03,920 [INFO] Saved raw HTML for debugging: blocked_0050.html
2026-07-22 03:26:03,920 [ERROR] Blocked again even after safe mode. Stopping gracefully.
2026-07-22 03:26:03,922 [INFO] Crawl stopped. Reason: adaptive_throttle_failed_page_50. Finalizing...
2026-07-22 03:26:03,922 [INFO] Merging intermediate pages from work_dir: /home/runner/work/steam-diploma/steam-diploma/data/snapshots/data/snapshots/_in_progress/792a334f-6753-4778-88d4-869bbbc8fc0b
