2026-06-18 15:38:33,356 [INFO] Steam Snapshot Collector Started.
2026-06-18 15:38:33,356 [INFO] Speed Mode: fast
2026-06-18 15:38:33,356 [INFO] Work Dir: /home/runner/work/steam-diploma/steam-diploma/data/snapshots
2026-06-18 15:38:33,356 [INFO] Base Output Dir: .
2026-06-18 15:38:33,356 [INFO] Page 1 | Collected: 0
2026-06-18 15:38:33,804 [INFO] Pacing: sleep 1.0s
2026-06-18 15:38:34,816 [INFO] Page 2 | Collected: 0
2026-06-18 15:38:35,246 [INFO] Pacing: sleep 1.4s
2026-06-18 15:38:36,692 [INFO] Page 3 | Collected: 0
2026-06-18 15:38:36,991 [INFO] Pacing: sleep 1.3s
2026-06-18 15:38:38,336 [INFO] Page 4 | Collected: 0
2026-06-18 15:38:38,685 [INFO] Pacing: sleep 1.4s
2026-06-18 15:38:40,089 [INFO] Page 5 | Collected: 0
2026-06-18 15:38:40,378 [INFO] Pacing: sleep 1.1s
2026-06-18 15:38:41,500 [INFO] Page 6 | Collected: 0
2026-06-18 15:38:41,796 [INFO] Pacing: sleep 0.6s
2026-06-18 15:38:42,368 [INFO] Page 7 | Collected: 0
2026-06-18 15:38:42,772 [INFO] Pacing: sleep 0.7s
2026-06-18 15:38:43,458 [INFO] Page 8 | Collected: 0
2026-06-18 15:38:43,742 [INFO] Pacing: sleep 0.8s
2026-06-18 15:38:44,514 [INFO] Page 9 | Collected: 0
2026-06-18 15:38:44,887 [INFO] Pacing: sleep 0.6s
2026-06-18 15:38:45,509 [INFO] Page 10 | Collected: 0
2026-06-18 15:38:45,806 [INFO] Pacing: sleep 1.4s
2026-06-18 15:38:47,211 [INFO] Page 11 | Collected: 250
2026-06-18 15:38:47,516 [INFO] Pacing: sleep 1.3s
2026-06-18 15:38:48,812 [INFO] Page 12 | Collected: 250
2026-06-18 15:38:49,216 [INFO] Pacing: sleep 0.9s
2026-06-18 15:38:50,121 [INFO] Page 13 | Collected: 250
2026-06-18 15:38:50,401 [INFO] Pacing: sleep 1.0s
2026-06-18 15:38:51,406 [INFO] Page 14 | Collected: 250
2026-06-18 15:38:51,718 [INFO] Pacing: sleep 1.0s
2026-06-18 15:38:52,679 [INFO] Page 15 | Collected: 250
2026-06-18 15:38:53,225 [INFO] Pacing: sleep 0.6s
2026-06-18 15:38:53,794 [INFO] Page 16 | Collected: 250
2026-06-18 15:38:54,132 [INFO] Pacing: sleep 0.6s
2026-06-18 15:38:54,707 [INFO] Page 17 | Collected: 250
2026-06-18 15:38:55,061 [INFO] Pacing: sleep 0.7s
2026-06-18 15:38:55,729 [INFO] Page 18 | Collected: 250
2026-06-18 15:38:56,014 [INFO] Pacing: sleep 1.2s
2026-06-18 15:38:57,196 [INFO] Page 19 | Collected: 250
2026-06-18 15:38:57,493 [INFO] Pacing: sleep 0.7s
2026-06-18 15:38:58,154 [INFO] Page 20 | Collected: 250
2026-06-18 15:38:58,631 [INFO] Pacing: sleep 1.0s
2026-06-18 15:38:59,673 [INFO] Page 21 | Collected: 500
2026-06-18 15:38:59,949 [INFO] Pacing: sleep 0.6s
2026-06-18 15:39:00,576 [INFO] Page 22 | Collected: 500
2026-06-18 15:39:00,929 [INFO] Pacing: sleep 1.0s
2026-06-18 15:39:01,935 [INFO] Page 23 | Collected: 500
2026-06-18 15:39:02,252 [INFO] Pacing: sleep 1.3s
2026-06-18 15:39:03,565 [INFO] Page 24 | Collected: 500
2026-06-18 15:39:03,900 [INFO] Pacing: sleep 0.5s
2026-06-18 15:39:04,419 [INFO] Page 25 | Collected: 500
2026-06-18 15:39:04,885 [INFO] Pacing: sleep 1.1s
2026-06-18 15:39:06,032 [INFO] Page 26 | Collected: 500
2026-06-18 15:39:06,381 [INFO] Pacing: sleep 0.9s
2026-06-18 15:39:07,286 [INFO] Page 27 | Collected: 500
2026-06-18 15:39:07,662 [INFO] Pacing: sleep 1.4s
2026-06-18 15:39:09,092 [INFO] Page 28 | Collected: 500
2026-06-18 15:39:09,413 [INFO] Pacing: sleep 1.4s
2026-06-18 15:39:10,857 [INFO] Page 29 | Collected: 500
2026-06-18 15:39:11,162 [INFO] Pacing: sleep 1.1s
2026-06-18 15:39:12,221 [INFO] Page 30 | Collected: 500
2026-06-18 15:39:12,697 [INFO] Pacing: sleep 1.2s
2026-06-18 15:39:13,911 [INFO] Page 31 | Collected: 750
2026-06-18 15:39:14,147 [WARNING] Block detected on page 31: HTTP 429
2026-06-18 15:39:14,147 [INFO] Saved raw HTML for debugging: blocked_0031.html
2026-06-18 15:39:14,147 [WARNING] Initiating ADAPTIVE THROTTLING. Sleeping 180s, switching to SAFE mode.
2026-06-18 15:42:14,147 [INFO] Pacing: sleep 55.5s | Short Cooldown: 47.8s
2026-06-18 15:43:09,612 [INFO] Page 31 | Collected: 750
2026-06-18 15:43:09,923 [INFO] Pacing: sleep 4.1s
2026-06-18 15:43:13,977 [INFO] Page 32 | Collected: 750
2026-06-18 15:43:14,957 [INFO] Pacing: sleep 7.8s
2026-06-18 15:43:22,802 [INFO] Page 33 | Collected: 750
2026-06-18 15:43:23,180 [INFO] Pacing: sleep 6.5s
2026-06-18 15:43:29,684 [INFO] Page 34 | Collected: 750
2026-06-18 15:43:29,983 [INFO] Pacing: sleep 6.2s
2026-06-18 15:43:36,179 [INFO] Page 35 | Collected: 750
2026-06-18 15:43:36,726 [INFO] Pacing: sleep 6.4s
2026-06-18 15:43:43,081 [INFO] Page 36 | Collected: 750
2026-06-18 15:43:43,354 [INFO] Pacing: sleep 7.2s
2026-06-18 15:43:50,519 [INFO] Page 37 | Collected: 750
2026-06-18 15:43:50,813 [INFO] Pacing: sleep 7.3s
2026-06-18 15:43:58,101 [INFO] Page 38 | Collected: 750
2026-06-18 15:43:58,469 [INFO] Pacing: sleep 6.7s
2026-06-18 15:44:05,163 [INFO] Page 39 | Collected: 750
2026-06-18 15:44:05,459 [INFO] Pacing: sleep 7.7s
2026-06-18 15:44:13,162 [INFO] Page 40 | Collected: 750
2026-06-18 15:44:13,580 [INFO] Pacing: sleep 243.9s | Long Cooldown: 236.4s
2026-06-18 15:48:17,520 [INFO] Page 41 | Collected: 1000
2026-06-18 15:48:17,800 [INFO] Pacing: sleep 6.6s
2026-06-18 15:48:24,412 [INFO] Page 42 | Collected: 1000
2026-06-18 15:48:24,727 [INFO] Pacing: sleep 4.4s
2026-06-18 15:48:29,135 [INFO] Page 43 | Collected: 1000
2026-06-18 15:48:29,500 [INFO] Pacing: sleep 6.4s
2026-06-18 15:48:35,909 [INFO] Page 44 | Collected: 1000
2026-06-18 15:48:36,193 [INFO] Pacing: sleep 7.4s
2026-06-18 15:48:43,609 [INFO] Page 45 | Collected: 1000
2026-06-18 15:48:44,162 [INFO] Pacing: sleep 4.7s
2026-06-18 15:48:48,893 [INFO] Page 46 | Collected: 1000
2026-06-18 15:48:49,224 [INFO] Pacing: sleep 5.3s
2026-06-18 15:48:54,560 [INFO] Page 47 | Collected: 1000
2026-06-18 15:48:54,855 [INFO] Pacing: sleep 4.5s
2026-06-18 15:48:59,381 [INFO] Page 48 | Collected: 1000
2026-06-18 15:48:59,882 [INFO] Pacing: sleep 4.5s
2026-06-18 15:49:04,372 [INFO] Page 49 | Collected: 1000
2026-06-18 15:49:04,651 [INFO] Pacing: sleep 6.7s
2026-06-18 15:49:11,340 [INFO] Page 50 | Collected: 1000
2026-06-18 15:49:11,629 [INFO] Pacing: sleep 52.9s | Short Cooldown: 45.8s
2026-06-18 15:50:04,556 [INFO] Page 51 | Collected: 1250
2026-06-18 15:50:04,975 [INFO] Pacing: sleep 5.0s
2026-06-18 15:50:10,009 [INFO] Page 52 | Collected: 1250
2026-06-18 15:50:10,294 [INFO] Pacing: sleep 7.2s
2026-06-18 15:50:17,448 [INFO] Page 53 | Collected: 1250
2026-06-18 15:50:17,869 [INFO] Pacing: sleep 7.1s
2026-06-18 15:50:24,947 [INFO] Page 54 | Collected: 1250
2026-06-18 15:50:25,258 [INFO] Pacing: sleep 4.2s
2026-06-18 15:50:29,460 [INFO] Page 55 | Collected: 1250
2026-06-18 15:50:29,783 [INFO] Pacing: sleep 7.3s
2026-06-18 15:50:37,084 [INFO] Page 56 | Collected: 1250
2026-06-18 15:50:37,494 [INFO] Pacing: sleep 5.0s
2026-06-18 15:50:42,527 [INFO] Page 57 | Collected: 1250
2026-06-18 15:50:42,951 [INFO] Pacing: sleep 5.1s
2026-06-18 15:50:48,078 [INFO] Page 58 | Collected: 1250
2026-06-18 15:50:48,436 [INFO] Pacing: sleep 5.4s
2026-06-18 15:50:53,794 [INFO] Page 59 | Collected: 1250
2026-06-18 15:50:54,081 [INFO] Pacing: sleep 6.0s
2026-06-18 15:51:00,090 [INFO] Page 60 | Collected: 1250
2026-06-18 15:51:00,444 [INFO] Pacing: sleep 35.8s | Short Cooldown: 30.5s
2026-06-18 15:51:36,205 [INFO] Page 61 | Collected: 1500
2026-06-18 15:51:36,647 [INFO] Pacing: sleep 6.8s
2026-06-18 15:51:43,489 [INFO] Page 62 | Collected: 1500
2026-06-18 15:51:43,809 [INFO] Pacing: sleep 5.1s
2026-06-18 15:51:48,936 [INFO] Page 63 | Collected: 1500
2026-06-18 15:51:49,331 [INFO] Pacing: sleep 5.4s
2026-06-18 15:51:54,768 [INFO] Page 64 | Collected: 1500
2026-06-18 15:51:55,072 [INFO] Pacing: sleep 5.4s
2026-06-18 15:52:00,454 [INFO] Page 65 | Collected: 1500
2026-06-18 15:52:00,761 [INFO] Pacing: sleep 7.4s
2026-06-18 15:52:08,191 [INFO] Page 66 | Collected: 1500
2026-06-18 15:52:08,575 [INFO] Pacing: sleep 4.8s
2026-06-18 15:52:13,364 [INFO] Page 67 | Collected: 1500
2026-06-18 15:52:13,689 [INFO] Pacing: sleep 4.7s
2026-06-18 15:52:18,380 [INFO] Page 68 | Collected: 1500
2026-06-18 15:52:18,734 [INFO] Pacing: sleep 5.0s
2026-06-18 15:52:23,727 [INFO] Page 69 | Collected: 1500
2026-06-18 15:52:24,095 [INFO] Pacing: sleep 4.3s
2026-06-18 15:52:28,399 [INFO] Page 70 | Collected: 1500
2026-06-18 15:52:28,710 [INFO] Pacing: sleep 49.2s | Short Cooldown: 44.0s
2026-06-18 15:53:17,942 [INFO] Page 71 | Collected: 1750
2026-06-18 15:53:18,288 [INFO] Pacing: sleep 7.4s
2026-06-18 15:53:25,685 [INFO] Page 72 | Collected: 1750
2026-06-18 15:53:25,976 [INFO] Pacing: sleep 5.4s
2026-06-18 15:53:31,338 [INFO] Page 73 | Collected: 1750
2026-06-18 15:53:31,725 [INFO] Pacing: sleep 5.8s
2026-06-18 15:53:37,574 [INFO] Page 74 | Collected: 1750
2026-06-18 15:53:37,970 [INFO] Pacing: sleep 7.6s
2026-06-18 15:53:45,578 [INFO] Page 75 | Collected: 1750
2026-06-18 15:53:45,918 [INFO] Pacing: sleep 5.2s
2026-06-18 15:53:51,084 [INFO] Page 76 | Collected: 1750
2026-06-18 15:53:51,455 [INFO] Pacing: sleep 4.7s
2026-06-18 15:53:56,179 [INFO] Page 77 | Collected: 1750
2026-06-18 15:53:56,468 [INFO] Pacing: sleep 4.8s
2026-06-18 15:54:01,302 [INFO] Page 78 | Collected: 1750
2026-06-18 15:54:01,579 [INFO] Pacing: sleep 5.2s
2026-06-18 15:54:06,800 [INFO] Page 79 | Collected: 1750
2026-06-18 15:54:07,164 [INFO] Pacing: sleep 6.5s
2026-06-18 15:54:13,690 [INFO] Page 80 | Collected: 1750
2026-06-18 15:54:13,973 [INFO] Pacing: sleep 134.6s | Long Cooldown: 130.0s
2026-06-18 15:56:28,565 [INFO] Page 81 | Collected: 2000
2026-06-18 15:56:29,050 [INFO] Pacing: sleep 6.1s
2026-06-18 15:56:35,157 [INFO] Page 82 | Collected: 2000
2026-06-18 15:56:35,509 [INFO] Pacing: sleep 5.2s
2026-06-18 15:56:40,757 [INFO] Page 83 | Collected: 2000
2026-06-18 15:56:41,033 [INFO] Pacing: sleep 4.3s
2026-06-18 15:56:45,377 [INFO] Page 84 | Collected: 2000
2026-06-18 15:56:45,763 [INFO] Pacing: sleep 6.6s
2026-06-18 15:56:52,316 [INFO] Page 85 | Collected: 2000
2026-06-18 15:56:52,667 [INFO] Pacing: sleep 7.7s
2026-06-18 15:57:00,415 [INFO] Page 86 | Collected: 2000
2026-06-18 15:57:00,685 [INFO] Pacing: sleep 5.4s
2026-06-18 15:57:06,074 [INFO] Page 87 | Collected: 2000
2026-06-18 15:57:06,444 [INFO] Pacing: sleep 6.3s
2026-06-18 15:57:12,710 [INFO] Page 88 | Collected: 2000
2026-06-18 15:57:13,043 [INFO] Pacing: sleep 4.2s
2026-06-18 15:57:17,212 [INFO] Page 89 | Collected: 2000
2026-06-18 15:57:17,560 [INFO] Pacing: sleep 4.8s
2026-06-18 15:57:22,364 [INFO] Page 90 | Collected: 2000
2026-06-18 15:57:22,646 [INFO] Pacing: sleep 43.7s | Short Cooldown: 39.5s
2026-06-18 15:58:06,393 [INFO] Page 91 | Collected: 2250
2026-06-18 15:58:07,096 [INFO] Pacing: sleep 4.2s
2026-06-18 15:58:11,263 [INFO] Page 92 | Collected: 2250
2026-06-18 15:58:11,640 [INFO] Pacing: sleep 5.4s
2026-06-18 15:58:17,057 [INFO] Page 93 | Collected: 2250
2026-06-18 15:58:17,323 [INFO] Pacing: sleep 5.6s
2026-06-18 15:58:22,899 [INFO] Page 94 | Collected: 2250
2026-06-18 15:58:23,332 [INFO] Pacing: sleep 7.1s
2026-06-18 15:58:30,392 [INFO] Page 95 | Collected: 2250
2026-06-18 15:58:30,692 [INFO] Pacing: sleep 6.2s
2026-06-18 15:58:36,914 [INFO] Page 96 | Collected: 2250
2026-06-18 15:58:37,205 [INFO] Pacing: sleep 7.7s
2026-06-18 15:58:44,881 [INFO] Page 97 | Collected: 2250
2026-06-18 15:58:45,297 [INFO] Pacing: sleep 4.3s
2026-06-18 15:58:49,564 [INFO] Page 98 | Collected: 2250
2026-06-18 15:58:49,886 [INFO] Pacing: sleep 4.4s
2026-06-18 15:58:54,259 [INFO] Page 99 | Collected: 2250
2026-06-18 15:58:54,666 [INFO] Pacing: sleep 7.3s
2026-06-18 15:59:01,932 [INFO] Page 100 | Collected: 2250
2026-06-18 15:59:02,216 [INFO] Pacing: sleep 38.4s | Short Cooldown: 30.4s
2026-06-18 15:59:40,599 [INFO] Page 101 | Collected: 2500
2026-06-18 15:59:40,908 [INFO] Pacing: sleep 6.8s
2026-06-18 15:59:47,731 [INFO] Page 102 | Collected: 2500
2026-06-18 15:59:48,146 [INFO] Pacing: sleep 4.5s
2026-06-18 15:59:52,693 [INFO] Page 103 | Collected: 2500
2026-06-18 15:59:53,082 [INFO] Pacing: sleep 5.1s
2026-06-18 15:59:58,182 [INFO] Page 104 | Collected: 2500
2026-06-18 15:59:58,493 [INFO] Pacing: sleep 6.7s
2026-06-18 16:00:05,145 [INFO] Page 105 | Collected: 2500
2026-06-18 16:00:05,517 [INFO] Pacing: sleep 6.6s
2026-06-18 16:00:12,132 [INFO] Page 106 | Collected: 2500
2026-06-18 16:00:12,439 [WARNING] Block detected on page 106: Suspicious term found: 'captcha'
2026-06-18 16:00:12,440 [INFO] Saved raw HTML for debugging: blocked_0106.html
2026-06-18 16:00:12,440 [ERROR] Blocked again even after safe mode. Stopping gracefully.
2026-06-18 16:00:12,442 [INFO] Crawl stopped. Reason: adaptive_throttle_failed_page_106. Finalizing...
2026-06-18 16:00:12,442 [INFO] Merging intermediate pages from work_dir: /home/runner/work/steam-diploma/steam-diploma/data/snapshots/data/snapshots/_in_progress/af2189cd-fd29-4aaf-bf61-bd41779c70f4
