2026-06-24 14:43:35,605 [INFO] Steam Snapshot Collector Started.
2026-06-24 14:43:35,606 [INFO] Speed Mode: fast
2026-06-24 14:43:35,606 [INFO] Work Dir: /home/runner/work/steam-diploma/steam-diploma/data/snapshots
2026-06-24 14:43:35,606 [INFO] Base Output Dir: .
2026-06-24 14:43:35,606 [INFO] Page 1 | Collected: 0
2026-06-24 14:43:35,981 [INFO] Pacing: sleep 1.1s
2026-06-24 14:43:37,078 [INFO] Page 2 | Collected: 0
2026-06-24 14:43:37,516 [INFO] Pacing: sleep 0.8s
2026-06-24 14:43:38,290 [INFO] Page 3 | Collected: 0
2026-06-24 14:43:38,573 [INFO] Pacing: sleep 0.7s
2026-06-24 14:43:39,268 [INFO] Page 4 | Collected: 0
2026-06-24 14:43:39,629 [INFO] Pacing: sleep 0.7s
2026-06-24 14:43:40,348 [INFO] Page 5 | Collected: 0
2026-06-24 14:43:40,641 [INFO] Pacing: sleep 0.7s
2026-06-24 14:43:41,320 [INFO] Page 6 | Collected: 0
2026-06-24 14:43:41,663 [INFO] Pacing: sleep 0.9s
2026-06-24 14:43:42,580 [INFO] Page 7 | Collected: 0
2026-06-24 14:43:42,969 [INFO] Pacing: sleep 1.5s
2026-06-24 14:43:44,437 [INFO] Page 8 | Collected: 0
2026-06-24 14:43:44,806 [INFO] Pacing: sleep 1.3s
2026-06-24 14:43:46,069 [INFO] Page 9 | Collected: 0
2026-06-24 14:43:46,446 [INFO] Pacing: sleep 1.4s
2026-06-24 14:43:47,885 [INFO] Page 10 | Collected: 0
2026-06-24 14:43:48,162 [INFO] Pacing: sleep 1.4s
2026-06-24 14:43:49,594 [INFO] Page 11 | Collected: 250
2026-06-24 14:43:49,889 [INFO] Pacing: sleep 0.8s
2026-06-24 14:43:50,689 [INFO] Page 12 | Collected: 250
2026-06-24 14:43:51,043 [INFO] Pacing: sleep 1.2s
2026-06-24 14:43:52,195 [INFO] Page 13 | Collected: 250
2026-06-24 14:43:52,523 [INFO] Pacing: sleep 0.9s
2026-06-24 14:43:53,468 [INFO] Page 14 | Collected: 250
2026-06-24 14:43:53,833 [INFO] Pacing: sleep 0.6s
2026-06-24 14:43:54,454 [INFO] Page 15 | Collected: 250
2026-06-24 14:43:54,850 [INFO] Pacing: sleep 1.3s
2026-06-24 14:43:56,181 [INFO] Page 16 | Collected: 250
2026-06-24 14:43:56,522 [INFO] Pacing: sleep 1.1s
2026-06-24 14:43:57,576 [INFO] Page 17 | Collected: 250
2026-06-24 14:43:57,933 [INFO] Pacing: sleep 0.8s
2026-06-24 14:43:58,741 [INFO] Page 18 | Collected: 250
2026-06-24 14:43:59,022 [INFO] Pacing: sleep 1.4s
2026-06-24 14:44:00,373 [INFO] Page 19 | Collected: 250
2026-06-24 14:44:00,664 [INFO] Pacing: sleep 0.6s
2026-06-24 14:44:01,226 [INFO] Page 20 | Collected: 250
2026-06-24 14:44:01,640 [INFO] Pacing: sleep 1.1s
2026-06-24 14:44:02,739 [INFO] Page 21 | Collected: 500
2026-06-24 14:44:03,054 [INFO] Pacing: sleep 1.0s
2026-06-24 14:44:04,084 [INFO] Page 22 | Collected: 500
2026-06-24 14:44:04,444 [INFO] Pacing: sleep 0.7s
2026-06-24 14:44:05,145 [INFO] Page 23 | Collected: 500
2026-06-24 14:44:05,448 [INFO] Pacing: sleep 1.2s
2026-06-24 14:44:06,697 [INFO] Page 24 | Collected: 500
2026-06-24 14:44:07,020 [INFO] Pacing: sleep 0.5s
2026-06-24 14:44:07,533 [INFO] Page 25 | Collected: 500
2026-06-24 14:44:07,949 [INFO] Pacing: sleep 1.3s
2026-06-24 14:44:09,291 [INFO] Page 26 | Collected: 500
2026-06-24 14:44:09,659 [INFO] Pacing: sleep 1.4s
2026-06-24 14:44:11,044 [INFO] Page 27 | Collected: 500
2026-06-24 14:44:11,458 [INFO] Pacing: sleep 0.8s
2026-06-24 14:44:12,264 [INFO] Page 28 | Collected: 500
2026-06-24 14:44:12,579 [INFO] Pacing: sleep 1.4s
2026-06-24 14:44:14,001 [INFO] Page 29 | Collected: 500
2026-06-24 14:44:14,312 [INFO] Pacing: sleep 1.0s
2026-06-24 14:44:15,272 [INFO] Page 30 | Collected: 500
2026-06-24 14:44:15,644 [INFO] Pacing: sleep 1.1s
2026-06-24 14:44:16,774 [INFO] Page 31 | Collected: 750
2026-06-24 14:44:16,888 [WARNING] Block detected on page 31: HTTP 429
2026-06-24 14:44:16,889 [INFO] Saved raw HTML for debugging: blocked_0031.html
2026-06-24 14:44:16,889 [WARNING] Initiating ADAPTIVE THROTTLING. Sleeping 180s, switching to SAFE mode.
2026-06-24 14:47:16,889 [INFO] Pacing: sleep 40.5s | Short Cooldown: 35.5s
2026-06-24 14:47:57,360 [INFO] Page 31 | Collected: 750
2026-06-24 14:47:57,693 [INFO] Pacing: sleep 6.7s
2026-06-24 14:48:04,368 [INFO] Page 32 | Collected: 750
2026-06-24 14:48:04,663 [INFO] Pacing: sleep 4.1s
2026-06-24 14:48:08,794 [INFO] Page 33 | Collected: 750
2026-06-24 14:48:09,194 [INFO] Pacing: sleep 4.5s
2026-06-24 14:48:13,716 [INFO] Page 34 | Collected: 750
2026-06-24 14:48:14,013 [INFO] Pacing: sleep 6.1s
2026-06-24 14:48:20,074 [INFO] Page 35 | Collected: 750
2026-06-24 14:48:20,419 [INFO] Pacing: sleep 6.3s
2026-06-24 14:48:26,687 [INFO] Page 36 | Collected: 750
2026-06-24 14:48:26,996 [INFO] Pacing: sleep 5.2s
2026-06-24 14:48:32,238 [INFO] Page 37 | Collected: 750
2026-06-24 14:48:32,561 [INFO] Pacing: sleep 5.4s
2026-06-24 14:48:37,931 [INFO] Page 38 | Collected: 750
2026-06-24 14:48:38,867 [INFO] Pacing: sleep 4.5s
2026-06-24 14:48:43,334 [INFO] Page 39 | Collected: 750
2026-06-24 14:48:43,661 [INFO] Pacing: sleep 5.1s
2026-06-24 14:48:48,759 [INFO] Page 40 | Collected: 750
2026-06-24 14:48:49,149 [INFO] Pacing: sleep 182.7s | Long Cooldown: 175.5s
2026-06-24 14:51:51,881 [INFO] Page 41 | Collected: 1000
2026-06-24 14:51:52,173 [INFO] Pacing: sleep 8.0s
2026-06-24 14:52:00,138 [INFO] Page 42 | Collected: 1000
2026-06-24 14:52:00,441 [INFO] Pacing: sleep 6.1s
2026-06-24 14:52:06,560 [INFO] Page 43 | Collected: 1000
2026-06-24 14:52:06,978 [INFO] Pacing: sleep 5.0s
2026-06-24 14:52:11,960 [INFO] Page 44 | Collected: 1000
2026-06-24 14:52:12,304 [INFO] Pacing: sleep 5.5s
2026-06-24 14:52:17,778 [INFO] Page 45 | Collected: 1000
2026-06-24 14:52:18,300 [INFO] Pacing: sleep 4.6s
2026-06-24 14:52:22,863 [INFO] Page 46 | Collected: 1000
2026-06-24 14:52:23,167 [INFO] Pacing: sleep 8.0s
2026-06-24 14:52:31,127 [INFO] Page 47 | Collected: 1000
2026-06-24 14:52:31,424 [INFO] Pacing: sleep 4.4s
2026-06-24 14:52:35,811 [INFO] Page 48 | Collected: 1000
2026-06-24 14:52:36,194 [INFO] Pacing: sleep 4.1s
2026-06-24 14:52:40,264 [INFO] Page 49 | Collected: 1000
2026-06-24 14:52:40,815 [INFO] Pacing: sleep 5.9s
2026-06-24 14:52:46,713 [INFO] Page 50 | Collected: 1000
2026-06-24 14:52:47,030 [INFO] Pacing: sleep 53.9s | Short Cooldown: 46.3s
2026-06-24 14:53:40,956 [INFO] Page 51 | Collected: 1250
2026-06-24 14:53:41,424 [INFO] Pacing: sleep 6.8s
2026-06-24 14:53:48,272 [INFO] Page 52 | Collected: 1250
2026-06-24 14:53:48,548 [INFO] Pacing: sleep 4.0s
2026-06-24 14:53:52,559 [INFO] Page 53 | Collected: 1250
2026-06-24 14:53:52,929 [INFO] Pacing: sleep 7.1s
2026-06-24 14:54:00,016 [INFO] Page 54 | Collected: 1250
2026-06-24 14:54:00,364 [INFO] Pacing: sleep 7.7s
2026-06-24 14:54:08,042 [INFO] Page 55 | Collected: 1250
2026-06-24 14:54:08,401 [INFO] Pacing: sleep 7.4s
2026-06-24 14:54:15,792 [INFO] Page 56 | Collected: 1250
2026-06-24 14:54:16,209 [INFO] Pacing: sleep 4.7s
2026-06-24 14:54:20,922 [INFO] Page 57 | Collected: 1250
2026-06-24 14:54:21,317 [INFO] Pacing: sleep 7.5s
2026-06-24 14:54:28,851 [INFO] Page 58 | Collected: 1250
2026-06-24 14:54:29,223 [INFO] Pacing: sleep 6.8s
2026-06-24 14:54:36,054 [INFO] Page 59 | Collected: 1250
2026-06-24 14:54:36,356 [INFO] Pacing: sleep 5.0s
2026-06-24 14:54:41,366 [INFO] Page 60 | Collected: 1250
2026-06-24 14:54:41,707 [INFO] Pacing: sleep 59.5s | Short Cooldown: 53.6s
2026-06-24 14:55:41,193 [INFO] Page 61 | Collected: 1500
2026-06-24 14:55:41,567 [INFO] Pacing: sleep 7.9s
2026-06-24 14:55:49,499 [INFO] Page 62 | Collected: 1500
2026-06-24 14:55:49,853 [INFO] Pacing: sleep 4.7s
2026-06-24 14:55:54,531 [INFO] Page 63 | Collected: 1500
2026-06-24 14:55:54,920 [INFO] Pacing: sleep 5.5s
2026-06-24 14:56:00,375 [INFO] Page 64 | Collected: 1500
2026-06-24 14:56:00,662 [INFO] Pacing: sleep 6.8s
2026-06-24 14:56:07,500 [INFO] Page 65 | Collected: 1500
2026-06-24 14:56:07,802 [INFO] Pacing: sleep 7.2s
2026-06-24 14:56:15,034 [INFO] Page 66 | Collected: 1500
2026-06-24 14:56:15,602 [INFO] Pacing: sleep 6.1s
2026-06-24 14:56:21,706 [INFO] Page 67 | Collected: 1500
2026-06-24 14:56:22,095 [INFO] Pacing: sleep 7.1s
2026-06-24 14:56:29,190 [INFO] Page 68 | Collected: 1500
2026-06-24 14:56:29,602 [INFO] Pacing: sleep 7.9s
2026-06-24 14:56:37,480 [INFO] Page 69 | Collected: 1500
2026-06-24 14:56:37,931 [INFO] Pacing: sleep 7.1s
2026-06-24 14:56:44,996 [INFO] Page 70 | Collected: 1500
2026-06-24 14:56:45,380 [INFO] Pacing: sleep 62.3s | Short Cooldown: 56.3s
2026-06-24 14:57:47,675 [INFO] Page 71 | Collected: 1750
2026-06-24 14:57:48,055 [INFO] Pacing: sleep 5.3s
2026-06-24 14:57:53,389 [INFO] Page 72 | Collected: 1750
2026-06-24 14:57:53,671 [INFO] Pacing: sleep 6.9s
2026-06-24 14:58:00,522 [INFO] Page 73 | Collected: 1750
2026-06-24 14:58:00,831 [INFO] Pacing: sleep 5.3s
2026-06-24 14:58:06,169 [INFO] Page 74 | Collected: 1750
2026-06-24 14:58:06,640 [INFO] Pacing: sleep 7.6s
2026-06-24 14:58:14,288 [INFO] Page 75 | Collected: 1750
2026-06-24 14:58:14,752 [INFO] Pacing: sleep 4.2s
2026-06-24 14:58:18,921 [INFO] Page 76 | Collected: 1750
2026-06-24 14:58:19,521 [INFO] Pacing: sleep 5.0s
2026-06-24 14:58:24,482 [INFO] Page 77 | Collected: 1750
2026-06-24 14:58:24,883 [INFO] Pacing: sleep 5.4s
2026-06-24 14:58:30,268 [INFO] Page 78 | Collected: 1750
2026-06-24 14:58:30,567 [INFO] Pacing: sleep 6.1s
2026-06-24 14:58:36,624 [INFO] Page 79 | Collected: 1750
2026-06-24 14:58:37,053 [INFO] Pacing: sleep 7.6s
2026-06-24 14:58:44,695 [INFO] Page 80 | Collected: 1750
2026-06-24 14:58:45,025 [INFO] Pacing: sleep 150.5s | Long Cooldown: 145.7s
2026-06-24 15:01:15,575 [INFO] Page 81 | Collected: 2000
2026-06-24 15:01:16,038 [INFO] Pacing: sleep 4.3s
2026-06-24 15:01:20,332 [INFO] Page 82 | Collected: 2000
2026-06-24 15:01:20,741 [INFO] Pacing: sleep 5.8s
2026-06-24 15:01:26,567 [INFO] Page 83 | Collected: 2000
2026-06-24 15:01:26,871 [INFO] Pacing: sleep 7.2s
2026-06-24 15:01:34,094 [INFO] Page 84 | Collected: 2000
2026-06-24 15:01:34,455 [INFO] Pacing: sleep 6.0s
2026-06-24 15:01:40,487 [INFO] Page 85 | Collected: 2000
2026-06-24 15:01:40,841 [INFO] Pacing: sleep 4.6s
2026-06-24 15:01:45,428 [INFO] Page 86 | Collected: 2000
2026-06-24 15:01:45,845 [INFO] Pacing: sleep 6.1s
2026-06-24 15:01:51,938 [INFO] Page 87 | Collected: 2000
2026-06-24 15:01:52,342 [INFO] Pacing: sleep 5.1s
2026-06-24 15:01:57,406 [INFO] Page 88 | Collected: 2000
2026-06-24 15:01:57,712 [INFO] Pacing: sleep 6.6s
2026-06-24 15:02:04,328 [INFO] Page 89 | Collected: 2000
2026-06-24 15:02:04,680 [INFO] Pacing: sleep 6.5s
2026-06-24 15:02:11,201 [INFO] Page 90 | Collected: 2000
2026-06-24 15:02:11,557 [INFO] Pacing: sleep 38.7s | Short Cooldown: 31.9s
2026-06-24 15:02:50,241 [INFO] Page 91 | Collected: 2250
2026-06-24 15:02:50,608 [INFO] Pacing: sleep 5.1s
2026-06-24 15:02:55,718 [INFO] Page 92 | Collected: 2250
2026-06-24 15:02:56,158 [INFO] Pacing: sleep 7.1s
2026-06-24 15:03:03,277 [INFO] Page 93 | Collected: 2250
2026-06-24 15:03:03,572 [INFO] Pacing: sleep 5.6s
2026-06-24 15:03:09,195 [INFO] Page 94 | Collected: 2250
2026-06-24 15:03:09,486 [WARNING] Block detected on page 94: Suspicious term found: 'captcha'
2026-06-24 15:03:09,487 [INFO] Saved raw HTML for debugging: blocked_0094.html
2026-06-24 15:03:09,487 [ERROR] Blocked again even after safe mode. Stopping gracefully.
2026-06-24 15:03:09,488 [INFO] Crawl stopped. Reason: adaptive_throttle_failed_page_94. Finalizing...
2026-06-24 15:03:09,488 [INFO] Merging intermediate pages from work_dir: /home/runner/work/steam-diploma/steam-diploma/data/snapshots/data/snapshots/_in_progress/6fe8dfe7-70c6-4910-ac97-e96948bcd3ff
