2026-06-30 14:30:38,516 [INFO] Steam Snapshot Collector Started.
2026-06-30 14:30:38,516 [INFO] Speed Mode: fast
2026-06-30 14:30:38,516 [INFO] Work Dir: /home/runner/work/steam-diploma/steam-diploma/data/snapshots
2026-06-30 14:30:38,516 [INFO] Base Output Dir: .
2026-06-30 14:30:38,517 [INFO] Page 1 | Collected: 0
2026-06-30 14:30:38,954 [INFO] Pacing: sleep 0.8s
2026-06-30 14:30:39,772 [INFO] Page 2 | Collected: 0
2026-06-30 14:30:40,155 [INFO] Pacing: sleep 0.5s
2026-06-30 14:30:40,666 [INFO] Page 3 | Collected: 0
2026-06-30 14:30:41,046 [INFO] Pacing: sleep 0.8s
2026-06-30 14:30:41,812 [INFO] Page 4 | Collected: 0
2026-06-30 14:30:42,180 [INFO] Pacing: sleep 0.6s
2026-06-30 14:30:42,813 [INFO] Page 5 | Collected: 0
2026-06-30 14:30:43,133 [INFO] Pacing: sleep 1.4s
2026-06-30 14:30:44,492 [INFO] Page 6 | Collected: 0
2026-06-30 14:30:44,808 [INFO] Pacing: sleep 1.3s
2026-06-30 14:30:46,139 [INFO] Page 7 | Collected: 0
2026-06-30 14:30:46,712 [INFO] Pacing: sleep 1.1s
2026-06-30 14:30:47,858 [INFO] Page 8 | Collected: 0
2026-06-30 14:30:48,235 [INFO] Pacing: sleep 1.1s
2026-06-30 14:30:49,311 [INFO] Page 9 | Collected: 0
2026-06-30 14:30:49,683 [INFO] Pacing: sleep 1.3s
2026-06-30 14:30:50,937 [INFO] Page 10 | Collected: 0
2026-06-30 14:30:51,232 [INFO] Pacing: sleep 0.9s
2026-06-30 14:30:52,152 [INFO] Page 11 | Collected: 250
2026-06-30 14:30:52,553 [INFO] Pacing: sleep 1.4s
2026-06-30 14:30:53,933 [INFO] Page 12 | Collected: 250
2026-06-30 14:30:54,322 [INFO] Pacing: sleep 1.2s
2026-06-30 14:30:55,546 [INFO] Page 13 | Collected: 250
2026-06-30 14:30:55,831 [INFO] Pacing: sleep 1.0s
2026-06-30 14:30:56,860 [INFO] Page 14 | Collected: 250
2026-06-30 14:30:57,170 [INFO] Pacing: sleep 0.6s
2026-06-30 14:30:57,749 [INFO] Page 15 | Collected: 250
2026-06-30 14:30:58,239 [INFO] Pacing: sleep 0.8s
2026-06-30 14:30:59,002 [INFO] Page 16 | Collected: 250
2026-06-30 14:30:59,306 [INFO] Pacing: sleep 1.0s
2026-06-30 14:31:00,305 [INFO] Page 17 | Collected: 250
2026-06-30 14:31:00,669 [INFO] Pacing: sleep 0.8s
2026-06-30 14:31:01,456 [INFO] Page 18 | Collected: 250
2026-06-30 14:31:01,792 [INFO] Pacing: sleep 1.1s
2026-06-30 14:31:02,920 [INFO] Page 19 | Collected: 250
2026-06-30 14:31:03,216 [INFO] Pacing: sleep 0.5s
2026-06-30 14:31:03,746 [INFO] Page 20 | Collected: 250
2026-06-30 14:31:04,246 [INFO] Pacing: sleep 0.8s
2026-06-30 14:31:05,067 [INFO] Page 21 | Collected: 500
2026-06-30 14:31:05,698 [INFO] Pacing: sleep 1.3s
2026-06-30 14:31:06,957 [INFO] Page 22 | Collected: 500
2026-06-30 14:31:07,924 [INFO] Pacing: sleep 1.3s
2026-06-30 14:31:09,250 [INFO] Page 23 | Collected: 500
2026-06-30 14:31:09,529 [INFO] Pacing: sleep 1.3s
2026-06-30 14:31:10,816 [INFO] Page 24 | Collected: 500
2026-06-30 14:31:12,000 [INFO] Pacing: sleep 0.8s
2026-06-30 14:31:12,838 [INFO] Page 25 | Collected: 500
2026-06-30 14:31:13,237 [INFO] Pacing: sleep 0.7s
2026-06-30 14:31:13,976 [INFO] Page 26 | Collected: 500
2026-06-30 14:31:14,293 [INFO] Pacing: sleep 1.4s
2026-06-30 14:31:15,657 [INFO] Page 27 | Collected: 500
2026-06-30 14:31:16,089 [INFO] Pacing: sleep 1.5s
2026-06-30 14:31:17,546 [INFO] Page 28 | Collected: 500
2026-06-30 14:31:17,853 [INFO] Pacing: sleep 0.5s
2026-06-30 14:31:18,380 [INFO] Page 29 | Collected: 500
2026-06-30 14:31:18,710 [INFO] Pacing: sleep 1.1s
2026-06-30 14:31:19,776 [INFO] Page 30 | Collected: 500
2026-06-30 14:31:20,336 [INFO] Pacing: sleep 1.1s
2026-06-30 14:31:21,456 [INFO] Page 31 | Collected: 750
2026-06-30 14:31:21,661 [WARNING] Block detected on page 31: HTTP 429
2026-06-30 14:31:21,662 [INFO] Saved raw HTML for debugging: blocked_0031.html
2026-06-30 14:31:21,662 [WARNING] Initiating ADAPTIVE THROTTLING. Sleeping 180s, switching to SAFE mode.
2026-06-30 14:34:21,662 [INFO] Pacing: sleep 59.0s | Short Cooldown: 53.3s
2026-06-30 14:35:20,666 [INFO] Page 31 | Collected: 750
2026-06-30 14:35:20,970 [INFO] Pacing: sleep 4.3s
2026-06-30 14:35:25,234 [INFO] Page 32 | Collected: 750
2026-06-30 14:35:25,546 [INFO] Pacing: sleep 4.1s
2026-06-30 14:35:29,648 [INFO] Page 33 | Collected: 750
2026-06-30 14:35:30,141 [INFO] Pacing: sleep 6.0s
2026-06-30 14:35:36,131 [INFO] Page 34 | Collected: 750
2026-06-30 14:35:36,460 [INFO] Pacing: sleep 7.6s
2026-06-30 14:35:44,104 [INFO] Page 35 | Collected: 750
2026-06-30 14:35:44,468 [INFO] Pacing: sleep 5.5s
2026-06-30 14:35:49,992 [INFO] Page 36 | Collected: 750
2026-06-30 14:35:50,280 [INFO] Pacing: sleep 4.6s
2026-06-30 14:35:54,906 [INFO] Page 37 | Collected: 750
2026-06-30 14:35:55,417 [INFO] Pacing: sleep 6.5s
2026-06-30 14:36:01,928 [INFO] Page 38 | Collected: 750
2026-06-30 14:36:02,316 [INFO] Pacing: sleep 5.9s
2026-06-30 14:36:08,182 [INFO] Page 39 | Collected: 750
2026-06-30 14:36:08,879 [INFO] Pacing: sleep 4.3s
2026-06-30 14:36:13,190 [INFO] Page 40 | Collected: 750
2026-06-30 14:36:13,719 [INFO] Pacing: sleep 195.8s | Long Cooldown: 191.0s
2026-06-30 14:39:29,516 [INFO] Page 41 | Collected: 1000
2026-06-30 14:39:29,816 [INFO] Pacing: sleep 4.6s
2026-06-30 14:39:34,421 [INFO] Page 42 | Collected: 1000
2026-06-30 14:39:34,716 [INFO] Pacing: sleep 6.1s
2026-06-30 14:39:40,841 [INFO] Page 43 | Collected: 1000
2026-06-30 14:39:41,205 [INFO] Pacing: sleep 7.4s
2026-06-30 14:39:48,635 [INFO] Page 44 | Collected: 1000
2026-06-30 14:39:48,973 [INFO] Pacing: sleep 5.1s
2026-06-30 14:39:54,050 [INFO] Page 45 | Collected: 1000
2026-06-30 14:39:54,470 [INFO] Pacing: sleep 5.0s
2026-06-30 14:39:59,451 [INFO] Page 46 | Collected: 1000
2026-06-30 14:39:59,786 [INFO] Pacing: sleep 4.6s
2026-06-30 14:40:04,410 [INFO] Page 47 | Collected: 1000
2026-06-30 14:40:04,725 [INFO] Pacing: sleep 6.0s
2026-06-30 14:40:10,678 [INFO] Page 48 | Collected: 1000
2026-06-30 14:40:11,087 [INFO] Pacing: sleep 4.2s
2026-06-30 14:40:15,293 [INFO] Page 49 | Collected: 1000
2026-06-30 14:40:15,687 [INFO] Pacing: sleep 6.7s
2026-06-30 14:40:22,412 [INFO] Page 50 | Collected: 1000
2026-06-30 14:40:22,740 [INFO] Pacing: sleep 47.2s | Short Cooldown: 40.3s
2026-06-30 14:41:09,938 [INFO] Page 51 | Collected: 1250
2026-06-30 14:41:10,363 [INFO] Pacing: sleep 5.8s
2026-06-30 14:41:16,147 [INFO] Page 52 | Collected: 1250
2026-06-30 14:41:16,477 [INFO] Pacing: sleep 6.4s
2026-06-30 14:41:22,848 [INFO] Page 53 | Collected: 1250
2026-06-30 14:41:23,349 [INFO] Pacing: sleep 7.4s
2026-06-30 14:41:30,737 [INFO] Page 54 | Collected: 1250
2026-06-30 14:41:31,016 [INFO] Pacing: sleep 5.2s
2026-06-30 14:41:36,207 [INFO] Page 55 | Collected: 1250
2026-06-30 14:41:36,809 [INFO] Pacing: sleep 5.1s
2026-06-30 14:41:41,930 [INFO] Page 56 | Collected: 1250
2026-06-30 14:41:42,351 [INFO] Pacing: sleep 5.0s
2026-06-30 14:41:47,303 [INFO] Page 57 | Collected: 1250
2026-06-30 14:41:47,595 [INFO] Pacing: sleep 6.0s
2026-06-30 14:41:53,566 [INFO] Page 58 | Collected: 1250
2026-06-30 14:41:53,923 [INFO] Pacing: sleep 7.6s
2026-06-30 14:42:01,489 [INFO] Page 59 | Collected: 1250
2026-06-30 14:42:01,837 [INFO] Pacing: sleep 7.5s
2026-06-30 14:42:09,370 [INFO] Page 60 | Collected: 1250
2026-06-30 14:42:09,695 [INFO] Pacing: sleep 40.6s | Short Cooldown: 36.0s
2026-06-30 14:42:50,268 [INFO] Page 61 | Collected: 1500
2026-06-30 14:42:50,690 [INFO] Pacing: sleep 5.8s
2026-06-30 14:42:56,447 [INFO] Page 62 | Collected: 1500
2026-06-30 14:42:56,753 [INFO] Pacing: sleep 6.1s
2026-06-30 14:43:02,844 [INFO] Page 63 | Collected: 1500
2026-06-30 14:43:03,230 [INFO] Pacing: sleep 6.6s
2026-06-30 14:43:09,873 [INFO] Page 64 | Collected: 1500
2026-06-30 14:43:10,163 [INFO] Pacing: sleep 7.7s
2026-06-30 14:43:17,908 [INFO] Page 65 | Collected: 1500
2026-06-30 14:43:18,241 [INFO] Pacing: sleep 7.6s
2026-06-30 14:43:25,826 [INFO] Page 66 | Collected: 1500
2026-06-30 14:43:26,105 [WARNING] Block detected on page 66: Suspicious term found: 'captcha'
2026-06-30 14:43:26,105 [INFO] Saved raw HTML for debugging: blocked_0066.html
2026-06-30 14:43:26,105 [ERROR] Blocked again even after safe mode. Stopping gracefully.
2026-06-30 14:43:26,107 [INFO] Crawl stopped. Reason: adaptive_throttle_failed_page_66. Finalizing...
2026-06-30 14:43:26,107 [INFO] Merging intermediate pages from work_dir: /home/runner/work/steam-diploma/steam-diploma/data/snapshots/data/snapshots/_in_progress/cee6c50a-b62e-47f4-b775-b07af4e1dbb4
