2026-05-30 03:56:20,793 [INFO] Steam Snapshot Collector Started.
2026-05-30 03:56:20,793 [INFO] Speed Mode: fast
2026-05-30 03:56:20,793 [INFO] Work Dir: /home/runner/work/steam-diploma/steam-diploma/data/snapshots
2026-05-30 03:56:20,793 [INFO] Base Output Dir: .
2026-05-30 03:56:20,794 [INFO] Page 1 | Collected: 0
2026-05-30 03:56:21,181 [INFO] Pacing: sleep 1.3s
2026-05-30 03:56:22,472 [INFO] Page 2 | Collected: 0
2026-05-30 03:56:22,786 [INFO] Pacing: sleep 1.5s
2026-05-30 03:56:24,249 [INFO] Page 3 | Collected: 0
2026-05-30 03:56:24,561 [INFO] Pacing: sleep 1.1s
2026-05-30 03:56:25,669 [INFO] Page 4 | Collected: 0
2026-05-30 03:56:26,002 [INFO] Pacing: sleep 1.4s
2026-05-30 03:56:27,442 [INFO] Page 5 | Collected: 0
2026-05-30 03:56:27,825 [INFO] Pacing: sleep 1.4s
2026-05-30 03:56:29,214 [INFO] Page 6 | Collected: 0
2026-05-30 03:56:29,604 [INFO] Pacing: sleep 0.5s
2026-05-30 03:56:30,134 [INFO] Page 7 | Collected: 0
2026-05-30 03:56:30,514 [INFO] Pacing: sleep 0.7s
2026-05-30 03:56:31,253 [INFO] Page 8 | Collected: 0
2026-05-30 03:56:31,523 [INFO] Pacing: sleep 1.0s
2026-05-30 03:56:32,515 [INFO] Page 9 | Collected: 0
2026-05-30 03:56:32,851 [INFO] Pacing: sleep 1.0s
2026-05-30 03:56:33,815 [INFO] Page 10 | Collected: 0
2026-05-30 03:56:34,143 [INFO] Pacing: sleep 0.8s
2026-05-30 03:56:34,909 [INFO] Page 11 | Collected: 250
2026-05-30 03:56:35,299 [INFO] Pacing: sleep 1.4s
2026-05-30 03:56:36,722 [INFO] Page 12 | Collected: 250
2026-05-30 03:56:37,081 [INFO] Pacing: sleep 0.9s
2026-05-30 03:56:37,957 [INFO] Page 13 | Collected: 250
2026-05-30 03:56:38,367 [INFO] Pacing: sleep 0.9s
2026-05-30 03:56:39,245 [INFO] Page 14 | Collected: 250
2026-05-30 03:56:39,651 [INFO] Pacing: sleep 1.2s
2026-05-30 03:56:40,817 [INFO] Page 15 | Collected: 250
2026-05-30 03:56:41,257 [INFO] Pacing: sleep 1.4s
2026-05-30 03:56:42,695 [INFO] Page 16 | Collected: 250
2026-05-30 03:56:42,968 [INFO] Pacing: sleep 0.8s
2026-05-30 03:56:43,755 [INFO] Page 17 | Collected: 250
2026-05-30 03:56:44,134 [INFO] Pacing: sleep 1.1s
2026-05-30 03:56:45,278 [INFO] Page 18 | Collected: 250
2026-05-30 03:56:45,743 [INFO] Pacing: sleep 1.2s
2026-05-30 03:56:46,899 [INFO] Page 19 | Collected: 250
2026-05-30 03:56:47,472 [INFO] Pacing: sleep 1.5s
2026-05-30 03:56:48,963 [INFO] Page 20 | Collected: 250
2026-05-30 03:56:49,450 [INFO] Pacing: sleep 0.6s
2026-05-30 03:56:50,006 [INFO] Page 21 | Collected: 500
2026-05-30 03:56:50,270 [INFO] Pacing: sleep 1.0s
2026-05-30 03:56:51,238 [INFO] Page 22 | Collected: 500
2026-05-30 03:56:51,818 [INFO] Pacing: sleep 1.2s
2026-05-30 03:56:53,064 [INFO] Page 23 | Collected: 500
2026-05-30 03:56:53,513 [INFO] Pacing: sleep 0.6s
2026-05-30 03:56:54,108 [INFO] Page 24 | Collected: 500
2026-05-30 03:56:54,542 [INFO] Pacing: sleep 1.5s
2026-05-30 03:56:55,998 [INFO] Page 25 | Collected: 500
2026-05-30 03:56:56,466 [INFO] Pacing: sleep 1.1s
2026-05-30 03:56:57,556 [INFO] Page 26 | Collected: 500
2026-05-30 03:56:57,933 [INFO] Pacing: sleep 1.0s
2026-05-30 03:56:58,916 [INFO] Page 27 | Collected: 500
2026-05-30 03:56:59,293 [INFO] Pacing: sleep 1.4s
2026-05-30 03:57:00,730 [INFO] Page 28 | Collected: 500
2026-05-30 03:57:01,089 [INFO] Pacing: sleep 0.5s
2026-05-30 03:57:01,636 [INFO] Page 29 | Collected: 500
2026-05-30 03:57:01,961 [INFO] Pacing: sleep 0.9s
2026-05-30 03:57:02,816 [INFO] Page 30 | Collected: 500
2026-05-30 03:57:03,202 [INFO] Pacing: sleep 0.6s
2026-05-30 03:57:03,784 [INFO] Page 31 | Collected: 750
2026-05-30 03:57:03,981 [WARNING] Block detected on page 31: HTTP 429
2026-05-30 03:57:03,981 [INFO] Saved raw HTML for debugging: blocked_0031.html
2026-05-30 03:57:03,982 [WARNING] Initiating ADAPTIVE THROTTLING. Sleeping 180s, switching to SAFE mode.
2026-05-30 04:00:03,982 [INFO] Pacing: sleep 60.6s | Short Cooldown: 55.3s
2026-05-30 04:01:04,590 [INFO] Page 31 | Collected: 750
2026-05-30 04:01:04,844 [INFO] Pacing: sleep 7.6s
2026-05-30 04:01:12,493 [INFO] Page 32 | Collected: 750
2026-05-30 04:01:12,758 [INFO] Pacing: sleep 4.7s
2026-05-30 04:01:17,440 [INFO] Page 33 | Collected: 750
2026-05-30 04:01:17,930 [INFO] Pacing: sleep 5.6s
2026-05-30 04:01:23,501 [INFO] Page 34 | Collected: 750
2026-05-30 04:01:23,784 [INFO] Pacing: sleep 5.4s
2026-05-30 04:01:29,160 [INFO] Page 35 | Collected: 750
2026-05-30 04:01:29,558 [INFO] Pacing: sleep 7.1s
2026-05-30 04:01:36,619 [INFO] Page 36 | Collected: 750
2026-05-30 04:01:36,959 [INFO] Pacing: sleep 4.1s
2026-05-30 04:01:41,100 [INFO] Page 37 | Collected: 750
2026-05-30 04:01:41,403 [INFO] Pacing: sleep 6.8s
2026-05-30 04:01:48,236 [INFO] Page 38 | Collected: 750
2026-05-30 04:01:48,601 [INFO] Pacing: sleep 7.6s
2026-05-30 04:01:56,173 [INFO] Page 39 | Collected: 750
2026-05-30 04:01:56,510 [INFO] Pacing: sleep 7.9s
2026-05-30 04:02:04,434 [INFO] Page 40 | Collected: 750
2026-05-30 04:02:04,757 [INFO] Pacing: sleep 245.9s | Long Cooldown: 238.9s
2026-05-30 04:06:10,618 [INFO] Page 41 | Collected: 1000
2026-05-30 04:06:11,112 [INFO] Pacing: sleep 4.7s
2026-05-30 04:06:15,822 [INFO] Page 42 | Collected: 1000
2026-05-30 04:06:16,076 [INFO] Pacing: sleep 6.7s
2026-05-30 04:06:22,745 [INFO] Page 43 | Collected: 1000
2026-05-30 04:06:23,103 [INFO] Pacing: sleep 6.1s
2026-05-30 04:06:29,182 [INFO] Page 44 | Collected: 1000
2026-05-30 04:06:29,430 [INFO] Pacing: sleep 6.2s
2026-05-30 04:06:35,621 [INFO] Page 45 | Collected: 1000
2026-05-30 04:06:36,143 [INFO] Pacing: sleep 5.8s
2026-05-30 04:06:41,924 [INFO] Page 46 | Collected: 1000
2026-05-30 04:06:42,261 [INFO] Pacing: sleep 4.3s
2026-05-30 04:06:46,515 [INFO] Page 47 | Collected: 1000
2026-05-30 04:06:46,821 [INFO] Pacing: sleep 6.5s
2026-05-30 04:06:53,356 [INFO] Page 48 | Collected: 1000
2026-05-30 04:06:53,693 [INFO] Pacing: sleep 5.8s
2026-05-30 04:06:59,445 [INFO] Page 49 | Collected: 1000
2026-05-30 04:07:00,179 [INFO] Pacing: sleep 4.5s
2026-05-30 04:07:04,699 [INFO] Page 50 | Collected: 1000
2026-05-30 04:07:05,092 [INFO] Pacing: sleep 44.7s | Short Cooldown: 39.4s
2026-05-30 04:07:49,800 [INFO] Page 51 | Collected: 1250
2026-05-30 04:07:50,237 [INFO] Pacing: sleep 4.1s
2026-05-30 04:07:54,321 [INFO] Page 52 | Collected: 1250
2026-05-30 04:07:54,828 [INFO] Pacing: sleep 5.5s
2026-05-30 04:08:00,288 [INFO] Page 53 | Collected: 1250
2026-05-30 04:08:00,607 [INFO] Pacing: sleep 4.1s
2026-05-30 04:08:04,757 [INFO] Page 54 | Collected: 1250
2026-05-30 04:08:05,100 [INFO] Pacing: sleep 7.2s
2026-05-30 04:08:12,283 [INFO] Page 55 | Collected: 1250
2026-05-30 04:08:12,689 [INFO] Pacing: sleep 6.1s
2026-05-30 04:08:18,768 [INFO] Page 56 | Collected: 1250
2026-05-30 04:08:19,169 [INFO] Pacing: sleep 7.5s
2026-05-30 04:08:26,658 [INFO] Page 57 | Collected: 1250
2026-05-30 04:08:26,997 [INFO] Pacing: sleep 5.8s
2026-05-30 04:08:32,765 [INFO] Page 58 | Collected: 1250
2026-05-30 04:08:33,398 [INFO] Pacing: sleep 5.7s
2026-05-30 04:08:39,103 [INFO] Page 59 | Collected: 1250
2026-05-30 04:08:39,683 [INFO] Pacing: sleep 7.4s
2026-05-30 04:08:47,039 [INFO] Page 60 | Collected: 1250
2026-05-30 04:08:47,319 [INFO] Pacing: sleep 56.7s | Short Cooldown: 48.7s
2026-05-30 04:09:44,001 [INFO] Page 61 | Collected: 1500
2026-05-30 04:09:45,105 [INFO] Pacing: sleep 4.7s
2026-05-30 04:09:49,806 [INFO] Page 62 | Collected: 1500
2026-05-30 04:09:50,191 [INFO] Pacing: sleep 4.7s
2026-05-30 04:09:54,878 [INFO] Page 63 | Collected: 1500
2026-05-30 04:09:55,250 [INFO] Pacing: sleep 7.4s
2026-05-30 04:10:02,606 [INFO] Page 64 | Collected: 1500
2026-05-30 04:10:03,148 [INFO] Pacing: sleep 7.0s
2026-05-30 04:10:10,195 [INFO] Page 65 | Collected: 1500
2026-05-30 04:10:10,829 [INFO] Pacing: sleep 7.8s
2026-05-30 04:10:18,618 [INFO] Page 66 | Collected: 1500
2026-05-30 04:10:19,134 [INFO] Pacing: sleep 5.8s
2026-05-30 04:10:24,971 [INFO] Page 67 | Collected: 1500
2026-05-30 04:10:25,242 [INFO] Pacing: sleep 5.7s
2026-05-30 04:10:30,942 [INFO] Page 68 | Collected: 1500
2026-05-30 04:10:31,209 [INFO] Pacing: sleep 4.7s
2026-05-30 04:10:35,871 [INFO] Page 69 | Collected: 1500
2026-05-30 04:10:36,232 [INFO] Pacing: sleep 6.2s
2026-05-30 04:10:42,406 [INFO] Page 70 | Collected: 1500
2026-05-30 04:10:42,682 [INFO] Pacing: sleep 41.9s | Short Cooldown: 37.7s
2026-05-30 04:11:24,544 [INFO] Page 71 | Collected: 1750
2026-05-30 04:11:24,903 [INFO] Pacing: sleep 5.4s
2026-05-30 04:11:30,329 [INFO] Page 72 | Collected: 1750
2026-05-30 04:11:30,608 [INFO] Pacing: sleep 7.0s
2026-05-30 04:11:37,655 [INFO] Page 73 | Collected: 1750
2026-05-30 04:11:37,924 [INFO] Pacing: sleep 7.6s
2026-05-30 04:11:45,538 [INFO] Page 74 | Collected: 1750
2026-05-30 04:11:45,910 [INFO] Pacing: sleep 6.9s
2026-05-30 04:11:52,780 [INFO] Page 75 | Collected: 1750
2026-05-30 04:11:53,054 [INFO] Pacing: sleep 6.5s
2026-05-30 04:11:59,512 [INFO] Page 76 | Collected: 1750
2026-05-30 04:11:59,859 [INFO] Pacing: sleep 6.4s
2026-05-30 04:12:06,283 [INFO] Page 77 | Collected: 1750
2026-05-30 04:12:06,628 [INFO] Pacing: sleep 6.8s
2026-05-30 04:12:13,383 [INFO] Page 78 | Collected: 1750
2026-05-30 04:12:13,657 [INFO] Pacing: sleep 7.8s
2026-05-30 04:12:21,439 [INFO] Page 79 | Collected: 1750
2026-05-30 04:12:21,875 [INFO] Pacing: sleep 6.6s
2026-05-30 04:12:28,457 [INFO] Page 80 | Collected: 1750
2026-05-30 04:12:28,744 [INFO] Pacing: sleep 198.9s | Long Cooldown: 192.8s
2026-05-30 04:15:47,684 [INFO] Page 81 | Collected: 2000
2026-05-30 04:15:48,079 [INFO] Pacing: sleep 6.4s
2026-05-30 04:15:54,467 [INFO] Page 82 | Collected: 2000
2026-05-30 04:15:54,749 [WARNING] Page 82 had 1 duplicate appids seen previously.
2026-05-30 04:15:54,749 [INFO] Pacing: sleep 6.9s
2026-05-30 04:16:01,685 [INFO] Page 83 | Collected: 2000
2026-05-30 04:16:02,009 [INFO] Pacing: sleep 5.5s
2026-05-30 04:16:07,503 [INFO] Page 84 | Collected: 2000
2026-05-30 04:16:07,911 [INFO] Pacing: sleep 7.3s
2026-05-30 04:16:15,247 [INFO] Page 85 | Collected: 2000
2026-05-30 04:16:15,545 [INFO] Pacing: sleep 4.1s
2026-05-30 04:16:19,674 [INFO] Page 86 | Collected: 2000
2026-05-30 04:16:19,930 [INFO] Pacing: sleep 6.1s
2026-05-30 04:16:26,070 [INFO] Page 87 | Collected: 2000
2026-05-30 04:16:26,453 [INFO] Pacing: sleep 7.0s
2026-05-30 04:16:33,426 [INFO] Page 88 | Collected: 2000
2026-05-30 04:16:33,761 [INFO] Pacing: sleep 4.7s
2026-05-30 04:16:38,511 [INFO] Page 89 | Collected: 2000
2026-05-30 04:16:38,871 [INFO] Pacing: sleep 7.3s
2026-05-30 04:16:46,167 [INFO] Page 90 | Collected: 2000
2026-05-30 04:16:46,474 [INFO] Pacing: sleep 56.2s | Short Cooldown: 50.8s
2026-05-30 04:17:42,671 [INFO] Page 91 | Collected: 2250
2026-05-30 04:17:42,994 [INFO] Pacing: sleep 6.2s
2026-05-30 04:17:49,167 [INFO] Page 92 | Collected: 2250
2026-05-30 04:17:49,913 [INFO] Pacing: sleep 4.9s
2026-05-30 04:17:54,824 [INFO] Page 93 | Collected: 2250
2026-05-30 04:17:55,406 [INFO] Pacing: sleep 7.8s
2026-05-30 04:18:03,220 [INFO] Page 94 | Collected: 2250
2026-05-30 04:18:03,556 [INFO] Pacing: sleep 7.0s
2026-05-30 04:18:10,594 [INFO] Page 95 | Collected: 2250
2026-05-30 04:18:10,902 [INFO] Pacing: sleep 4.6s
2026-05-30 04:18:15,454 [INFO] Page 96 | Collected: 2250
2026-05-30 04:18:15,784 [INFO] Pacing: sleep 7.3s
2026-05-30 04:18:23,088 [INFO] Page 97 | Collected: 2250
2026-05-30 04:18:23,543 [INFO] Pacing: sleep 6.5s
2026-05-30 04:18:30,022 [INFO] Page 98 | Collected: 2250
2026-05-30 04:18:30,303 [INFO] Pacing: sleep 4.1s
2026-05-30 04:18:34,405 [INFO] Page 99 | Collected: 2250
2026-05-30 04:18:34,964 [INFO] Pacing: sleep 7.7s
2026-05-30 04:18:42,696 [INFO] Page 100 | Collected: 2250
2026-05-30 04:18:42,997 [INFO] Pacing: sleep 42.3s | Short Cooldown: 35.4s
2026-05-30 04:19:25,278 [INFO] Page 101 | Collected: 2500
2026-05-30 04:19:25,547 [INFO] Pacing: sleep 6.0s
2026-05-30 04:19:31,568 [INFO] Page 102 | Collected: 2500
2026-05-30 04:19:31,972 [INFO] Pacing: sleep 5.0s
2026-05-30 04:19:36,964 [INFO] Page 103 | Collected: 2500
2026-05-30 04:19:37,229 [INFO] Pacing: sleep 5.5s
2026-05-30 04:19:42,683 [INFO] Page 104 | Collected: 2500
2026-05-30 04:19:42,978 [INFO] Pacing: sleep 7.7s
2026-05-30 04:19:50,672 [INFO] Page 105 | Collected: 2500
2026-05-30 04:19:51,110 [INFO] Pacing: sleep 7.6s
2026-05-30 04:19:58,666 [INFO] Page 106 | Collected: 2500
2026-05-30 04:19:59,044 [INFO] Pacing: sleep 6.0s
2026-05-30 04:20:05,055 [INFO] Page 107 | Collected: 2500
2026-05-30 04:20:05,567 [INFO] Pacing: sleep 4.7s
2026-05-30 04:20:10,302 [INFO] Page 108 | Collected: 2500
2026-05-30 04:20:10,648 [INFO] Pacing: sleep 4.5s
2026-05-30 04:20:15,168 [INFO] Page 109 | Collected: 2500
2026-05-30 04:20:15,516 [INFO] Pacing: sleep 6.8s
2026-05-30 04:20:22,324 [INFO] Page 110 | Collected: 2500
2026-05-30 04:20:22,843 [INFO] Pacing: sleep 48.6s | Short Cooldown: 40.8s
2026-05-30 04:21:11,488 [INFO] Page 111 | Collected: 2750
2026-05-30 04:21:11,905 [INFO] Pacing: sleep 4.5s
2026-05-30 04:21:16,391 [INFO] Page 112 | Collected: 2750
2026-05-30 04:21:16,798 [INFO] Pacing: sleep 6.7s
2026-05-30 04:21:23,545 [INFO] Page 113 | Collected: 2750
2026-05-30 04:21:23,887 [INFO] Pacing: sleep 7.9s
2026-05-30 04:21:31,798 [INFO] Page 114 | Collected: 2750
2026-05-30 04:21:32,081 [INFO] Pacing: sleep 7.9s
2026-05-30 04:21:40,022 [INFO] Page 115 | Collected: 2750
2026-05-30 04:21:40,409 [INFO] Pacing: sleep 6.5s
2026-05-30 04:21:46,912 [INFO] Page 116 | Collected: 2750
2026-05-30 04:21:47,196 [INFO] Pacing: sleep 4.5s
2026-05-30 04:21:51,650 [INFO] Page 117 | Collected: 2750
2026-05-30 04:21:52,145 [INFO] Pacing: sleep 5.7s
2026-05-30 04:21:57,800 [INFO] Page 118 | Collected: 2750
2026-05-30 04:21:58,067 [INFO] Pacing: sleep 4.5s
2026-05-30 04:22:02,573 [INFO] Page 119 | Collected: 2750
2026-05-30 04:22:02,824 [INFO] Pacing: sleep 5.5s
2026-05-30 04:22:08,290 [INFO] Page 120 | Collected: 2750
2026-05-30 04:22:08,680 [INFO] Crawl stopped. Reason: max_games_reached. Finalizing...
2026-05-30 04:22:08,681 [INFO] Merging intermediate pages from work_dir: /home/runner/work/steam-diploma/steam-diploma/data/snapshots/data/snapshots/_in_progress/01704c54-af68-487c-a536-f10ea34a5440
2026-05-30 04:22:08,706 [WARNING] Found 1 duplicate appids across the snapshot.
