2026-05-31 13:57:47,755 [INFO] Steam Snapshot Collector Started.
2026-05-31 13:57:47,755 [INFO] Speed Mode: fast
2026-05-31 13:57:47,755 [INFO] Work Dir: /home/runner/work/steam-diploma/steam-diploma/data/snapshots
2026-05-31 13:57:47,755 [INFO] Base Output Dir: .
2026-05-31 13:57:47,756 [INFO] Page 1 | Collected: 0
2026-05-31 13:57:48,122 [INFO] Pacing: sleep 1.1s
2026-05-31 13:57:49,194 [INFO] Page 2 | Collected: 0
2026-05-31 13:57:49,499 [INFO] Pacing: sleep 0.9s
2026-05-31 13:57:50,366 [INFO] Page 3 | Collected: 0
2026-05-31 13:57:50,630 [INFO] Pacing: sleep 1.2s
2026-05-31 13:57:51,838 [INFO] Page 4 | Collected: 0
2026-05-31 13:57:52,163 [INFO] Pacing: sleep 1.2s
2026-05-31 13:57:53,404 [INFO] Page 5 | Collected: 0
2026-05-31 13:57:53,668 [INFO] Pacing: sleep 0.5s
2026-05-31 13:57:54,172 [INFO] Page 6 | Collected: 0
2026-05-31 13:57:54,448 [INFO] Pacing: sleep 0.5s
2026-05-31 13:57:54,965 [INFO] Page 7 | Collected: 0
2026-05-31 13:57:55,371 [INFO] Pacing: sleep 1.4s
2026-05-31 13:57:56,782 [INFO] Page 8 | Collected: 0
2026-05-31 13:57:57,032 [INFO] Pacing: sleep 0.8s
2026-05-31 13:57:57,826 [INFO] Page 9 | Collected: 0
2026-05-31 13:57:58,175 [INFO] Pacing: sleep 1.0s
2026-05-31 13:57:59,184 [INFO] Page 10 | Collected: 0
2026-05-31 13:57:59,441 [INFO] Pacing: sleep 1.1s
2026-05-31 13:58:00,512 [INFO] Page 11 | Collected: 250
2026-05-31 13:58:00,806 [INFO] Pacing: sleep 1.0s
2026-05-31 13:58:01,786 [INFO] Page 12 | Collected: 250
2026-05-31 13:58:02,111 [INFO] Pacing: sleep 1.4s
2026-05-31 13:58:03,528 [INFO] Page 13 | Collected: 250
2026-05-31 13:58:03,795 [INFO] Pacing: sleep 1.1s
2026-05-31 13:58:04,933 [INFO] Page 14 | Collected: 250
2026-05-31 13:58:05,209 [INFO] Pacing: sleep 1.0s
2026-05-31 13:58:06,203 [INFO] Page 15 | Collected: 250
2026-05-31 13:58:06,543 [INFO] Pacing: sleep 0.6s
2026-05-31 13:58:07,100 [INFO] Page 16 | Collected: 250
2026-05-31 13:58:07,358 [INFO] Pacing: sleep 1.4s
2026-05-31 13:58:08,800 [INFO] Page 17 | Collected: 250
2026-05-31 13:58:09,128 [INFO] Pacing: sleep 0.5s
2026-05-31 13:58:09,644 [INFO] Page 18 | Collected: 250
2026-05-31 13:58:09,910 [INFO] Pacing: sleep 0.6s
2026-05-31 13:58:10,490 [INFO] Page 19 | Collected: 250
2026-05-31 13:58:10,748 [INFO] Pacing: sleep 0.8s
2026-05-31 13:58:11,529 [INFO] Page 20 | Collected: 250
2026-05-31 13:58:11,870 [INFO] Pacing: sleep 1.1s
2026-05-31 13:58:12,990 [INFO] Page 21 | Collected: 500
2026-05-31 13:58:13,248 [INFO] Pacing: sleep 1.3s
2026-05-31 13:58:14,518 [INFO] Page 22 | Collected: 500
2026-05-31 13:58:14,841 [INFO] Pacing: sleep 0.7s
2026-05-31 13:58:15,581 [INFO] Page 23 | Collected: 500
2026-05-31 13:58:15,858 [INFO] Pacing: sleep 1.4s
2026-05-31 13:58:17,212 [INFO] Page 24 | Collected: 500
2026-05-31 13:58:17,499 [INFO] Pacing: sleep 0.9s
2026-05-31 13:58:18,385 [INFO] Page 25 | Collected: 500
2026-05-31 13:58:18,902 [INFO] Pacing: sleep 1.2s
2026-05-31 13:58:20,059 [INFO] Page 26 | Collected: 500
2026-05-31 13:58:20,356 [INFO] Pacing: sleep 1.5s
2026-05-31 13:58:21,846 [INFO] Page 27 | Collected: 500
2026-05-31 13:58:22,197 [INFO] Pacing: sleep 0.7s
2026-05-31 13:58:22,861 [INFO] Page 28 | Collected: 500
2026-05-31 13:58:23,135 [INFO] Pacing: sleep 0.8s
2026-05-31 13:58:23,976 [INFO] Page 29 | Collected: 500
2026-05-31 13:58:24,261 [INFO] Pacing: sleep 0.9s
2026-05-31 13:58:25,135 [INFO] Page 30 | Collected: 500
2026-05-31 13:58:25,502 [INFO] Pacing: sleep 0.7s
2026-05-31 13:58:26,174 [INFO] Page 31 | Collected: 750
2026-05-31 13:58:26,240 [WARNING] Block detected on page 31: HTTP 429
2026-05-31 13:58:26,241 [INFO] Saved raw HTML for debugging: blocked_0031.html
2026-05-31 13:58:26,241 [WARNING] Initiating ADAPTIVE THROTTLING. Sleeping 180s, switching to SAFE mode.
2026-05-31 14:01:26,241 [INFO] Pacing: sleep 60.7s | Short Cooldown: 54.6s
2026-05-31 14:02:26,959 [INFO] Page 31 | Collected: 750
2026-05-31 14:02:27,349 [INFO] Pacing: sleep 5.0s
2026-05-31 14:02:32,392 [INFO] Page 32 | Collected: 750
2026-05-31 14:02:32,658 [WARNING] Page 32 had 1 duplicate appids seen previously.
2026-05-31 14:02:32,659 [INFO] Pacing: sleep 6.9s
2026-05-31 14:02:39,549 [INFO] Page 33 | Collected: 750
2026-05-31 14:02:39,893 [INFO] Pacing: sleep 5.6s
2026-05-31 14:02:45,472 [INFO] Page 34 | Collected: 750
2026-05-31 14:02:45,722 [INFO] Pacing: sleep 6.8s
2026-05-31 14:02:52,541 [INFO] Page 35 | Collected: 750
2026-05-31 14:02:52,866 [INFO] Pacing: sleep 7.6s
2026-05-31 14:03:00,432 [INFO] Page 36 | Collected: 750
2026-05-31 14:03:00,982 [INFO] Pacing: sleep 4.9s
2026-05-31 14:03:05,848 [INFO] Page 37 | Collected: 750
2026-05-31 14:03:06,126 [INFO] Pacing: sleep 7.1s
2026-05-31 14:03:13,226 [INFO] Page 38 | Collected: 750
2026-05-31 14:03:13,562 [INFO] Pacing: sleep 5.5s
2026-05-31 14:03:19,057 [INFO] Page 39 | Collected: 750
2026-05-31 14:03:19,316 [INFO] Pacing: sleep 6.8s
2026-05-31 14:03:26,127 [INFO] Page 40 | Collected: 750
2026-05-31 14:03:26,492 [INFO] Pacing: sleep 132.6s | Long Cooldown: 127.2s
2026-05-31 14:05:39,142 [INFO] Page 41 | Collected: 1000
2026-05-31 14:05:39,454 [INFO] Pacing: sleep 6.7s
2026-05-31 14:05:46,183 [INFO] Page 42 | Collected: 1000
2026-05-31 14:05:46,466 [INFO] Pacing: sleep 6.6s
2026-05-31 14:05:53,050 [INFO] Page 43 | Collected: 1000
2026-05-31 14:05:53,483 [INFO] Pacing: sleep 7.6s
2026-05-31 14:06:01,035 [INFO] Page 44 | Collected: 1000
2026-05-31 14:06:01,299 [INFO] Pacing: sleep 4.5s
2026-05-31 14:06:05,827 [INFO] Page 45 | Collected: 1000
2026-05-31 14:06:06,158 [INFO] Pacing: sleep 7.5s
2026-05-31 14:06:13,684 [INFO] Page 46 | Collected: 1000
2026-05-31 14:06:13,974 [INFO] Pacing: sleep 6.8s
2026-05-31 14:06:20,743 [INFO] Page 47 | Collected: 1000
2026-05-31 14:06:21,004 [INFO] Pacing: sleep 7.3s
2026-05-31 14:06:28,266 [INFO] Page 48 | Collected: 1000
2026-05-31 14:06:28,608 [INFO] Pacing: sleep 5.3s
2026-05-31 14:06:33,884 [INFO] Page 49 | Collected: 1000
2026-05-31 14:06:34,131 [INFO] Pacing: sleep 7.0s
2026-05-31 14:06:41,155 [INFO] Page 50 | Collected: 1000
2026-05-31 14:06:41,448 [INFO] Pacing: sleep 54.8s | Short Cooldown: 47.8s
2026-05-31 14:07:36,277 [INFO] Page 51 | Collected: 1250
2026-05-31 14:07:36,625 [INFO] Pacing: sleep 7.5s
2026-05-31 14:07:44,101 [INFO] Page 52 | Collected: 1250
2026-05-31 14:07:44,377 [INFO] Pacing: sleep 6.4s
2026-05-31 14:07:50,749 [INFO] Page 53 | Collected: 1250
2026-05-31 14:07:51,083 [INFO] Pacing: sleep 4.5s
2026-05-31 14:07:55,577 [INFO] Page 54 | Collected: 1250
2026-05-31 14:07:55,863 [INFO] Pacing: sleep 7.4s
2026-05-31 14:08:03,258 [INFO] Page 55 | Collected: 1250
2026-05-31 14:08:03,536 [INFO] Pacing: sleep 6.6s
2026-05-31 14:08:10,170 [INFO] Page 56 | Collected: 1250
2026-05-31 14:08:10,501 [INFO] Pacing: sleep 7.7s
2026-05-31 14:08:18,172 [INFO] Page 57 | Collected: 1250
2026-05-31 14:08:18,455 [INFO] Pacing: sleep 6.7s
2026-05-31 14:08:25,129 [INFO] Page 58 | Collected: 1250
2026-05-31 14:08:25,458 [INFO] Pacing: sleep 5.9s
2026-05-31 14:08:31,366 [INFO] Page 59 | Collected: 1250
2026-05-31 14:08:31,637 [INFO] Pacing: sleep 4.8s
2026-05-31 14:08:36,447 [INFO] Page 60 | Collected: 1250
2026-05-31 14:08:36,746 [INFO] Pacing: sleep 51.6s | Short Cooldown: 43.8s
2026-05-31 14:09:28,326 [INFO] Page 61 | Collected: 1500
2026-05-31 14:09:28,778 [INFO] Pacing: sleep 5.3s
2026-05-31 14:09:34,039 [INFO] Page 62 | Collected: 1500
2026-05-31 14:09:34,320 [INFO] Pacing: sleep 8.0s
2026-05-31 14:09:42,271 [INFO] Page 63 | Collected: 1500
2026-05-31 14:09:42,609 [INFO] Pacing: sleep 4.2s
2026-05-31 14:09:46,761 [INFO] Page 64 | Collected: 1500
2026-05-31 14:09:47,044 [INFO] Pacing: sleep 5.3s
2026-05-31 14:09:52,353 [INFO] Page 65 | Collected: 1500
2026-05-31 14:09:52,625 [INFO] Pacing: sleep 7.6s
2026-05-31 14:10:00,258 [INFO] Page 66 | Collected: 1500
2026-05-31 14:10:00,629 [INFO] Pacing: sleep 7.9s
2026-05-31 14:10:08,541 [INFO] Page 67 | Collected: 1500
2026-05-31 14:10:08,798 [INFO] Pacing: sleep 5.4s
2026-05-31 14:10:14,218 [INFO] Page 68 | Collected: 1500
2026-05-31 14:10:14,486 [INFO] Pacing: sleep 5.1s
2026-05-31 14:10:19,551 [INFO] Page 69 | Collected: 1500
2026-05-31 14:10:19,898 [INFO] Pacing: sleep 6.1s
2026-05-31 14:10:25,991 [INFO] Page 70 | Collected: 1500
2026-05-31 14:10:26,272 [INFO] Pacing: sleep 47.0s | Short Cooldown: 40.6s
2026-05-31 14:11:13,283 [INFO] Page 71 | Collected: 1750
2026-05-31 14:11:13,639 [INFO] Pacing: sleep 5.6s
2026-05-31 14:11:19,225 [INFO] Page 72 | Collected: 1750
2026-05-31 14:11:19,498 [INFO] Pacing: sleep 6.2s
2026-05-31 14:11:25,675 [INFO] Page 73 | Collected: 1750
2026-05-31 14:11:25,972 [INFO] Pacing: sleep 4.4s
2026-05-31 14:11:30,394 [INFO] Page 74 | Collected: 1750
2026-05-31 14:11:30,737 [INFO] Pacing: sleep 6.1s
2026-05-31 14:11:36,823 [INFO] Page 75 | Collected: 1750
2026-05-31 14:11:37,097 [INFO] Pacing: sleep 5.8s
2026-05-31 14:11:42,872 [INFO] Page 76 | Collected: 1750
2026-05-31 14:11:43,262 [INFO] Pacing: sleep 7.1s
2026-05-31 14:11:50,382 [INFO] Page 77 | Collected: 1750
2026-05-31 14:11:50,691 [INFO] Pacing: sleep 5.4s
2026-05-31 14:11:56,063 [INFO] Page 78 | Collected: 1750
2026-05-31 14:11:56,356 [INFO] Pacing: sleep 4.0s
2026-05-31 14:12:00,397 [INFO] Page 79 | Collected: 1750
2026-05-31 14:12:00,751 [INFO] Pacing: sleep 6.9s
2026-05-31 14:12:07,623 [INFO] Page 80 | Collected: 1750
2026-05-31 14:12:07,911 [INFO] Pacing: sleep 200.0s | Long Cooldown: 192.8s
2026-05-31 14:15:27,876 [INFO] Page 81 | Collected: 2000
2026-05-31 14:15:28,409 [INFO] Pacing: sleep 7.4s
2026-05-31 14:15:35,822 [INFO] Page 82 | Collected: 2000
2026-05-31 14:15:36,101 [INFO] Pacing: sleep 4.8s
2026-05-31 14:15:40,863 [INFO] Page 83 | Collected: 2000
2026-05-31 14:15:41,138 [INFO] Pacing: sleep 5.7s
2026-05-31 14:15:46,853 [INFO] Page 84 | Collected: 2000
2026-05-31 14:15:47,209 [INFO] Pacing: sleep 5.0s
2026-05-31 14:15:52,240 [INFO] Page 85 | Collected: 2000
2026-05-31 14:15:52,516 [INFO] Pacing: sleep 7.8s
2026-05-31 14:16:00,290 [INFO] Page 86 | Collected: 2000
2026-05-31 14:16:00,577 [INFO] Pacing: sleep 4.7s
2026-05-31 14:16:05,290 [INFO] Page 87 | Collected: 2000
2026-05-31 14:16:05,657 [INFO] Pacing: sleep 7.3s
2026-05-31 14:16:12,945 [INFO] Page 88 | Collected: 2000
2026-05-31 14:16:13,237 [INFO] Pacing: sleep 7.4s
2026-05-31 14:16:20,671 [INFO] Page 89 | Collected: 2000
2026-05-31 14:16:20,993 [INFO] Pacing: sleep 4.0s
2026-05-31 14:16:25,005 [INFO] Page 90 | Collected: 2000
2026-05-31 14:16:25,258 [INFO] Pacing: sleep 63.3s | Short Cooldown: 56.2s
2026-05-31 14:17:28,544 [INFO] Page 91 | Collected: 2250
2026-05-31 14:17:28,890 [INFO] Pacing: sleep 7.3s
2026-05-31 14:17:36,157 [INFO] Page 92 | Collected: 2250
2026-05-31 14:17:36,511 [INFO] Pacing: sleep 7.9s
2026-05-31 14:17:44,384 [INFO] Page 93 | Collected: 2250
2026-05-31 14:17:44,644 [INFO] Pacing: sleep 4.9s
2026-05-31 14:17:49,520 [INFO] Page 94 | Collected: 2250
2026-05-31 14:17:49,899 [INFO] Pacing: sleep 4.9s
2026-05-31 14:17:54,773 [INFO] Page 95 | Collected: 2250
2026-05-31 14:17:55,056 [INFO] Pacing: sleep 6.5s
2026-05-31 14:18:01,542 [INFO] Page 96 | Collected: 2250
2026-05-31 14:18:01,826 [INFO] Pacing: sleep 5.3s
2026-05-31 14:18:07,147 [INFO] Page 97 | Collected: 2250
2026-05-31 14:18:07,497 [INFO] Pacing: sleep 6.7s
2026-05-31 14:18:14,175 [INFO] Page 98 | Collected: 2250
2026-05-31 14:18:14,446 [INFO] Pacing: sleep 8.0s
2026-05-31 14:18:22,429 [INFO] Page 99 | Collected: 2250
2026-05-31 14:18:22,768 [INFO] Pacing: sleep 6.8s
2026-05-31 14:18:29,599 [INFO] Page 100 | Collected: 2250
2026-05-31 14:18:29,875 [INFO] Pacing: sleep 63.0s | Short Cooldown: 55.1s
2026-05-31 14:19:32,921 [INFO] Page 101 | Collected: 2500
2026-05-31 14:19:33,186 [INFO] Pacing: sleep 5.4s
2026-05-31 14:19:38,573 [INFO] Page 102 | Collected: 2500
2026-05-31 14:19:38,925 [INFO] Pacing: sleep 4.8s
2026-05-31 14:19:43,725 [INFO] Page 103 | Collected: 2500
2026-05-31 14:19:44,023 [INFO] Pacing: sleep 5.9s
2026-05-31 14:19:49,882 [INFO] Page 104 | Collected: 2500
2026-05-31 14:19:50,145 [INFO] Pacing: sleep 4.3s
2026-05-31 14:19:54,442 [INFO] Page 105 | Collected: 2500
2026-05-31 14:19:54,798 [INFO] Pacing: sleep 7.7s
2026-05-31 14:20:02,483 [INFO] Page 106 | Collected: 2500
2026-05-31 14:20:02,749 [INFO] Pacing: sleep 5.0s
2026-05-31 14:20:07,770 [INFO] Page 107 | Collected: 2500
2026-05-31 14:20:08,128 [INFO] Pacing: sleep 6.2s
2026-05-31 14:20:14,302 [INFO] Page 108 | Collected: 2500
2026-05-31 14:20:14,576 [INFO] Pacing: sleep 5.9s
2026-05-31 14:20:20,440 [INFO] Page 109 | Collected: 2500
2026-05-31 14:20:20,686 [INFO] Pacing: sleep 7.4s
2026-05-31 14:20:28,056 [INFO] Page 110 | Collected: 2500
2026-05-31 14:20:28,410 [INFO] Pacing: sleep 49.8s | Short Cooldown: 42.2s
2026-05-31 14:21:18,189 [INFO] Page 111 | Collected: 2750
2026-05-31 14:21:18,444 [INFO] Pacing: sleep 7.3s
2026-05-31 14:21:25,718 [INFO] Page 112 | Collected: 2750
2026-05-31 14:21:26,061 [INFO] Pacing: sleep 6.6s
2026-05-31 14:21:32,666 [INFO] Page 113 | Collected: 2750
2026-05-31 14:21:32,925 [INFO] Pacing: sleep 5.1s
2026-05-31 14:21:37,979 [INFO] Page 114 | Collected: 2750
2026-05-31 14:21:38,251 [INFO] Pacing: sleep 4.2s
2026-05-31 14:21:42,491 [INFO] Page 115 | Collected: 2750
2026-05-31 14:21:42,827 [INFO] Pacing: sleep 7.6s
2026-05-31 14:21:50,474 [INFO] Page 116 | Collected: 2750
2026-05-31 14:21:50,738 [INFO] Pacing: sleep 7.0s
2026-05-31 14:21:57,756 [INFO] Page 117 | Collected: 2750
2026-05-31 14:21:58,091 [INFO] Pacing: sleep 6.9s
2026-05-31 14:22:05,017 [INFO] Page 118 | Collected: 2750
2026-05-31 14:22:05,297 [INFO] Pacing: sleep 4.4s
2026-05-31 14:22:09,693 [INFO] Page 119 | Collected: 2750
2026-05-31 14:22:09,985 [INFO] Pacing: sleep 5.0s
2026-05-31 14:22:14,996 [INFO] Page 120 | Collected: 2750
2026-05-31 14:22:15,359 [INFO] Crawl stopped. Reason: max_games_reached. Finalizing...
2026-05-31 14:22:15,359 [INFO] Merging intermediate pages from work_dir: /home/runner/work/steam-diploma/steam-diploma/data/snapshots/data/snapshots/_in_progress/d445812c-6aa6-414e-81e4-64de7f9b4b95
2026-05-31 14:22:15,385 [WARNING] Found 1 duplicate appids across the snapshot.
