2026-07-04 03:39:19,947 [INFO] Steam Snapshot Collector Started.
2026-07-04 03:39:19,947 [INFO] Speed Mode: fast
2026-07-04 03:39:19,947 [INFO] Work Dir: /home/runner/work/steam-diploma/steam-diploma/data/snapshots
2026-07-04 03:39:19,947 [INFO] Base Output Dir: .
2026-07-04 03:39:19,948 [INFO] Page 1 | Collected: 0
2026-07-04 03:39:20,303 [INFO] Pacing: sleep 1.0s
2026-07-04 03:39:21,254 [INFO] Page 2 | Collected: 0
2026-07-04 03:39:21,532 [INFO] Pacing: sleep 1.4s
2026-07-04 03:39:22,889 [INFO] Page 3 | Collected: 0
2026-07-04 03:39:23,132 [INFO] Pacing: sleep 1.3s
2026-07-04 03:39:24,413 [INFO] Page 4 | Collected: 0
2026-07-04 03:39:24,723 [INFO] Pacing: sleep 1.3s
2026-07-04 03:39:25,987 [INFO] Page 5 | Collected: 0
2026-07-04 03:39:26,220 [INFO] Pacing: sleep 0.6s
2026-07-04 03:39:26,828 [INFO] Page 6 | Collected: 0
2026-07-04 03:39:27,053 [INFO] Pacing: sleep 1.0s
2026-07-04 03:39:28,094 [INFO] Page 7 | Collected: 0
2026-07-04 03:39:28,417 [INFO] Pacing: sleep 1.4s
2026-07-04 03:39:29,840 [INFO] Page 8 | Collected: 0
2026-07-04 03:39:30,086 [INFO] Pacing: sleep 0.5s
2026-07-04 03:39:30,618 [INFO] Page 9 | Collected: 0
2026-07-04 03:39:30,922 [INFO] Pacing: sleep 1.1s
2026-07-04 03:39:32,004 [INFO] Page 10 | Collected: 0
2026-07-04 03:39:32,260 [INFO] Pacing: sleep 1.4s
2026-07-04 03:39:33,655 [INFO] Page 11 | Collected: 250
2026-07-04 03:39:33,900 [INFO] Pacing: sleep 1.0s
2026-07-04 03:39:34,893 [INFO] Page 12 | Collected: 250
2026-07-04 03:39:35,277 [INFO] Pacing: sleep 1.5s
2026-07-04 03:39:36,749 [INFO] Page 13 | Collected: 250
2026-07-04 03:39:36,985 [INFO] Pacing: sleep 1.3s
2026-07-04 03:39:38,238 [INFO] Page 14 | Collected: 250
2026-07-04 03:39:38,462 [INFO] Pacing: sleep 0.6s
2026-07-04 03:39:39,014 [INFO] Page 15 | Collected: 250
2026-07-04 03:39:39,350 [INFO] Pacing: sleep 1.4s
2026-07-04 03:39:40,702 [INFO] Page 16 | Collected: 250
2026-07-04 03:39:40,956 [INFO] Pacing: sleep 1.3s
2026-07-04 03:39:42,208 [INFO] Page 17 | Collected: 250
2026-07-04 03:39:43,272 [INFO] Pacing: sleep 1.2s
2026-07-04 03:39:44,493 [INFO] Page 18 | Collected: 250
2026-07-04 03:39:44,758 [INFO] Pacing: sleep 1.0s
2026-07-04 03:39:45,796 [INFO] Page 19 | Collected: 250
2026-07-04 03:39:46,041 [INFO] Pacing: sleep 1.0s
2026-07-04 03:39:47,033 [INFO] Page 20 | Collected: 250
2026-07-04 03:39:47,357 [INFO] Pacing: sleep 0.9s
2026-07-04 03:39:48,232 [INFO] Page 21 | Collected: 500
2026-07-04 03:39:48,707 [INFO] Pacing: sleep 1.2s
2026-07-04 03:39:49,888 [INFO] Page 22 | Collected: 500
2026-07-04 03:39:50,410 [INFO] Pacing: sleep 0.8s
2026-07-04 03:39:51,208 [INFO] Page 23 | Collected: 500
2026-07-04 03:39:51,439 [INFO] Pacing: sleep 0.8s
2026-07-04 03:39:52,221 [INFO] Page 24 | Collected: 500
2026-07-04 03:39:52,591 [INFO] Pacing: sleep 1.1s
2026-07-04 03:39:53,741 [INFO] Page 25 | Collected: 500
2026-07-04 03:39:54,195 [INFO] Pacing: sleep 0.8s
2026-07-04 03:39:55,016 [INFO] Page 26 | Collected: 500
2026-07-04 03:39:55,265 [INFO] Pacing: sleep 1.1s
2026-07-04 03:39:56,411 [INFO] Page 27 | Collected: 500
2026-07-04 03:39:56,735 [INFO] Pacing: sleep 1.4s
2026-07-04 03:39:58,119 [INFO] Page 28 | Collected: 500
2026-07-04 03:39:58,481 [INFO] Pacing: sleep 1.3s
2026-07-04 03:39:59,811 [INFO] Page 29 | Collected: 500
2026-07-04 03:40:00,097 [INFO] Pacing: sleep 0.6s
2026-07-04 03:40:00,741 [INFO] Page 30 | Collected: 500
2026-07-04 03:40:01,177 [INFO] Pacing: sleep 0.5s
2026-07-04 03:40:01,713 [INFO] Page 31 | Collected: 750
2026-07-04 03:40:01,758 [WARNING] Block detected on page 31: HTTP 429
2026-07-04 03:40:01,759 [INFO] Saved raw HTML for debugging: blocked_0031.html
2026-07-04 03:40:01,759 [WARNING] Initiating ADAPTIVE THROTTLING. Sleeping 180s, switching to SAFE mode.
2026-07-04 03:43:01,759 [INFO] Pacing: sleep 40.3s | Short Cooldown: 32.4s
2026-07-04 03:43:42,104 [INFO] Page 31 | Collected: 750
2026-07-04 03:43:42,357 [INFO] Pacing: sleep 6.7s
2026-07-04 03:43:49,023 [INFO] Page 32 | Collected: 750
2026-07-04 03:43:49,274 [INFO] Pacing: sleep 7.9s
2026-07-04 03:43:57,131 [INFO] Page 33 | Collected: 750
2026-07-04 03:43:57,475 [INFO] Pacing: sleep 4.1s
2026-07-04 03:44:01,593 [INFO] Page 34 | Collected: 750
2026-07-04 03:44:01,827 [INFO] Pacing: sleep 5.1s
2026-07-04 03:44:06,927 [INFO] Page 35 | Collected: 750
2026-07-04 03:44:07,235 [INFO] Pacing: sleep 6.1s
2026-07-04 03:44:13,304 [INFO] Page 36 | Collected: 750
2026-07-04 03:44:13,531 [INFO] Pacing: sleep 7.1s
2026-07-04 03:44:20,638 [INFO] Page 37 | Collected: 750
2026-07-04 03:44:20,890 [INFO] Pacing: sleep 5.0s
2026-07-04 03:44:25,882 [INFO] Page 38 | Collected: 750
2026-07-04 03:44:26,203 [INFO] Pacing: sleep 6.1s
2026-07-04 03:44:32,345 [INFO] Page 39 | Collected: 750
2026-07-04 03:44:32,587 [INFO] Pacing: sleep 4.0s
2026-07-04 03:44:36,604 [INFO] Page 40 | Collected: 750
2026-07-04 03:44:36,931 [INFO] Pacing: sleep 164.5s | Long Cooldown: 160.1s
2026-07-04 03:47:21,394 [INFO] Page 41 | Collected: 1000
2026-07-04 03:47:21,640 [INFO] Pacing: sleep 6.2s
2026-07-04 03:47:27,794 [INFO] Page 42 | Collected: 1000
2026-07-04 03:47:28,054 [INFO] Pacing: sleep 4.9s
2026-07-04 03:47:32,935 [INFO] Page 43 | Collected: 1000
2026-07-04 03:47:33,224 [INFO] Pacing: sleep 6.9s
2026-07-04 03:47:40,077 [INFO] Page 44 | Collected: 1000
2026-07-04 03:47:40,372 [INFO] Pacing: sleep 5.1s
2026-07-04 03:47:45,440 [INFO] Page 45 | Collected: 1000
2026-07-04 03:47:45,768 [INFO] Pacing: sleep 7.5s
2026-07-04 03:47:53,248 [INFO] Page 46 | Collected: 1000
2026-07-04 03:47:53,550 [INFO] Pacing: sleep 4.1s
2026-07-04 03:47:57,662 [INFO] Page 47 | Collected: 1000
2026-07-04 03:47:57,910 [INFO] Pacing: sleep 5.3s
2026-07-04 03:48:03,251 [INFO] Page 48 | Collected: 1000
2026-07-04 03:48:03,573 [INFO] Pacing: sleep 4.8s
2026-07-04 03:48:08,333 [INFO] Page 49 | Collected: 1000
2026-07-04 03:48:08,582 [INFO] Pacing: sleep 7.2s
2026-07-04 03:48:15,770 [INFO] Page 50 | Collected: 1000
2026-07-04 03:48:16,026 [INFO] Pacing: sleep 42.5s | Short Cooldown: 35.2s
2026-07-04 03:48:58,525 [INFO] Page 51 | Collected: 1250
2026-07-04 03:48:58,883 [INFO] Pacing: sleep 6.1s
2026-07-04 03:49:04,986 [INFO] Page 52 | Collected: 1250
2026-07-04 03:49:05,284 [INFO] Pacing: sleep 4.9s
2026-07-04 03:49:10,204 [INFO] Page 53 | Collected: 1250
2026-07-04 03:49:10,599 [INFO] Pacing: sleep 5.7s
2026-07-04 03:49:16,325 [INFO] Page 54 | Collected: 1250
2026-07-04 03:49:16,613 [INFO] Pacing: sleep 5.4s
2026-07-04 03:49:22,013 [INFO] Page 55 | Collected: 1250
2026-07-04 03:49:22,258 [INFO] Pacing: sleep 6.7s
2026-07-04 03:49:28,924 [INFO] Page 56 | Collected: 1250
2026-07-04 03:49:29,248 [INFO] Pacing: sleep 6.9s
2026-07-04 03:49:36,126 [INFO] Page 57 | Collected: 1250
2026-07-04 03:49:36,385 [INFO] Pacing: sleep 4.2s
2026-07-04 03:49:40,573 [INFO] Page 58 | Collected: 1250
2026-07-04 03:49:40,912 [INFO] Pacing: sleep 4.4s
2026-07-04 03:49:45,282 [INFO] Page 59 | Collected: 1250
2026-07-04 03:49:45,521 [INFO] Pacing: sleep 5.8s
2026-07-04 03:49:51,299 [INFO] Page 60 | Collected: 1250
2026-07-04 03:49:51,621 [INFO] Pacing: sleep 60.0s | Short Cooldown: 54.3s
2026-07-04 03:50:51,604 [INFO] Page 61 | Collected: 1500
2026-07-04 03:50:51,910 [INFO] Pacing: sleep 5.0s
2026-07-04 03:50:56,874 [INFO] Page 62 | Collected: 1500
2026-07-04 03:50:56,999 [WARNING] Block detected on page 62: Suspicious term found: 'captcha'
2026-07-04 03:50:56,999 [INFO] Saved raw HTML for debugging: blocked_0062.html
2026-07-04 03:50:56,999 [ERROR] Blocked again even after safe mode. Stopping gracefully.
2026-07-04 03:50:57,000 [INFO] Crawl stopped. Reason: adaptive_throttle_failed_page_62. Finalizing...
2026-07-04 03:50:57,000 [INFO] Merging intermediate pages from work_dir: /home/runner/work/steam-diploma/steam-diploma/data/snapshots/data/snapshots/_in_progress/9f4fb9e0-b96e-43be-9154-9254e053e565
